[4.424s] Invoking command in '/home/encoder/Desktop/ros2-robot/ros2_ws/src/serial_pubsub': PYTHONPATH=/home/encoder/Desktop/ros2-robot/build/serial_pubsub/prefix_override:/usr/lib/python3/dist-packages/colcon_core/task/python/colcon_distutils_commands:/home/encoder/Desktop/ros2-robot/install/serial_pubsub/lib/python3.10/site-packages:${PYTHONPATH} /usr/bin/python3 -W ignore:setup.py install is deprecated -W ignore:easy_install command is deprecated setup.py egg_info --egg-base ../../../build/serial_pubsub build --build-base /home/encoder/Desktop/ros2-robot/build/serial_pubsub/build install --record /home/encoder/Desktop/ros2-robot/build/serial_pubsub/install.log --single-version-externally-managed install_data
[5.679s] running egg_info
[5.684s] writing ../../../build/serial_pubsub/serial_pubsub.egg-info/PKG-INFO
[5.684s] writing dependency_links to ../../../build/serial_pubsub/serial_pubsub.egg-info/dependency_links.txt
[5.685s] writing entry points to ../../../build/serial_pubsub/serial_pubsub.egg-info/entry_points.txt
[5.685s] writing requirements to ../../../build/serial_pubsub/serial_pubsub.egg-info/requires.txt
[5.689s] writing top-level names to ../../../build/serial_pubsub/serial_pubsub.egg-info/top_level.txt
[5.697s] reading manifest file '../../../build/serial_pubsub/serial_pubsub.egg-info/SOURCES.txt'
[5.697s] adding license file 'LICENSE'
[5.703s] writing manifest file '../../../build/serial_pubsub/serial_pubsub.egg-info/SOURCES.txt'
[5.704s] running build
[5.704s] running build_py
[5.716s] running install
[5.718s] running install_lib
[5.722s] running install_data
[5.724s] running install_egg_info
[5.730s] removing '/home/encoder/Desktop/ros2-robot/install/serial_pubsub/lib/python3.10/site-packages/serial_pubsub-0.0.0-py3.10.egg-info' (and everything under it)
[5.736s] Copying ../../../build/serial_pubsub/serial_pubsub.egg-info to /home/encoder/Desktop/ros2-robot/install/serial_pubsub/lib/python3.10/site-packages/serial_pubsub-0.0.0-py3.10.egg-info
[5.740s] running install_scripts
[5.821s] Installing cPublisher script to /home/encoder/Desktop/ros2-robot/install/serial_pubsub/lib/serial_pubsub
[5.824s] Installing kPublisher script to /home/encoder/Desktop/ros2-robot/install/serial_pubsub/lib/serial_pubsub
[5.826s] Installing kSubscriber script to /home/encoder/Desktop/ros2-robot/install/serial_pubsub/lib/serial_pubsub
[5.828s] writing list of installed files to '/home/encoder/Desktop/ros2-robot/build/serial_pubsub/install.log'
[5.971s] Invoked command in '/home/encoder/Desktop/ros2-robot/ros2_ws/src/serial_pubsub' returned '0': PYTHONPATH=/home/encoder/Desktop/ros2-robot/build/serial_pubsub/prefix_override:/usr/lib/python3/dist-packages/colcon_core/task/python/colcon_distutils_commands:/home/encoder/Desktop/ros2-robot/install/serial_pubsub/lib/python3.10/site-packages:${PYTHONPATH} /usr/bin/python3 -W ignore:setup.py install is deprecated -W ignore:easy_install command is deprecated setup.py egg_info --egg-base ../../../build/serial_pubsub build --build-base /home/encoder/Desktop/ros2-robot/build/serial_pubsub/build install --record /home/encoder/Desktop/ros2-robot/build/serial_pubsub/install.log --single-version-externally-managed install_data
