running egg_info
creating ../../build/lidar_mapper/lidar_mapper.egg-info
writing ../../build/lidar_mapper/lidar_mapper.egg-info/PKG-INFO
writing dependency_links to ../../build/lidar_mapper/lidar_mapper.egg-info/dependency_links.txt
writing entry points to ../../build/lidar_mapper/lidar_mapper.egg-info/entry_points.txt
writing requirements to ../../build/lidar_mapper/lidar_mapper.egg-info/requires.txt
writing top-level names to ../../build/lidar_mapper/lidar_mapper.egg-info/top_level.txt
writing manifest file '../../build/lidar_mapper/lidar_mapper.egg-info/SOURCES.txt'
reading manifest file '../../build/lidar_mapper/lidar_mapper.egg-info/SOURCES.txt'
writing manifest file '../../build/lidar_mapper/lidar_mapper.egg-info/SOURCES.txt'
running build
running build_py
creating /home/encoder/Desktop/ros2-robot/ros2_ws/build/lidar_mapper/build
creating /home/encoder/Desktop/ros2-robot/ros2_ws/build/lidar_mapper/build/lib
creating /home/encoder/Desktop/ros2-robot/ros2_ws/build/lidar_mapper/build/lib/lidar_mapper
copying lidar_mapper/lidar_mapper.py -> /home/encoder/Desktop/ros2-robot/ros2_ws/build/lidar_mapper/build/lib/lidar_mapper
copying lidar_mapper/__init__.py -> /home/encoder/Desktop/ros2-robot/ros2_ws/build/lidar_mapper/build/lib/lidar_mapper
running install
running install_lib
creating /home/encoder/Desktop/ros2-robot/ros2_ws/install/lidar_mapper/lib/python3.10/site-packages/lidar_mapper
copying /home/encoder/Desktop/ros2-robot/ros2_ws/build/lidar_mapper/build/lib/lidar_mapper/lidar_mapper.py -> /home/encoder/Desktop/ros2-robot/ros2_ws/install/lidar_mapper/lib/python3.10/site-packages/lidar_mapper
copying /home/encoder/Desktop/ros2-robot/ros2_ws/build/lidar_mapper/build/lib/lidar_mapper/__init__.py -> /home/encoder/Desktop/ros2-robot/ros2_ws/install/lidar_mapper/lib/python3.10/site-packages/lidar_mapper
byte-compiling /home/encoder/Desktop/ros2-robot/ros2_ws/install/lidar_mapper/lib/python3.10/site-packages/lidar_mapper/lidar_mapper.py to lidar_mapper.cpython-310.pyc
byte-compiling /home/encoder/Desktop/ros2-robot/ros2_ws/install/lidar_mapper/lib/python3.10/site-packages/lidar_mapper/__init__.py to __init__.cpython-310.pyc
running install_data
creating /home/encoder/Desktop/ros2-robot/ros2_ws/install/lidar_mapper/share/ament_index
creating /home/encoder/Desktop/ros2-robot/ros2_ws/install/lidar_mapper/share/ament_index/resource_index
creating /home/encoder/Desktop/ros2-robot/ros2_ws/install/lidar_mapper/share/ament_index/resource_index/packages
copying resource/lidar_mapper -> /home/encoder/Desktop/ros2-robot/ros2_ws/install/lidar_mapper/share/ament_index/resource_index/packages
copying package.xml -> /home/encoder/Desktop/ros2-robot/ros2_ws/install/lidar_mapper/share/lidar_mapper
running install_egg_info
Copying ../../build/lidar_mapper/lidar_mapper.egg-info to /home/encoder/Desktop/ros2-robot/ros2_ws/install/lidar_mapper/lib/python3.10/site-packages/lidar_mapper-0.0.0-py3.10.egg-info
running install_scripts
Installing subcriber_lidar script to /home/encoder/Desktop/ros2-robot/ros2_ws/install/lidar_mapper/lib/lidar_mapper
writing list of installed files to '/home/encoder/Desktop/ros2-robot/ros2_ws/build/lidar_mapper/install.log'
