[4.123s] Invoking command in '/home/encoder/Desktop/ros2-robot/ros2_ws/src/multi_launch': PYTHONPATH=/home/encoder/Desktop/ros2-robot/ros2_ws/build/multi_launch/prefix_override:/usr/lib/python3/dist-packages/colcon_core/task/python/colcon_distutils_commands:/home/encoder/Desktop/ros2-robot/ros2_ws/install/multi_launch/lib/python3.10/site-packages:${PYTHONPATH} /usr/bin/python3 -W ignore:setup.py install is deprecated -W ignore:easy_install command is deprecated setup.py egg_info --egg-base ../../build/multi_launch build --build-base /home/encoder/Desktop/ros2-robot/ros2_ws/build/multi_launch/build install --record /home/encoder/Desktop/ros2-robot/ros2_ws/build/multi_launch/install.log --single-version-externally-managed install_data
[4.950s] running egg_info
[4.950s] writing ../../build/multi_launch/multi_launch.egg-info/PKG-INFO
[4.950s] writing dependency_links to ../../build/multi_launch/multi_launch.egg-info/dependency_links.txt
[4.951s] writing entry points to ../../build/multi_launch/multi_launch.egg-info/entry_points.txt
[4.951s] writing requirements to ../../build/multi_launch/multi_launch.egg-info/requires.txt
[4.951s] writing top-level names to ../../build/multi_launch/multi_launch.egg-info/top_level.txt
[4.957s] reading manifest file '../../build/multi_launch/multi_launch.egg-info/SOURCES.txt'
[4.960s] writing manifest file '../../build/multi_launch/multi_launch.egg-info/SOURCES.txt'
[4.960s] running build
[4.961s] running build_py
[4.962s] running install
[4.964s] running install_lib
[4.966s] running install_data
[4.968s] running install_egg_info
[4.974s] removing '/home/encoder/Desktop/ros2-robot/ros2_ws/install/multi_launch/lib/python3.10/site-packages/multi_launch-0.0.0-py3.10.egg-info' (and everything under it)
[4.975s] Copying ../../build/multi_launch/multi_launch.egg-info to /home/encoder/Desktop/ros2-robot/ros2_ws/install/multi_launch/lib/python3.10/site-packages/multi_launch-0.0.0-py3.10.egg-info
[4.976s] running install_scripts
[5.035s] writing list of installed files to '/home/encoder/Desktop/ros2-robot/ros2_ws/build/multi_launch/install.log'
[5.092s] Invoked command in '/home/encoder/Desktop/ros2-robot/ros2_ws/src/multi_launch' returned '0': PYTHONPATH=/home/encoder/Desktop/ros2-robot/ros2_ws/build/multi_launch/prefix_override:/usr/lib/python3/dist-packages/colcon_core/task/python/colcon_distutils_commands:/home/encoder/Desktop/ros2-robot/ros2_ws/install/multi_launch/lib/python3.10/site-packages:${PYTHONPATH} /usr/bin/python3 -W ignore:setup.py install is deprecated -W ignore:easy_install command is deprecated setup.py egg_info --egg-base ../../build/multi_launch build --build-base /home/encoder/Desktop/ros2-robot/ros2_ws/build/multi_launch/build install --record /home/encoder/Desktop/ros2-robot/ros2_ws/build/multi_launch/install.log --single-version-externally-managed install_data
