[5.630s] Invoking command in '/home/encoder/Desktop/ros2-robot/ros2_ws/src/tello_takip': PYTHONPATH=/home/encoder/Desktop/ros2-robot/ros2_ws/build/tello_takip/prefix_override:/usr/lib/python3/dist-packages/colcon_core/task/python/colcon_distutils_commands:/home/encoder/Desktop/ros2-robot/ros2_ws/install/tello_takip/lib/python3.10/site-packages:${PYTHONPATH} /usr/bin/python3 -W ignore:setup.py install is deprecated -W ignore:easy_install command is deprecated setup.py egg_info --egg-base ../../build/tello_takip build --build-base /home/encoder/Desktop/ros2-robot/ros2_ws/build/tello_takip/build install --record /home/encoder/Desktop/ros2-robot/ros2_ws/build/tello_takip/install.log --single-version-externally-managed install_data
[7.037s] running egg_info
[7.038s] creating ../../build/tello_takip/tello_takip.egg-info
[7.038s] writing ../../build/tello_takip/tello_takip.egg-info/PKG-INFO
[7.040s] writing dependency_links to ../../build/tello_takip/tello_takip.egg-info/dependency_links.txt
[7.041s] writing entry points to ../../build/tello_takip/tello_takip.egg-info/entry_points.txt
[7.041s] writing requirements to ../../build/tello_takip/tello_takip.egg-info/requires.txt
[7.041s] writing top-level names to ../../build/tello_takip/tello_takip.egg-info/top_level.txt
[7.042s] writing manifest file '../../build/tello_takip/tello_takip.egg-info/SOURCES.txt'
[7.046s] reading manifest file '../../build/tello_takip/tello_takip.egg-info/SOURCES.txt'
[7.049s] writing manifest file '../../build/tello_takip/tello_takip.egg-info/SOURCES.txt'
[7.050s] running build
[7.050s] running build_py
[7.050s] creating /home/encoder/Desktop/ros2-robot/ros2_ws/build/tello_takip/build
[7.050s] creating /home/encoder/Desktop/ros2-robot/ros2_ws/build/tello_takip/build/lib
[7.052s] creating /home/encoder/Desktop/ros2-robot/ros2_ws/build/tello_takip/build/lib/tello_takip
[7.052s] copying tello_takip/__init__.py -> /home/encoder/Desktop/ros2-robot/ros2_ws/build/tello_takip/build/lib/tello_takip
[7.053s] copying tello_takip/tello_nesne_tespit.py -> /home/encoder/Desktop/ros2-robot/ros2_ws/build/tello_takip/build/lib/tello_takip
[7.053s] running install
[7.053s] running install_lib
[7.056s] creating /home/encoder/Desktop/ros2-robot/ros2_ws/install/tello_takip/lib/python3.10/site-packages/tello_takip
[7.057s] copying /home/encoder/Desktop/ros2-robot/ros2_ws/build/tello_takip/build/lib/tello_takip/__init__.py -> /home/encoder/Desktop/ros2-robot/ros2_ws/install/tello_takip/lib/python3.10/site-packages/tello_takip
[7.058s] copying /home/encoder/Desktop/ros2-robot/ros2_ws/build/tello_takip/build/lib/tello_takip/tello_nesne_tespit.py -> /home/encoder/Desktop/ros2-robot/ros2_ws/install/tello_takip/lib/python3.10/site-packages/tello_takip
[7.064s] byte-compiling /home/encoder/Desktop/ros2-robot/ros2_ws/install/tello_takip/lib/python3.10/site-packages/tello_takip/__init__.py to __init__.cpython-310.pyc
[7.065s] byte-compiling /home/encoder/Desktop/ros2-robot/ros2_ws/install/tello_takip/lib/python3.10/site-packages/tello_takip/tello_nesne_tespit.py to tello_nesne_tespit.cpython-310.pyc
[7.066s] running install_data
[7.067s] creating /home/encoder/Desktop/ros2-robot/ros2_ws/install/tello_takip/share/ament_index
[7.067s] creating /home/encoder/Desktop/ros2-robot/ros2_ws/install/tello_takip/share/ament_index/resource_index
[7.068s] creating /home/encoder/Desktop/ros2-robot/ros2_ws/install/tello_takip/share/ament_index/resource_index/packages
[7.068s] copying resource/tello_takip -> /home/encoder/Desktop/ros2-robot/ros2_ws/install/tello_takip/share/ament_index/resource_index/packages
[7.071s] copying package.xml -> /home/encoder/Desktop/ros2-robot/ros2_ws/install/tello_takip/share/tello_takip
[7.071s] creating /home/encoder/Desktop/ros2-robot/ros2_ws/install/tello_takip/share/tello_takip/models
[7.072s] running install_egg_info
[7.079s] Copying ../../build/tello_takip/tello_takip.egg-info to /home/encoder/Desktop/ros2-robot/ros2_ws/install/tello_takip/lib/python3.10/site-packages/tello_takip-0.0.1-py3.10.egg-info
[7.079s] running install_scripts
[7.160s] Installing tello_nesne_tespit script to /home/encoder/Desktop/ros2-robot/ros2_ws/install/tello_takip/lib/tello_takip
[7.165s] writing list of installed files to '/home/encoder/Desktop/ros2-robot/ros2_ws/build/tello_takip/install.log'
[7.346s] Invoked command in '/home/encoder/Desktop/ros2-robot/ros2_ws/src/tello_takip' returned '0': PYTHONPATH=/home/encoder/Desktop/ros2-robot/ros2_ws/build/tello_takip/prefix_override:/usr/lib/python3/dist-packages/colcon_core/task/python/colcon_distutils_commands:/home/encoder/Desktop/ros2-robot/ros2_ws/install/tello_takip/lib/python3.10/site-packages:${PYTHONPATH} /usr/bin/python3 -W ignore:setup.py install is deprecated -W ignore:easy_install command is deprecated setup.py egg_info --egg-base ../../build/tello_takip build --build-base /home/encoder/Desktop/ros2-robot/ros2_ws/build/tello_takip/build install --record /home/encoder/Desktop/ros2-robot/ros2_ws/build/tello_takip/install.log --single-version-externally-managed install_data
