[5.136s] Invoking command in '/home/encoder/Desktop/ros2-robot/ros2_ws/src/ros2_opencv': PYTHONPATH=/home/encoder/Desktop/ros2-robot/build/ros2_opencv/prefix_override:/usr/lib/python3/dist-packages/colcon_core/task/python/colcon_distutils_commands:/home/encoder/Desktop/ros2-robot/install/ros2_opencv/lib/python3.10/site-packages:${PYTHONPATH} /usr/bin/python3 -W ignore:setup.py install is deprecated -W ignore:easy_install command is deprecated setup.py egg_info --egg-base ../../../build/ros2_opencv build --build-base /home/encoder/Desktop/ros2-robot/build/ros2_opencv/build install --record /home/encoder/Desktop/ros2-robot/build/ros2_opencv/install.log --single-version-externally-managed install_data
[6.293s] running egg_info
[6.294s] creating ../../../build/ros2_opencv/ros2_opencv.egg-info
[6.295s] writing ../../../build/ros2_opencv/ros2_opencv.egg-info/PKG-INFO
[6.297s] writing dependency_links to ../../../build/ros2_opencv/ros2_opencv.egg-info/dependency_links.txt
[6.299s] writing entry points to ../../../build/ros2_opencv/ros2_opencv.egg-info/entry_points.txt
[6.299s] writing requirements to ../../../build/ros2_opencv/ros2_opencv.egg-info/requires.txt
[6.301s] writing top-level names to ../../../build/ros2_opencv/ros2_opencv.egg-info/top_level.txt
[6.302s] writing manifest file '../../../build/ros2_opencv/ros2_opencv.egg-info/SOURCES.txt'
[6.311s] reading manifest file '../../../build/ros2_opencv/ros2_opencv.egg-info/SOURCES.txt'
[6.319s] writing manifest file '../../../build/ros2_opencv/ros2_opencv.egg-info/SOURCES.txt'
[6.320s] running build
[6.320s] running build_py
[6.320s] creating /home/encoder/Desktop/ros2-robot/build/ros2_opencv/build
[6.320s] creating /home/encoder/Desktop/ros2-robot/build/ros2_opencv/build/lib
[6.321s] creating /home/encoder/Desktop/ros2-robot/build/ros2_opencv/build/lib/ros2_opencv
[6.321s] copying ros2_opencv/subcriberImage copy.py -> /home/encoder/Desktop/ros2-robot/build/ros2_opencv/build/lib/ros2_opencv
[6.321s] copying ros2_opencv/subcriberImage.py -> /home/encoder/Desktop/ros2-robot/build/ros2_opencv/build/lib/ros2_opencv
[6.322s] copying ros2_opencv/cameraPublisher.py -> /home/encoder/Desktop/ros2-robot/build/ros2_opencv/build/lib/ros2_opencv
[6.324s] copying ros2_opencv/__init__.py -> /home/encoder/Desktop/ros2-robot/build/ros2_opencv/build/lib/ros2_opencv
[6.327s] running install
[6.328s] running install_lib
[6.332s] creating /home/encoder/Desktop/ros2-robot/install/ros2_opencv/lib/python3.10/site-packages/ros2_opencv
[6.334s] copying /home/encoder/Desktop/ros2-robot/build/ros2_opencv/build/lib/ros2_opencv/subcriberImage copy.py -> /home/encoder/Desktop/ros2-robot/install/ros2_opencv/lib/python3.10/site-packages/ros2_opencv
[6.335s] copying /home/encoder/Desktop/ros2-robot/build/ros2_opencv/build/lib/ros2_opencv/subcriberImage.py -> /home/encoder/Desktop/ros2-robot/install/ros2_opencv/lib/python3.10/site-packages/ros2_opencv
[6.336s] copying /home/encoder/Desktop/ros2-robot/build/ros2_opencv/build/lib/ros2_opencv/cameraPublisher.py -> /home/encoder/Desktop/ros2-robot/install/ros2_opencv/lib/python3.10/site-packages/ros2_opencv
[6.338s] copying /home/encoder/Desktop/ros2-robot/build/ros2_opencv/build/lib/ros2_opencv/__init__.py -> /home/encoder/Desktop/ros2-robot/install/ros2_opencv/lib/python3.10/site-packages/ros2_opencv
[6.340s] byte-compiling /home/encoder/Desktop/ros2-robot/install/ros2_opencv/lib/python3.10/site-packages/ros2_opencv/subcriberImage copy.py to subcriberImage copy.cpython-310.pyc
[6.346s] byte-compiling /home/encoder/Desktop/ros2-robot/install/ros2_opencv/lib/python3.10/site-packages/ros2_opencv/subcriberImage.py to subcriberImage.cpython-310.pyc
[6.347s] byte-compiling /home/encoder/Desktop/ros2-robot/install/ros2_opencv/lib/python3.10/site-packages/ros2_opencv/cameraPublisher.py to cameraPublisher.cpython-310.pyc
[6.351s] byte-compiling /home/encoder/Desktop/ros2-robot/install/ros2_opencv/lib/python3.10/site-packages/ros2_opencv/__init__.py to __init__.cpython-310.pyc
[6.353s] running install_data
[6.354s] creating /home/encoder/Desktop/ros2-robot/install/ros2_opencv/share/ament_index
[6.355s] creating /home/encoder/Desktop/ros2-robot/install/ros2_opencv/share/ament_index/resource_index
[6.356s] creating /home/encoder/Desktop/ros2-robot/install/ros2_opencv/share/ament_index/resource_index/packages
[6.357s] copying resource/ros2_opencv -> /home/encoder/Desktop/ros2-robot/install/ros2_opencv/share/ament_index/resource_index/packages
[6.359s] copying package.xml -> /home/encoder/Desktop/ros2-robot/install/ros2_opencv/share/ros2_opencv
[6.365s] running install_egg_info
[6.371s] Copying ../../../build/ros2_opencv/ros2_opencv.egg-info to /home/encoder/Desktop/ros2-robot/install/ros2_opencv/lib/python3.10/site-packages/ros2_opencv-0.0.0-py3.10.egg-info
[6.386s] running install_scripts
[6.467s] Installing publisher_node script to /home/encoder/Desktop/ros2-robot/install/ros2_opencv/lib/ros2_opencv
[6.467s] Installing subcriber_node script to /home/encoder/Desktop/ros2-robot/install/ros2_opencv/lib/ros2_opencv
[6.467s] writing list of installed files to '/home/encoder/Desktop/ros2-robot/build/ros2_opencv/install.log'
[6.717s] Invoked command in '/home/encoder/Desktop/ros2-robot/ros2_ws/src/ros2_opencv' returned '0': PYTHONPATH=/home/encoder/Desktop/ros2-robot/build/ros2_opencv/prefix_override:/usr/lib/python3/dist-packages/colcon_core/task/python/colcon_distutils_commands:/home/encoder/Desktop/ros2-robot/install/ros2_opencv/lib/python3.10/site-packages:${PYTHONPATH} /usr/bin/python3 -W ignore:setup.py install is deprecated -W ignore:easy_install command is deprecated setup.py egg_info --egg-base ../../../build/ros2_opencv build --build-base /home/encoder/Desktop/ros2-robot/build/ros2_opencv/build install --record /home/encoder/Desktop/ros2-robot/build/ros2_opencv/install.log --single-version-externally-managed install_data
