running egg_info
writing ../../build/tello_takip/tello_takip.egg-info/PKG-INFO
writing dependency_links to ../../build/tello_takip/tello_takip.egg-info/dependency_links.txt
writing entry points to ../../build/tello_takip/tello_takip.egg-info/entry_points.txt
writing requirements to ../../build/tello_takip/tello_takip.egg-info/requires.txt
writing top-level names to ../../build/tello_takip/tello_takip.egg-info/top_level.txt
reading manifest file '../../build/tello_takip/tello_takip.egg-info/SOURCES.txt'
writing manifest file '../../build/tello_takip/tello_takip.egg-info/SOURCES.txt'
running build
running build_py
copying tello_takip/tello_nesne_tespit.py -> /home/encoder/Desktop/ros2-robot/ros2_ws/build/tello_takip/build/lib/tello_takip
copying tello_takip/best3.pt -> /home/encoder/Desktop/ros2-robot/ros2_ws/build/tello_takip/build/lib/tello_takip
running install
running install_lib
copying /home/encoder/Desktop/ros2-robot/ros2_ws/build/tello_takip/build/lib/tello_takip/best3.pt -> /home/encoder/Desktop/ros2-robot/ros2_ws/install/tello_takip/lib/python3.10/site-packages/tello_takip
copying /home/encoder/Desktop/ros2-robot/ros2_ws/build/tello_takip/build/lib/tello_takip/tello_nesne_tespit.py -> /home/encoder/Desktop/ros2-robot/ros2_ws/install/tello_takip/lib/python3.10/site-packages/tello_takip
byte-compiling /home/encoder/Desktop/ros2-robot/ros2_ws/install/tello_takip/lib/python3.10/site-packages/tello_takip/tello_nesne_tespit.py to tello_nesne_tespit.cpython-310.pyc
running install_data
running install_egg_info
removing '/home/encoder/Desktop/ros2-robot/ros2_ws/install/tello_takip/lib/python3.10/site-packages/tello_takip-0.0.1-py3.10.egg-info' (and everything under it)
Copying ../../build/tello_takip/tello_takip.egg-info to /home/encoder/Desktop/ros2-robot/ros2_ws/install/tello_takip/lib/python3.10/site-packages/tello_takip-0.0.1-py3.10.egg-info
running install_scripts
Installing tello_nesne_tespit script to /home/encoder/Desktop/ros2-robot/ros2_ws/install/tello_takip/lib/tello_takip
writing list of installed files to '/home/encoder/Desktop/ros2-robot/ros2_ws/build/tello_takip/install.log'
