[9.198s] Invoking command in '/home/encoder/Desktop/ros2-robot/ros2_ws/src/serial_pubsub': PYTHONPATH=/home/encoder/Desktop/ros2-robot/ros2_ws/build/serial_pubsub/prefix_override:/usr/lib/python3/dist-packages/colcon_core/task/python/colcon_distutils_commands:/home/encoder/Desktop/ros2-robot/ros2_ws/install/serial_pubsub/lib/python3.10/site-packages:${PYTHONPATH} /usr/bin/python3 -W ignore:setup.py install is deprecated -W ignore:easy_install command is deprecated setup.py egg_info --egg-base ../../build/serial_pubsub build --build-base /home/encoder/Desktop/ros2-robot/ros2_ws/build/serial_pubsub/build install --record /home/encoder/Desktop/ros2-robot/ros2_ws/build/serial_pubsub/install.log --single-version-externally-managed install_data
[10.309s] running egg_info
[10.315s] writing ../../build/serial_pubsub/serial_pubsub.egg-info/PKG-INFO
[10.315s] writing dependency_links to ../../build/serial_pubsub/serial_pubsub.egg-info/dependency_links.txt
[10.315s] writing entry points to ../../build/serial_pubsub/serial_pubsub.egg-info/entry_points.txt
[10.324s] writing requirements to ../../build/serial_pubsub/serial_pubsub.egg-info/requires.txt
[10.324s] writing top-level names to ../../build/serial_pubsub/serial_pubsub.egg-info/top_level.txt
[10.329s] reading manifest file '../../build/serial_pubsub/serial_pubsub.egg-info/SOURCES.txt'
[10.333s] adding license file 'LICENSE'
[10.334s] writing manifest file '../../build/serial_pubsub/serial_pubsub.egg-info/SOURCES.txt'
[10.336s] running build
[10.337s] running build_py
[10.339s] copying serial_pubsub/keyboard_subscriber.py -> /home/encoder/Desktop/ros2-robot/ros2_ws/build/serial_pubsub/build/lib/serial_pubsub
[10.341s] copying serial_pubsub/controller_publisher.py -> /home/encoder/Desktop/ros2-robot/ros2_ws/build/serial_pubsub/build/lib/serial_pubsub
[10.344s] running install
[10.346s] running install_lib
[10.353s] copying /home/encoder/Desktop/ros2-robot/ros2_ws/build/serial_pubsub/build/lib/serial_pubsub/keyboard_subscriber.py -> /home/encoder/Desktop/ros2-robot/ros2_ws/install/serial_pubsub/lib/python3.10/site-packages/serial_pubsub
[10.354s] copying /home/encoder/Desktop/ros2-robot/ros2_ws/build/serial_pubsub/build/lib/serial_pubsub/controller_publisher.py -> /home/encoder/Desktop/ros2-robot/ros2_ws/install/serial_pubsub/lib/python3.10/site-packages/serial_pubsub
[10.361s] byte-compiling /home/encoder/Desktop/ros2-robot/ros2_ws/install/serial_pubsub/lib/python3.10/site-packages/serial_pubsub/keyboard_subscriber.py to keyboard_subscriber.cpython-310.pyc
[10.364s] byte-compiling /home/encoder/Desktop/ros2-robot/ros2_ws/install/serial_pubsub/lib/python3.10/site-packages/serial_pubsub/controller_publisher.py to controller_publisher.cpython-310.pyc
[10.375s] running install_data
[10.376s] running install_egg_info
[10.387s] removing '/home/encoder/Desktop/ros2-robot/ros2_ws/install/serial_pubsub/lib/python3.10/site-packages/serial_pubsub-0.0.0-py3.10.egg-info' (and everything under it)
[10.388s] Copying ../../build/serial_pubsub/serial_pubsub.egg-info to /home/encoder/Desktop/ros2-robot/ros2_ws/install/serial_pubsub/lib/python3.10/site-packages/serial_pubsub-0.0.0-py3.10.egg-info
[10.395s] running install_scripts
[10.503s] Installing cPublisher script to /home/encoder/Desktop/ros2-robot/ros2_ws/install/serial_pubsub/lib/serial_pubsub
[10.505s] Installing kPublisher script to /home/encoder/Desktop/ros2-robot/ros2_ws/install/serial_pubsub/lib/serial_pubsub
[10.508s] Installing kSubscriber script to /home/encoder/Desktop/ros2-robot/ros2_ws/install/serial_pubsub/lib/serial_pubsub
[10.511s] writing list of installed files to '/home/encoder/Desktop/ros2-robot/ros2_ws/build/serial_pubsub/install.log'
