[2.204s] Invoking command in '/home/encoder/Desktop/ros2-robot/ros2_ws/src/tello_ros2': PYTHONPATH=/home/encoder/Desktop/ros2-robot/ros2_ws/build/tello_ros2/prefix_override:/usr/lib/python3/dist-packages/colcon_core/task/python/colcon_distutils_commands:/home/encoder/Desktop/ros2-robot/ros2_ws/install/tello_ros2/lib/python3.10/site-packages:${PYTHONPATH} /usr/bin/python3 -W ignore:setup.py install is deprecated -W ignore:easy_install command is deprecated setup.py egg_info --egg-base ../../build/tello_ros2 build --build-base /home/encoder/Desktop/ros2-robot/ros2_ws/build/tello_ros2/build install --record /home/encoder/Desktop/ros2-robot/ros2_ws/build/tello_ros2/install.log --single-version-externally-managed install_data
[3.069s] running egg_info
[3.071s] creating ../../build/tello_ros2/tello_ros2.egg-info
[3.072s] writing ../../build/tello_ros2/tello_ros2.egg-info/PKG-INFO
[3.073s] writing dependency_links to ../../build/tello_ros2/tello_ros2.egg-info/dependency_links.txt
[3.073s] writing entry points to ../../build/tello_ros2/tello_ros2.egg-info/entry_points.txt
[3.074s] writing requirements to ../../build/tello_ros2/tello_ros2.egg-info/requires.txt
[3.075s] writing top-level names to ../../build/tello_ros2/tello_ros2.egg-info/top_level.txt
[3.075s] writing manifest file '../../build/tello_ros2/tello_ros2.egg-info/SOURCES.txt'
[3.080s] reading manifest file '../../build/tello_ros2/tello_ros2.egg-info/SOURCES.txt'
[3.083s] writing manifest file '../../build/tello_ros2/tello_ros2.egg-info/SOURCES.txt'
[3.083s] running build
[3.084s] running build_py
[3.084s] creating /home/encoder/Desktop/ros2-robot/ros2_ws/build/tello_ros2/build
[3.084s] creating /home/encoder/Desktop/ros2-robot/ros2_ws/build/tello_ros2/build/lib
[3.085s] creating /home/encoder/Desktop/ros2-robot/ros2_ws/build/tello_ros2/build/lib/tello_ros2
[3.085s] copying tello_ros2/__init__.py -> /home/encoder/Desktop/ros2-robot/ros2_ws/build/tello_ros2/build/lib/tello_ros2
[3.085s] copying tello_ros2/tello_node.py -> /home/encoder/Desktop/ros2-robot/ros2_ws/build/tello_ros2/build/lib/tello_ros2
[3.085s] running install
[3.086s] running install_lib
[3.088s] creating /home/encoder/Desktop/ros2-robot/ros2_ws/install/tello_ros2/lib/python3.10/site-packages/tello_ros2
[3.089s] copying /home/encoder/Desktop/ros2-robot/ros2_ws/build/tello_ros2/build/lib/tello_ros2/__init__.py -> /home/encoder/Desktop/ros2-robot/ros2_ws/install/tello_ros2/lib/python3.10/site-packages/tello_ros2
[3.089s] copying /home/encoder/Desktop/ros2-robot/ros2_ws/build/tello_ros2/build/lib/tello_ros2/tello_node.py -> /home/encoder/Desktop/ros2-robot/ros2_ws/install/tello_ros2/lib/python3.10/site-packages/tello_ros2
[3.091s] byte-compiling /home/encoder/Desktop/ros2-robot/ros2_ws/install/tello_ros2/lib/python3.10/site-packages/tello_ros2/__init__.py to __init__.cpython-310.pyc
[3.092s] byte-compiling /home/encoder/Desktop/ros2-robot/ros2_ws/install/tello_ros2/lib/python3.10/site-packages/tello_ros2/tello_node.py to tello_node.cpython-310.pyc
[3.097s] running install_data
[3.098s] creating /home/encoder/Desktop/ros2-robot/ros2_ws/install/tello_ros2/share/ament_index
[3.098s] creating /home/encoder/Desktop/ros2-robot/ros2_ws/install/tello_ros2/share/ament_index/resource_index
[3.098s] creating /home/encoder/Desktop/ros2-robot/ros2_ws/install/tello_ros2/share/ament_index/resource_index/packages
[3.099s] copying resource/tello_ros2 -> /home/encoder/Desktop/ros2-robot/ros2_ws/install/tello_ros2/share/ament_index/resource_index/packages
[3.099s] copying package.xml -> /home/encoder/Desktop/ros2-robot/ros2_ws/install/tello_ros2/share/tello_ros2
[3.099s] creating /home/encoder/Desktop/ros2-robot/ros2_ws/install/tello_ros2/share/tello_ros2/launch
[3.099s] copying launch/tello_node.launch.py -> /home/encoder/Desktop/ros2-robot/ros2_ws/install/tello_ros2/share/tello_ros2/launch
[3.100s] running install_egg_info
[3.105s] Copying ../../build/tello_ros2/tello_ros2.egg-info to /home/encoder/Desktop/ros2-robot/ros2_ws/install/tello_ros2/lib/python3.10/site-packages/tello_ros2-0.1.0-py3.10.egg-info
[3.108s] running install_scripts
[3.175s] Installing tello_node script to /home/encoder/Desktop/ros2-robot/ros2_ws/install/tello_ros2/bin
[3.176s] writing list of installed files to '/home/encoder/Desktop/ros2-robot/ros2_ws/build/tello_ros2/install.log'
[3.255s] Invoked command in '/home/encoder/Desktop/ros2-robot/ros2_ws/src/tello_ros2' returned '0': PYTHONPATH=/home/encoder/Desktop/ros2-robot/ros2_ws/build/tello_ros2/prefix_override:/usr/lib/python3/dist-packages/colcon_core/task/python/colcon_distutils_commands:/home/encoder/Desktop/ros2-robot/ros2_ws/install/tello_ros2/lib/python3.10/site-packages:${PYTHONPATH} /usr/bin/python3 -W ignore:setup.py install is deprecated -W ignore:easy_install command is deprecated setup.py egg_info --egg-base ../../build/tello_ros2 build --build-base /home/encoder/Desktop/ros2-robot/ros2_ws/build/tello_ros2/build install --record /home/encoder/Desktop/ros2-robot/ros2_ws/build/tello_ros2/install.log --single-version-externally-managed install_data
