[2.522s] Invoking command in '/home/encoder/Desktop/ros2-robot/build/tello_description': CMAKE_PREFIX_PATH=/opt/ros/humble /usr/bin/cmake --build /home/encoder/Desktop/ros2-robot/build/tello_description -- -j12 -l12
[2.743s] [ 11%] Built target generate_urdf_1
[2.776s] [ 22%] Built target generate_urdf_2
[2.784s] [ 33%] Built target generate_urdf_5
[2.785s] [ 44%] Built target generate_urdf_8
[2.785s] [ 55%] Built target generate_urdf_7
[2.785s] [ 77%] Built target generate_urdf_3
[2.785s] [ 77%] Built target generate_urdf
[2.785s] [ 88%] Built target generate_urdf_6
[2.786s] [100%] Built target generate_urdf_4
[2.916s] Invoked command in '/home/encoder/Desktop/ros2-robot/build/tello_description' returned '0': CMAKE_PREFIX_PATH=/opt/ros/humble /usr/bin/cmake --build /home/encoder/Desktop/ros2-robot/build/tello_description -- -j12 -l12
[2.919s] Invoking command in '/home/encoder/Desktop/ros2-robot/build/tello_description': CMAKE_PREFIX_PATH=/opt/ros/humble /usr/bin/cmake --install /home/encoder/Desktop/ros2-robot/build/tello_description
[2.983s] -- Install configuration: ""
[2.983s] -- Up-to-date: /home/encoder/Desktop/ros2-robot/install/tello_description/share/tello_description/urdf
[2.984s] -- Up-to-date: /home/encoder/Desktop/ros2-robot/install/tello_description/share/tello_description/urdf/tello_8.urdf
[2.984s] -- Up-to-date: /home/encoder/Desktop/ros2-robot/install/tello_description/share/tello_description/urdf/tello_7.urdf
[2.984s] -- Up-to-date: /home/encoder/Desktop/ros2-robot/install/tello_description/share/tello_description/urdf/tello_4.urdf
[2.984s] -- Up-to-date: /home/encoder/Desktop/ros2-robot/install/tello_description/share/tello_description/urdf/tello_6.urdf
[2.985s] -- Up-to-date: /home/encoder/Desktop/ros2-robot/install/tello_description/share/tello_description/urdf/tello.urdf
[2.985s] -- Up-to-date: /home/encoder/Desktop/ros2-robot/install/tello_description/share/tello_description/urdf/tello_5.urdf
[2.987s] -- Up-to-date: /home/encoder/Desktop/ros2-robot/install/tello_description/share/tello_description/urdf/tello_2.urdf
[2.988s] -- Up-to-date: /home/encoder/Desktop/ros2-robot/install/tello_description/share/tello_description/urdf/tello_3.urdf
[2.988s] -- Up-to-date: /home/encoder/Desktop/ros2-robot/install/tello_description/share/tello_description/urdf/tello_1.urdf
[2.988s] -- Up-to-date: /home/encoder/Desktop/ros2-robot/install/tello_description/share/ament_index/resource_index/package_run_dependencies/tello_description
[2.989s] -- Up-to-date: /home/encoder/Desktop/ros2-robot/install/tello_description/share/ament_index/resource_index/parent_prefix_path/tello_description
[2.989s] -- Up-to-date: /home/encoder/Desktop/ros2-robot/install/tello_description/share/tello_description/environment/ament_prefix_path.sh
[2.989s] -- Up-to-date: /home/encoder/Desktop/ros2-robot/install/tello_description/share/tello_description/environment/ament_prefix_path.dsv
[2.990s] -- Up-to-date: /home/encoder/Desktop/ros2-robot/install/tello_description/share/tello_description/environment/path.sh
[2.990s] -- Up-to-date: /home/encoder/Desktop/ros2-robot/install/tello_description/share/tello_description/environment/path.dsv
[2.990s] -- Up-to-date: /home/encoder/Desktop/ros2-robot/install/tello_description/share/tello_description/local_setup.bash
[2.990s] -- Up-to-date: /home/encoder/Desktop/ros2-robot/install/tello_description/share/tello_description/local_setup.sh
[2.991s] -- Up-to-date: /home/encoder/Desktop/ros2-robot/install/tello_description/share/tello_description/local_setup.zsh
[2.991s] -- Up-to-date: /home/encoder/Desktop/ros2-robot/install/tello_description/share/tello_description/local_setup.dsv
[2.996s] -- Up-to-date: /home/encoder/Desktop/ros2-robot/install/tello_description/share/tello_description/package.dsv
[2.996s] -- Up-to-date: /home/encoder/Desktop/ros2-robot/install/tello_description/share/ament_index/resource_index/packages/tello_description
[2.996s] -- Up-to-date: /home/encoder/Desktop/ros2-robot/install/tello_description/share/tello_description/cmake/tello_descriptionConfig.cmake
[2.996s] -- Up-to-date: /home/encoder/Desktop/ros2-robot/install/tello_description/share/tello_description/cmake/tello_descriptionConfig-version.cmake
[2.997s] -- Up-to-date: /home/encoder/Desktop/ros2-robot/install/tello_description/share/tello_description/package.xml
[3.019s] Invoked command in '/home/encoder/Desktop/ros2-robot/build/tello_description' returned '0': CMAKE_PREFIX_PATH=/opt/ros/humble /usr/bin/cmake --install /home/encoder/Desktop/ros2-robot/build/tello_description
