[0.108s] Invoking command in '/home/encoder/Desktop/ros2-robot/build/tello_msgs': CMAKE_PREFIX_PATH=/opt/ros/humble /usr/bin/cmake /home/encoder/Desktop/ros2-robot/ros2_ws/src/tello_ros/tello_msgs -DCMAKE_INSTALL_PREFIX=/home/encoder/Desktop/ros2-robot/install/tello_msgs
[3.320s] -- The C compiler identification is GNU 11.4.0
[3.323s] -- The CXX compiler identification is GNU 11.4.0
[3.324s] -- Detecting C compiler ABI info
[3.325s] -- Detecting C compiler ABI info - done
[3.326s] -- Check for working C compiler: /usr/bin/cc - skipped
[3.327s] -- Detecting C compile features
[3.330s] -- Detecting C compile features - done
[3.330s] -- Detecting CXX compiler ABI info
[3.330s] -- Detecting CXX compiler ABI info - done
[3.330s] -- Check for working CXX compiler: /usr/bin/c++ - skipped
[3.331s] -- Detecting CXX compile features
[3.331s] -- Detecting CXX compile features - done
[3.331s] -- Found ament_cmake: 1.3.11 (/opt/ros/humble/share/ament_cmake/cmake)
[3.331s] -- Found Python3: /usr/bin/python3 (found version "3.10.12") found components: Interpreter 
[3.332s] -- Found rosidl_default_generators: 1.2.0 (/opt/ros/humble/share/rosidl_default_generators/cmake)
[3.332s] -- Using all available rosidl_typesupport_c: rosidl_typesupport_fastrtps_c;rosidl_typesupport_introspection_c
[3.332s] -- Found rosidl_adapter: 3.1.6 (/opt/ros/humble/share/rosidl_adapter/cmake)
[3.332s] -- Using all available rosidl_typesupport_cpp: rosidl_typesupport_fastrtps_cpp;rosidl_typesupport_introspection_cpp
[3.332s] -- Found std_msgs: 4.2.4 (/opt/ros/humble/share/std_msgs/cmake)
[3.718s] -- Found ament_cmake_ros: 0.10.0 (/opt/ros/humble/share/ament_cmake_ros/cmake)
[5.078s] -- Using all available rosidl_typesupport_c: rosidl_typesupport_fastrtps_c;rosidl_typesupport_introspection_c
[6.979s] -- Using all available rosidl_typesupport_cpp: rosidl_typesupport_fastrtps_cpp;rosidl_typesupport_introspection_cpp
[7.146s] -- Found PythonInterp: /usr/bin/python3 (found suitable version "3.10.12", minimum required is "3.6") 
[7.157s] -- Found python_cmake_module: 0.10.0 (/opt/ros/humble/share/python_cmake_module/cmake)
[7.301s] -- Found PythonLibs: /usr/lib/x86_64-linux-gnu/libpython3.10.so (found suitable version "3.10.12", minimum required is "3.5") 
[7.301s] -- Using PYTHON_EXECUTABLE: /usr/bin/python3
[7.302s] -- Using PYTHON_INCLUDE_DIRS: /usr/include/python3.10
[7.303s] -- Using PYTHON_LIBRARIES: /usr/lib/x86_64-linux-gnu/libpython3.10.so
[7.403s] -- Found PythonExtra: .so  
[7.617s] -- Configuring done
[7.760s] -- Generating done
[7.807s] -- Build files have been written to: /home/encoder/Desktop/ros2-robot/build/tello_msgs
[7.832s] Invoked command in '/home/encoder/Desktop/ros2-robot/build/tello_msgs' returned '0': CMAKE_PREFIX_PATH=/opt/ros/humble /usr/bin/cmake /home/encoder/Desktop/ros2-robot/ros2_ws/src/tello_ros/tello_msgs -DCMAKE_INSTALL_PREFIX=/home/encoder/Desktop/ros2-robot/install/tello_msgs
[7.859s] Invoking command in '/home/encoder/Desktop/ros2-robot/build/tello_msgs': CMAKE_PREFIX_PATH=/opt/ros/humble /usr/bin/cmake --build /home/encoder/Desktop/ros2-robot/build/tello_msgs -- -j12 -l12
[8.173s] [  2%] [34m[1mGenerating C code for ROS interfaces[0m
[8.273s] [  4%] [34m[1mGenerating C++ code for ROS interfaces[0m
[8.411s] [  4%] Built target ament_cmake_python_copy_tello_msgs
[11.348s] running egg_info
[11.352s] creating tello_msgs.egg-info
[11.353s] writing tello_msgs.egg-info/PKG-INFO
[11.355s] writing dependency_links to tello_msgs.egg-info/dependency_links.txt
[11.356s] writing top-level names to tello_msgs.egg-info/top_level.txt
[11.373s] writing manifest file 'tello_msgs.egg-info/SOURCES.txt'
[11.410s] reading manifest file 'tello_msgs.egg-info/SOURCES.txt'
[11.421s] writing manifest file 'tello_msgs.egg-info/SOURCES.txt'
[11.792s] [  4%] Built target ament_cmake_python_build_tello_msgs_egg
[16.750s] [  8%] [32mBuilding C object CMakeFiles/tello_msgs__rosidl_generator_c.dir/rosidl_generator_c/tello_msgs/msg/detail/tello_response__functions.c.o[0m
[16.750s] [  8%] [32mBuilding C object CMakeFiles/tello_msgs__rosidl_generator_c.dir/rosidl_generator_c/tello_msgs/srv/detail/tello_action__functions.c.o[0m
[16.792s] [ 10%] [32mBuilding C object CMakeFiles/tello_msgs__rosidl_generator_c.dir/rosidl_generator_c/tello_msgs/msg/detail/flight_data__functions.c.o[0m
[17.257s] [ 12%] [32m[1mLinking C shared library libtello_msgs__rosidl_generator_c.so[0m
[17.640s] [ 12%] Built target tello_msgs__cpp
[17.685s] [ 12%] Built target tello_msgs__rosidl_generator_c
[17.738s] [ 14%] [34m[1mGenerating C++ introspection for ROS interfaces[0m
[17.766s] [ 17%] [34m[1mGenerating C++ type support dispatch for ROS interfaces[0m
[17.781s] [ 19%] [34m[1mGenerating C type support for eProsima Fast-RTPS[0m
[17.793s] [ 23%] [34m[1mGenerating C type support dispatch for ROS interfaces[0m
[17.796s] [ 23%] [34m[1mGenerating C introspection for ROS interfaces[0m
[17.818s] [ 25%] [34m[1mGenerating C++ type support for eProsima Fast-RTPS[0m
[24.540s] [ 27%] [32mBuilding CXX object CMakeFiles/tello_msgs__rosidl_typesupport_c.dir/rosidl_typesupport_c/tello_msgs/msg/flight_data__type_support.cpp.o[0m
[24.800s] [ 29%] [32mBuilding CXX object CMakeFiles/tello_msgs__rosidl_typesupport_c.dir/rosidl_typesupport_c/tello_msgs/srv/tello_action__type_support.cpp.o[0m
[25.092s] [ 31%] [32mBuilding CXX object CMakeFiles/tello_msgs__rosidl_typesupport_c.dir/rosidl_typesupport_c/tello_msgs/msg/tello_response__type_support.cpp.o[0m
[25.307s] [ 34%] [32mBuilding CXX object CMakeFiles/tello_msgs__rosidl_typesupport_introspection_cpp.dir/rosidl_typesupport_introspection_cpp/tello_msgs/msg/detail/flight_data__type_support.cpp.o[0m
[25.394s] [ 36%] [32mBuilding CXX object CMakeFiles/tello_msgs__rosidl_typesupport_cpp.dir/rosidl_typesupport_cpp/tello_msgs/msg/flight_data__type_support.cpp.o[0m
[25.420s] [ 38%] [32m[1mLinking CXX shared library libtello_msgs__rosidl_typesupport_c.so[0m
[25.835s] [ 38%] Built target tello_msgs__rosidl_typesupport_c
[26.399s] [ 40%] [32mBuilding CXX object CMakeFiles/tello_msgs__rosidl_typesupport_fastrtps_c.dir/rosidl_typesupport_fastrtps_c/tello_msgs/msg/detail/flight_data__type_support_c.cpp.o[0m
[26.683s] [ 42%] [32mBuilding C object CMakeFiles/tello_msgs__rosidl_typesupport_introspection_c.dir/rosidl_typesupport_introspection_c/tello_msgs/msg/detail/flight_data__type_support.c.o[0m
[26.752s] [ 44%] [32mBuilding CXX object CMakeFiles/tello_msgs__rosidl_typesupport_fastrtps_cpp.dir/rosidl_typesupport_fastrtps_cpp/tello_msgs/msg/detail/dds_fastrtps/flight_data__type_support.cpp.o[0m
[26.937s] [ 46%] [32mBuilding C object CMakeFiles/tello_msgs__rosidl_typesupport_introspection_c.dir/rosidl_typesupport_introspection_c/tello_msgs/msg/detail/tello_response__type_support.c.o[0m
[27.122s] [ 48%] [32mBuilding C object CMakeFiles/tello_msgs__rosidl_typesupport_introspection_c.dir/rosidl_typesupport_introspection_c/tello_msgs/srv/detail/tello_action__type_support.c.o[0m
[27.392s] [ 51%] [32m[1mLinking C shared library libtello_msgs__rosidl_typesupport_introspection_c.so[0m
[27.567s] [ 53%] [32mBuilding CXX object CMakeFiles/tello_msgs__rosidl_typesupport_introspection_cpp.dir/rosidl_typesupport_introspection_cpp/tello_msgs/srv/detail/tello_action__type_support.cpp.o[0m
[27.580s] [ 55%] [32mBuilding CXX object CMakeFiles/tello_msgs__rosidl_typesupport_cpp.dir/rosidl_typesupport_cpp/tello_msgs/srv/tello_action__type_support.cpp.o[0m
[27.623s] [ 55%] Built target tello_msgs__rosidl_typesupport_introspection_c
[28.164s] [ 57%] [32mBuilding CXX object CMakeFiles/tello_msgs__rosidl_typesupport_fastrtps_c.dir/rosidl_typesupport_fastrtps_c/tello_msgs/srv/detail/tello_action__type_support_c.cpp.o[0m
[28.792s] [ 59%] [32mBuilding CXX object CMakeFiles/tello_msgs__rosidl_typesupport_cpp.dir/rosidl_typesupport_cpp/tello_msgs/msg/tello_response__type_support.cpp.o[0m
[28.907s] [ 61%] [32mBuilding CXX object CMakeFiles/tello_msgs__rosidl_typesupport_fastrtps_cpp.dir/rosidl_typesupport_fastrtps_cpp/tello_msgs/srv/detail/dds_fastrtps/tello_action__type_support.cpp.o[0m
[29.391s] [ 63%] [32mBuilding CXX object CMakeFiles/tello_msgs__rosidl_typesupport_introspection_cpp.dir/rosidl_typesupport_introspection_cpp/tello_msgs/msg/detail/tello_response__type_support.cpp.o[0m
[29.947s] [ 65%] [32mBuilding CXX object CMakeFiles/tello_msgs__rosidl_typesupport_fastrtps_c.dir/rosidl_typesupport_fastrtps_c/tello_msgs/msg/detail/tello_response__type_support_c.cpp.o[0m
[30.058s] [ 68%] [32m[1mLinking CXX shared library libtello_msgs__rosidl_typesupport_cpp.so[0m
[30.335s] [ 68%] Built target tello_msgs__rosidl_typesupport_cpp
[30.696s] [ 70%] [32mBuilding CXX object CMakeFiles/tello_msgs__rosidl_typesupport_fastrtps_cpp.dir/rosidl_typesupport_fastrtps_cpp/tello_msgs/msg/detail/dds_fastrtps/tello_response__type_support.cpp.o[0m
[31.099s] [ 72%] [32m[1mLinking CXX shared library libtello_msgs__rosidl_typesupport_introspection_cpp.so[0m
[31.393s] [ 72%] Built target tello_msgs__rosidl_typesupport_introspection_cpp
[31.494s] [ 74%] [32m[1mLinking CXX shared library libtello_msgs__rosidl_typesupport_fastrtps_c.so[0m
[31.810s] [ 74%] Built target tello_msgs__rosidl_typesupport_fastrtps_c
[32.307s] [ 76%] [32m[1mLinking CXX shared library libtello_msgs__rosidl_typesupport_fastrtps_cpp.so[0m
[32.553s] [ 76%] Built target tello_msgs__rosidl_typesupport_fastrtps_cpp
[32.622s] [ 76%] Built target tello_msgs
[32.683s] [ 78%] [34m[1mGenerating Python code for ROS interfaces[0m
[36.855s] [ 78%] Built target tello_msgs__py
[36.924s] [ 80%] [32mBuilding C object CMakeFiles/tello_msgs__rosidl_generator_py.dir/rosidl_generator_py/tello_msgs/msg/_flight_data_s.c.o[0m
[37.303s] [ 82%] [32mBuilding C object CMakeFiles/tello_msgs__rosidl_generator_py.dir/rosidl_generator_py/tello_msgs/srv/_tello_action_s.c.o[0m
[37.631s] [ 85%] [32mBuilding C object CMakeFiles/tello_msgs__rosidl_generator_py.dir/rosidl_generator_py/tello_msgs/msg/_tello_response_s.c.o[0m
[38.026s] [ 87%] [32m[1mLinking C shared library rosidl_generator_py/tello_msgs/libtello_msgs__rosidl_generator_py.so[0m
[38.177s] [ 87%] Built target tello_msgs__rosidl_generator_py
[38.247s] [ 89%] [32mBuilding C object CMakeFiles/tello_msgs__rosidl_typesupport_fastrtps_c__pyext.dir/rosidl_generator_py/tello_msgs/_tello_msgs_s.ep.rosidl_typesupport_fastrtps_c.c.o[0m
[38.627s] [ 91%] [32m[1mLinking C shared library rosidl_generator_py/tello_msgs/tello_msgs_s__rosidl_typesupport_fastrtps_c.cpython-310-x86_64-linux-gnu.so[0m
[38.772s] [ 91%] Built target tello_msgs__rosidl_typesupport_fastrtps_c__pyext
[38.858s] [ 93%] [32mBuilding C object CMakeFiles/tello_msgs__rosidl_typesupport_c__pyext.dir/rosidl_generator_py/tello_msgs/_tello_msgs_s.ep.rosidl_typesupport_c.c.o[0m
[39.199s] [ 95%] [32m[1mLinking C shared library rosidl_generator_py/tello_msgs/tello_msgs_s__rosidl_typesupport_c.cpython-310-x86_64-linux-gnu.so[0m
[39.311s] [ 95%] Built target tello_msgs__rosidl_typesupport_c__pyext
[39.373s] [ 97%] [32mBuilding C object CMakeFiles/tello_msgs__rosidl_typesupport_introspection_c__pyext.dir/rosidl_generator_py/tello_msgs/_tello_msgs_s.ep.rosidl_typesupport_introspection_c.c.o[0m
[39.668s] [100%] [32m[1mLinking C shared library rosidl_generator_py/tello_msgs/tello_msgs_s__rosidl_typesupport_introspection_c.cpython-310-x86_64-linux-gnu.so[0m
[39.797s] [100%] Built target tello_msgs__rosidl_typesupport_introspection_c__pyext
[39.836s] Invoked command in '/home/encoder/Desktop/ros2-robot/build/tello_msgs' returned '0': CMAKE_PREFIX_PATH=/opt/ros/humble /usr/bin/cmake --build /home/encoder/Desktop/ros2-robot/build/tello_msgs -- -j12 -l12
[39.838s] Invoking command in '/home/encoder/Desktop/ros2-robot/build/tello_msgs': CMAKE_PREFIX_PATH=/opt/ros/humble /usr/bin/cmake --install /home/encoder/Desktop/ros2-robot/build/tello_msgs
[39.859s] -- Install configuration: ""
[39.861s] -- Installing: /home/encoder/Desktop/ros2-robot/install/tello_msgs/share/ament_index/resource_index/rosidl_interfaces/tello_msgs
[39.861s] -- Installing: /home/encoder/Desktop/ros2-robot/install/tello_msgs/include/tello_msgs/tello_msgs
[39.862s] -- Installing: /home/encoder/Desktop/ros2-robot/install/tello_msgs/include/tello_msgs/tello_msgs/srv
[39.862s] -- Installing: /home/encoder/Desktop/ros2-robot/install/tello_msgs/include/tello_msgs/tello_msgs/srv/detail
[39.863s] -- Installing: /home/encoder/Desktop/ros2-robot/install/tello_msgs/include/tello_msgs/tello_msgs/srv/detail/tello_action__struct.h
[39.863s] -- Installing: /home/encoder/Desktop/ros2-robot/install/tello_msgs/include/tello_msgs/tello_msgs/srv/detail/tello_action__functions.h
[39.864s] -- Installing: /home/encoder/Desktop/ros2-robot/install/tello_msgs/include/tello_msgs/tello_msgs/srv/detail/tello_action__functions.c
[39.864s] -- Installing: /home/encoder/Desktop/ros2-robot/install/tello_msgs/include/tello_msgs/tello_msgs/srv/detail/tello_action__type_support.h
[39.865s] -- Installing: /home/encoder/Desktop/ros2-robot/install/tello_msgs/include/tello_msgs/tello_msgs/srv/tello_action.h
[39.866s] -- Installing: /home/encoder/Desktop/ros2-robot/install/tello_msgs/include/tello_msgs/tello_msgs/msg
[39.868s] -- Installing: /home/encoder/Desktop/ros2-robot/install/tello_msgs/include/tello_msgs/tello_msgs/msg/detail
[39.868s] -- Installing: /home/encoder/Desktop/ros2-robot/install/tello_msgs/include/tello_msgs/tello_msgs/msg/detail/tello_response__type_support.h
[39.869s] -- Installing: /home/encoder/Desktop/ros2-robot/install/tello_msgs/include/tello_msgs/tello_msgs/msg/detail/tello_response__functions.c
[39.869s] -- Installing: /home/encoder/Desktop/ros2-robot/install/tello_msgs/include/tello_msgs/tello_msgs/msg/detail/flight_data__type_support.h
[39.870s] -- Installing: /home/encoder/Desktop/ros2-robot/install/tello_msgs/include/tello_msgs/tello_msgs/msg/detail/flight_data__functions.h
[39.870s] -- Installing: /home/encoder/Desktop/ros2-robot/install/tello_msgs/include/tello_msgs/tello_msgs/msg/detail/flight_data__functions.c
[39.870s] -- Installing: /home/encoder/Desktop/ros2-robot/install/tello_msgs/include/tello_msgs/tello_msgs/msg/detail/tello_response__struct.h
[39.870s] -- Installing: /home/encoder/Desktop/ros2-robot/install/tello_msgs/include/tello_msgs/tello_msgs/msg/detail/tello_response__functions.h
[39.870s] -- Installing: /home/encoder/Desktop/ros2-robot/install/tello_msgs/include/tello_msgs/tello_msgs/msg/detail/flight_data__struct.h
[39.871s] -- Installing: /home/encoder/Desktop/ros2-robot/install/tello_msgs/include/tello_msgs/tello_msgs/msg/tello_response.h
[39.871s] -- Installing: /home/encoder/Desktop/ros2-robot/install/tello_msgs/include/tello_msgs/tello_msgs/msg/flight_data.h
[39.871s] -- Installing: /home/encoder/Desktop/ros2-robot/install/tello_msgs/include/tello_msgs/tello_msgs/msg/rosidl_generator_c__visibility_control.h
[39.871s] -- Installing: /home/encoder/Desktop/ros2-robot/install/tello_msgs/share/tello_msgs/environment/library_path.sh
[39.871s] -- Installing: /home/encoder/Desktop/ros2-robot/install/tello_msgs/share/tello_msgs/environment/library_path.dsv
[39.872s] -- Installing: /home/encoder/Desktop/ros2-robot/install/tello_msgs/lib/libtello_msgs__rosidl_generator_c.so
[39.872s] -- Set runtime path of "/home/encoder/Desktop/ros2-robot/install/tello_msgs/lib/libtello_msgs__rosidl_generator_c.so" to ""
[39.872s] -- Up-to-date: /home/encoder/Desktop/ros2-robot/install/tello_msgs/include/tello_msgs/tello_msgs
[39.873s] -- Up-to-date: /home/encoder/Desktop/ros2-robot/install/tello_msgs/include/tello_msgs/tello_msgs/srv
[39.873s] -- Up-to-date: /home/encoder/Desktop/ros2-robot/install/tello_msgs/include/tello_msgs/tello_msgs/srv/detail
[39.873s] -- Installing: /home/encoder/Desktop/ros2-robot/install/tello_msgs/include/tello_msgs/tello_msgs/srv/detail/tello_action__rosidl_typesupport_fastrtps_c.h
[39.874s] -- Up-to-date: /home/encoder/Desktop/ros2-robot/install/tello_msgs/include/tello_msgs/tello_msgs/msg
[39.874s] -- Up-to-date: /home/encoder/Desktop/ros2-robot/install/tello_msgs/include/tello_msgs/tello_msgs/msg/detail
[39.874s] -- Installing: /home/encoder/Desktop/ros2-robot/install/tello_msgs/include/tello_msgs/tello_msgs/msg/detail/tello_response__rosidl_typesupport_fastrtps_c.h
[39.875s] -- Installing: /home/encoder/Desktop/ros2-robot/install/tello_msgs/include/tello_msgs/tello_msgs/msg/detail/flight_data__rosidl_typesupport_fastrtps_c.h
[39.875s] -- Installing: /home/encoder/Desktop/ros2-robot/install/tello_msgs/include/tello_msgs/tello_msgs/msg/rosidl_typesupport_fastrtps_c__visibility_control.h
[39.875s] -- Installing: /home/encoder/Desktop/ros2-robot/install/tello_msgs/lib/libtello_msgs__rosidl_typesupport_fastrtps_c.so
[39.875s] -- Set runtime path of "/home/encoder/Desktop/ros2-robot/install/tello_msgs/lib/libtello_msgs__rosidl_typesupport_fastrtps_c.so" to ""
[39.876s] -- Up-to-date: /home/encoder/Desktop/ros2-robot/install/tello_msgs/include/tello_msgs/tello_msgs
[39.876s] -- Up-to-date: /home/encoder/Desktop/ros2-robot/install/tello_msgs/include/tello_msgs/tello_msgs/srv
[39.876s] -- Up-to-date: /home/encoder/Desktop/ros2-robot/install/tello_msgs/include/tello_msgs/tello_msgs/srv/detail
[39.877s] -- Installing: /home/encoder/Desktop/ros2-robot/install/tello_msgs/include/tello_msgs/tello_msgs/srv/detail/tello_action__type_support.c
[39.877s] -- Installing: /home/encoder/Desktop/ros2-robot/install/tello_msgs/include/tello_msgs/tello_msgs/srv/detail/tello_action__rosidl_typesupport_introspection_c.h
[39.877s] -- Up-to-date: /home/encoder/Desktop/ros2-robot/install/tello_msgs/include/tello_msgs/tello_msgs/msg
[39.877s] -- Up-to-date: /home/encoder/Desktop/ros2-robot/install/tello_msgs/include/tello_msgs/tello_msgs/msg/detail
[39.878s] -- Installing: /home/encoder/Desktop/ros2-robot/install/tello_msgs/include/tello_msgs/tello_msgs/msg/detail/tello_response__type_support.c
[39.878s] -- Installing: /home/encoder/Desktop/ros2-robot/install/tello_msgs/include/tello_msgs/tello_msgs/msg/detail/flight_data__type_support.c
[39.878s] -- Installing: /home/encoder/Desktop/ros2-robot/install/tello_msgs/include/tello_msgs/tello_msgs/msg/detail/tello_response__rosidl_typesupport_introspection_c.h
[39.879s] -- Installing: /home/encoder/Desktop/ros2-robot/install/tello_msgs/include/tello_msgs/tello_msgs/msg/detail/flight_data__rosidl_typesupport_introspection_c.h
[39.880s] -- Installing: /home/encoder/Desktop/ros2-robot/install/tello_msgs/include/tello_msgs/tello_msgs/msg/rosidl_typesupport_introspection_c__visibility_control.h
[39.880s] -- Installing: /home/encoder/Desktop/ros2-robot/install/tello_msgs/lib/libtello_msgs__rosidl_typesupport_introspection_c.so
[39.884s] -- Set runtime path of "/home/encoder/Desktop/ros2-robot/install/tello_msgs/lib/libtello_msgs__rosidl_typesupport_introspection_c.so" to ""
[39.885s] -- Installing: /home/encoder/Desktop/ros2-robot/install/tello_msgs/lib/libtello_msgs__rosidl_typesupport_c.so
[39.886s] -- Set runtime path of "/home/encoder/Desktop/ros2-robot/install/tello_msgs/lib/libtello_msgs__rosidl_typesupport_c.so" to ""
[39.886s] -- Up-to-date: /home/encoder/Desktop/ros2-robot/install/tello_msgs/include/tello_msgs/tello_msgs
[39.887s] -- Up-to-date: /home/encoder/Desktop/ros2-robot/install/tello_msgs/include/tello_msgs/tello_msgs/srv
[39.887s] -- Up-to-date: /home/encoder/Desktop/ros2-robot/install/tello_msgs/include/tello_msgs/tello_msgs/srv/detail
[39.888s] -- Installing: /home/encoder/Desktop/ros2-robot/install/tello_msgs/include/tello_msgs/tello_msgs/srv/detail/tello_action__type_support.hpp
[39.888s] -- Installing: /home/encoder/Desktop/ros2-robot/install/tello_msgs/include/tello_msgs/tello_msgs/srv/detail/tello_action__builder.hpp
[39.889s] -- Installing: /home/encoder/Desktop/ros2-robot/install/tello_msgs/include/tello_msgs/tello_msgs/srv/detail/tello_action__traits.hpp
[39.889s] -- Installing: /home/encoder/Desktop/ros2-robot/install/tello_msgs/include/tello_msgs/tello_msgs/srv/detail/tello_action__struct.hpp
[39.890s] -- Installing: /home/encoder/Desktop/ros2-robot/install/tello_msgs/include/tello_msgs/tello_msgs/srv/tello_action.hpp
[39.891s] -- Up-to-date: /home/encoder/Desktop/ros2-robot/install/tello_msgs/include/tello_msgs/tello_msgs/msg
[39.891s] -- Up-to-date: /home/encoder/Desktop/ros2-robot/install/tello_msgs/include/tello_msgs/tello_msgs/msg/detail
[39.891s] -- Installing: /home/encoder/Desktop/ros2-robot/install/tello_msgs/include/tello_msgs/tello_msgs/msg/detail/flight_data__builder.hpp
[39.892s] -- Installing: /home/encoder/Desktop/ros2-robot/install/tello_msgs/include/tello_msgs/tello_msgs/msg/detail/flight_data__struct.hpp
[39.892s] -- Installing: /home/encoder/Desktop/ros2-robot/install/tello_msgs/include/tello_msgs/tello_msgs/msg/detail/flight_data__traits.hpp
[39.893s] -- Installing: /home/encoder/Desktop/ros2-robot/install/tello_msgs/include/tello_msgs/tello_msgs/msg/detail/tello_response__builder.hpp
[39.893s] -- Installing: /home/encoder/Desktop/ros2-robot/install/tello_msgs/include/tello_msgs/tello_msgs/msg/detail/tello_response__struct.hpp
[39.894s] -- Installing: /home/encoder/Desktop/ros2-robot/install/tello_msgs/include/tello_msgs/tello_msgs/msg/detail/tello_response__type_support.hpp
[39.894s] -- Installing: /home/encoder/Desktop/ros2-robot/install/tello_msgs/include/tello_msgs/tello_msgs/msg/detail/tello_response__traits.hpp
[39.895s] -- Installing: /home/encoder/Desktop/ros2-robot/install/tello_msgs/include/tello_msgs/tello_msgs/msg/detail/flight_data__type_support.hpp
[39.895s] -- Installing: /home/encoder/Desktop/ros2-robot/install/tello_msgs/include/tello_msgs/tello_msgs/msg/rosidl_generator_cpp__visibility_control.hpp
[39.895s] -- Installing: /home/encoder/Desktop/ros2-robot/install/tello_msgs/include/tello_msgs/tello_msgs/msg/flight_data.hpp
[39.895s] -- Installing: /home/encoder/Desktop/ros2-robot/install/tello_msgs/include/tello_msgs/tello_msgs/msg/tello_response.hpp
[39.895s] -- Up-to-date: /home/encoder/Desktop/ros2-robot/install/tello_msgs/include/tello_msgs/tello_msgs
[39.896s] -- Up-to-date: /home/encoder/Desktop/ros2-robot/install/tello_msgs/include/tello_msgs/tello_msgs/srv
[39.896s] -- Up-to-date: /home/encoder/Desktop/ros2-robot/install/tello_msgs/include/tello_msgs/tello_msgs/srv/detail
[39.896s] -- Installing: /home/encoder/Desktop/ros2-robot/install/tello_msgs/include/tello_msgs/tello_msgs/srv/detail/dds_fastrtps
[39.896s] -- Installing: /home/encoder/Desktop/ros2-robot/install/tello_msgs/include/tello_msgs/tello_msgs/srv/detail/tello_action__rosidl_typesupport_fastrtps_cpp.hpp
[39.896s] -- Up-to-date: /home/encoder/Desktop/ros2-robot/install/tello_msgs/include/tello_msgs/tello_msgs/msg
[39.897s] -- Up-to-date: /home/encoder/Desktop/ros2-robot/install/tello_msgs/include/tello_msgs/tello_msgs/msg/detail
[39.897s] -- Installing: /home/encoder/Desktop/ros2-robot/install/tello_msgs/include/tello_msgs/tello_msgs/msg/detail/tello_response__rosidl_typesupport_fastrtps_cpp.hpp
[39.897s] -- Installing: /home/encoder/Desktop/ros2-robot/install/tello_msgs/include/tello_msgs/tello_msgs/msg/detail/dds_fastrtps
[39.897s] -- Installing: /home/encoder/Desktop/ros2-robot/install/tello_msgs/include/tello_msgs/tello_msgs/msg/detail/flight_data__rosidl_typesupport_fastrtps_cpp.hpp
[39.897s] -- Installing: /home/encoder/Desktop/ros2-robot/install/tello_msgs/include/tello_msgs/tello_msgs/msg/rosidl_typesupport_fastrtps_cpp__visibility_control.h
[39.898s] -- Installing: /home/encoder/Desktop/ros2-robot/install/tello_msgs/lib/libtello_msgs__rosidl_typesupport_fastrtps_cpp.so
[39.898s] -- Set runtime path of "/home/encoder/Desktop/ros2-robot/install/tello_msgs/lib/libtello_msgs__rosidl_typesupport_fastrtps_cpp.so" to ""
[39.898s] -- Up-to-date: /home/encoder/Desktop/ros2-robot/install/tello_msgs/include/tello_msgs/tello_msgs
[39.898s] -- Up-to-date: /home/encoder/Desktop/ros2-robot/install/tello_msgs/include/tello_msgs/tello_msgs/srv
[39.898s] -- Up-to-date: /home/encoder/Desktop/ros2-robot/install/tello_msgs/include/tello_msgs/tello_msgs/srv/detail
[39.898s] -- Installing: /home/encoder/Desktop/ros2-robot/install/tello_msgs/include/tello_msgs/tello_msgs/srv/detail/tello_action__type_support.cpp
[39.898s] -- Installing: /home/encoder/Desktop/ros2-robot/install/tello_msgs/include/tello_msgs/tello_msgs/srv/detail/tello_action__rosidl_typesupport_introspection_cpp.hpp
[39.899s] -- Up-to-date: /home/encoder/Desktop/ros2-robot/install/tello_msgs/include/tello_msgs/tello_msgs/msg
[39.899s] -- Up-to-date: /home/encoder/Desktop/ros2-robot/install/tello_msgs/include/tello_msgs/tello_msgs/msg/detail
[39.899s] -- Installing: /home/encoder/Desktop/ros2-robot/install/tello_msgs/include/tello_msgs/tello_msgs/msg/detail/tello_response__type_support.cpp
[39.899s] -- Installing: /home/encoder/Desktop/ros2-robot/install/tello_msgs/include/tello_msgs/tello_msgs/msg/detail/tello_response__rosidl_typesupport_introspection_cpp.hpp
[39.899s] -- Installing: /home/encoder/Desktop/ros2-robot/install/tello_msgs/include/tello_msgs/tello_msgs/msg/detail/flight_data__type_support.cpp
[39.899s] -- Installing: /home/encoder/Desktop/ros2-robot/install/tello_msgs/include/tello_msgs/tello_msgs/msg/detail/flight_data__rosidl_typesupport_introspection_cpp.hpp
[39.900s] -- Installing: /home/encoder/Desktop/ros2-robot/install/tello_msgs/lib/libtello_msgs__rosidl_typesupport_introspection_cpp.so
[39.901s] -- Set runtime path of "/home/encoder/Desktop/ros2-robot/install/tello_msgs/lib/libtello_msgs__rosidl_typesupport_introspection_cpp.so" to ""
[39.902s] -- Installing: /home/encoder/Desktop/ros2-robot/install/tello_msgs/lib/libtello_msgs__rosidl_typesupport_cpp.so
[39.903s] -- Set runtime path of "/home/encoder/Desktop/ros2-robot/install/tello_msgs/lib/libtello_msgs__rosidl_typesupport_cpp.so" to ""
[39.903s] -- Installing: /home/encoder/Desktop/ros2-robot/install/tello_msgs/share/tello_msgs/environment/pythonpath.sh
[39.904s] -- Installing: /home/encoder/Desktop/ros2-robot/install/tello_msgs/share/tello_msgs/environment/pythonpath.dsv
[39.904s] -- Installing: /home/encoder/Desktop/ros2-robot/install/tello_msgs/local/lib/python3.10/dist-packages/tello_msgs-0.1.0-py3.10.egg-info
[39.904s] -- Installing: /home/encoder/Desktop/ros2-robot/install/tello_msgs/local/lib/python3.10/dist-packages/tello_msgs-0.1.0-py3.10.egg-info/top_level.txt
[39.905s] -- Installing: /home/encoder/Desktop/ros2-robot/install/tello_msgs/local/lib/python3.10/dist-packages/tello_msgs-0.1.0-py3.10.egg-info/PKG-INFO
[39.905s] -- Installing: /home/encoder/Desktop/ros2-robot/install/tello_msgs/local/lib/python3.10/dist-packages/tello_msgs-0.1.0-py3.10.egg-info/SOURCES.txt
[39.905s] -- Installing: /home/encoder/Desktop/ros2-robot/install/tello_msgs/local/lib/python3.10/dist-packages/tello_msgs-0.1.0-py3.10.egg-info/dependency_links.txt
[39.906s] -- Installing: /home/encoder/Desktop/ros2-robot/install/tello_msgs/local/lib/python3.10/dist-packages/tello_msgs
[39.906s] -- Installing: /home/encoder/Desktop/ros2-robot/install/tello_msgs/local/lib/python3.10/dist-packages/tello_msgs/tello_msgs_s__rosidl_typesupport_c.cpython-310-x86_64-linux-gnu.so
[39.906s] -- Installing: /home/encoder/Desktop/ros2-robot/install/tello_msgs/local/lib/python3.10/dist-packages/tello_msgs/libtello_msgs__rosidl_generator_py.so
[39.907s] -- Installing: /home/encoder/Desktop/ros2-robot/install/tello_msgs/local/lib/python3.10/dist-packages/tello_msgs/_tello_msgs_s.ep.rosidl_typesupport_introspection_c.c
[39.907s] -- Installing: /home/encoder/Desktop/ros2-robot/install/tello_msgs/local/lib/python3.10/dist-packages/tello_msgs/_tello_msgs_s.ep.rosidl_typesupport_fastrtps_c.c
[39.908s] -- Installing: /home/encoder/Desktop/ros2-robot/install/tello_msgs/local/lib/python3.10/dist-packages/tello_msgs/_tello_msgs_s.ep.rosidl_typesupport_c.c
[39.908s] -- Installing: /home/encoder/Desktop/ros2-robot/install/tello_msgs/local/lib/python3.10/dist-packages/tello_msgs/srv
[39.908s] -- Installing: /home/encoder/Desktop/ros2-robot/install/tello_msgs/local/lib/python3.10/dist-packages/tello_msgs/srv/_tello_action_s.c
[39.908s] -- Installing: /home/encoder/Desktop/ros2-robot/install/tello_msgs/local/lib/python3.10/dist-packages/tello_msgs/srv/_tello_action.py
[39.909s] -- Installing: /home/encoder/Desktop/ros2-robot/install/tello_msgs/local/lib/python3.10/dist-packages/tello_msgs/srv/__init__.py
[39.909s] -- Installing: /home/encoder/Desktop/ros2-robot/install/tello_msgs/local/lib/python3.10/dist-packages/tello_msgs/tello_msgs_s__rosidl_typesupport_fastrtps_c.cpython-310-x86_64-linux-gnu.so
[39.910s] -- Installing: /home/encoder/Desktop/ros2-robot/install/tello_msgs/local/lib/python3.10/dist-packages/tello_msgs/msg
[39.910s] -- Installing: /home/encoder/Desktop/ros2-robot/install/tello_msgs/local/lib/python3.10/dist-packages/tello_msgs/msg/_flight_data.py
[39.910s] -- Installing: /home/encoder/Desktop/ros2-robot/install/tello_msgs/local/lib/python3.10/dist-packages/tello_msgs/msg/_tello_response_s.c
[39.910s] -- Installing: /home/encoder/Desktop/ros2-robot/install/tello_msgs/local/lib/python3.10/dist-packages/tello_msgs/msg/__init__.py
[39.911s] -- Installing: /home/encoder/Desktop/ros2-robot/install/tello_msgs/local/lib/python3.10/dist-packages/tello_msgs/msg/_tello_response.py
[39.912s] -- Installing: /home/encoder/Desktop/ros2-robot/install/tello_msgs/local/lib/python3.10/dist-packages/tello_msgs/msg/_flight_data_s.c
[39.912s] -- Installing: /home/encoder/Desktop/ros2-robot/install/tello_msgs/local/lib/python3.10/dist-packages/tello_msgs/tello_msgs_s__rosidl_typesupport_introspection_c.cpython-310-x86_64-linux-gnu.so
[39.912s] -- Installing: /home/encoder/Desktop/ros2-robot/install/tello_msgs/local/lib/python3.10/dist-packages/tello_msgs/__init__.py
[40.034s] Listing '/home/encoder/Desktop/ros2-robot/install/tello_msgs/local/lib/python3.10/dist-packages/tello_msgs'...
[40.034s] Compiling '/home/encoder/Desktop/ros2-robot/install/tello_msgs/local/lib/python3.10/dist-packages/tello_msgs/__init__.py'...
[40.035s] Listing '/home/encoder/Desktop/ros2-robot/install/tello_msgs/local/lib/python3.10/dist-packages/tello_msgs/msg'...
[40.035s] Compiling '/home/encoder/Desktop/ros2-robot/install/tello_msgs/local/lib/python3.10/dist-packages/tello_msgs/msg/__init__.py'...
[40.037s] Compiling '/home/encoder/Desktop/ros2-robot/install/tello_msgs/local/lib/python3.10/dist-packages/tello_msgs/msg/_flight_data.py'...
[40.037s] Compiling '/home/encoder/Desktop/ros2-robot/install/tello_msgs/local/lib/python3.10/dist-packages/tello_msgs/msg/_tello_response.py'...
[40.037s] Listing '/home/encoder/Desktop/ros2-robot/install/tello_msgs/local/lib/python3.10/dist-packages/tello_msgs/srv'...
[40.038s] Compiling '/home/encoder/Desktop/ros2-robot/install/tello_msgs/local/lib/python3.10/dist-packages/tello_msgs/srv/__init__.py'...
[40.038s] Compiling '/home/encoder/Desktop/ros2-robot/install/tello_msgs/local/lib/python3.10/dist-packages/tello_msgs/srv/_tello_action.py'...
[40.051s] -- Installing: /home/encoder/Desktop/ros2-robot/install/tello_msgs/local/lib/python3.10/dist-packages/tello_msgs/tello_msgs_s__rosidl_typesupport_fastrtps_c.cpython-310-x86_64-linux-gnu.so
[40.054s] -- Set runtime path of "/home/encoder/Desktop/ros2-robot/install/tello_msgs/local/lib/python3.10/dist-packages/tello_msgs/tello_msgs_s__rosidl_typesupport_fastrtps_c.cpython-310-x86_64-linux-gnu.so" to ""
[40.054s] -- Installing: /home/encoder/Desktop/ros2-robot/install/tello_msgs/local/lib/python3.10/dist-packages/tello_msgs/tello_msgs_s__rosidl_typesupport_introspection_c.cpython-310-x86_64-linux-gnu.so
[40.055s] -- Set runtime path of "/home/encoder/Desktop/ros2-robot/install/tello_msgs/local/lib/python3.10/dist-packages/tello_msgs/tello_msgs_s__rosidl_typesupport_introspection_c.cpython-310-x86_64-linux-gnu.so" to ""
[40.055s] -- Installing: /home/encoder/Desktop/ros2-robot/install/tello_msgs/local/lib/python3.10/dist-packages/tello_msgs/tello_msgs_s__rosidl_typesupport_c.cpython-310-x86_64-linux-gnu.so
[40.055s] -- Set runtime path of "/home/encoder/Desktop/ros2-robot/install/tello_msgs/local/lib/python3.10/dist-packages/tello_msgs/tello_msgs_s__rosidl_typesupport_c.cpython-310-x86_64-linux-gnu.so" to ""
[40.056s] -- Installing: /home/encoder/Desktop/ros2-robot/install/tello_msgs/lib/libtello_msgs__rosidl_generator_py.so
[40.057s] -- Set runtime path of "/home/encoder/Desktop/ros2-robot/install/tello_msgs/lib/libtello_msgs__rosidl_generator_py.so" to ""
[40.062s] -- Installing: /home/encoder/Desktop/ros2-robot/install/tello_msgs/share/tello_msgs/msg/FlightData.idl
[40.062s] -- Installing: /home/encoder/Desktop/ros2-robot/install/tello_msgs/share/tello_msgs/msg/TelloResponse.idl
[40.062s] -- Installing: /home/encoder/Desktop/ros2-robot/install/tello_msgs/share/tello_msgs/srv/TelloAction.idl
[40.062s] -- Installing: /home/encoder/Desktop/ros2-robot/install/tello_msgs/share/tello_msgs/msg/FlightData.msg
[40.063s] -- Installing: /home/encoder/Desktop/ros2-robot/install/tello_msgs/share/tello_msgs/msg/TelloResponse.msg
[40.063s] -- Installing: /home/encoder/Desktop/ros2-robot/install/tello_msgs/share/tello_msgs/srv/TelloAction.srv
[40.063s] -- Installing: /home/encoder/Desktop/ros2-robot/install/tello_msgs/share/tello_msgs/srv/TelloAction_Request.msg
[40.063s] -- Installing: /home/encoder/Desktop/ros2-robot/install/tello_msgs/share/tello_msgs/srv/TelloAction_Response.msg
[40.063s] -- Installing: /home/encoder/Desktop/ros2-robot/install/tello_msgs/share/ament_index/resource_index/package_run_dependencies/tello_msgs
[40.063s] -- Installing: /home/encoder/Desktop/ros2-robot/install/tello_msgs/share/ament_index/resource_index/parent_prefix_path/tello_msgs
[40.063s] -- Installing: /home/encoder/Desktop/ros2-robot/install/tello_msgs/share/tello_msgs/environment/ament_prefix_path.sh
[40.064s] -- Installing: /home/encoder/Desktop/ros2-robot/install/tello_msgs/share/tello_msgs/environment/ament_prefix_path.dsv
[40.064s] -- Installing: /home/encoder/Desktop/ros2-robot/install/tello_msgs/share/tello_msgs/environment/path.sh
[40.065s] -- Installing: /home/encoder/Desktop/ros2-robot/install/tello_msgs/share/tello_msgs/environment/path.dsv
[40.066s] -- Installing: /home/encoder/Desktop/ros2-robot/install/tello_msgs/share/tello_msgs/local_setup.bash
[40.066s] -- Installing: /home/encoder/Desktop/ros2-robot/install/tello_msgs/share/tello_msgs/local_setup.sh
[40.068s] -- Installing: /home/encoder/Desktop/ros2-robot/install/tello_msgs/share/tello_msgs/local_setup.zsh
[40.068s] -- Installing: /home/encoder/Desktop/ros2-robot/install/tello_msgs/share/tello_msgs/local_setup.dsv
[40.068s] -- Installing: /home/encoder/Desktop/ros2-robot/install/tello_msgs/share/tello_msgs/package.dsv
[40.069s] -- Installing: /home/encoder/Desktop/ros2-robot/install/tello_msgs/share/ament_index/resource_index/packages/tello_msgs
[40.071s] -- Installing: /home/encoder/Desktop/ros2-robot/install/tello_msgs/share/tello_msgs/cmake/export_tello_msgs__rosidl_generator_cExport.cmake
[40.071s] -- Installing: /home/encoder/Desktop/ros2-robot/install/tello_msgs/share/tello_msgs/cmake/export_tello_msgs__rosidl_generator_cExport-noconfig.cmake
[40.071s] -- Installing: /home/encoder/Desktop/ros2-robot/install/tello_msgs/share/tello_msgs/cmake/export_tello_msgs__rosidl_typesupport_fastrtps_cExport.cmake
[40.072s] -- Installing: /home/encoder/Desktop/ros2-robot/install/tello_msgs/share/tello_msgs/cmake/export_tello_msgs__rosidl_typesupport_fastrtps_cExport-noconfig.cmake
[40.072s] -- Installing: /home/encoder/Desktop/ros2-robot/install/tello_msgs/share/tello_msgs/cmake/tello_msgs__rosidl_typesupport_introspection_cExport.cmake
[40.072s] -- Installing: /home/encoder/Desktop/ros2-robot/install/tello_msgs/share/tello_msgs/cmake/tello_msgs__rosidl_typesupport_introspection_cExport-noconfig.cmake
[40.073s] -- Installing: /home/encoder/Desktop/ros2-robot/install/tello_msgs/share/tello_msgs/cmake/tello_msgs__rosidl_typesupport_cExport.cmake
[40.073s] -- Installing: /home/encoder/Desktop/ros2-robot/install/tello_msgs/share/tello_msgs/cmake/tello_msgs__rosidl_typesupport_cExport-noconfig.cmake
[40.074s] -- Installing: /home/encoder/Desktop/ros2-robot/install/tello_msgs/share/tello_msgs/cmake/export_tello_msgs__rosidl_generator_cppExport.cmake
[40.074s] -- Installing: /home/encoder/Desktop/ros2-robot/install/tello_msgs/share/tello_msgs/cmake/export_tello_msgs__rosidl_typesupport_fastrtps_cppExport.cmake
[40.076s] -- Installing: /home/encoder/Desktop/ros2-robot/install/tello_msgs/share/tello_msgs/cmake/export_tello_msgs__rosidl_typesupport_fastrtps_cppExport-noconfig.cmake
[40.076s] -- Installing: /home/encoder/Desktop/ros2-robot/install/tello_msgs/share/tello_msgs/cmake/tello_msgs__rosidl_typesupport_introspection_cppExport.cmake
[40.077s] -- Installing: /home/encoder/Desktop/ros2-robot/install/tello_msgs/share/tello_msgs/cmake/tello_msgs__rosidl_typesupport_introspection_cppExport-noconfig.cmake
[40.077s] -- Installing: /home/encoder/Desktop/ros2-robot/install/tello_msgs/share/tello_msgs/cmake/tello_msgs__rosidl_typesupport_cppExport.cmake
[40.077s] -- Installing: /home/encoder/Desktop/ros2-robot/install/tello_msgs/share/tello_msgs/cmake/tello_msgs__rosidl_typesupport_cppExport-noconfig.cmake
[40.077s] -- Installing: /home/encoder/Desktop/ros2-robot/install/tello_msgs/share/tello_msgs/cmake/export_tello_msgs__rosidl_generator_pyExport.cmake
[40.078s] -- Installing: /home/encoder/Desktop/ros2-robot/install/tello_msgs/share/tello_msgs/cmake/export_tello_msgs__rosidl_generator_pyExport-noconfig.cmake
[40.079s] -- Installing: /home/encoder/Desktop/ros2-robot/install/tello_msgs/share/tello_msgs/cmake/rosidl_cmake-extras.cmake
[40.081s] -- Installing: /home/encoder/Desktop/ros2-robot/install/tello_msgs/share/tello_msgs/cmake/ament_cmake_export_dependencies-extras.cmake
[40.081s] -- Installing: /home/encoder/Desktop/ros2-robot/install/tello_msgs/share/tello_msgs/cmake/ament_cmake_export_include_directories-extras.cmake
[40.081s] -- Installing: /home/encoder/Desktop/ros2-robot/install/tello_msgs/share/tello_msgs/cmake/ament_cmake_export_libraries-extras.cmake
[40.082s] -- Installing: /home/encoder/Desktop/ros2-robot/install/tello_msgs/share/tello_msgs/cmake/ament_cmake_export_targets-extras.cmake
[40.082s] -- Installing: /home/encoder/Desktop/ros2-robot/install/tello_msgs/share/tello_msgs/cmake/rosidl_cmake_export_typesupport_targets-extras.cmake
[40.083s] -- Installing: /home/encoder/Desktop/ros2-robot/install/tello_msgs/share/tello_msgs/cmake/rosidl_cmake_export_typesupport_libraries-extras.cmake
[40.083s] -- Installing: /home/encoder/Desktop/ros2-robot/install/tello_msgs/share/tello_msgs/cmake/tello_msgsConfig.cmake
[40.084s] -- Installing: /home/encoder/Desktop/ros2-robot/install/tello_msgs/share/tello_msgs/cmake/tello_msgsConfig-version.cmake
[40.084s] -- Installing: /home/encoder/Desktop/ros2-robot/install/tello_msgs/share/tello_msgs/package.xml
[40.092s] Invoked command in '/home/encoder/Desktop/ros2-robot/build/tello_msgs' returned '0': CMAKE_PREFIX_PATH=/opt/ros/humble /usr/bin/cmake --install /home/encoder/Desktop/ros2-robot/build/tello_msgs
