[7.280s] Invoking command in '/home/encoder/Desktop/ros2-robot/ros2_ws/src/ros2_opencv': PYTHONPATH=/home/encoder/Desktop/ros2-robot/ros2_ws/build/ros2_opencv/prefix_override:/usr/lib/python3/dist-packages/colcon_core/task/python/colcon_distutils_commands:/home/encoder/Desktop/ros2-robot/ros2_ws/install/ros2_opencv/lib/python3.10/site-packages:${PYTHONPATH} /usr/bin/python3 -W ignore:setup.py install is deprecated -W ignore:easy_install command is deprecated setup.py egg_info --egg-base ../../build/ros2_opencv build --build-base /home/encoder/Desktop/ros2-robot/ros2_ws/build/ros2_opencv/build install --record /home/encoder/Desktop/ros2-robot/ros2_ws/build/ros2_opencv/install.log --single-version-externally-managed install_data
[8.693s] running egg_info
[8.699s] writing ../../build/ros2_opencv/ros2_opencv.egg-info/PKG-INFO
[8.703s] writing dependency_links to ../../build/ros2_opencv/ros2_opencv.egg-info/dependency_links.txt
[8.703s] writing entry points to ../../build/ros2_opencv/ros2_opencv.egg-info/entry_points.txt
[8.703s] writing requirements to ../../build/ros2_opencv/ros2_opencv.egg-info/requires.txt
[8.704s] writing top-level names to ../../build/ros2_opencv/ros2_opencv.egg-info/top_level.txt
[8.711s] reading manifest file '../../build/ros2_opencv/ros2_opencv.egg-info/SOURCES.txt'
[8.715s] writing manifest file '../../build/ros2_opencv/ros2_opencv.egg-info/SOURCES.txt'
[8.715s] running build
[8.715s] running build_py
[8.719s] running install
[8.719s] running install_lib
[8.729s] running install_data
[8.729s] running install_egg_info
[8.740s] removing '/home/encoder/Desktop/ros2-robot/ros2_ws/install/ros2_opencv/lib/python3.10/site-packages/ros2_opencv-0.0.0-py3.10.egg-info' (and everything under it)
[8.745s] Copying ../../build/ros2_opencv/ros2_opencv.egg-info to /home/encoder/Desktop/ros2-robot/ros2_ws/install/ros2_opencv/lib/python3.10/site-packages/ros2_opencv-0.0.0-py3.10.egg-info
[8.752s] running install_scripts
[8.858s] Installing publisher_node script to /home/encoder/Desktop/ros2-robot/ros2_ws/install/ros2_opencv/lib/ros2_opencv
[8.859s] Installing subcriber_node script to /home/encoder/Desktop/ros2-robot/ros2_ws/install/ros2_opencv/lib/ros2_opencv
[8.862s] writing list of installed files to '/home/encoder/Desktop/ros2-robot/ros2_ws/build/ros2_opencv/install.log'
[9.009s] Invoked command in '/home/encoder/Desktop/ros2-robot/ros2_ws/src/ros2_opencv' returned '0': PYTHONPATH=/home/encoder/Desktop/ros2-robot/ros2_ws/build/ros2_opencv/prefix_override:/usr/lib/python3/dist-packages/colcon_core/task/python/colcon_distutils_commands:/home/encoder/Desktop/ros2-robot/ros2_ws/install/ros2_opencv/lib/python3.10/site-packages:${PYTHONPATH} /usr/bin/python3 -W ignore:setup.py install is deprecated -W ignore:easy_install command is deprecated setup.py egg_info --egg-base ../../build/ros2_opencv build --build-base /home/encoder/Desktop/ros2-robot/ros2_ws/build/ros2_opencv/build install --record /home/encoder/Desktop/ros2-robot/ros2_ws/build/ros2_opencv/install.log --single-version-externally-managed install_data
