[3.809s] Invoking command in '/home/encoder/Desktop/ros2-robot/ros2_ws/src/serial_pubsub': PYTHONPATH=/home/encoder/Desktop/ros2-robot/ros2_ws/build/serial_pubsub/prefix_override:/usr/lib/python3/dist-packages/colcon_core/task/python/colcon_distutils_commands:/home/encoder/Desktop/ros2-robot/ros2_ws/install/serial_pubsub/lib/python3.10/site-packages:${PYTHONPATH} /usr/bin/python3 -W ignore:setup.py install is deprecated -W ignore:easy_install command is deprecated setup.py egg_info --egg-base ../../build/serial_pubsub build --build-base /home/encoder/Desktop/ros2-robot/ros2_ws/build/serial_pubsub/build install --record /home/encoder/Desktop/ros2-robot/ros2_ws/build/serial_pubsub/install.log --single-version-externally-managed install_data
[4.581s] running egg_info
[4.583s] writing ../../build/serial_pubsub/serial_pubsub.egg-info/PKG-INFO
[4.585s] writing dependency_links to ../../build/serial_pubsub/serial_pubsub.egg-info/dependency_links.txt
[4.585s] writing entry points to ../../build/serial_pubsub/serial_pubsub.egg-info/entry_points.txt
[4.586s] writing requirements to ../../build/serial_pubsub/serial_pubsub.egg-info/requires.txt
[4.587s] writing top-level names to ../../build/serial_pubsub/serial_pubsub.egg-info/top_level.txt
[4.587s] reading manifest file '../../build/serial_pubsub/serial_pubsub.egg-info/SOURCES.txt'
[4.591s] adding license file 'LICENSE'
[4.591s] writing manifest file '../../build/serial_pubsub/serial_pubsub.egg-info/SOURCES.txt'
[4.593s] running build
[4.594s] running build_py
[4.594s] running install
[4.595s] running install_lib
[4.597s] running install_data
[4.598s] running install_egg_info
[4.603s] removing '/home/encoder/Desktop/ros2-robot/ros2_ws/install/serial_pubsub/lib/python3.10/site-packages/serial_pubsub-0.0.0-py3.10.egg-info' (and everything under it)
[4.603s] Copying ../../build/serial_pubsub/serial_pubsub.egg-info to /home/encoder/Desktop/ros2-robot/ros2_ws/install/serial_pubsub/lib/python3.10/site-packages/serial_pubsub-0.0.0-py3.10.egg-info
[4.607s] running install_scripts
[4.669s] Installing cPublisher script to /home/encoder/Desktop/ros2-robot/ros2_ws/install/serial_pubsub/lib/serial_pubsub
[4.669s] Installing kPublisher script to /home/encoder/Desktop/ros2-robot/ros2_ws/install/serial_pubsub/lib/serial_pubsub
[4.670s] Installing kSubscriber script to /home/encoder/Desktop/ros2-robot/ros2_ws/install/serial_pubsub/lib/serial_pubsub
[4.670s] writing list of installed files to '/home/encoder/Desktop/ros2-robot/ros2_ws/build/serial_pubsub/install.log'
[4.730s] Invoked command in '/home/encoder/Desktop/ros2-robot/ros2_ws/src/serial_pubsub' returned '0': PYTHONPATH=/home/encoder/Desktop/ros2-robot/ros2_ws/build/serial_pubsub/prefix_override:/usr/lib/python3/dist-packages/colcon_core/task/python/colcon_distutils_commands:/home/encoder/Desktop/ros2-robot/ros2_ws/install/serial_pubsub/lib/python3.10/site-packages:${PYTHONPATH} /usr/bin/python3 -W ignore:setup.py install is deprecated -W ignore:easy_install command is deprecated setup.py egg_info --egg-base ../../build/serial_pubsub build --build-base /home/encoder/Desktop/ros2-robot/ros2_ws/build/serial_pubsub/build install --record /home/encoder/Desktop/ros2-robot/ros2_ws/build/serial_pubsub/install.log --single-version-externally-managed install_data
