[7.641s] Invoking command in '/home/encoder/Desktop/ros2-robot/ros2_ws/src/ros2_opencv': PYTHONPATH=/home/encoder/Desktop/ros2-robot/ros2_ws/build/ros2_opencv/prefix_override:/usr/lib/python3/dist-packages/colcon_core/task/python/colcon_distutils_commands:/home/encoder/Desktop/ros2-robot/ros2_ws/install/ros2_opencv/lib/python3.10/site-packages:${PYTHONPATH} /usr/bin/python3 -W ignore:setup.py install is deprecated -W ignore:easy_install command is deprecated setup.py egg_info --egg-base ../../build/ros2_opencv build --build-base /home/encoder/Desktop/ros2-robot/ros2_ws/build/ros2_opencv/build install --record /home/encoder/Desktop/ros2-robot/ros2_ws/build/ros2_opencv/install.log --single-version-externally-managed install_data
[8.985s] running egg_info
[8.985s] writing ../../build/ros2_opencv/ros2_opencv.egg-info/PKG-INFO
[8.988s] writing dependency_links to ../../build/ros2_opencv/ros2_opencv.egg-info/dependency_links.txt
[8.990s] writing entry points to ../../build/ros2_opencv/ros2_opencv.egg-info/entry_points.txt
[8.995s] writing requirements to ../../build/ros2_opencv/ros2_opencv.egg-info/requires.txt
[8.998s] writing top-level names to ../../build/ros2_opencv/ros2_opencv.egg-info/top_level.txt
[9.004s] reading manifest file '../../build/ros2_opencv/ros2_opencv.egg-info/SOURCES.txt'
[9.010s] writing manifest file '../../build/ros2_opencv/ros2_opencv.egg-info/SOURCES.txt'
[9.011s] running build
[9.012s] running build_py
[9.012s] running install
[9.015s] running install_lib
[9.026s] running install_data
[9.026s] running install_egg_info
[9.032s] removing '/home/encoder/Desktop/ros2-robot/ros2_ws/install/ros2_opencv/lib/python3.10/site-packages/ros2_opencv-0.0.0-py3.10.egg-info' (and everything under it)
[9.033s] Copying ../../build/ros2_opencv/ros2_opencv.egg-info to /home/encoder/Desktop/ros2-robot/ros2_ws/install/ros2_opencv/lib/python3.10/site-packages/ros2_opencv-0.0.0-py3.10.egg-info
[9.033s] running install_scripts
[9.134s] Installing publisher_node script to /home/encoder/Desktop/ros2-robot/ros2_ws/install/ros2_opencv/lib/ros2_opencv
[9.135s] Installing subcriber_node script to /home/encoder/Desktop/ros2-robot/ros2_ws/install/ros2_opencv/lib/ros2_opencv
[9.139s] writing list of installed files to '/home/encoder/Desktop/ros2-robot/ros2_ws/build/ros2_opencv/install.log'
[9.312s] Invoked command in '/home/encoder/Desktop/ros2-robot/ros2_ws/src/ros2_opencv' returned '0': PYTHONPATH=/home/encoder/Desktop/ros2-robot/ros2_ws/build/ros2_opencv/prefix_override:/usr/lib/python3/dist-packages/colcon_core/task/python/colcon_distutils_commands:/home/encoder/Desktop/ros2-robot/ros2_ws/install/ros2_opencv/lib/python3.10/site-packages:${PYTHONPATH} /usr/bin/python3 -W ignore:setup.py install is deprecated -W ignore:easy_install command is deprecated setup.py egg_info --egg-base ../../build/ros2_opencv build --build-base /home/encoder/Desktop/ros2-robot/ros2_ws/build/ros2_opencv/build install --record /home/encoder/Desktop/ros2-robot/ros2_ws/build/ros2_opencv/install.log --single-version-externally-managed install_data
