[3.829s] Invoking command in '/home/encoder/Desktop/ros2-robot/ros2_ws/src/multi_launch': PYTHONPATH=/home/encoder/Desktop/ros2-robot/ros2_ws/build/multi_launch/prefix_override:/usr/lib/python3/dist-packages/colcon_core/task/python/colcon_distutils_commands:/home/encoder/Desktop/ros2-robot/ros2_ws/install/multi_launch/lib/python3.10/site-packages:${PYTHONPATH} /usr/bin/python3 -W ignore:setup.py install is deprecated -W ignore:easy_install command is deprecated setup.py egg_info --egg-base ../../build/multi_launch build --build-base /home/encoder/Desktop/ros2-robot/ros2_ws/build/multi_launch/build install --record /home/encoder/Desktop/ros2-robot/ros2_ws/build/multi_launch/install.log --single-version-externally-managed install_data
[4.587s] running egg_info
[4.589s] writing ../../build/multi_launch/multi_launch.egg-info/PKG-INFO
[4.590s] writing dependency_links to ../../build/multi_launch/multi_launch.egg-info/dependency_links.txt
[4.591s] writing entry points to ../../build/multi_launch/multi_launch.egg-info/entry_points.txt
[4.591s] writing requirements to ../../build/multi_launch/multi_launch.egg-info/requires.txt
[4.592s] writing top-level names to ../../build/multi_launch/multi_launch.egg-info/top_level.txt
[4.596s] reading manifest file '../../build/multi_launch/multi_launch.egg-info/SOURCES.txt'
[4.599s] writing manifest file '../../build/multi_launch/multi_launch.egg-info/SOURCES.txt'
[4.599s] running build
[4.599s] running build_py
[4.600s] running install
[4.601s] running install_lib
[4.604s] running install_data
[4.605s] running install_egg_info
[4.610s] removing '/home/encoder/Desktop/ros2-robot/ros2_ws/install/multi_launch/lib/python3.10/site-packages/multi_launch-0.0.0-py3.10.egg-info' (and everything under it)
[4.611s] Copying ../../build/multi_launch/multi_launch.egg-info to /home/encoder/Desktop/ros2-robot/ros2_ws/install/multi_launch/lib/python3.10/site-packages/multi_launch-0.0.0-py3.10.egg-info
[4.614s] running install_scripts
[4.672s] writing list of installed files to '/home/encoder/Desktop/ros2-robot/ros2_ws/build/multi_launch/install.log'
[4.729s] Invoked command in '/home/encoder/Desktop/ros2-robot/ros2_ws/src/multi_launch' returned '0': PYTHONPATH=/home/encoder/Desktop/ros2-robot/ros2_ws/build/multi_launch/prefix_override:/usr/lib/python3/dist-packages/colcon_core/task/python/colcon_distutils_commands:/home/encoder/Desktop/ros2-robot/ros2_ws/install/multi_launch/lib/python3.10/site-packages:${PYTHONPATH} /usr/bin/python3 -W ignore:setup.py install is deprecated -W ignore:easy_install command is deprecated setup.py egg_info --egg-base ../../build/multi_launch build --build-base /home/encoder/Desktop/ros2-robot/ros2_ws/build/multi_launch/build install --record /home/encoder/Desktop/ros2-robot/ros2_ws/build/multi_launch/install.log --single-version-externally-managed install_data
