[0.685s] Invoking command in '/home/encoder/Desktop/ros2-robot/ros2_ws/src/ros2_opencv': PYTHONPATH=/home/encoder/Desktop/ros2-robot/build/ros2_opencv/prefix_override:/usr/lib/python3/dist-packages/colcon_core/task/python/colcon_distutils_commands:/home/encoder/Desktop/ros2-robot/install/ros2_opencv/lib/python3.10/site-packages:${PYTHONPATH} /usr/bin/python3 -W ignore:setup.py install is deprecated -W ignore:easy_install command is deprecated setup.py egg_info --egg-base ../../../build/ros2_opencv build --build-base /home/encoder/Desktop/ros2-robot/build/ros2_opencv/build install --record /home/encoder/Desktop/ros2-robot/build/ros2_opencv/install.log --single-version-externally-managed install_data
[0.871s] running egg_info
[0.871s] writing ../../../build/ros2_opencv/ros2_opencv.egg-info/PKG-INFO
[0.871s] writing dependency_links to ../../../build/ros2_opencv/ros2_opencv.egg-info/dependency_links.txt
[0.871s] writing entry points to ../../../build/ros2_opencv/ros2_opencv.egg-info/entry_points.txt
[0.871s] writing requirements to ../../../build/ros2_opencv/ros2_opencv.egg-info/requires.txt
[0.871s] writing top-level names to ../../../build/ros2_opencv/ros2_opencv.egg-info/top_level.txt
[0.872s] reading manifest file '../../../build/ros2_opencv/ros2_opencv.egg-info/SOURCES.txt'
[0.873s] writing manifest file '../../../build/ros2_opencv/ros2_opencv.egg-info/SOURCES.txt'
[0.873s] running build
[0.873s] running build_py
[0.873s] copying ros2_opencv/subcriberImage.py -> /home/encoder/Desktop/ros2-robot/build/ros2_opencv/build/lib/ros2_opencv
[0.873s] running install
[0.873s] running install_lib
[0.874s] copying /home/encoder/Desktop/ros2-robot/build/ros2_opencv/build/lib/ros2_opencv/subcriberImage.py -> /home/encoder/Desktop/ros2-robot/install/ros2_opencv/lib/python3.10/site-packages/ros2_opencv
[0.874s] byte-compiling /home/encoder/Desktop/ros2-robot/install/ros2_opencv/lib/python3.10/site-packages/ros2_opencv/subcriberImage.py to subcriberImage.cpython-310.pyc
[0.875s] running install_data
[0.875s] running install_egg_info
[0.876s] removing '/home/encoder/Desktop/ros2-robot/install/ros2_opencv/lib/python3.10/site-packages/ros2_opencv-0.0.0-py3.10.egg-info' (and everything under it)
[0.876s] Copying ../../../build/ros2_opencv/ros2_opencv.egg-info to /home/encoder/Desktop/ros2-robot/install/ros2_opencv/lib/python3.10/site-packages/ros2_opencv-0.0.0-py3.10.egg-info
[0.876s] running install_scripts
[0.890s] Installing publisher_node script to /home/encoder/Desktop/ros2-robot/install/ros2_opencv/lib/ros2_opencv
[0.890s] Installing subcriber_node script to /home/encoder/Desktop/ros2-robot/install/ros2_opencv/lib/ros2_opencv
[0.890s] writing list of installed files to '/home/encoder/Desktop/ros2-robot/build/ros2_opencv/install.log'
[0.909s] Invoked command in '/home/encoder/Desktop/ros2-robot/ros2_ws/src/ros2_opencv' returned '0': PYTHONPATH=/home/encoder/Desktop/ros2-robot/build/ros2_opencv/prefix_override:/usr/lib/python3/dist-packages/colcon_core/task/python/colcon_distutils_commands:/home/encoder/Desktop/ros2-robot/install/ros2_opencv/lib/python3.10/site-packages:${PYTHONPATH} /usr/bin/python3 -W ignore:setup.py install is deprecated -W ignore:easy_install command is deprecated setup.py egg_info --egg-base ../../../build/ros2_opencv build --build-base /home/encoder/Desktop/ros2-robot/build/ros2_opencv/build install --record /home/encoder/Desktop/ros2-robot/build/ros2_opencv/install.log --single-version-externally-managed install_data
