[5.698s] Invoking command in '/home/encoder/Desktop/ros2-robot/ros2_ws/src/multi_launch': PYTHONPATH=/home/encoder/Desktop/ros2-robot/ros2_ws/build/multi_launch/prefix_override:/usr/lib/python3/dist-packages/colcon_core/task/python/colcon_distutils_commands:/home/encoder/Desktop/ros2-robot/ros2_ws/install/multi_launch/lib/python3.10/site-packages:${PYTHONPATH} /usr/bin/python3 -W ignore:setup.py install is deprecated -W ignore:easy_install command is deprecated setup.py egg_info --egg-base ../../build/multi_launch build --build-base /home/encoder/Desktop/ros2-robot/ros2_ws/build/multi_launch/build install --record /home/encoder/Desktop/ros2-robot/ros2_ws/build/multi_launch/install.log --single-version-externally-managed install_data
[7.111s] running egg_info
[7.118s] creating ../../build/multi_launch/multi_launch.egg-info
[7.121s] writing ../../build/multi_launch/multi_launch.egg-info/PKG-INFO
[7.122s] writing dependency_links to ../../build/multi_launch/multi_launch.egg-info/dependency_links.txt
[7.122s] writing entry points to ../../build/multi_launch/multi_launch.egg-info/entry_points.txt
[7.123s] writing requirements to ../../build/multi_launch/multi_launch.egg-info/requires.txt
[7.123s] writing top-level names to ../../build/multi_launch/multi_launch.egg-info/top_level.txt
[7.123s] writing manifest file '../../build/multi_launch/multi_launch.egg-info/SOURCES.txt'
[7.132s] reading manifest file '../../build/multi_launch/multi_launch.egg-info/SOURCES.txt'
[7.136s] writing manifest file '../../build/multi_launch/multi_launch.egg-info/SOURCES.txt'
[7.136s] running build
[7.137s] running build_py
[7.137s] creating /home/encoder/Desktop/ros2-robot/ros2_ws/build/multi_launch/build
[7.137s] creating /home/encoder/Desktop/ros2-robot/ros2_ws/build/multi_launch/build/lib
[7.138s] creating /home/encoder/Desktop/ros2-robot/ros2_ws/build/multi_launch/build/lib/multi_launch
[7.138s] copying multi_launch/multi_launch.py -> /home/encoder/Desktop/ros2-robot/ros2_ws/build/multi_launch/build/lib/multi_launch
[7.138s] copying multi_launch/__init__.py -> /home/encoder/Desktop/ros2-robot/ros2_ws/build/multi_launch/build/lib/multi_launch
[7.139s] running install
[7.142s] running install_lib
[7.144s] creating /home/encoder/Desktop/ros2-robot/ros2_ws/install/multi_launch/lib/python3.10/site-packages/multi_launch
[7.144s] copying /home/encoder/Desktop/ros2-robot/ros2_ws/build/multi_launch/build/lib/multi_launch/multi_launch.py -> /home/encoder/Desktop/ros2-robot/ros2_ws/install/multi_launch/lib/python3.10/site-packages/multi_launch
[7.144s] copying /home/encoder/Desktop/ros2-robot/ros2_ws/build/multi_launch/build/lib/multi_launch/__init__.py -> /home/encoder/Desktop/ros2-robot/ros2_ws/install/multi_launch/lib/python3.10/site-packages/multi_launch
[7.146s] byte-compiling /home/encoder/Desktop/ros2-robot/ros2_ws/install/multi_launch/lib/python3.10/site-packages/multi_launch/multi_launch.py to multi_launch.cpython-310.pyc
[7.149s] byte-compiling /home/encoder/Desktop/ros2-robot/ros2_ws/install/multi_launch/lib/python3.10/site-packages/multi_launch/__init__.py to __init__.cpython-310.pyc
[7.150s] running install_data
[7.150s] creating /home/encoder/Desktop/ros2-robot/ros2_ws/install/multi_launch/share/ament_index
[7.151s] creating /home/encoder/Desktop/ros2-robot/ros2_ws/install/multi_launch/share/ament_index/resource_index
[7.151s] creating /home/encoder/Desktop/ros2-robot/ros2_ws/install/multi_launch/share/ament_index/resource_index/packages
[7.153s] copying resource/multi_launch -> /home/encoder/Desktop/ros2-robot/ros2_ws/install/multi_launch/share/ament_index/resource_index/packages
[7.153s] copying package.xml -> /home/encoder/Desktop/ros2-robot/ros2_ws/install/multi_launch/share/multi_launch
[7.153s] running install_egg_info
[7.160s] Copying ../../build/multi_launch/multi_launch.egg-info to /home/encoder/Desktop/ros2-robot/ros2_ws/install/multi_launch/lib/python3.10/site-packages/multi_launch-0.0.0-py3.10.egg-info
[7.164s] running install_scripts
[7.257s] writing list of installed files to '/home/encoder/Desktop/ros2-robot/ros2_ws/build/multi_launch/install.log'
[7.376s] Invoked command in '/home/encoder/Desktop/ros2-robot/ros2_ws/src/multi_launch' returned '0': PYTHONPATH=/home/encoder/Desktop/ros2-robot/ros2_ws/build/multi_launch/prefix_override:/usr/lib/python3/dist-packages/colcon_core/task/python/colcon_distutils_commands:/home/encoder/Desktop/ros2-robot/ros2_ws/install/multi_launch/lib/python3.10/site-packages:${PYTHONPATH} /usr/bin/python3 -W ignore:setup.py install is deprecated -W ignore:easy_install command is deprecated setup.py egg_info --egg-base ../../build/multi_launch build --build-base /home/encoder/Desktop/ros2-robot/ros2_ws/build/multi_launch/build install --record /home/encoder/Desktop/ros2-robot/ros2_ws/build/multi_launch/install.log --single-version-externally-managed install_data
