[1.106s] DEBUG:colcon:Command line arguments: ['/usr/bin/colcon', 'build']
[1.106s] DEBUG:colcon:Parsed command line arguments: Namespace(log_base=None, log_level=None, verb_name='build', build_base='build', install_base='install', merge_install=False, symlink_install=False, test_result_base=None, continue_on_error=False, executor='parallel', parallel_workers=12, event_handlers=None, ignore_user_meta=False, metas=['./colcon.meta'], base_paths=['.'], packages_ignore=None, packages_ignore_regex=None, paths=None, packages_up_to=None, packages_up_to_regex=None, packages_above=None, packages_above_and_dependencies=None, packages_above_depth=None, packages_select_by_dep=None, packages_skip_by_dep=None, packages_skip_up_to=None, packages_select_build_failed=False, packages_skip_build_finished=False, packages_select_test_failures=False, packages_skip_test_passed=False, packages_select=None, packages_skip=None, packages_select_regex=None, packages_skip_regex=None, packages_start=None, packages_end=None, allow_overriding=[], cmake_args=None, cmake_target=None, cmake_target_skip_unavailable=False, cmake_clean_cache=False, cmake_clean_first=False, cmake_force_configure=False, ament_cmake_args=None, catkin_cmake_args=None, catkin_skip_building_tests=False, mixin_files=None, mixin=None, verb_parser=<colcon_mixin.mixin.mixin_argument.MixinArgumentDecorator object at 0x767be8368e80>, verb_extension=<colcon_core.verb.build.BuildVerb object at 0x767be84de3e0>, main=<bound method BuildVerb.main of <colcon_core.verb.build.BuildVerb object at 0x767be84de3e0>>, mixin_verb=('build',))
[2.910s] Level 1:colcon.colcon_core.package_discovery:discover_packages(colcon_meta) check parameters
[2.910s] Level 1:colcon.colcon_core.package_discovery:discover_packages(recursive) check parameters
[2.910s] Level 1:colcon.colcon_core.package_discovery:discover_packages(ignore) check parameters
[2.910s] Level 1:colcon.colcon_core.package_discovery:discover_packages(path) check parameters
[2.910s] Level 1:colcon.colcon_core.package_discovery:discover_packages(colcon_meta) discover
[2.910s] Level 1:colcon.colcon_core.package_discovery:discover_packages(recursive) discover
[2.910s] INFO:colcon.colcon_core.package_discovery:Crawling recursively for packages in '/home/encoder/Desktop/badem-robot/ros2_ws'
[2.911s] Level 1:colcon.colcon_core.package_identification:_identify(.) by extensions ['ignore', 'ignore_ament_install']
[2.911s] Level 1:colcon.colcon_core.package_identification:_identify(.) by extension 'ignore'
[2.911s] Level 1:colcon.colcon_core.package_identification:_identify(.) by extension 'ignore_ament_install'
[2.911s] Level 1:colcon.colcon_core.package_identification:_identify(.) by extensions ['colcon_pkg']
[2.911s] Level 1:colcon.colcon_core.package_identification:_identify(.) by extension 'colcon_pkg'
[2.911s] Level 1:colcon.colcon_core.package_identification:_identify(.) by extensions ['colcon_meta']
[2.911s] Level 1:colcon.colcon_core.package_identification:_identify(.) by extension 'colcon_meta'
[2.911s] Level 1:colcon.colcon_core.package_identification:_identify(.) by extensions ['ros']
[2.911s] Level 1:colcon.colcon_core.package_identification:_identify(.) by extension 'ros'
[2.965s] Level 1:colcon.colcon_core.package_identification:_identify(.) by extensions ['cmake', 'python']
[2.965s] Level 1:colcon.colcon_core.package_identification:_identify(.) by extension 'cmake'
[2.965s] Level 1:colcon.colcon_core.package_identification:_identify(.) by extension 'python'
[2.965s] Level 1:colcon.colcon_core.package_identification:_identify(.) by extensions ['python_setup_py']
[2.965s] Level 1:colcon.colcon_core.package_identification:_identify(.) by extension 'python_setup_py'
[2.965s] Level 1:colcon.colcon_core.package_identification:_identify(build) by extensions ['ignore', 'ignore_ament_install']
[2.966s] Level 1:colcon.colcon_core.package_identification:_identify(build) by extension 'ignore'
[2.966s] Level 1:colcon.colcon_core.package_identification:_identify(build) ignored
[2.966s] Level 1:colcon.colcon_core.package_identification:_identify(install) by extensions ['ignore', 'ignore_ament_install']
[2.966s] Level 1:colcon.colcon_core.package_identification:_identify(install) by extension 'ignore'
[2.966s] Level 1:colcon.colcon_core.package_identification:_identify(install) ignored
[2.966s] Level 1:colcon.colcon_core.package_identification:_identify(log) by extensions ['ignore', 'ignore_ament_install']
[2.966s] Level 1:colcon.colcon_core.package_identification:_identify(log) by extension 'ignore'
[2.966s] Level 1:colcon.colcon_core.package_identification:_identify(log) ignored
[2.966s] Level 1:colcon.colcon_core.package_identification:_identify(src) by extensions ['ignore', 'ignore_ament_install']
[2.966s] Level 1:colcon.colcon_core.package_identification:_identify(src) by extension 'ignore'
[2.966s] Level 1:colcon.colcon_core.package_identification:_identify(src) by extension 'ignore_ament_install'
[2.967s] Level 1:colcon.colcon_core.package_identification:_identify(src) by extensions ['colcon_pkg']
[2.967s] Level 1:colcon.colcon_core.package_identification:_identify(src) by extension 'colcon_pkg'
[2.967s] Level 1:colcon.colcon_core.package_identification:_identify(src) by extensions ['colcon_meta']
[2.967s] Level 1:colcon.colcon_core.package_identification:_identify(src) by extension 'colcon_meta'
[2.967s] Level 1:colcon.colcon_core.package_identification:_identify(src) by extensions ['ros']
[2.967s] Level 1:colcon.colcon_core.package_identification:_identify(src) by extension 'ros'
[2.967s] Level 1:colcon.colcon_core.package_identification:_identify(src) by extensions ['cmake', 'python']
[2.967s] Level 1:colcon.colcon_core.package_identification:_identify(src) by extension 'cmake'
[2.967s] Level 1:colcon.colcon_core.package_identification:_identify(src) by extension 'python'
[2.967s] Level 1:colcon.colcon_core.package_identification:_identify(src) by extensions ['python_setup_py']
[2.967s] Level 1:colcon.colcon_core.package_identification:_identify(src) by extension 'python_setup_py'
[2.967s] Level 1:colcon.colcon_core.package_identification:_identify(src/serial_pubsub) by extensions ['ignore', 'ignore_ament_install']
[2.967s] Level 1:colcon.colcon_core.package_identification:_identify(src/serial_pubsub) by extension 'ignore'
[2.967s] Level 1:colcon.colcon_core.package_identification:_identify(src/serial_pubsub) by extension 'ignore_ament_install'
[2.968s] Level 1:colcon.colcon_core.package_identification:_identify(src/serial_pubsub) by extensions ['colcon_pkg']
[2.968s] Level 1:colcon.colcon_core.package_identification:_identify(src/serial_pubsub) by extension 'colcon_pkg'
[2.968s] Level 1:colcon.colcon_core.package_identification:_identify(src/serial_pubsub) by extensions ['colcon_meta']
[2.968s] Level 1:colcon.colcon_core.package_identification:_identify(src/serial_pubsub) by extension 'colcon_meta'
[2.968s] Level 1:colcon.colcon_core.package_identification:_identify(src/serial_pubsub) by extensions ['ros']
[2.968s] Level 1:colcon.colcon_core.package_identification:_identify(src/serial_pubsub) by extension 'ros'
[2.985s] DEBUG:colcon.colcon_core.package_identification:Package 'src/serial_pubsub' with type 'ros.ament_python' and name 'serial_pubsub'
[2.985s] Level 1:colcon.colcon_core.package_discovery:discover_packages(recursive) using defaults
[2.985s] Level 1:colcon.colcon_core.package_discovery:discover_packages(ignore) discover
[2.985s] Level 1:colcon.colcon_core.package_discovery:discover_packages(ignore) using defaults
[2.985s] Level 1:colcon.colcon_core.package_discovery:discover_packages(path) discover
[2.985s] Level 1:colcon.colcon_core.package_discovery:discover_packages(path) using defaults
[3.075s] Level 1:colcon.colcon_core.package_discovery:discover_packages(prefix_path) check parameters
[3.075s] Level 1:colcon.colcon_core.package_discovery:discover_packages(prefix_path) discover
[3.102s] DEBUG:colcon.colcon_installed_package_information.package_discovery:Found 270 installed packages in /opt/ros/humble
[3.104s] Level 1:colcon.colcon_core.package_discovery:discover_packages(prefix_path) using defaults
[3.165s] Level 5:colcon.colcon_core.verb:set package 'serial_pubsub' build argument 'cmake_args' from command line to 'None'
[3.165s] Level 5:colcon.colcon_core.verb:set package 'serial_pubsub' build argument 'cmake_target' from command line to 'None'
[3.165s] Level 5:colcon.colcon_core.verb:set package 'serial_pubsub' build argument 'cmake_target_skip_unavailable' from command line to 'False'
[3.165s] Level 5:colcon.colcon_core.verb:set package 'serial_pubsub' build argument 'cmake_clean_cache' from command line to 'False'
[3.165s] Level 5:colcon.colcon_core.verb:set package 'serial_pubsub' build argument 'cmake_clean_first' from command line to 'False'
[3.165s] Level 5:colcon.colcon_core.verb:set package 'serial_pubsub' build argument 'cmake_force_configure' from command line to 'False'
[3.165s] Level 5:colcon.colcon_core.verb:set package 'serial_pubsub' build argument 'ament_cmake_args' from command line to 'None'
[3.165s] Level 5:colcon.colcon_core.verb:set package 'serial_pubsub' build argument 'catkin_cmake_args' from command line to 'None'
[3.165s] Level 5:colcon.colcon_core.verb:set package 'serial_pubsub' build argument 'catkin_skip_building_tests' from command line to 'False'
[3.165s] DEBUG:colcon.colcon_core.verb:Building package 'serial_pubsub' with the following arguments: {'ament_cmake_args': None, 'build_base': '/home/encoder/Desktop/badem-robot/ros2_ws/build/serial_pubsub', 'catkin_cmake_args': None, 'catkin_skip_building_tests': False, 'cmake_args': None, 'cmake_clean_cache': False, 'cmake_clean_first': False, 'cmake_force_configure': False, 'cmake_target': None, 'cmake_target_skip_unavailable': False, 'install_base': '/home/encoder/Desktop/badem-robot/ros2_ws/install/serial_pubsub', 'merge_install': False, 'path': '/home/encoder/Desktop/badem-robot/ros2_ws/src/serial_pubsub', 'symlink_install': False, 'test_result_base': None}
[3.165s] INFO:colcon.colcon_core.executor:Executing jobs using 'parallel' executor
[3.167s] DEBUG:colcon.colcon_parallel_executor.executor.parallel:run_until_complete
[3.167s] INFO:colcon.colcon_ros.task.ament_python.build:Building ROS package in '/home/encoder/Desktop/badem-robot/ros2_ws/src/serial_pubsub' with build type 'ament_python'
[3.167s] Level 1:colcon.colcon_core.shell:create_environment_hook('serial_pubsub', 'ament_prefix_path')
[3.203s] INFO:colcon.colcon_core.plugin_system:Skipping extension 'colcon_core.shell.bat': Not used on non-Windows systems
[3.204s] INFO:colcon.colcon_core.shell:Creating environment hook '/home/encoder/Desktop/badem-robot/ros2_ws/install/serial_pubsub/share/serial_pubsub/hook/ament_prefix_path.ps1'
[3.206s] INFO:colcon.colcon_core.shell:Creating environment descriptor '/home/encoder/Desktop/badem-robot/ros2_ws/install/serial_pubsub/share/serial_pubsub/hook/ament_prefix_path.dsv'
[3.210s] INFO:colcon.colcon_core.shell:Creating environment hook '/home/encoder/Desktop/badem-robot/ros2_ws/install/serial_pubsub/share/serial_pubsub/hook/ament_prefix_path.sh'
[3.216s] INFO:colcon.colcon_core.shell:Skip shell extension 'powershell' for command environment: Not usable outside of PowerShell
[3.217s] DEBUG:colcon.colcon_core.shell:Skip shell extension 'dsv' for command environment
[3.614s] INFO:colcon.colcon_core.task.python.build:Building Python package in '/home/encoder/Desktop/badem-robot/ros2_ws/src/serial_pubsub'
[3.615s] INFO:colcon.colcon_core.shell:Skip shell extension 'powershell' for command environment: Not usable outside of PowerShell
[3.615s] DEBUG:colcon.colcon_core.shell:Skip shell extension 'dsv' for command environment
[4.561s] DEBUG:colcon.colcon_core.event_handler.log_command:Invoking command in '/home/encoder/Desktop/badem-robot/ros2_ws/src/serial_pubsub': PYTHONPATH=/home/encoder/Desktop/badem-robot/ros2_ws/build/serial_pubsub/prefix_override:/usr/lib/python3/dist-packages/colcon_core/task/python/colcon_distutils_commands:/home/encoder/Desktop/badem-robot/ros2_ws/install/serial_pubsub/lib/python3.10/site-packages:${PYTHONPATH} /usr/bin/python3 -W ignore:setup.py install is deprecated -W ignore:easy_install command is deprecated setup.py egg_info --egg-base ../../build/serial_pubsub build --build-base /home/encoder/Desktop/badem-robot/ros2_ws/build/serial_pubsub/build install --record /home/encoder/Desktop/badem-robot/ros2_ws/build/serial_pubsub/install.log --single-version-externally-managed install_data
[4.968s] DEBUG:colcon.colcon_core.event_handler.log_command:Invoked command in '/home/encoder/Desktop/badem-robot/ros2_ws/src/serial_pubsub' returned '0': PYTHONPATH=/home/encoder/Desktop/badem-robot/ros2_ws/build/serial_pubsub/prefix_override:/usr/lib/python3/dist-packages/colcon_core/task/python/colcon_distutils_commands:/home/encoder/Desktop/badem-robot/ros2_ws/install/serial_pubsub/lib/python3.10/site-packages:${PYTHONPATH} /usr/bin/python3 -W ignore:setup.py install is deprecated -W ignore:easy_install command is deprecated setup.py egg_info --egg-base ../../build/serial_pubsub build --build-base /home/encoder/Desktop/badem-robot/ros2_ws/build/serial_pubsub/build install --record /home/encoder/Desktop/badem-robot/ros2_ws/build/serial_pubsub/install.log --single-version-externally-managed install_data
[5.006s] Level 1:colcon.colcon_core.environment:checking '/home/encoder/Desktop/badem-robot/ros2_ws/install/serial_pubsub' for CMake module files
[5.007s] Level 1:colcon.colcon_core.environment:checking '/home/encoder/Desktop/badem-robot/ros2_ws/install/serial_pubsub' for CMake config files
[5.008s] Level 1:colcon.colcon_core.environment:checking '/home/encoder/Desktop/badem-robot/ros2_ws/install/serial_pubsub/lib'
[5.009s] Level 1:colcon.colcon_core.environment:checking '/home/encoder/Desktop/badem-robot/ros2_ws/install/serial_pubsub/bin'
[5.009s] Level 1:colcon.colcon_core.environment:checking '/home/encoder/Desktop/badem-robot/ros2_ws/install/serial_pubsub/lib/pkgconfig/serial_pubsub.pc'
[5.009s] Level 1:colcon.colcon_core.environment:checking '/home/encoder/Desktop/badem-robot/ros2_ws/install/serial_pubsub/lib/python3.10/site-packages'
[5.009s] Level 1:colcon.colcon_core.shell:create_environment_hook('serial_pubsub', 'pythonpath')
[5.010s] INFO:colcon.colcon_core.shell:Creating environment hook '/home/encoder/Desktop/badem-robot/ros2_ws/install/serial_pubsub/share/serial_pubsub/hook/pythonpath.ps1'
[5.011s] INFO:colcon.colcon_core.shell:Creating environment descriptor '/home/encoder/Desktop/badem-robot/ros2_ws/install/serial_pubsub/share/serial_pubsub/hook/pythonpath.dsv'
[5.012s] INFO:colcon.colcon_core.shell:Creating environment hook '/home/encoder/Desktop/badem-robot/ros2_ws/install/serial_pubsub/share/serial_pubsub/hook/pythonpath.sh'
[5.013s] Level 1:colcon.colcon_core.environment:checking '/home/encoder/Desktop/badem-robot/ros2_ws/install/serial_pubsub/bin'
[5.013s] Level 1:colcon.colcon_core.environment:create_environment_scripts_only(serial_pubsub)
[5.013s] INFO:colcon.colcon_core.shell:Creating package script '/home/encoder/Desktop/badem-robot/ros2_ws/install/serial_pubsub/share/serial_pubsub/package.ps1'
[5.018s] INFO:colcon.colcon_core.shell:Creating package descriptor '/home/encoder/Desktop/badem-robot/ros2_ws/install/serial_pubsub/share/serial_pubsub/package.dsv'
[5.022s] INFO:colcon.colcon_core.shell:Creating package script '/home/encoder/Desktop/badem-robot/ros2_ws/install/serial_pubsub/share/serial_pubsub/package.sh'
[5.024s] INFO:colcon.colcon_core.shell:Creating package script '/home/encoder/Desktop/badem-robot/ros2_ws/install/serial_pubsub/share/serial_pubsub/package.bash'
[5.032s] INFO:colcon.colcon_core.shell:Creating package script '/home/encoder/Desktop/badem-robot/ros2_ws/install/serial_pubsub/share/serial_pubsub/package.zsh'
[5.037s] Level 1:colcon.colcon_core.environment:create_file_with_runtime_dependencies(/home/encoder/Desktop/badem-robot/ros2_ws/install/serial_pubsub/share/colcon-core/packages/serial_pubsub)
[5.038s] DEBUG:colcon.colcon_parallel_executor.executor.parallel:closing loop
[5.038s] DEBUG:colcon.colcon_parallel_executor.executor.parallel:loop closed
[5.038s] DEBUG:colcon.colcon_parallel_executor.executor.parallel:run_until_complete finished with '0'
[5.038s] DEBUG:colcon.colcon_core.event_reactor:joining thread
[5.075s] INFO:colcon.colcon_core.plugin_system:Skipping extension 'colcon_notification.desktop_notification.terminal_notifier': Not used on non-Darwin systems
[5.075s] INFO:colcon.colcon_core.plugin_system:Skipping extension 'colcon_notification.desktop_notification.win32': Not used on non-Windows systems
[5.075s] INFO:colcon.colcon_notification.desktop_notification:Sending desktop notification using 'notify2'
[5.102s] DEBUG:colcon.colcon_core.event_reactor:joined thread
[5.102s] INFO:colcon.colcon_core.shell:Creating prefix script '/home/encoder/Desktop/badem-robot/ros2_ws/install/local_setup.ps1'
[5.108s] INFO:colcon.colcon_core.shell:Creating prefix util module '/home/encoder/Desktop/badem-robot/ros2_ws/install/_local_setup_util_ps1.py'
[5.113s] INFO:colcon.colcon_core.shell:Creating prefix chain script '/home/encoder/Desktop/badem-robot/ros2_ws/install/setup.ps1'
[5.119s] INFO:colcon.colcon_core.shell:Creating prefix script '/home/encoder/Desktop/badem-robot/ros2_ws/install/local_setup.sh'
[5.125s] INFO:colcon.colcon_core.shell:Creating prefix util module '/home/encoder/Desktop/badem-robot/ros2_ws/install/_local_setup_util_sh.py'
[5.126s] INFO:colcon.colcon_core.shell:Creating prefix chain script '/home/encoder/Desktop/badem-robot/ros2_ws/install/setup.sh'
[5.129s] INFO:colcon.colcon_core.shell:Creating prefix script '/home/encoder/Desktop/badem-robot/ros2_ws/install/local_setup.bash'
[5.134s] INFO:colcon.colcon_core.shell:Creating prefix chain script '/home/encoder/Desktop/badem-robot/ros2_ws/install/setup.bash'
[5.136s] INFO:colcon.colcon_core.shell:Creating prefix script '/home/encoder/Desktop/badem-robot/ros2_ws/install/local_setup.zsh'
[5.141s] INFO:colcon.colcon_core.shell:Creating prefix chain script '/home/encoder/Desktop/badem-robot/ros2_ws/install/setup.zsh'
