[5.372s] Invoking command in '/home/encoder/Desktop/ros2-robot/ros2_ws/src/usb_camera_node': PYTHONPATH=/home/encoder/Desktop/ros2-robot/ros2_ws/build/usb_camera_node/prefix_override:/usr/lib/python3/dist-packages/colcon_core/task/python/colcon_distutils_commands:/home/encoder/Desktop/ros2-robot/ros2_ws/install/usb_camera_node/lib/python3.10/site-packages:${PYTHONPATH} /usr/bin/python3 -W ignore:setup.py install is deprecated -W ignore:easy_install command is deprecated setup.py egg_info --egg-base ../../build/usb_camera_node build --build-base /home/encoder/Desktop/ros2-robot/ros2_ws/build/usb_camera_node/build install --record /home/encoder/Desktop/ros2-robot/ros2_ws/build/usb_camera_node/install.log --single-version-externally-managed install_data
[6.105s] running egg_info
[6.111s] writing ../../build/usb_camera_node/usb_camera_node.egg-info/PKG-INFO
[6.111s] writing dependency_links to ../../build/usb_camera_node/usb_camera_node.egg-info/dependency_links.txt
[6.111s] writing entry points to ../../build/usb_camera_node/usb_camera_node.egg-info/entry_points.txt
[6.112s] writing requirements to ../../build/usb_camera_node/usb_camera_node.egg-info/requires.txt
[6.112s] writing top-level names to ../../build/usb_camera_node/usb_camera_node.egg-info/top_level.txt
[6.116s] reading manifest file '../../build/usb_camera_node/usb_camera_node.egg-info/SOURCES.txt'
[6.118s] writing manifest file '../../build/usb_camera_node/usb_camera_node.egg-info/SOURCES.txt'
[6.118s] running build
[6.119s] running build_py
[6.119s] running install
[6.120s] running install_lib
[6.124s] running install_data
[6.128s] running install_egg_info
[6.129s] removing '/home/encoder/Desktop/ros2-robot/ros2_ws/install/usb_camera_node/lib/python3.10/site-packages/usb_camera_node-0.0.1-py3.10.egg-info' (and everything under it)
[6.130s] Copying ../../build/usb_camera_node/usb_camera_node.egg-info to /home/encoder/Desktop/ros2-robot/ros2_ws/install/usb_camera_node/lib/python3.10/site-packages/usb_camera_node-0.0.1-py3.10.egg-info
[6.132s] running install_scripts
[6.195s] Installing usb_camera_publisher script to /home/encoder/Desktop/ros2-robot/ros2_ws/install/usb_camera_node/lib/usb_camera_node
[6.197s] writing list of installed files to '/home/encoder/Desktop/ros2-robot/ros2_ws/build/usb_camera_node/install.log'
[6.301s] Invoked command in '/home/encoder/Desktop/ros2-robot/ros2_ws/src/usb_camera_node' returned '0': PYTHONPATH=/home/encoder/Desktop/ros2-robot/ros2_ws/build/usb_camera_node/prefix_override:/usr/lib/python3/dist-packages/colcon_core/task/python/colcon_distutils_commands:/home/encoder/Desktop/ros2-robot/ros2_ws/install/usb_camera_node/lib/python3.10/site-packages:${PYTHONPATH} /usr/bin/python3 -W ignore:setup.py install is deprecated -W ignore:easy_install command is deprecated setup.py egg_info --egg-base ../../build/usb_camera_node build --build-base /home/encoder/Desktop/ros2-robot/ros2_ws/build/usb_camera_node/build install --record /home/encoder/Desktop/ros2-robot/ros2_ws/build/usb_camera_node/install.log --single-version-externally-managed install_data
