[5.310s] Invoking command in '/home/encoder/Desktop/ros2-robot/ros2_ws/src/multi_launch': PYTHONPATH=/home/encoder/Desktop/ros2-robot/ros2_ws/build/multi_launch/prefix_override:/usr/lib/python3/dist-packages/colcon_core/task/python/colcon_distutils_commands:/home/encoder/Desktop/ros2-robot/ros2_ws/install/multi_launch/lib/python3.10/site-packages:${PYTHONPATH} /usr/bin/python3 -W ignore:setup.py install is deprecated -W ignore:easy_install command is deprecated setup.py egg_info --egg-base ../../build/multi_launch build --build-base /home/encoder/Desktop/ros2-robot/ros2_ws/build/multi_launch/build install --record /home/encoder/Desktop/ros2-robot/ros2_ws/build/multi_launch/install.log --single-version-externally-managed install_data
[6.169s] running egg_info
[6.171s] writing ../../build/multi_launch/multi_launch.egg-info/PKG-INFO
[6.171s] writing dependency_links to ../../build/multi_launch/multi_launch.egg-info/dependency_links.txt
[6.171s] writing entry points to ../../build/multi_launch/multi_launch.egg-info/entry_points.txt
[6.172s] writing requirements to ../../build/multi_launch/multi_launch.egg-info/requires.txt
[6.172s] writing top-level names to ../../build/multi_launch/multi_launch.egg-info/top_level.txt
[6.180s] reading manifest file '../../build/multi_launch/multi_launch.egg-info/SOURCES.txt'
[6.181s] writing manifest file '../../build/multi_launch/multi_launch.egg-info/SOURCES.txt'
[6.182s] running build
[6.182s] running build_py
[6.182s] running install
[6.183s] running install_lib
[6.187s] running install_data
[6.188s] running install_egg_info
[6.194s] removing '/home/encoder/Desktop/ros2-robot/ros2_ws/install/multi_launch/lib/python3.10/site-packages/multi_launch-0.0.0-py3.10.egg-info' (and everything under it)
[6.195s] Copying ../../build/multi_launch/multi_launch.egg-info to /home/encoder/Desktop/ros2-robot/ros2_ws/install/multi_launch/lib/python3.10/site-packages/multi_launch-0.0.0-py3.10.egg-info
[6.195s] running install_scripts
[6.255s] writing list of installed files to '/home/encoder/Desktop/ros2-robot/ros2_ws/build/multi_launch/install.log'
[6.330s] Invoked command in '/home/encoder/Desktop/ros2-robot/ros2_ws/src/multi_launch' returned '0': PYTHONPATH=/home/encoder/Desktop/ros2-robot/ros2_ws/build/multi_launch/prefix_override:/usr/lib/python3/dist-packages/colcon_core/task/python/colcon_distutils_commands:/home/encoder/Desktop/ros2-robot/ros2_ws/install/multi_launch/lib/python3.10/site-packages:${PYTHONPATH} /usr/bin/python3 -W ignore:setup.py install is deprecated -W ignore:easy_install command is deprecated setup.py egg_info --egg-base ../../build/multi_launch build --build-base /home/encoder/Desktop/ros2-robot/ros2_ws/build/multi_launch/build install --record /home/encoder/Desktop/ros2-robot/ros2_ws/build/multi_launch/install.log --single-version-externally-managed install_data
