[0.152s] Invoking command in '/home/encoder/Desktop/ros2-robot/build/tello_gazebo': CMAKE_PREFIX_PATH=/home/encoder/Desktop/ros2-robot/install/tello_msgs:/home/encoder/Desktop/ros2-robot/ros2_ws/install/tello_msgs:/home/encoder/Desktop/ros2-robot/ros2_ws/install/tello_description:/home/encoder/Desktop/ros2-robot/ros2_ws/install/rplidar_ros:/home/encoder/Desktop/ros2-robot/ros2_ws/install/ros2_shared:/home/encoder/Desktop/ros2-robot/install/tello_description:/home/encoder/Desktop/ros2-robot/install/rplidar_ros:/home/encoder/Desktop/ros2-robot/install/ros2_shared:/home/encoder/Desktop/ros2-robot/ros2_ws/install/serial_pubsub:/home/encoder/Desktop/ros2-robot/ros2_ws/install/ros2_opencv:/home/encoder/Desktop/ros2-robot/ros2_ws/install/lidar_mapper:/home/encoder/Desktop/ros2-robot/install/serial_pubsub:/home/encoder/Desktop/ros2-robot/install/ros2_opencv:/home/encoder/Desktop/ros2-robot/install/lidar_mapper:/opt/ros/humble LD_LIBRARY_PATH=/home/encoder/Desktop/ros2-robot/install/tello_msgs/lib:/home/encoder/Desktop/ros2-robot/ros2_ws/install/tello_msgs/lib:/usr/lib/x86_64-linux-gnu/gazebo-11/plugins:/opt/ros/humble/opt/rviz_ogre_vendor/lib:/opt/ros/humble/lib/x86_64-linux-gnu:/opt/ros/humble/lib /usr/bin/cmake --build /home/encoder/Desktop/ros2-robot/build/tello_gazebo -- -j12 -l12
[0.557s] [35m[1mConsolidate compiler generated dependencies of target TelloPlugin[0m
[0.921s] [100%] Built target TelloPlugin
[1.021s] Invoked command in '/home/encoder/Desktop/ros2-robot/build/tello_gazebo' returned '0': CMAKE_PREFIX_PATH=/home/encoder/Desktop/ros2-robot/install/tello_msgs:/home/encoder/Desktop/ros2-robot/ros2_ws/install/tello_msgs:/home/encoder/Desktop/ros2-robot/ros2_ws/install/tello_description:/home/encoder/Desktop/ros2-robot/ros2_ws/install/rplidar_ros:/home/encoder/Desktop/ros2-robot/ros2_ws/install/ros2_shared:/home/encoder/Desktop/ros2-robot/install/tello_description:/home/encoder/Desktop/ros2-robot/install/rplidar_ros:/home/encoder/Desktop/ros2-robot/install/ros2_shared:/home/encoder/Desktop/ros2-robot/ros2_ws/install/serial_pubsub:/home/encoder/Desktop/ros2-robot/ros2_ws/install/ros2_opencv:/home/encoder/Desktop/ros2-robot/ros2_ws/install/lidar_mapper:/home/encoder/Desktop/ros2-robot/install/serial_pubsub:/home/encoder/Desktop/ros2-robot/install/ros2_opencv:/home/encoder/Desktop/ros2-robot/install/lidar_mapper:/opt/ros/humble LD_LIBRARY_PATH=/home/encoder/Desktop/ros2-robot/install/tello_msgs/lib:/home/encoder/Desktop/ros2-robot/ros2_ws/install/tello_msgs/lib:/usr/lib/x86_64-linux-gnu/gazebo-11/plugins:/opt/ros/humble/opt/rviz_ogre_vendor/lib:/opt/ros/humble/lib/x86_64-linux-gnu:/opt/ros/humble/lib /usr/bin/cmake --build /home/encoder/Desktop/ros2-robot/build/tello_gazebo -- -j12 -l12
[1.045s] Invoking command in '/home/encoder/Desktop/ros2-robot/build/tello_gazebo': CMAKE_PREFIX_PATH=/home/encoder/Desktop/ros2-robot/install/tello_msgs:/home/encoder/Desktop/ros2-robot/ros2_ws/install/tello_msgs:/home/encoder/Desktop/ros2-robot/ros2_ws/install/tello_description:/home/encoder/Desktop/ros2-robot/ros2_ws/install/rplidar_ros:/home/encoder/Desktop/ros2-robot/ros2_ws/install/ros2_shared:/home/encoder/Desktop/ros2-robot/install/tello_description:/home/encoder/Desktop/ros2-robot/install/rplidar_ros:/home/encoder/Desktop/ros2-robot/install/ros2_shared:/home/encoder/Desktop/ros2-robot/ros2_ws/install/serial_pubsub:/home/encoder/Desktop/ros2-robot/ros2_ws/install/ros2_opencv:/home/encoder/Desktop/ros2-robot/ros2_ws/install/lidar_mapper:/home/encoder/Desktop/ros2-robot/install/serial_pubsub:/home/encoder/Desktop/ros2-robot/install/ros2_opencv:/home/encoder/Desktop/ros2-robot/install/lidar_mapper:/opt/ros/humble LD_LIBRARY_PATH=/home/encoder/Desktop/ros2-robot/install/tello_msgs/lib:/home/encoder/Desktop/ros2-robot/ros2_ws/install/tello_msgs/lib:/usr/lib/x86_64-linux-gnu/gazebo-11/plugins:/opt/ros/humble/opt/rviz_ogre_vendor/lib:/opt/ros/humble/lib/x86_64-linux-gnu:/opt/ros/humble/lib /usr/bin/cmake --install /home/encoder/Desktop/ros2-robot/build/tello_gazebo
[1.111s] -- Install configuration: ""
[1.112s] -- Installing: /home/encoder/Desktop/ros2-robot/install/tello_gazebo/lib/libTelloPlugin.so
[1.168s] -- Set runtime path of "/home/encoder/Desktop/ros2-robot/install/tello_gazebo/lib/libTelloPlugin.so" to ""
[1.169s] -- Installing: /home/encoder/Desktop/ros2-robot/install/tello_gazebo/share/tello_gazebo/models
[1.170s] -- Installing: /home/encoder/Desktop/ros2-robot/install/tello_gazebo/share/tello_gazebo/models/marker_5
[1.171s] -- Installing: /home/encoder/Desktop/ros2-robot/install/tello_gazebo/share/tello_gazebo/models/marker_5/model.config
[1.180s] -- Installing: /home/encoder/Desktop/ros2-robot/install/tello_gazebo/share/tello_gazebo/models/marker_5/model.sdf
[1.180s] -- Installing: /home/encoder/Desktop/ros2-robot/install/tello_gazebo/share/tello_gazebo/models/marker_5/materials
[1.181s] -- Installing: /home/encoder/Desktop/ros2-robot/install/tello_gazebo/share/tello_gazebo/models/marker_5/materials/textures
[1.181s] -- Installing: /home/encoder/Desktop/ros2-robot/install/tello_gazebo/share/tello_gazebo/models/marker_5/materials/textures/aruco_mark_5.svg
[1.181s] -- Installing: /home/encoder/Desktop/ros2-robot/install/tello_gazebo/share/tello_gazebo/models/marker_5/materials/textures/aruco_mark_5.png
[1.181s] -- Installing: /home/encoder/Desktop/ros2-robot/install/tello_gazebo/share/tello_gazebo/models/marker_5/materials/scripts
[1.182s] -- Installing: /home/encoder/Desktop/ros2-robot/install/tello_gazebo/share/tello_gazebo/models/marker_5/materials/scripts/marker_5.material
[1.188s] -- Installing: /home/encoder/Desktop/ros2-robot/install/tello_gazebo/share/tello_gazebo/models/marker_7
[1.195s] -- Installing: /home/encoder/Desktop/ros2-robot/install/tello_gazebo/share/tello_gazebo/models/marker_7/model.config
[1.196s] -- Installing: /home/encoder/Desktop/ros2-robot/install/tello_gazebo/share/tello_gazebo/models/marker_7/model.sdf
[1.196s] -- Installing: /home/encoder/Desktop/ros2-robot/install/tello_gazebo/share/tello_gazebo/models/marker_7/materials
[1.196s] -- Installing: /home/encoder/Desktop/ros2-robot/install/tello_gazebo/share/tello_gazebo/models/marker_7/materials/textures
[1.196s] -- Installing: /home/encoder/Desktop/ros2-robot/install/tello_gazebo/share/tello_gazebo/models/marker_7/materials/textures/aruco_mark_7.png
[1.197s] -- Installing: /home/encoder/Desktop/ros2-robot/install/tello_gazebo/share/tello_gazebo/models/marker_7/materials/textures/aruco_mark_7.svg
[1.197s] -- Installing: /home/encoder/Desktop/ros2-robot/install/tello_gazebo/share/tello_gazebo/models/marker_7/materials/scripts
[1.197s] -- Installing: /home/encoder/Desktop/ros2-robot/install/tello_gazebo/share/tello_gazebo/models/marker_7/materials/scripts/marker_7.material
[1.202s] -- Installing: /home/encoder/Desktop/ros2-robot/install/tello_gazebo/share/tello_gazebo/models/marker_2
[1.210s] -- Installing: /home/encoder/Desktop/ros2-robot/install/tello_gazebo/share/tello_gazebo/models/marker_2/model.config
[1.214s] -- Installing: /home/encoder/Desktop/ros2-robot/install/tello_gazebo/share/tello_gazebo/models/marker_2/model.sdf
[1.214s] -- Installing: /home/encoder/Desktop/ros2-robot/install/tello_gazebo/share/tello_gazebo/models/marker_2/materials
[1.214s] -- Installing: /home/encoder/Desktop/ros2-robot/install/tello_gazebo/share/tello_gazebo/models/marker_2/materials/textures
[1.214s] -- Installing: /home/encoder/Desktop/ros2-robot/install/tello_gazebo/share/tello_gazebo/models/marker_2/materials/textures/aruco_mark_2.png
[1.215s] -- Installing: /home/encoder/Desktop/ros2-robot/install/tello_gazebo/share/tello_gazebo/models/marker_2/materials/textures/aruco_mark_2.svg
[1.215s] -- Installing: /home/encoder/Desktop/ros2-robot/install/tello_gazebo/share/tello_gazebo/models/marker_2/materials/scripts
[1.221s] -- Installing: /home/encoder/Desktop/ros2-robot/install/tello_gazebo/share/tello_gazebo/models/marker_2/materials/scripts/marker_2.material
[1.221s] -- Installing: /home/encoder/Desktop/ros2-robot/install/tello_gazebo/share/tello_gazebo/models/marker_0
[1.221s] -- Installing: /home/encoder/Desktop/ros2-robot/install/tello_gazebo/share/tello_gazebo/models/marker_0/model.config
[1.222s] -- Installing: /home/encoder/Desktop/ros2-robot/install/tello_gazebo/share/tello_gazebo/models/marker_0/model.sdf
[1.222s] -- Installing: /home/encoder/Desktop/ros2-robot/install/tello_gazebo/share/tello_gazebo/models/marker_0/materials
[1.222s] -- Installing: /home/encoder/Desktop/ros2-robot/install/tello_gazebo/share/tello_gazebo/models/marker_0/materials/textures
[1.222s] -- Installing: /home/encoder/Desktop/ros2-robot/install/tello_gazebo/share/tello_gazebo/models/marker_0/materials/textures/aruco_mark_0.svg
[1.223s] -- Installing: /home/encoder/Desktop/ros2-robot/install/tello_gazebo/share/tello_gazebo/models/marker_0/materials/textures/aruco_mark_0.png
[1.223s] -- Installing: /home/encoder/Desktop/ros2-robot/install/tello_gazebo/share/tello_gazebo/models/marker_0/materials/scripts
[1.223s] -- Installing: /home/encoder/Desktop/ros2-robot/install/tello_gazebo/share/tello_gazebo/models/marker_0/materials/scripts/marker_0.material
[1.223s] -- Installing: /home/encoder/Desktop/ros2-robot/install/tello_gazebo/share/tello_gazebo/models/marker_6
[1.223s] -- Installing: /home/encoder/Desktop/ros2-robot/install/tello_gazebo/share/tello_gazebo/models/marker_6/model.config
[1.224s] -- Installing: /home/encoder/Desktop/ros2-robot/install/tello_gazebo/share/tello_gazebo/models/marker_6/model.sdf
[1.224s] -- Installing: /home/encoder/Desktop/ros2-robot/install/tello_gazebo/share/tello_gazebo/models/marker_6/materials
[1.224s] -- Installing: /home/encoder/Desktop/ros2-robot/install/tello_gazebo/share/tello_gazebo/models/marker_6/materials/textures
[1.224s] -- Installing: /home/encoder/Desktop/ros2-robot/install/tello_gazebo/share/tello_gazebo/models/marker_6/materials/textures/aruco_mark_6.svg
[1.224s] -- Installing: /home/encoder/Desktop/ros2-robot/install/tello_gazebo/share/tello_gazebo/models/marker_6/materials/textures/aruco_mark_6.png
[1.228s] -- Installing: /home/encoder/Desktop/ros2-robot/install/tello_gazebo/share/tello_gazebo/models/marker_6/materials/scripts
[1.228s] -- Installing: /home/encoder/Desktop/ros2-robot/install/tello_gazebo/share/tello_gazebo/models/marker_6/materials/scripts/marker_6.material
[1.229s] -- Installing: /home/encoder/Desktop/ros2-robot/install/tello_gazebo/share/tello_gazebo/models/marker_4
[1.229s] -- Installing: /home/encoder/Desktop/ros2-robot/install/tello_gazebo/share/tello_gazebo/models/marker_4/model.config
[1.229s] -- Installing: /home/encoder/Desktop/ros2-robot/install/tello_gazebo/share/tello_gazebo/models/marker_4/model.sdf
[1.229s] -- Installing: /home/encoder/Desktop/ros2-robot/install/tello_gazebo/share/tello_gazebo/models/marker_4/materials
[1.230s] -- Installing: /home/encoder/Desktop/ros2-robot/install/tello_gazebo/share/tello_gazebo/models/marker_4/materials/textures
[1.230s] -- Installing: /home/encoder/Desktop/ros2-robot/install/tello_gazebo/share/tello_gazebo/models/marker_4/materials/textures/aruco_mark_4.png
[1.230s] -- Installing: /home/encoder/Desktop/ros2-robot/install/tello_gazebo/share/tello_gazebo/models/marker_4/materials/textures/aruco_mark_4.svg
[1.230s] -- Installing: /home/encoder/Desktop/ros2-robot/install/tello_gazebo/share/tello_gazebo/models/marker_4/materials/scripts
[1.230s] -- Installing: /home/encoder/Desktop/ros2-robot/install/tello_gazebo/share/tello_gazebo/models/marker_4/materials/scripts/marker_4.material
[1.231s] -- Installing: /home/encoder/Desktop/ros2-robot/install/tello_gazebo/share/tello_gazebo/models/marker_1
[1.238s] -- Installing: /home/encoder/Desktop/ros2-robot/install/tello_gazebo/share/tello_gazebo/models/marker_1/model.config
[1.238s] -- Installing: /home/encoder/Desktop/ros2-robot/install/tello_gazebo/share/tello_gazebo/models/marker_1/model.sdf
[1.239s] -- Installing: /home/encoder/Desktop/ros2-robot/install/tello_gazebo/share/tello_gazebo/models/marker_1/materials
[1.239s] -- Installing: /home/encoder/Desktop/ros2-robot/install/tello_gazebo/share/tello_gazebo/models/marker_1/materials/textures
[1.239s] -- Installing: /home/encoder/Desktop/ros2-robot/install/tello_gazebo/share/tello_gazebo/models/marker_1/materials/textures/aruco_mark_1.png
[1.239s] -- Installing: /home/encoder/Desktop/ros2-robot/install/tello_gazebo/share/tello_gazebo/models/marker_1/materials/textures/aruco_mark_1.svg
[1.239s] -- Installing: /home/encoder/Desktop/ros2-robot/install/tello_gazebo/share/tello_gazebo/models/marker_1/materials/scripts
[1.240s] -- Installing: /home/encoder/Desktop/ros2-robot/install/tello_gazebo/share/tello_gazebo/models/marker_1/materials/scripts/marker_1.material
[1.240s] -- Installing: /home/encoder/Desktop/ros2-robot/install/tello_gazebo/share/tello_gazebo/models/marker_3
[1.240s] -- Installing: /home/encoder/Desktop/ros2-robot/install/tello_gazebo/share/tello_gazebo/models/marker_3/model.config
[1.242s] -- Installing: /home/encoder/Desktop/ros2-robot/install/tello_gazebo/share/tello_gazebo/models/marker_3/model.sdf
[1.243s] -- Installing: /home/encoder/Desktop/ros2-robot/install/tello_gazebo/share/tello_gazebo/models/marker_3/materials
[1.243s] -- Installing: /home/encoder/Desktop/ros2-robot/install/tello_gazebo/share/tello_gazebo/models/marker_3/materials/textures
[1.243s] -- Installing: /home/encoder/Desktop/ros2-robot/install/tello_gazebo/share/tello_gazebo/models/marker_3/materials/textures/aruco_mark_3.svg
[1.243s] -- Installing: /home/encoder/Desktop/ros2-robot/install/tello_gazebo/share/tello_gazebo/models/marker_3/materials/textures/aruco_mark_3.png
[1.243s] -- Installing: /home/encoder/Desktop/ros2-robot/install/tello_gazebo/share/tello_gazebo/models/marker_3/materials/scripts
[1.244s] -- Installing: /home/encoder/Desktop/ros2-robot/install/tello_gazebo/share/tello_gazebo/models/marker_3/materials/scripts/marker_3.material
[1.249s] -- Installing: /home/encoder/Desktop/ros2-robot/install/tello_gazebo/share/tello_gazebo/worlds
[1.250s] -- Installing: /home/encoder/Desktop/ros2-robot/install/tello_gazebo/share/tello_gazebo/worlds/f2_map.yaml
[1.250s] -- Installing: /home/encoder/Desktop/ros2-robot/install/tello_gazebo/share/tello_gazebo/worlds/fiducial_map.yaml
[1.250s] -- Installing: /home/encoder/Desktop/ros2-robot/install/tello_gazebo/share/tello_gazebo/worlds/build_world.py
[1.250s] -- Installing: /home/encoder/Desktop/ros2-robot/install/tello_gazebo/share/tello_gazebo/worlds/fiducial.world
[1.251s] -- Installing: /home/encoder/Desktop/ros2-robot/install/tello_gazebo/share/tello_gazebo/worlds/simple.world
[1.251s] -- Installing: /home/encoder/Desktop/ros2-robot/install/tello_gazebo/share/tello_gazebo/worlds/f2.world
[1.251s] -- Installing: /home/encoder/Desktop/ros2-robot/install/tello_gazebo/share/tello_gazebo/launch
[1.254s] -- Installing: /home/encoder/Desktop/ros2-robot/install/tello_gazebo/share/tello_gazebo/launch/vlam_launch.py
[1.255s] -- Installing: /home/encoder/Desktop/ros2-robot/install/tello_gazebo/share/tello_gazebo/launch/simple_launch.py
[1.256s] -- Installing: /home/encoder/Desktop/ros2-robot/install/tello_gazebo/lib/tello_gazebo/inject_entity.py
[1.257s] -- Installing: /home/encoder/Desktop/ros2-robot/install/tello_gazebo/share/ament_index/resource_index/package_run_dependencies/tello_gazebo
[1.257s] -- Installing: /home/encoder/Desktop/ros2-robot/install/tello_gazebo/share/ament_index/resource_index/parent_prefix_path/tello_gazebo
[1.264s] -- Installing: /home/encoder/Desktop/ros2-robot/install/tello_gazebo/share/tello_gazebo/environment/ament_prefix_path.sh
[1.265s] -- Installing: /home/encoder/Desktop/ros2-robot/install/tello_gazebo/share/tello_gazebo/environment/ament_prefix_path.dsv
[1.265s] -- Installing: /home/encoder/Desktop/ros2-robot/install/tello_gazebo/share/tello_gazebo/environment/path.sh
[1.265s] -- Installing: /home/encoder/Desktop/ros2-robot/install/tello_gazebo/share/tello_gazebo/environment/path.dsv
[1.265s] -- Installing: /home/encoder/Desktop/ros2-robot/install/tello_gazebo/share/tello_gazebo/local_setup.bash
[1.268s] -- Installing: /home/encoder/Desktop/ros2-robot/install/tello_gazebo/share/tello_gazebo/local_setup.sh
[1.269s] -- Installing: /home/encoder/Desktop/ros2-robot/install/tello_gazebo/share/tello_gazebo/local_setup.zsh
[1.270s] -- Installing: /home/encoder/Desktop/ros2-robot/install/tello_gazebo/share/tello_gazebo/local_setup.dsv
[1.270s] -- Installing: /home/encoder/Desktop/ros2-robot/install/tello_gazebo/share/tello_gazebo/package.dsv
[1.271s] -- Installing: /home/encoder/Desktop/ros2-robot/install/tello_gazebo/share/ament_index/resource_index/packages/tello_gazebo
[1.272s] -- Installing: /home/encoder/Desktop/ros2-robot/install/tello_gazebo/share/tello_gazebo/cmake/tello_gazeboConfig.cmake
[1.290s] -- Installing: /home/encoder/Desktop/ros2-robot/install/tello_gazebo/share/tello_gazebo/cmake/tello_gazeboConfig-version.cmake
[1.293s] -- Installing: /home/encoder/Desktop/ros2-robot/install/tello_gazebo/share/tello_gazebo/package.xml
[1.303s] Invoked command in '/home/encoder/Desktop/ros2-robot/build/tello_gazebo' returned '0': CMAKE_PREFIX_PATH=/home/encoder/Desktop/ros2-robot/install/tello_msgs:/home/encoder/Desktop/ros2-robot/ros2_ws/install/tello_msgs:/home/encoder/Desktop/ros2-robot/ros2_ws/install/tello_description:/home/encoder/Desktop/ros2-robot/ros2_ws/install/rplidar_ros:/home/encoder/Desktop/ros2-robot/ros2_ws/install/ros2_shared:/home/encoder/Desktop/ros2-robot/install/tello_description:/home/encoder/Desktop/ros2-robot/install/rplidar_ros:/home/encoder/Desktop/ros2-robot/install/ros2_shared:/home/encoder/Desktop/ros2-robot/ros2_ws/install/serial_pubsub:/home/encoder/Desktop/ros2-robot/ros2_ws/install/ros2_opencv:/home/encoder/Desktop/ros2-robot/ros2_ws/install/lidar_mapper:/home/encoder/Desktop/ros2-robot/install/serial_pubsub:/home/encoder/Desktop/ros2-robot/install/ros2_opencv:/home/encoder/Desktop/ros2-robot/install/lidar_mapper:/opt/ros/humble LD_LIBRARY_PATH=/home/encoder/Desktop/ros2-robot/install/tello_msgs/lib:/home/encoder/Desktop/ros2-robot/ros2_ws/install/tello_msgs/lib:/usr/lib/x86_64-linux-gnu/gazebo-11/plugins:/opt/ros/humble/opt/rviz_ogre_vendor/lib:/opt/ros/humble/lib/x86_64-linux-gnu:/opt/ros/humble/lib /usr/bin/cmake --install /home/encoder/Desktop/ros2-robot/build/tello_gazebo
