[7.506s] Invoking command in '/home/encoder/Desktop/ros2-robot/ros2_ws/src/tello_takip': PYTHONPATH=/home/encoder/Desktop/ros2-robot/ros2_ws/build/tello_takip/prefix_override:/usr/lib/python3/dist-packages/colcon_core/task/python/colcon_distutils_commands:/home/encoder/Desktop/ros2-robot/ros2_ws/install/tello_takip/lib/python3.10/site-packages:${PYTHONPATH} /usr/bin/python3 -W ignore:setup.py install is deprecated -W ignore:easy_install command is deprecated setup.py egg_info --egg-base ../../build/tello_takip build --build-base /home/encoder/Desktop/ros2-robot/ros2_ws/build/tello_takip/build install --record /home/encoder/Desktop/ros2-robot/ros2_ws/build/tello_takip/install.log --single-version-externally-managed install_data
[8.620s] running egg_info
[8.626s] writing ../../build/tello_takip/tello_takip.egg-info/PKG-INFO
[8.626s] writing dependency_links to ../../build/tello_takip/tello_takip.egg-info/dependency_links.txt
[8.626s] writing entry points to ../../build/tello_takip/tello_takip.egg-info/entry_points.txt
[8.627s] writing requirements to ../../build/tello_takip/tello_takip.egg-info/requires.txt
[8.627s] writing top-level names to ../../build/tello_takip/tello_takip.egg-info/top_level.txt
[8.632s] reading manifest file '../../build/tello_takip/tello_takip.egg-info/SOURCES.txt'
[8.637s] writing manifest file '../../build/tello_takip/tello_takip.egg-info/SOURCES.txt'
[8.638s] running build
[8.639s] running build_py
[8.639s] running install
[8.640s] running install_lib
[8.642s] running install_data
[8.642s] running install_egg_info
[8.650s] removing '/home/encoder/Desktop/ros2-robot/ros2_ws/install/tello_takip/lib/python3.10/site-packages/tello_takip-0.0.1-py3.10.egg-info' (and everything under it)
[8.651s] Copying ../../build/tello_takip/tello_takip.egg-info to /home/encoder/Desktop/ros2-robot/ros2_ws/install/tello_takip/lib/python3.10/site-packages/tello_takip-0.0.1-py3.10.egg-info
[8.654s] running install_scripts
[8.796s] Installing tello_nesne_tespit script to /home/encoder/Desktop/ros2-robot/ros2_ws/install/tello_takip/lib/tello_takip
[8.796s] writing list of installed files to '/home/encoder/Desktop/ros2-robot/ros2_ws/build/tello_takip/install.log'
[8.931s] Invoked command in '/home/encoder/Desktop/ros2-robot/ros2_ws/src/tello_takip' returned '0': PYTHONPATH=/home/encoder/Desktop/ros2-robot/ros2_ws/build/tello_takip/prefix_override:/usr/lib/python3/dist-packages/colcon_core/task/python/colcon_distutils_commands:/home/encoder/Desktop/ros2-robot/ros2_ws/install/tello_takip/lib/python3.10/site-packages:${PYTHONPATH} /usr/bin/python3 -W ignore:setup.py install is deprecated -W ignore:easy_install command is deprecated setup.py egg_info --egg-base ../../build/tello_takip build --build-base /home/encoder/Desktop/ros2-robot/ros2_ws/build/tello_takip/build install --record /home/encoder/Desktop/ros2-robot/ros2_ws/build/tello_takip/install.log --single-version-externally-managed install_data
