[0.120s] Invoking command in '/home/encoder/Desktop/ros2-robot/build/ros2_shared': CMAKE_PREFIX_PATH=/opt/ros/humble /usr/bin/cmake --build /home/encoder/Desktop/ros2-robot/build/ros2_shared -- -j12 -l12
[2.609s] Invoked command in '/home/encoder/Desktop/ros2-robot/build/ros2_shared' returned '0': CMAKE_PREFIX_PATH=/opt/ros/humble /usr/bin/cmake --build /home/encoder/Desktop/ros2-robot/build/ros2_shared -- -j12 -l12
[2.624s] Invoking command in '/home/encoder/Desktop/ros2-robot/build/ros2_shared': CMAKE_PREFIX_PATH=/opt/ros/humble /usr/bin/cmake --install /home/encoder/Desktop/ros2-robot/build/ros2_shared
[2.646s] -- Install configuration: ""
[2.648s] -- Up-to-date: /home/encoder/Desktop/ros2-robot/install/ros2_shared/include
[2.652s] -- Up-to-date: /home/encoder/Desktop/ros2-robot/install/ros2_shared/include/ros2_shared
[2.655s] -- Up-to-date: /home/encoder/Desktop/ros2-robot/install/ros2_shared/include/ros2_shared/context_macros.hpp
[2.656s] -- Up-to-date: /home/encoder/Desktop/ros2-robot/install/ros2_shared/include/ros2_shared/string_printf.hpp
[2.656s] -- Up-to-date: /home/encoder/Desktop/ros2-robot/install/ros2_shared/include/ros2_shared/param_macros.hpp
[2.656s] -- Up-to-date: /home/encoder/Desktop/ros2-robot/install/ros2_shared/share/ament_index/resource_index/package_run_dependencies/ros2_shared
[2.656s] -- Up-to-date: /home/encoder/Desktop/ros2-robot/install/ros2_shared/share/ament_index/resource_index/parent_prefix_path/ros2_shared
[2.657s] -- Up-to-date: /home/encoder/Desktop/ros2-robot/install/ros2_shared/share/ros2_shared/environment/ament_prefix_path.sh
[2.657s] -- Up-to-date: /home/encoder/Desktop/ros2-robot/install/ros2_shared/share/ros2_shared/environment/ament_prefix_path.dsv
[2.657s] -- Up-to-date: /home/encoder/Desktop/ros2-robot/install/ros2_shared/share/ros2_shared/environment/path.sh
[2.658s] -- Up-to-date: /home/encoder/Desktop/ros2-robot/install/ros2_shared/share/ros2_shared/environment/path.dsv
[2.658s] -- Up-to-date: /home/encoder/Desktop/ros2-robot/install/ros2_shared/share/ros2_shared/local_setup.bash
[2.664s] -- Up-to-date: /home/encoder/Desktop/ros2-robot/install/ros2_shared/share/ros2_shared/local_setup.sh
[2.665s] -- Up-to-date: /home/encoder/Desktop/ros2-robot/install/ros2_shared/share/ros2_shared/local_setup.zsh
[2.665s] -- Up-to-date: /home/encoder/Desktop/ros2-robot/install/ros2_shared/share/ros2_shared/local_setup.dsv
[2.665s] -- Up-to-date: /home/encoder/Desktop/ros2-robot/install/ros2_shared/share/ros2_shared/package.dsv
[2.666s] -- Up-to-date: /home/encoder/Desktop/ros2-robot/install/ros2_shared/share/ament_index/resource_index/packages/ros2_shared
[2.666s] -- Up-to-date: /home/encoder/Desktop/ros2-robot/install/ros2_shared/share/ros2_shared/cmake/ros2_shared_targetsExport.cmake
[2.666s] -- Up-to-date: /home/encoder/Desktop/ros2-robot/install/ros2_shared/share/ros2_shared/cmake/ament_cmake_export_targets-extras.cmake
[2.667s] -- Up-to-date: /home/encoder/Desktop/ros2-robot/install/ros2_shared/share/ros2_shared/cmake/ament_cmake_export_dependencies-extras.cmake
[2.667s] -- Up-to-date: /home/encoder/Desktop/ros2-robot/install/ros2_shared/share/ros2_shared/cmake/ros2_sharedConfig.cmake
[2.667s] -- Up-to-date: /home/encoder/Desktop/ros2-robot/install/ros2_shared/share/ros2_shared/cmake/ros2_sharedConfig-version.cmake
[2.683s] -- Up-to-date: /home/encoder/Desktop/ros2-robot/install/ros2_shared/share/ros2_shared/package.xml
[2.849s] Invoked command in '/home/encoder/Desktop/ros2-robot/build/ros2_shared' returned '0': CMAKE_PREFIX_PATH=/opt/ros/humble /usr/bin/cmake --install /home/encoder/Desktop/ros2-robot/build/ros2_shared
