[3.029s] Invoking command in '/home/encoder/Desktop/ros2-robot/ros2_ws/build/rplidar_ros': CMAKE_PREFIX_PATH=${CMAKE_PREFIX_PATH}:/home/encoder/Desktop/ros2-robot/ros2_ws/install/tello_takip:/home/encoder/Desktop/ros2-robot/ros2_ws/install/tello_ros2:/home/encoder/Desktop/ros2-robot/ros2_ws/install/serial_pubsub:/home/encoder/Desktop/ros2-robot/ros2_ws/install/ros2_opencv:/home/encoder/Desktop/ros2-robot/ros2_ws/install/multi_launch:/home/encoder/Desktop/ros2-robot/ros2_ws/install/lidar_mapper:/opt/ros/humble /usr/bin/cmake --build /home/encoder/Desktop/ros2-robot/ros2_ws/build/rplidar_ros -- -j12 -l12
[4.935s] [  5%] Built target rplidar_client
[4.935s] [ 52%] Built target rplidar_composition
[4.935s] [100%] Built target rplidar_node
[4.943s] Invoked command in '/home/encoder/Desktop/ros2-robot/ros2_ws/build/rplidar_ros' returned '0': CMAKE_PREFIX_PATH=${CMAKE_PREFIX_PATH}:/home/encoder/Desktop/ros2-robot/ros2_ws/install/tello_takip:/home/encoder/Desktop/ros2-robot/ros2_ws/install/tello_ros2:/home/encoder/Desktop/ros2-robot/ros2_ws/install/serial_pubsub:/home/encoder/Desktop/ros2-robot/ros2_ws/install/ros2_opencv:/home/encoder/Desktop/ros2-robot/ros2_ws/install/multi_launch:/home/encoder/Desktop/ros2-robot/ros2_ws/install/lidar_mapper:/opt/ros/humble /usr/bin/cmake --build /home/encoder/Desktop/ros2-robot/ros2_ws/build/rplidar_ros -- -j12 -l12
[4.971s] Invoking command in '/home/encoder/Desktop/ros2-robot/ros2_ws/build/rplidar_ros': CMAKE_PREFIX_PATH=${CMAKE_PREFIX_PATH}:/home/encoder/Desktop/ros2-robot/ros2_ws/install/tello_takip:/home/encoder/Desktop/ros2-robot/ros2_ws/install/tello_ros2:/home/encoder/Desktop/ros2-robot/ros2_ws/install/serial_pubsub:/home/encoder/Desktop/ros2-robot/ros2_ws/install/ros2_opencv:/home/encoder/Desktop/ros2-robot/ros2_ws/install/multi_launch:/home/encoder/Desktop/ros2-robot/ros2_ws/install/lidar_mapper:/opt/ros/humble /usr/bin/cmake --install /home/encoder/Desktop/ros2-robot/ros2_ws/build/rplidar_ros
[5.962s] -- Install configuration: ""
[5.967s] -- Up-to-date: /home/encoder/Desktop/ros2-robot/ros2_ws/install/rplidar_ros/share/rplidar_ros/launch
[5.967s] -- Up-to-date: /home/encoder/Desktop/ros2-robot/ros2_ws/install/rplidar_ros/share/rplidar_ros/launch/view_rplidar_a2m8_launch.py
[5.975s] -- Up-to-date: /home/encoder/Desktop/ros2-robot/ros2_ws/install/rplidar_ros/share/rplidar_ros/launch/view_rplidar_c1_launch.py
[5.976s] -- Up-to-date: /home/encoder/Desktop/ros2-robot/ros2_ws/install/rplidar_ros/share/rplidar_ros/launch/rplidar_a2m8_launch.py
[5.976s] -- Up-to-date: /home/encoder/Desktop/ros2-robot/ros2_ws/install/rplidar_ros/share/rplidar_ros/launch/rplidar_t1_launch.py
[5.976s] -- Up-to-date: /home/encoder/Desktop/ros2-robot/ros2_ws/install/rplidar_ros/share/rplidar_ros/launch/rplidar_s2e_launch.py
[5.977s] -- Up-to-date: /home/encoder/Desktop/ros2-robot/ros2_ws/install/rplidar_ros/share/rplidar_ros/launch/view_rplidar_s3_launch.py
[5.977s] -- Up-to-date: /home/encoder/Desktop/ros2-robot/ros2_ws/install/rplidar_ros/share/rplidar_ros/launch/rplidar_s1_launch.py
[5.977s] -- Up-to-date: /home/encoder/Desktop/ros2-robot/ros2_ws/install/rplidar_ros/share/rplidar_ros/launch/rplidar_a1_launch.py
[5.977s] -- Up-to-date: /home/encoder/Desktop/ros2-robot/ros2_ws/install/rplidar_ros/share/rplidar_ros/launch/view_rplidar_s2_launch.py
[5.977s] -- Up-to-date: /home/encoder/Desktop/ros2-robot/ros2_ws/install/rplidar_ros/share/rplidar_ros/launch/rplidar_c1_launch.py
[5.978s] -- Up-to-date: /home/encoder/Desktop/ros2-robot/ros2_ws/install/rplidar_ros/share/rplidar_ros/launch/view_rplidar_a2m7_launch.py
[5.978s] -- Up-to-date: /home/encoder/Desktop/ros2-robot/ros2_ws/install/rplidar_ros/share/rplidar_ros/launch/view_rplidar_s1_tcp_launch.py
[5.978s] -- Up-to-date: /home/encoder/Desktop/ros2-robot/ros2_ws/install/rplidar_ros/share/rplidar_ros/launch/rplidar_s2_launch.py
[5.978s] -- Up-to-date: /home/encoder/Desktop/ros2-robot/ros2_ws/install/rplidar_ros/share/rplidar_ros/launch/rplidar_a2m7_launch.py
[5.979s] -- Up-to-date: /home/encoder/Desktop/ros2-robot/ros2_ws/install/rplidar_ros/share/rplidar_ros/launch/view_rplidar_s2e_launch.py
[5.979s] -- Up-to-date: /home/encoder/Desktop/ros2-robot/ros2_ws/install/rplidar_ros/share/rplidar_ros/launch/view_rplidar_a2m12_launch.py
[5.979s] -- Up-to-date: /home/encoder/Desktop/ros2-robot/ros2_ws/install/rplidar_ros/share/rplidar_ros/launch/view_rplidar_t1_launch.py
[5.980s] -- Up-to-date: /home/encoder/Desktop/ros2-robot/ros2_ws/install/rplidar_ros/share/rplidar_ros/launch/view_rplidar_s1_launch.py
[5.980s] -- Up-to-date: /home/encoder/Desktop/ros2-robot/ros2_ws/install/rplidar_ros/share/rplidar_ros/launch/rplidar_a3_launch.py
[5.980s] -- Up-to-date: /home/encoder/Desktop/ros2-robot/ros2_ws/install/rplidar_ros/share/rplidar_ros/launch/rplidar_s1_tcp_launch.py
[5.981s] -- Up-to-date: /home/encoder/Desktop/ros2-robot/ros2_ws/install/rplidar_ros/share/rplidar_ros/launch/rplidar_a2m12_launch.py
[5.981s] -- Up-to-date: /home/encoder/Desktop/ros2-robot/ros2_ws/install/rplidar_ros/share/rplidar_ros/launch/rplidar_s3_launch.py
[5.981s] -- Up-to-date: /home/encoder/Desktop/ros2-robot/ros2_ws/install/rplidar_ros/share/rplidar_ros/launch/view_rplidar_a3_launch.py
[5.981s] -- Up-to-date: /home/encoder/Desktop/ros2-robot/ros2_ws/install/rplidar_ros/share/rplidar_ros/launch/view_rplidar_a1_launch.py
[5.982s] -- Up-to-date: /home/encoder/Desktop/ros2-robot/ros2_ws/install/rplidar_ros/share/rplidar_ros/rviz
[5.982s] -- Up-to-date: /home/encoder/Desktop/ros2-robot/ros2_ws/install/rplidar_ros/share/rplidar_ros/rviz/rplidar_ros.rviz
[5.987s] -- Up-to-date: /home/encoder/Desktop/ros2-robot/ros2_ws/install/rplidar_ros/lib/rplidar_ros/rplidar_node
[5.987s] -- Up-to-date: /home/encoder/Desktop/ros2-robot/ros2_ws/install/rplidar_ros/lib/rplidar_ros/rplidar_composition
[5.987s] -- Up-to-date: /home/encoder/Desktop/ros2-robot/ros2_ws/install/rplidar_ros/lib/rplidar_ros/rplidar_client
[5.988s] -- Up-to-date: /home/encoder/Desktop/ros2-robot/ros2_ws/install/rplidar_ros/share/ament_index/resource_index/package_run_dependencies/rplidar_ros
[5.988s] -- Up-to-date: /home/encoder/Desktop/ros2-robot/ros2_ws/install/rplidar_ros/share/ament_index/resource_index/parent_prefix_path/rplidar_ros
[5.988s] -- Up-to-date: /home/encoder/Desktop/ros2-robot/ros2_ws/install/rplidar_ros/share/rplidar_ros/environment/ament_prefix_path.sh
[5.989s] -- Up-to-date: /home/encoder/Desktop/ros2-robot/ros2_ws/install/rplidar_ros/share/rplidar_ros/environment/ament_prefix_path.dsv
[5.989s] -- Up-to-date: /home/encoder/Desktop/ros2-robot/ros2_ws/install/rplidar_ros/share/rplidar_ros/environment/path.sh
[5.989s] -- Up-to-date: /home/encoder/Desktop/ros2-robot/ros2_ws/install/rplidar_ros/share/rplidar_ros/environment/path.dsv
[5.989s] -- Up-to-date: /home/encoder/Desktop/ros2-robot/ros2_ws/install/rplidar_ros/share/rplidar_ros/local_setup.bash
[5.990s] -- Up-to-date: /home/encoder/Desktop/ros2-robot/ros2_ws/install/rplidar_ros/share/rplidar_ros/local_setup.sh
[5.990s] -- Up-to-date: /home/encoder/Desktop/ros2-robot/ros2_ws/install/rplidar_ros/share/rplidar_ros/local_setup.zsh
[5.998s] -- Up-to-date: /home/encoder/Desktop/ros2-robot/ros2_ws/install/rplidar_ros/share/rplidar_ros/local_setup.dsv
[6.000s] -- Installing: /home/encoder/Desktop/ros2-robot/ros2_ws/install/rplidar_ros/share/rplidar_ros/package.dsv
[6.001s] -- Up-to-date: /home/encoder/Desktop/ros2-robot/ros2_ws/install/rplidar_ros/share/ament_index/resource_index/packages/rplidar_ros
[6.001s] -- Up-to-date: /home/encoder/Desktop/ros2-robot/ros2_ws/install/rplidar_ros/share/rplidar_ros/cmake/ament_cmake_export_dependencies-extras.cmake
[6.002s] -- Up-to-date: /home/encoder/Desktop/ros2-robot/ros2_ws/install/rplidar_ros/share/rplidar_ros/cmake/ament_cmake_export_include_directories-extras.cmake
[6.007s] -- Up-to-date: /home/encoder/Desktop/ros2-robot/ros2_ws/install/rplidar_ros/share/rplidar_ros/cmake/rplidar_rosConfig.cmake
[6.009s] -- Up-to-date: /home/encoder/Desktop/ros2-robot/ros2_ws/install/rplidar_ros/share/rplidar_ros/cmake/rplidar_rosConfig-version.cmake
[6.009s] -- Up-to-date: /home/encoder/Desktop/ros2-robot/ros2_ws/install/rplidar_ros/share/rplidar_ros/package.xml
[6.030s] Invoked command in '/home/encoder/Desktop/ros2-robot/ros2_ws/build/rplidar_ros' returned '0': CMAKE_PREFIX_PATH=${CMAKE_PREFIX_PATH}:/home/encoder/Desktop/ros2-robot/ros2_ws/install/tello_takip:/home/encoder/Desktop/ros2-robot/ros2_ws/install/tello_ros2:/home/encoder/Desktop/ros2-robot/ros2_ws/install/serial_pubsub:/home/encoder/Desktop/ros2-robot/ros2_ws/install/ros2_opencv:/home/encoder/Desktop/ros2-robot/ros2_ws/install/multi_launch:/home/encoder/Desktop/ros2-robot/ros2_ws/install/lidar_mapper:/opt/ros/humble /usr/bin/cmake --install /home/encoder/Desktop/ros2-robot/ros2_ws/build/rplidar_ros
