[2.834s] Invoking command in '/home/encoder/Desktop/ros2-robot/ros2_ws/build/rplidar_ros': CMAKE_PREFIX_PATH=/opt/ros/humble /usr/bin/cmake /home/encoder/Desktop/ros2-robot/ros2_ws/src/rplidar_ros -DCMAKE_INSTALL_PREFIX=/home/encoder/Desktop/ros2-robot/ros2_ws/install/rplidar_ros
[5.538s] -- The C compiler identification is GNU 11.4.0
[5.539s] -- The CXX compiler identification is GNU 11.4.0
[5.539s] -- Detecting C compiler ABI info
[5.543s] -- Detecting C compiler ABI info - done
[5.543s] -- Check for working C compiler: /usr/bin/cc - skipped
[5.543s] -- Detecting C compile features
[5.543s] -- Detecting C compile features - done
[5.544s] -- Detecting CXX compiler ABI info
[5.544s] -- Detecting CXX compiler ABI info - done
[5.544s] -- Check for working CXX compiler: /usr/bin/c++ - skipped
[5.544s] -- Detecting CXX compile features
[5.544s] -- Detecting CXX compile features - done
[5.544s] -- Found ament_cmake: 1.3.11 (/opt/ros/humble/share/ament_cmake/cmake)
[5.544s] -- Found Python3: /usr/bin/python3 (found version "3.10.12") found components: Interpreter 
[5.545s] -- Found rclcpp: 16.0.12 (/opt/ros/humble/share/rclcpp/cmake)
[5.545s] -- Found rosidl_generator_c: 3.1.6 (/opt/ros/humble/share/rosidl_generator_c/cmake)
[5.545s] -- Found rosidl_adapter: 3.1.6 (/opt/ros/humble/share/rosidl_adapter/cmake)
[5.545s] -- Found rosidl_generator_cpp: 3.1.6 (/opt/ros/humble/share/rosidl_generator_cpp/cmake)
[5.545s] -- Using all available rosidl_typesupport_c: rosidl_typesupport_fastrtps_c;rosidl_typesupport_introspection_c
[5.546s] -- Using all available rosidl_typesupport_cpp: rosidl_typesupport_fastrtps_cpp;rosidl_typesupport_introspection_cpp
[5.546s] -- Found rmw_implementation_cmake: 6.1.2 (/opt/ros/humble/share/rmw_implementation_cmake/cmake)
[5.546s] -- Found rmw_fastrtps_cpp: 6.2.7 (/opt/ros/humble/share/rmw_fastrtps_cpp/cmake)
[5.637s] -- Found OpenSSL: /usr/lib/x86_64-linux-gnu/libcrypto.so (found version "3.0.2")  
[5.740s] -- Found FastRTPS: /opt/ros/humble/include  
[5.853s] -- Using RMW implementation 'rmw_fastrtps_cpp' as default
[5.866s] -- Looking for pthread.h
[6.050s] -- Looking for pthread.h - found
[6.051s] -- Performing Test CMAKE_HAVE_LIBC_PTHREAD
[6.263s] -- Performing Test CMAKE_HAVE_LIBC_PTHREAD - Success
[6.266s] -- Found Threads: TRUE  
[6.465s] -- Found sensor_msgs: 4.8.0 (/opt/ros/humble/share/sensor_msgs/cmake)
[6.579s] -- Found std_srvs: 4.8.0 (/opt/ros/humble/share/std_srvs/cmake)
[6.878s] -- Configuring done
[6.947s] -- Generating done
[6.966s] -- Build files have been written to: /home/encoder/Desktop/ros2-robot/ros2_ws/build/rplidar_ros
