[4.398s] Invoking command in '/home/encoder/Desktop/ros2-robot/ros2_ws/src/multi_launch': PYTHONPATH=/home/encoder/Desktop/ros2-robot/ros2_ws/build/multi_launch/prefix_override:/usr/lib/python3/dist-packages/colcon_core/task/python/colcon_distutils_commands:/home/encoder/Desktop/ros2-robot/ros2_ws/install/multi_launch/lib/python3.10/site-packages:${PYTHONPATH} /usr/bin/python3 -W ignore:setup.py install is deprecated -W ignore:easy_install command is deprecated setup.py egg_info --egg-base ../../build/multi_launch build --build-base /home/encoder/Desktop/ros2-robot/ros2_ws/build/multi_launch/build install --record /home/encoder/Desktop/ros2-robot/ros2_ws/build/multi_launch/install.log --single-version-externally-managed install_data
[5.196s] running egg_info
[5.200s] writing ../../build/multi_launch/multi_launch.egg-info/PKG-INFO
[5.200s] writing dependency_links to ../../build/multi_launch/multi_launch.egg-info/dependency_links.txt
[5.201s] writing entry points to ../../build/multi_launch/multi_launch.egg-info/entry_points.txt
[5.201s] writing requirements to ../../build/multi_launch/multi_launch.egg-info/requires.txt
[5.201s] writing top-level names to ../../build/multi_launch/multi_launch.egg-info/top_level.txt
[5.205s] reading manifest file '../../build/multi_launch/multi_launch.egg-info/SOURCES.txt'
[5.206s] writing manifest file '../../build/multi_launch/multi_launch.egg-info/SOURCES.txt'
[5.209s] running build
[5.210s] running build_py
[5.210s] running install
[5.210s] running install_lib
[5.214s] running install_data
[5.214s] running install_egg_info
[5.217s] removing '/home/encoder/Desktop/ros2-robot/ros2_ws/install/multi_launch/lib/python3.10/site-packages/multi_launch-0.0.0-py3.10.egg-info' (and everything under it)
[5.218s] Copying ../../build/multi_launch/multi_launch.egg-info to /home/encoder/Desktop/ros2-robot/ros2_ws/install/multi_launch/lib/python3.10/site-packages/multi_launch-0.0.0-py3.10.egg-info
[5.220s] running install_scripts
[5.280s] writing list of installed files to '/home/encoder/Desktop/ros2-robot/ros2_ws/build/multi_launch/install.log'
[5.329s] Invoked command in '/home/encoder/Desktop/ros2-robot/ros2_ws/src/multi_launch' returned '0': PYTHONPATH=/home/encoder/Desktop/ros2-robot/ros2_ws/build/multi_launch/prefix_override:/usr/lib/python3/dist-packages/colcon_core/task/python/colcon_distutils_commands:/home/encoder/Desktop/ros2-robot/ros2_ws/install/multi_launch/lib/python3.10/site-packages:${PYTHONPATH} /usr/bin/python3 -W ignore:setup.py install is deprecated -W ignore:easy_install command is deprecated setup.py egg_info --egg-base ../../build/multi_launch build --build-base /home/encoder/Desktop/ros2-robot/ros2_ws/build/multi_launch/build install --record /home/encoder/Desktop/ros2-robot/ros2_ws/build/multi_launch/install.log --single-version-externally-managed install_data
