[4.017s] Invoking command in '/home/encoder/Desktop/ros2-robot/ros2_ws/src/lidar_mapper': PYTHONPATH=/home/encoder/Desktop/ros2-robot/ros2_ws/build/lidar_mapper/prefix_override:/usr/lib/python3/dist-packages/colcon_core/task/python/colcon_distutils_commands:/home/encoder/Desktop/ros2-robot/ros2_ws/install/lidar_mapper/lib/python3.10/site-packages:${PYTHONPATH} /usr/bin/python3 -W ignore:setup.py install is deprecated -W ignore:easy_install command is deprecated setup.py egg_info --egg-base ../../build/lidar_mapper build --build-base /home/encoder/Desktop/ros2-robot/ros2_ws/build/lidar_mapper/build install --record /home/encoder/Desktop/ros2-robot/ros2_ws/build/lidar_mapper/install.log --single-version-externally-managed install_data
[4.739s] running egg_info
[4.740s] writing ../../build/lidar_mapper/lidar_mapper.egg-info/PKG-INFO
[4.741s] writing dependency_links to ../../build/lidar_mapper/lidar_mapper.egg-info/dependency_links.txt
[4.741s] writing entry points to ../../build/lidar_mapper/lidar_mapper.egg-info/entry_points.txt
[4.741s] writing requirements to ../../build/lidar_mapper/lidar_mapper.egg-info/requires.txt
[4.741s] writing top-level names to ../../build/lidar_mapper/lidar_mapper.egg-info/top_level.txt
[4.744s] reading manifest file '../../build/lidar_mapper/lidar_mapper.egg-info/SOURCES.txt'
[4.745s] writing manifest file '../../build/lidar_mapper/lidar_mapper.egg-info/SOURCES.txt'
[4.745s] running build
[4.745s] running build_py
[4.746s] running install
[4.746s] running install_lib
[4.748s] running install_data
[4.748s] running install_egg_info
[4.751s] removing '/home/encoder/Desktop/ros2-robot/ros2_ws/install/lidar_mapper/lib/python3.10/site-packages/lidar_mapper-0.0.0-py3.10.egg-info' (and everything under it)
[4.751s] Copying ../../build/lidar_mapper/lidar_mapper.egg-info to /home/encoder/Desktop/ros2-robot/ros2_ws/install/lidar_mapper/lib/python3.10/site-packages/lidar_mapper-0.0.0-py3.10.egg-info
[4.752s] running install_scripts
[4.803s] Installing subcriber_lidar script to /home/encoder/Desktop/ros2-robot/ros2_ws/install/lidar_mapper/lib/lidar_mapper
[4.804s] writing list of installed files to '/home/encoder/Desktop/ros2-robot/ros2_ws/build/lidar_mapper/install.log'
[4.841s] Invoked command in '/home/encoder/Desktop/ros2-robot/ros2_ws/src/lidar_mapper' returned '0': PYTHONPATH=/home/encoder/Desktop/ros2-robot/ros2_ws/build/lidar_mapper/prefix_override:/usr/lib/python3/dist-packages/colcon_core/task/python/colcon_distutils_commands:/home/encoder/Desktop/ros2-robot/ros2_ws/install/lidar_mapper/lib/python3.10/site-packages:${PYTHONPATH} /usr/bin/python3 -W ignore:setup.py install is deprecated -W ignore:easy_install command is deprecated setup.py egg_info --egg-base ../../build/lidar_mapper build --build-base /home/encoder/Desktop/ros2-robot/ros2_ws/build/lidar_mapper/build install --record /home/encoder/Desktop/ros2-robot/ros2_ws/build/lidar_mapper/install.log --single-version-externally-managed install_data
