[0.667s] Invoking command in '/home/encoder/Desktop/ros2-robot/ros2_ws/src/serial_pubsub': PYTHONPATH=/home/encoder/Desktop/ros2-robot/build/serial_pubsub/prefix_override:/usr/lib/python3/dist-packages/colcon_core/task/python/colcon_distutils_commands:/home/encoder/Desktop/ros2-robot/install/serial_pubsub/lib/python3.10/site-packages:${PYTHONPATH} /usr/bin/python3 -W ignore:setup.py install is deprecated -W ignore:easy_install command is deprecated setup.py egg_info --egg-base ../../../build/serial_pubsub build --build-base /home/encoder/Desktop/ros2-robot/build/serial_pubsub/build install --record /home/encoder/Desktop/ros2-robot/build/serial_pubsub/install.log --single-version-externally-managed install_data
[0.843s] running egg_info
[0.843s] creating ../../../build/serial_pubsub/serial_pubsub.egg-info
[0.843s] writing ../../../build/serial_pubsub/serial_pubsub.egg-info/PKG-INFO
[0.844s] writing dependency_links to ../../../build/serial_pubsub/serial_pubsub.egg-info/dependency_links.txt
[0.844s] writing entry points to ../../../build/serial_pubsub/serial_pubsub.egg-info/entry_points.txt
[0.844s] writing requirements to ../../../build/serial_pubsub/serial_pubsub.egg-info/requires.txt
[0.844s] writing top-level names to ../../../build/serial_pubsub/serial_pubsub.egg-info/top_level.txt
[0.844s] writing manifest file '../../../build/serial_pubsub/serial_pubsub.egg-info/SOURCES.txt'
[0.845s] reading manifest file '../../../build/serial_pubsub/serial_pubsub.egg-info/SOURCES.txt'
[0.845s] adding license file 'LICENSE'
[0.845s] writing manifest file '../../../build/serial_pubsub/serial_pubsub.egg-info/SOURCES.txt'
[0.845s] running build
[0.845s] running build_py
[0.846s] creating /home/encoder/Desktop/ros2-robot/build/serial_pubsub/build
[0.846s] creating /home/encoder/Desktop/ros2-robot/build/serial_pubsub/build/lib
[0.846s] creating /home/encoder/Desktop/ros2-robot/build/serial_pubsub/build/lib/serial_pubsub
[0.846s] copying serial_pubsub/keyboard_subscriber.py -> /home/encoder/Desktop/ros2-robot/build/serial_pubsub/build/lib/serial_pubsub
[0.846s] copying serial_pubsub/keyboard_publisher.py -> /home/encoder/Desktop/ros2-robot/build/serial_pubsub/build/lib/serial_pubsub
[0.846s] copying serial_pubsub/__init__.py -> /home/encoder/Desktop/ros2-robot/build/serial_pubsub/build/lib/serial_pubsub
[0.846s] copying serial_pubsub/controller_publisher.py -> /home/encoder/Desktop/ros2-robot/build/serial_pubsub/build/lib/serial_pubsub
[0.846s] running install
[0.846s] running install_lib
[0.846s] creating /home/encoder/Desktop/ros2-robot/install/serial_pubsub/lib/python3.10/site-packages/serial_pubsub
[0.847s] copying /home/encoder/Desktop/ros2-robot/build/serial_pubsub/build/lib/serial_pubsub/keyboard_subscriber.py -> /home/encoder/Desktop/ros2-robot/install/serial_pubsub/lib/python3.10/site-packages/serial_pubsub
[0.847s] copying /home/encoder/Desktop/ros2-robot/build/serial_pubsub/build/lib/serial_pubsub/keyboard_publisher.py -> /home/encoder/Desktop/ros2-robot/install/serial_pubsub/lib/python3.10/site-packages/serial_pubsub
[0.847s] copying /home/encoder/Desktop/ros2-robot/build/serial_pubsub/build/lib/serial_pubsub/__init__.py -> /home/encoder/Desktop/ros2-robot/install/serial_pubsub/lib/python3.10/site-packages/serial_pubsub
[0.847s] copying /home/encoder/Desktop/ros2-robot/build/serial_pubsub/build/lib/serial_pubsub/controller_publisher.py -> /home/encoder/Desktop/ros2-robot/install/serial_pubsub/lib/python3.10/site-packages/serial_pubsub
[0.847s] byte-compiling /home/encoder/Desktop/ros2-robot/install/serial_pubsub/lib/python3.10/site-packages/serial_pubsub/keyboard_subscriber.py to keyboard_subscriber.cpython-310.pyc
[0.847s] byte-compiling /home/encoder/Desktop/ros2-robot/install/serial_pubsub/lib/python3.10/site-packages/serial_pubsub/keyboard_publisher.py to keyboard_publisher.cpython-310.pyc
[0.848s] byte-compiling /home/encoder/Desktop/ros2-robot/install/serial_pubsub/lib/python3.10/site-packages/serial_pubsub/__init__.py to __init__.cpython-310.pyc
[0.848s] byte-compiling /home/encoder/Desktop/ros2-robot/install/serial_pubsub/lib/python3.10/site-packages/serial_pubsub/controller_publisher.py to controller_publisher.cpython-310.pyc
[0.848s] running install_data
[0.849s] creating /home/encoder/Desktop/ros2-robot/install/serial_pubsub/share/ament_index
[0.849s] creating /home/encoder/Desktop/ros2-robot/install/serial_pubsub/share/ament_index/resource_index
[0.849s] creating /home/encoder/Desktop/ros2-robot/install/serial_pubsub/share/ament_index/resource_index/packages
[0.849s] copying resource/serial_pubsub -> /home/encoder/Desktop/ros2-robot/install/serial_pubsub/share/ament_index/resource_index/packages
[0.849s] copying package.xml -> /home/encoder/Desktop/ros2-robot/install/serial_pubsub/share/serial_pubsub
[0.849s] running install_egg_info
[0.850s] Copying ../../../build/serial_pubsub/serial_pubsub.egg-info to /home/encoder/Desktop/ros2-robot/install/serial_pubsub/lib/python3.10/site-packages/serial_pubsub-0.0.0-py3.10.egg-info
[0.850s] running install_scripts
[0.864s] Installing cPublisher script to /home/encoder/Desktop/ros2-robot/install/serial_pubsub/lib/serial_pubsub
[0.864s] Installing kPublisher script to /home/encoder/Desktop/ros2-robot/install/serial_pubsub/lib/serial_pubsub
[0.864s] Installing kSubscriber script to /home/encoder/Desktop/ros2-robot/install/serial_pubsub/lib/serial_pubsub
[0.864s] writing list of installed files to '/home/encoder/Desktop/ros2-robot/build/serial_pubsub/install.log'
[0.880s] Invoked command in '/home/encoder/Desktop/ros2-robot/ros2_ws/src/serial_pubsub' returned '0': PYTHONPATH=/home/encoder/Desktop/ros2-robot/build/serial_pubsub/prefix_override:/usr/lib/python3/dist-packages/colcon_core/task/python/colcon_distutils_commands:/home/encoder/Desktop/ros2-robot/install/serial_pubsub/lib/python3.10/site-packages:${PYTHONPATH} /usr/bin/python3 -W ignore:setup.py install is deprecated -W ignore:easy_install command is deprecated setup.py egg_info --egg-base ../../../build/serial_pubsub build --build-base /home/encoder/Desktop/ros2-robot/build/serial_pubsub/build install --record /home/encoder/Desktop/ros2-robot/build/serial_pubsub/install.log --single-version-externally-managed install_data
