[14.342s] Invoking command in '/home/encoder/Desktop/ros2-robot/ros2_ws/src/ros2_opencv': PYTHONPATH=/home/encoder/Desktop/ros2-robot/ros2_ws/build/ros2_opencv/prefix_override:/usr/lib/python3/dist-packages/colcon_core/task/python/colcon_distutils_commands:/home/encoder/Desktop/ros2-robot/ros2_ws/install/ros2_opencv/lib/python3.10/site-packages:${PYTHONPATH} /usr/bin/python3 -W ignore:setup.py install is deprecated -W ignore:easy_install command is deprecated setup.py egg_info --egg-base ../../build/ros2_opencv build --build-base /home/encoder/Desktop/ros2-robot/ros2_ws/build/ros2_opencv/build install --record /home/encoder/Desktop/ros2-robot/ros2_ws/build/ros2_opencv/install.log --single-version-externally-managed install_data
[18.518s] running egg_info
[18.524s] creating ../../build/ros2_opencv/ros2_opencv.egg-info
[18.526s] writing ../../build/ros2_opencv/ros2_opencv.egg-info/PKG-INFO
[18.530s] writing dependency_links to ../../build/ros2_opencv/ros2_opencv.egg-info/dependency_links.txt
[18.530s] writing entry points to ../../build/ros2_opencv/ros2_opencv.egg-info/entry_points.txt
[18.532s] writing requirements to ../../build/ros2_opencv/ros2_opencv.egg-info/requires.txt
[18.535s] writing top-level names to ../../build/ros2_opencv/ros2_opencv.egg-info/top_level.txt
[18.539s] writing manifest file '../../build/ros2_opencv/ros2_opencv.egg-info/SOURCES.txt'
[18.556s] reading manifest file '../../build/ros2_opencv/ros2_opencv.egg-info/SOURCES.txt'
[18.561s] writing manifest file '../../build/ros2_opencv/ros2_opencv.egg-info/SOURCES.txt'
[18.563s] running build
[18.564s] running build_py
[18.572s] creating /home/encoder/Desktop/ros2-robot/ros2_ws/build/ros2_opencv/build
[18.573s] creating /home/encoder/Desktop/ros2-robot/ros2_ws/build/ros2_opencv/build/lib
[18.599s] creating /home/encoder/Desktop/ros2-robot/ros2_ws/build/ros2_opencv/build/lib/ros2_opencv
[18.603s] copying ros2_opencv/subcriberImage.py -> /home/encoder/Desktop/ros2-robot/ros2_ws/build/ros2_opencv/build/lib/ros2_opencv
[18.604s] copying ros2_opencv/cameraPublisher.py -> /home/encoder/Desktop/ros2-robot/ros2_ws/build/ros2_opencv/build/lib/ros2_opencv
[18.604s] copying ros2_opencv/__init__.py -> /home/encoder/Desktop/ros2-robot/ros2_ws/build/ros2_opencv/build/lib/ros2_opencv
[18.604s] running install
[18.604s] running install_lib
[18.606s] creating /home/encoder/Desktop/ros2-robot/ros2_ws/install/ros2_opencv/lib/python3.10/site-packages/ros2_opencv
[18.606s] copying /home/encoder/Desktop/ros2-robot/ros2_ws/build/ros2_opencv/build/lib/ros2_opencv/subcriberImage.py -> /home/encoder/Desktop/ros2-robot/ros2_ws/install/ros2_opencv/lib/python3.10/site-packages/ros2_opencv
[18.606s] copying /home/encoder/Desktop/ros2-robot/ros2_ws/build/ros2_opencv/build/lib/ros2_opencv/cameraPublisher.py -> /home/encoder/Desktop/ros2-robot/ros2_ws/install/ros2_opencv/lib/python3.10/site-packages/ros2_opencv
[18.614s] copying /home/encoder/Desktop/ros2-robot/ros2_ws/build/ros2_opencv/build/lib/ros2_opencv/__init__.py -> /home/encoder/Desktop/ros2-robot/ros2_ws/install/ros2_opencv/lib/python3.10/site-packages/ros2_opencv
[18.624s] byte-compiling /home/encoder/Desktop/ros2-robot/ros2_ws/install/ros2_opencv/lib/python3.10/site-packages/ros2_opencv/subcriberImage.py to subcriberImage.cpython-310.pyc
[18.638s] byte-compiling /home/encoder/Desktop/ros2-robot/ros2_ws/install/ros2_opencv/lib/python3.10/site-packages/ros2_opencv/cameraPublisher.py to cameraPublisher.cpython-310.pyc
[18.642s] byte-compiling /home/encoder/Desktop/ros2-robot/ros2_ws/install/ros2_opencv/lib/python3.10/site-packages/ros2_opencv/__init__.py to __init__.cpython-310.pyc
[18.643s] running install_data
[18.643s] creating /home/encoder/Desktop/ros2-robot/ros2_ws/install/ros2_opencv/share/ament_index
[18.643s] creating /home/encoder/Desktop/ros2-robot/ros2_ws/install/ros2_opencv/share/ament_index/resource_index
[18.644s] creating /home/encoder/Desktop/ros2-robot/ros2_ws/install/ros2_opencv/share/ament_index/resource_index/packages
[18.644s] copying resource/ros2_opencv -> /home/encoder/Desktop/ros2-robot/ros2_ws/install/ros2_opencv/share/ament_index/resource_index/packages
[18.644s] copying package.xml -> /home/encoder/Desktop/ros2-robot/ros2_ws/install/ros2_opencv/share/ros2_opencv
[18.644s] running install_egg_info
[18.645s] Copying ../../build/ros2_opencv/ros2_opencv.egg-info to /home/encoder/Desktop/ros2-robot/ros2_ws/install/ros2_opencv/lib/python3.10/site-packages/ros2_opencv-0.0.0-py3.10.egg-info
[18.691s] running install_scripts
[18.794s] Installing publisher_node script to /home/encoder/Desktop/ros2-robot/ros2_ws/install/ros2_opencv/lib/ros2_opencv
[18.805s] Installing subcriber_node script to /home/encoder/Desktop/ros2-robot/ros2_ws/install/ros2_opencv/lib/ros2_opencv
[18.808s] writing list of installed files to '/home/encoder/Desktop/ros2-robot/ros2_ws/build/ros2_opencv/install.log'
[18.963s] Invoked command in '/home/encoder/Desktop/ros2-robot/ros2_ws/src/ros2_opencv' returned '0': PYTHONPATH=/home/encoder/Desktop/ros2-robot/ros2_ws/build/ros2_opencv/prefix_override:/usr/lib/python3/dist-packages/colcon_core/task/python/colcon_distutils_commands:/home/encoder/Desktop/ros2-robot/ros2_ws/install/ros2_opencv/lib/python3.10/site-packages:${PYTHONPATH} /usr/bin/python3 -W ignore:setup.py install is deprecated -W ignore:easy_install command is deprecated setup.py egg_info --egg-base ../../build/ros2_opencv build --build-base /home/encoder/Desktop/ros2-robot/ros2_ws/build/ros2_opencv/build install --record /home/encoder/Desktop/ros2-robot/ros2_ws/build/ros2_opencv/install.log --single-version-externally-managed install_data
