[6.952s] Invoking command in '/home/encoder/Desktop/ros2-robot/ros2_ws/src/multi_launch': PYTHONPATH=/home/encoder/Desktop/ros2-robot/ros2_ws/build/multi_launch/prefix_override:/usr/lib/python3/dist-packages/colcon_core/task/python/colcon_distutils_commands:/home/encoder/Desktop/ros2-robot/ros2_ws/install/multi_launch/lib/python3.10/site-packages:${PYTHONPATH} /usr/bin/python3 -W ignore:setup.py install is deprecated -W ignore:easy_install command is deprecated setup.py egg_info --egg-base ../../build/multi_launch build --build-base /home/encoder/Desktop/ros2-robot/ros2_ws/build/multi_launch/build install --record /home/encoder/Desktop/ros2-robot/ros2_ws/build/multi_launch/install.log --single-version-externally-managed install_data
[8.245s] running egg_info
[8.246s] writing ../../build/multi_launch/multi_launch.egg-info/PKG-INFO
[8.249s] writing dependency_links to ../../build/multi_launch/multi_launch.egg-info/dependency_links.txt
[8.250s] writing entry points to ../../build/multi_launch/multi_launch.egg-info/entry_points.txt
[8.250s] writing requirements to ../../build/multi_launch/multi_launch.egg-info/requires.txt
[8.250s] writing top-level names to ../../build/multi_launch/multi_launch.egg-info/top_level.txt
[8.264s] reading manifest file '../../build/multi_launch/multi_launch.egg-info/SOURCES.txt'
[8.265s] writing manifest file '../../build/multi_launch/multi_launch.egg-info/SOURCES.txt'
[8.266s] running build
[8.267s] running build_py
[8.268s] running install
[8.269s] running install_lib
[8.271s] running install_data
[8.272s] copying launch/raspiLaunch.py -> /home/encoder/Desktop/ros2-robot/ros2_ws/install/multi_launch/share/multi_launch
[8.273s] running install_egg_info
[8.281s] removing '/home/encoder/Desktop/ros2-robot/ros2_ws/install/multi_launch/lib/python3.10/site-packages/multi_launch-0.0.0-py3.10.egg-info' (and everything under it)
[8.283s] Copying ../../build/multi_launch/multi_launch.egg-info to /home/encoder/Desktop/ros2-robot/ros2_ws/install/multi_launch/lib/python3.10/site-packages/multi_launch-0.0.0-py3.10.egg-info
[8.290s] running install_scripts
[8.400s] writing list of installed files to '/home/encoder/Desktop/ros2-robot/ros2_ws/build/multi_launch/install.log'
[8.560s] Invoked command in '/home/encoder/Desktop/ros2-robot/ros2_ws/src/multi_launch' returned '0': PYTHONPATH=/home/encoder/Desktop/ros2-robot/ros2_ws/build/multi_launch/prefix_override:/usr/lib/python3/dist-packages/colcon_core/task/python/colcon_distutils_commands:/home/encoder/Desktop/ros2-robot/ros2_ws/install/multi_launch/lib/python3.10/site-packages:${PYTHONPATH} /usr/bin/python3 -W ignore:setup.py install is deprecated -W ignore:easy_install command is deprecated setup.py egg_info --egg-base ../../build/multi_launch build --build-base /home/encoder/Desktop/ros2-robot/ros2_ws/build/multi_launch/build install --record /home/encoder/Desktop/ros2-robot/ros2_ws/build/multi_launch/install.log --single-version-externally-managed install_data
