running develop
running egg_info
creating serial_pubsub.egg-info
writing serial_pubsub.egg-info/PKG-INFO
writing dependency_links to serial_pubsub.egg-info/dependency_links.txt
writing entry points to serial_pubsub.egg-info/entry_points.txt
writing requirements to serial_pubsub.egg-info/requires.txt
writing top-level names to serial_pubsub.egg-info/top_level.txt
writing manifest file 'serial_pubsub.egg-info/SOURCES.txt'
reading manifest file 'serial_pubsub.egg-info/SOURCES.txt'
writing manifest file 'serial_pubsub.egg-info/SOURCES.txt'
running build_ext
Creating /home/badem-robot/badem/ros2_ws/install/serial_pubsub/lib/python3.12/site-packages/serial-pubsub.egg-link (link to .)
Installing cPublisher script to /home/badem-robot/badem/ros2_ws/install/serial_pubsub/lib/serial_pubsub
Installing kPublisher script to /home/badem-robot/badem/ros2_ws/install/serial_pubsub/lib/serial_pubsub
Installing kSubscriber script to /home/badem-robot/badem/ros2_ws/install/serial_pubsub/lib/serial_pubsub

Installed /home/badem-robot/badem/ros2_ws/build/serial_pubsub
running symlink_data
creating /home/badem-robot/badem/ros2_ws/install/serial_pubsub/share/ament_index
creating /home/badem-robot/badem/ros2_ws/install/serial_pubsub/share/ament_index/resource_index
creating /home/badem-robot/badem/ros2_ws/install/serial_pubsub/share/ament_index/resource_index/packages
symbolically linking /home/badem-robot/badem/ros2_ws/build/serial_pubsub/resource/serial_pubsub -> /home/badem-robot/badem/ros2_ws/install/serial_pubsub/share/ament_index/resource_index/packages
symbolically linking /home/badem-robot/badem/ros2_ws/build/serial_pubsub/package.xml -> /home/badem-robot/badem/ros2_ws/install/serial_pubsub/share/serial_pubsub
