[1.507s] Invoking command in '/home/badem-robot/badem/ros2_ws/build/serial_pubsub': PYTHONPATH=/home/badem-robot/badem/ros2_ws/build/serial_pubsub/prefix_override:/usr/lib/python3/dist-packages/colcon_core/task/python/colcon_distutils_commands:/home/badem-robot/badem/ros2_ws/install/serial_pubsub/lib/python3.12/site-packages:${PYTHONPATH} /usr/bin/python3 -W ignore:setup.py install is deprecated -W ignore:easy_install command is deprecated setup.py develop --editable --build-directory /home/badem-robot/badem/ros2_ws/build/serial_pubsub/build --no-deps symlink_data
[1.950s] running develop
[2.207s] running egg_info
[2.207s] creating serial_pubsub.egg-info
[2.231s] writing serial_pubsub.egg-info/PKG-INFO
[2.231s] writing dependency_links to serial_pubsub.egg-info/dependency_links.txt
[2.232s] writing entry points to serial_pubsub.egg-info/entry_points.txt
[2.232s] writing requirements to serial_pubsub.egg-info/requires.txt
[2.232s] writing top-level names to serial_pubsub.egg-info/top_level.txt
[2.232s] writing manifest file 'serial_pubsub.egg-info/SOURCES.txt'
[2.282s] reading manifest file 'serial_pubsub.egg-info/SOURCES.txt'
[2.283s] writing manifest file 'serial_pubsub.egg-info/SOURCES.txt'
[2.311s] running build_ext
[2.312s] Creating /home/badem-robot/badem/ros2_ws/install/serial_pubsub/lib/python3.12/site-packages/serial-pubsub.egg-link (link to .)
[2.313s] Installing cPublisher script to /home/badem-robot/badem/ros2_ws/install/serial_pubsub/lib/serial_pubsub
[2.313s] Installing kPublisher script to /home/badem-robot/badem/ros2_ws/install/serial_pubsub/lib/serial_pubsub
[2.313s] Installing kSubscriber script to /home/badem-robot/badem/ros2_ws/install/serial_pubsub/lib/serial_pubsub
[2.314s] 
[2.314s] Installed /home/badem-robot/badem/ros2_ws/build/serial_pubsub
[2.314s] running symlink_data
[2.314s] creating /home/badem-robot/badem/ros2_ws/install/serial_pubsub/share/ament_index
[2.314s] creating /home/badem-robot/badem/ros2_ws/install/serial_pubsub/share/ament_index/resource_index
[2.314s] creating /home/badem-robot/badem/ros2_ws/install/serial_pubsub/share/ament_index/resource_index/packages
[2.315s] symbolically linking /home/badem-robot/badem/ros2_ws/build/serial_pubsub/resource/serial_pubsub -> /home/badem-robot/badem/ros2_ws/install/serial_pubsub/share/ament_index/resource_index/packages
[2.315s] symbolically linking /home/badem-robot/badem/ros2_ws/build/serial_pubsub/package.xml -> /home/badem-robot/badem/ros2_ws/install/serial_pubsub/share/serial_pubsub
[2.438s] Invoked command in '/home/badem-robot/badem/ros2_ws/build/serial_pubsub' returned '0': PYTHONPATH=/home/badem-robot/badem/ros2_ws/build/serial_pubsub/prefix_override:/usr/lib/python3/dist-packages/colcon_core/task/python/colcon_distutils_commands:/home/badem-robot/badem/ros2_ws/install/serial_pubsub/lib/python3.12/site-packages:${PYTHONPATH} /usr/bin/python3 -W ignore:setup.py install is deprecated -W ignore:easy_install command is deprecated setup.py develop --editable --build-directory /home/badem-robot/badem/ros2_ws/build/serial_pubsub/build --no-deps symlink_data
