[2.766s] Invoking command in '/home/encoder/Desktop/ros2-robot/ros2_ws/build/ros2_shared': CMAKE_PREFIX_PATH=${CMAKE_PREFIX_PATH}:/home/encoder/Desktop/ros2-robot/ros2_ws/install/tello_takip:/home/encoder/Desktop/ros2-robot/ros2_ws/install/tello_ros2:/home/encoder/Desktop/ros2-robot/ros2_ws/install/serial_pubsub:/home/encoder/Desktop/ros2-robot/ros2_ws/install/ros2_opencv:/home/encoder/Desktop/ros2-robot/ros2_ws/install/multi_launch:/home/encoder/Desktop/ros2-robot/ros2_ws/install/lidar_mapper:/opt/ros/humble /usr/bin/cmake --build /home/encoder/Desktop/ros2-robot/ros2_ws/build/ros2_shared -- -j12 -l12
[5.686s] Invoked command in '/home/encoder/Desktop/ros2-robot/ros2_ws/build/ros2_shared' returned '0': CMAKE_PREFIX_PATH=${CMAKE_PREFIX_PATH}:/home/encoder/Desktop/ros2-robot/ros2_ws/install/tello_takip:/home/encoder/Desktop/ros2-robot/ros2_ws/install/tello_ros2:/home/encoder/Desktop/ros2-robot/ros2_ws/install/serial_pubsub:/home/encoder/Desktop/ros2-robot/ros2_ws/install/ros2_opencv:/home/encoder/Desktop/ros2-robot/ros2_ws/install/multi_launch:/home/encoder/Desktop/ros2-robot/ros2_ws/install/lidar_mapper:/opt/ros/humble /usr/bin/cmake --build /home/encoder/Desktop/ros2-robot/ros2_ws/build/ros2_shared -- -j12 -l12
[5.719s] Invoking command in '/home/encoder/Desktop/ros2-robot/ros2_ws/build/ros2_shared': CMAKE_PREFIX_PATH=${CMAKE_PREFIX_PATH}:/home/encoder/Desktop/ros2-robot/ros2_ws/install/tello_takip:/home/encoder/Desktop/ros2-robot/ros2_ws/install/tello_ros2:/home/encoder/Desktop/ros2-robot/ros2_ws/install/serial_pubsub:/home/encoder/Desktop/ros2-robot/ros2_ws/install/ros2_opencv:/home/encoder/Desktop/ros2-robot/ros2_ws/install/multi_launch:/home/encoder/Desktop/ros2-robot/ros2_ws/install/lidar_mapper:/opt/ros/humble /usr/bin/cmake --install /home/encoder/Desktop/ros2-robot/ros2_ws/build/ros2_shared
[5.746s] -- Install configuration: ""
[5.747s] -- Up-to-date: /home/encoder/Desktop/ros2-robot/ros2_ws/install/ros2_shared/include
[5.747s] -- Up-to-date: /home/encoder/Desktop/ros2-robot/ros2_ws/install/ros2_shared/include/ros2_shared
[5.747s] -- Up-to-date: /home/encoder/Desktop/ros2-robot/ros2_ws/install/ros2_shared/include/ros2_shared/context_macros.hpp
[5.748s] -- Up-to-date: /home/encoder/Desktop/ros2-robot/ros2_ws/install/ros2_shared/include/ros2_shared/string_printf.hpp
[5.748s] -- Up-to-date: /home/encoder/Desktop/ros2-robot/ros2_ws/install/ros2_shared/include/ros2_shared/param_macros.hpp
[5.751s] -- Up-to-date: /home/encoder/Desktop/ros2-robot/ros2_ws/install/ros2_shared/share/ament_index/resource_index/package_run_dependencies/ros2_shared
[5.752s] -- Up-to-date: /home/encoder/Desktop/ros2-robot/ros2_ws/install/ros2_shared/share/ament_index/resource_index/parent_prefix_path/ros2_shared
[5.752s] -- Up-to-date: /home/encoder/Desktop/ros2-robot/ros2_ws/install/ros2_shared/share/ros2_shared/environment/ament_prefix_path.sh
[5.753s] -- Up-to-date: /home/encoder/Desktop/ros2-robot/ros2_ws/install/ros2_shared/share/ros2_shared/environment/ament_prefix_path.dsv
[5.753s] -- Up-to-date: /home/encoder/Desktop/ros2-robot/ros2_ws/install/ros2_shared/share/ros2_shared/environment/path.sh
[5.753s] -- Up-to-date: /home/encoder/Desktop/ros2-robot/ros2_ws/install/ros2_shared/share/ros2_shared/environment/path.dsv
[5.754s] -- Up-to-date: /home/encoder/Desktop/ros2-robot/ros2_ws/install/ros2_shared/share/ros2_shared/local_setup.bash
[5.754s] -- Up-to-date: /home/encoder/Desktop/ros2-robot/ros2_ws/install/ros2_shared/share/ros2_shared/local_setup.sh
[5.754s] -- Up-to-date: /home/encoder/Desktop/ros2-robot/ros2_ws/install/ros2_shared/share/ros2_shared/local_setup.zsh
[5.754s] -- Up-to-date: /home/encoder/Desktop/ros2-robot/ros2_ws/install/ros2_shared/share/ros2_shared/local_setup.dsv
[5.755s] -- Installing: /home/encoder/Desktop/ros2-robot/ros2_ws/install/ros2_shared/share/ros2_shared/package.dsv
[5.758s] -- Up-to-date: /home/encoder/Desktop/ros2-robot/ros2_ws/install/ros2_shared/share/ament_index/resource_index/packages/ros2_shared
[5.758s] -- Up-to-date: /home/encoder/Desktop/ros2-robot/ros2_ws/install/ros2_shared/share/ros2_shared/cmake/ros2_shared_targetsExport.cmake
[5.758s] -- Up-to-date: /home/encoder/Desktop/ros2-robot/ros2_ws/install/ros2_shared/share/ros2_shared/cmake/ament_cmake_export_targets-extras.cmake
[5.759s] -- Up-to-date: /home/encoder/Desktop/ros2-robot/ros2_ws/install/ros2_shared/share/ros2_shared/cmake/ament_cmake_export_dependencies-extras.cmake
[5.759s] -- Up-to-date: /home/encoder/Desktop/ros2-robot/ros2_ws/install/ros2_shared/share/ros2_shared/cmake/ros2_sharedConfig.cmake
[5.759s] -- Up-to-date: /home/encoder/Desktop/ros2-robot/ros2_ws/install/ros2_shared/share/ros2_shared/cmake/ros2_sharedConfig-version.cmake
[5.759s] -- Up-to-date: /home/encoder/Desktop/ros2-robot/ros2_ws/install/ros2_shared/share/ros2_shared/package.xml
[5.845s] Invoked command in '/home/encoder/Desktop/ros2-robot/ros2_ws/build/ros2_shared' returned '0': CMAKE_PREFIX_PATH=${CMAKE_PREFIX_PATH}:/home/encoder/Desktop/ros2-robot/ros2_ws/install/tello_takip:/home/encoder/Desktop/ros2-robot/ros2_ws/install/tello_ros2:/home/encoder/Desktop/ros2-robot/ros2_ws/install/serial_pubsub:/home/encoder/Desktop/ros2-robot/ros2_ws/install/ros2_opencv:/home/encoder/Desktop/ros2-robot/ros2_ws/install/multi_launch:/home/encoder/Desktop/ros2-robot/ros2_ws/install/lidar_mapper:/opt/ros/humble /usr/bin/cmake --install /home/encoder/Desktop/ros2-robot/ros2_ws/build/ros2_shared
