[0.166s] Invoking command in '/home/encoder/Desktop/ros2-robot/build/tello_msgs': CMAKE_PREFIX_PATH=${CMAKE_PREFIX_PATH}:/home/encoder/Desktop/ros2-robot/ros2_ws/install/serial_pubsub:/home/encoder/Desktop/ros2-robot/ros2_ws/install/ros2_opencv:/home/encoder/Desktop/ros2-robot/ros2_ws/install/lidar_mapper:/home/encoder/Desktop/ros2-robot/install/serial_pubsub:/home/encoder/Desktop/ros2-robot/install/ros2_opencv:/home/encoder/Desktop/ros2-robot/install/lidar_mapper:/opt/ros/humble /usr/bin/cmake --build /home/encoder/Desktop/ros2-robot/build/tello_msgs -- -j12 -l12
[2.837s] [ 10%] Built target tello_msgs__rosidl_generator_c
[2.837s] [ 12%] Built target tello_msgs__cpp
[2.838s] [ 12%] Built target ament_cmake_python_copy_tello_msgs
[2.838s] [ 27%] Built target tello_msgs__rosidl_typesupport_introspection_c
[2.839s] [ 44%] Built target tello_msgs__rosidl_typesupport_c
[2.839s] [ 34%] Built target tello_msgs__rosidl_typesupport_introspection_cpp
[2.839s] [ 55%] Built target tello_msgs__rosidl_typesupport_cpp
[2.839s] [ 65%] Built target tello_msgs__rosidl_typesupport_fastrtps_cpp
[2.840s] [ 76%] Built target tello_msgs__rosidl_typesupport_fastrtps_c
[2.840s] [ 76%] Built target tello_msgs
[2.840s] [ 78%] Built target tello_msgs__py
[2.840s] [ 87%] Built target tello_msgs__rosidl_generator_py
[2.840s] [ 91%] Built target tello_msgs__rosidl_typesupport_fastrtps_c__pyext
[2.841s] [ 95%] Built target tello_msgs__rosidl_typesupport_c__pyext
[2.841s] [100%] Built target tello_msgs__rosidl_typesupport_introspection_c__pyext
[2.841s] running egg_info
[2.841s] writing tello_msgs.egg-info/PKG-INFO
[2.842s] writing dependency_links to tello_msgs.egg-info/dependency_links.txt
[2.842s] writing top-level names to tello_msgs.egg-info/top_level.txt
[2.842s] reading manifest file 'tello_msgs.egg-info/SOURCES.txt'
[2.842s] writing manifest file 'tello_msgs.egg-info/SOURCES.txt'
[2.843s] [100%] Built target ament_cmake_python_build_tello_msgs_egg
[2.866s] Invoked command in '/home/encoder/Desktop/ros2-robot/build/tello_msgs' returned '0': CMAKE_PREFIX_PATH=${CMAKE_PREFIX_PATH}:/home/encoder/Desktop/ros2-robot/ros2_ws/install/serial_pubsub:/home/encoder/Desktop/ros2-robot/ros2_ws/install/ros2_opencv:/home/encoder/Desktop/ros2-robot/ros2_ws/install/lidar_mapper:/home/encoder/Desktop/ros2-robot/install/serial_pubsub:/home/encoder/Desktop/ros2-robot/install/ros2_opencv:/home/encoder/Desktop/ros2-robot/install/lidar_mapper:/opt/ros/humble /usr/bin/cmake --build /home/encoder/Desktop/ros2-robot/build/tello_msgs -- -j12 -l12
[2.900s] Invoking command in '/home/encoder/Desktop/ros2-robot/build/tello_msgs': CMAKE_PREFIX_PATH=${CMAKE_PREFIX_PATH}:/home/encoder/Desktop/ros2-robot/ros2_ws/install/serial_pubsub:/home/encoder/Desktop/ros2-robot/ros2_ws/install/ros2_opencv:/home/encoder/Desktop/ros2-robot/ros2_ws/install/lidar_mapper:/home/encoder/Desktop/ros2-robot/install/serial_pubsub:/home/encoder/Desktop/ros2-robot/install/ros2_opencv:/home/encoder/Desktop/ros2-robot/install/lidar_mapper:/opt/ros/humble /usr/bin/cmake --install /home/encoder/Desktop/ros2-robot/build/tello_msgs
[2.927s] -- Install configuration: ""
[2.928s] -- Up-to-date: /home/encoder/Desktop/ros2-robot/install/tello_msgs/share/ament_index/resource_index/rosidl_interfaces/tello_msgs
[2.928s] -- Up-to-date: /home/encoder/Desktop/ros2-robot/install/tello_msgs/include/tello_msgs/tello_msgs
[2.930s] -- Up-to-date: /home/encoder/Desktop/ros2-robot/install/tello_msgs/include/tello_msgs/tello_msgs/srv
[2.933s] -- Up-to-date: /home/encoder/Desktop/ros2-robot/install/tello_msgs/include/tello_msgs/tello_msgs/srv/detail
[2.934s] -- Up-to-date: /home/encoder/Desktop/ros2-robot/install/tello_msgs/include/tello_msgs/tello_msgs/srv/detail/tello_action__struct.h
[2.940s] -- Up-to-date: /home/encoder/Desktop/ros2-robot/install/tello_msgs/include/tello_msgs/tello_msgs/srv/detail/tello_action__functions.h
[2.941s] -- Up-to-date: /home/encoder/Desktop/ros2-robot/install/tello_msgs/include/tello_msgs/tello_msgs/srv/detail/tello_action__functions.c
[2.941s] -- Up-to-date: /home/encoder/Desktop/ros2-robot/install/tello_msgs/include/tello_msgs/tello_msgs/srv/detail/tello_action__type_support.h
[2.943s] -- Up-to-date: /home/encoder/Desktop/ros2-robot/install/tello_msgs/include/tello_msgs/tello_msgs/srv/tello_action.h
[2.943s] -- Up-to-date: /home/encoder/Desktop/ros2-robot/install/tello_msgs/include/tello_msgs/tello_msgs/msg
[2.944s] -- Up-to-date: /home/encoder/Desktop/ros2-robot/install/tello_msgs/include/tello_msgs/tello_msgs/msg/detail
[2.944s] -- Up-to-date: /home/encoder/Desktop/ros2-robot/install/tello_msgs/include/tello_msgs/tello_msgs/msg/detail/tello_response__type_support.h
[2.944s] -- Up-to-date: /home/encoder/Desktop/ros2-robot/install/tello_msgs/include/tello_msgs/tello_msgs/msg/detail/tello_response__functions.c
[2.944s] -- Up-to-date: /home/encoder/Desktop/ros2-robot/install/tello_msgs/include/tello_msgs/tello_msgs/msg/detail/flight_data__type_support.h
[2.944s] -- Up-to-date: /home/encoder/Desktop/ros2-robot/install/tello_msgs/include/tello_msgs/tello_msgs/msg/detail/flight_data__functions.h
[2.945s] -- Up-to-date: /home/encoder/Desktop/ros2-robot/install/tello_msgs/include/tello_msgs/tello_msgs/msg/detail/flight_data__functions.c
[2.945s] -- Up-to-date: /home/encoder/Desktop/ros2-robot/install/tello_msgs/include/tello_msgs/tello_msgs/msg/detail/tello_response__struct.h
[2.945s] -- Up-to-date: /home/encoder/Desktop/ros2-robot/install/tello_msgs/include/tello_msgs/tello_msgs/msg/detail/tello_response__functions.h
[2.945s] -- Up-to-date: /home/encoder/Desktop/ros2-robot/install/tello_msgs/include/tello_msgs/tello_msgs/msg/detail/flight_data__struct.h
[2.945s] -- Up-to-date: /home/encoder/Desktop/ros2-robot/install/tello_msgs/include/tello_msgs/tello_msgs/msg/tello_response.h
[2.945s] -- Up-to-date: /home/encoder/Desktop/ros2-robot/install/tello_msgs/include/tello_msgs/tello_msgs/msg/flight_data.h
[2.946s] -- Up-to-date: /home/encoder/Desktop/ros2-robot/install/tello_msgs/include/tello_msgs/tello_msgs/msg/rosidl_generator_c__visibility_control.h
[2.946s] -- Up-to-date: /home/encoder/Desktop/ros2-robot/install/tello_msgs/share/tello_msgs/environment/library_path.sh
[2.946s] -- Up-to-date: /home/encoder/Desktop/ros2-robot/install/tello_msgs/share/tello_msgs/environment/library_path.dsv
[2.946s] -- Up-to-date: /home/encoder/Desktop/ros2-robot/install/tello_msgs/lib/libtello_msgs__rosidl_generator_c.so
[2.946s] -- Up-to-date: /home/encoder/Desktop/ros2-robot/install/tello_msgs/include/tello_msgs/tello_msgs
[2.946s] -- Up-to-date: /home/encoder/Desktop/ros2-robot/install/tello_msgs/include/tello_msgs/tello_msgs/srv
[2.947s] -- Up-to-date: /home/encoder/Desktop/ros2-robot/install/tello_msgs/include/tello_msgs/tello_msgs/srv/detail
[2.947s] -- Up-to-date: /home/encoder/Desktop/ros2-robot/install/tello_msgs/include/tello_msgs/tello_msgs/srv/detail/tello_action__rosidl_typesupport_fastrtps_c.h
[2.948s] -- Up-to-date: /home/encoder/Desktop/ros2-robot/install/tello_msgs/include/tello_msgs/tello_msgs/msg
[2.948s] -- Up-to-date: /home/encoder/Desktop/ros2-robot/install/tello_msgs/include/tello_msgs/tello_msgs/msg/detail
[2.948s] -- Up-to-date: /home/encoder/Desktop/ros2-robot/install/tello_msgs/include/tello_msgs/tello_msgs/msg/detail/tello_response__rosidl_typesupport_fastrtps_c.h
[2.948s] -- Up-to-date: /home/encoder/Desktop/ros2-robot/install/tello_msgs/include/tello_msgs/tello_msgs/msg/detail/flight_data__rosidl_typesupport_fastrtps_c.h
[2.949s] -- Up-to-date: /home/encoder/Desktop/ros2-robot/install/tello_msgs/include/tello_msgs/tello_msgs/msg/rosidl_typesupport_fastrtps_c__visibility_control.h
[2.949s] -- Up-to-date: /home/encoder/Desktop/ros2-robot/install/tello_msgs/lib/libtello_msgs__rosidl_typesupport_fastrtps_c.so
[2.951s] -- Up-to-date: /home/encoder/Desktop/ros2-robot/install/tello_msgs/include/tello_msgs/tello_msgs
[2.951s] -- Up-to-date: /home/encoder/Desktop/ros2-robot/install/tello_msgs/include/tello_msgs/tello_msgs/srv
[2.951s] -- Up-to-date: /home/encoder/Desktop/ros2-robot/install/tello_msgs/include/tello_msgs/tello_msgs/srv/detail
[2.951s] -- Up-to-date: /home/encoder/Desktop/ros2-robot/install/tello_msgs/include/tello_msgs/tello_msgs/srv/detail/tello_action__type_support.c
[2.951s] -- Up-to-date: /home/encoder/Desktop/ros2-robot/install/tello_msgs/include/tello_msgs/tello_msgs/srv/detail/tello_action__rosidl_typesupport_introspection_c.h
[2.958s] -- Up-to-date: /home/encoder/Desktop/ros2-robot/install/tello_msgs/include/tello_msgs/tello_msgs/msg
[2.959s] -- Up-to-date: /home/encoder/Desktop/ros2-robot/install/tello_msgs/include/tello_msgs/tello_msgs/msg/detail
[2.959s] -- Up-to-date: /home/encoder/Desktop/ros2-robot/install/tello_msgs/include/tello_msgs/tello_msgs/msg/detail/tello_response__type_support.c
[2.959s] -- Up-to-date: /home/encoder/Desktop/ros2-robot/install/tello_msgs/include/tello_msgs/tello_msgs/msg/detail/flight_data__type_support.c
[2.959s] -- Up-to-date: /home/encoder/Desktop/ros2-robot/install/tello_msgs/include/tello_msgs/tello_msgs/msg/detail/tello_response__rosidl_typesupport_introspection_c.h
[2.960s] -- Up-to-date: /home/encoder/Desktop/ros2-robot/install/tello_msgs/include/tello_msgs/tello_msgs/msg/detail/flight_data__rosidl_typesupport_introspection_c.h
[2.960s] -- Up-to-date: /home/encoder/Desktop/ros2-robot/install/tello_msgs/include/tello_msgs/tello_msgs/msg/rosidl_typesupport_introspection_c__visibility_control.h
[2.960s] -- Up-to-date: /home/encoder/Desktop/ros2-robot/install/tello_msgs/lib/libtello_msgs__rosidl_typesupport_introspection_c.so
[2.960s] -- Up-to-date: /home/encoder/Desktop/ros2-robot/install/tello_msgs/lib/libtello_msgs__rosidl_typesupport_c.so
[2.960s] -- Up-to-date: /home/encoder/Desktop/ros2-robot/install/tello_msgs/include/tello_msgs/tello_msgs
[2.961s] -- Up-to-date: /home/encoder/Desktop/ros2-robot/install/tello_msgs/include/tello_msgs/tello_msgs/srv
[2.961s] -- Up-to-date: /home/encoder/Desktop/ros2-robot/install/tello_msgs/include/tello_msgs/tello_msgs/srv/detail
[2.961s] -- Up-to-date: /home/encoder/Desktop/ros2-robot/install/tello_msgs/include/tello_msgs/tello_msgs/srv/detail/tello_action__type_support.hpp
[2.961s] -- Up-to-date: /home/encoder/Desktop/ros2-robot/install/tello_msgs/include/tello_msgs/tello_msgs/srv/detail/tello_action__builder.hpp
[2.971s] -- Up-to-date: /home/encoder/Desktop/ros2-robot/install/tello_msgs/include/tello_msgs/tello_msgs/srv/detail/tello_action__traits.hpp
[2.972s] -- Up-to-date: /home/encoder/Desktop/ros2-robot/install/tello_msgs/include/tello_msgs/tello_msgs/srv/detail/tello_action__struct.hpp
[2.972s] -- Up-to-date: /home/encoder/Desktop/ros2-robot/install/tello_msgs/include/tello_msgs/tello_msgs/srv/tello_action.hpp
[2.977s] -- Up-to-date: /home/encoder/Desktop/ros2-robot/install/tello_msgs/include/tello_msgs/tello_msgs/msg
[2.977s] -- Up-to-date: /home/encoder/Desktop/ros2-robot/install/tello_msgs/include/tello_msgs/tello_msgs/msg/detail
[2.977s] -- Up-to-date: /home/encoder/Desktop/ros2-robot/install/tello_msgs/include/tello_msgs/tello_msgs/msg/detail/flight_data__builder.hpp
[2.977s] -- Up-to-date: /home/encoder/Desktop/ros2-robot/install/tello_msgs/include/tello_msgs/tello_msgs/msg/detail/flight_data__struct.hpp
[2.978s] -- Up-to-date: /home/encoder/Desktop/ros2-robot/install/tello_msgs/include/tello_msgs/tello_msgs/msg/detail/flight_data__traits.hpp
[2.978s] -- Up-to-date: /home/encoder/Desktop/ros2-robot/install/tello_msgs/include/tello_msgs/tello_msgs/msg/detail/tello_response__builder.hpp
[2.978s] -- Up-to-date: /home/encoder/Desktop/ros2-robot/install/tello_msgs/include/tello_msgs/tello_msgs/msg/detail/tello_response__struct.hpp
[2.978s] -- Up-to-date: /home/encoder/Desktop/ros2-robot/install/tello_msgs/include/tello_msgs/tello_msgs/msg/detail/tello_response__type_support.hpp
[2.979s] -- Up-to-date: /home/encoder/Desktop/ros2-robot/install/tello_msgs/include/tello_msgs/tello_msgs/msg/detail/tello_response__traits.hpp
[2.979s] -- Up-to-date: /home/encoder/Desktop/ros2-robot/install/tello_msgs/include/tello_msgs/tello_msgs/msg/detail/flight_data__type_support.hpp
[2.979s] -- Up-to-date: /home/encoder/Desktop/ros2-robot/install/tello_msgs/include/tello_msgs/tello_msgs/msg/rosidl_generator_cpp__visibility_control.hpp
[2.979s] -- Up-to-date: /home/encoder/Desktop/ros2-robot/install/tello_msgs/include/tello_msgs/tello_msgs/msg/flight_data.hpp
[2.979s] -- Up-to-date: /home/encoder/Desktop/ros2-robot/install/tello_msgs/include/tello_msgs/tello_msgs/msg/tello_response.hpp
[2.987s] -- Up-to-date: /home/encoder/Desktop/ros2-robot/install/tello_msgs/include/tello_msgs/tello_msgs
[2.988s] -- Up-to-date: /home/encoder/Desktop/ros2-robot/install/tello_msgs/include/tello_msgs/tello_msgs/srv
[2.988s] -- Up-to-date: /home/encoder/Desktop/ros2-robot/install/tello_msgs/include/tello_msgs/tello_msgs/srv/detail
[2.989s] -- Up-to-date: /home/encoder/Desktop/ros2-robot/install/tello_msgs/include/tello_msgs/tello_msgs/srv/detail/dds_fastrtps
[2.989s] -- Up-to-date: /home/encoder/Desktop/ros2-robot/install/tello_msgs/include/tello_msgs/tello_msgs/srv/detail/tello_action__rosidl_typesupport_fastrtps_cpp.hpp
[2.989s] -- Up-to-date: /home/encoder/Desktop/ros2-robot/install/tello_msgs/include/tello_msgs/tello_msgs/msg
[3.010s] -- Up-to-date: /home/encoder/Desktop/ros2-robot/install/tello_msgs/include/tello_msgs/tello_msgs/msg/detail
[3.011s] -- Up-to-date: /home/encoder/Desktop/ros2-robot/install/tello_msgs/include/tello_msgs/tello_msgs/msg/detail/tello_response__rosidl_typesupport_fastrtps_cpp.hpp
[3.011s] -- Up-to-date: /home/encoder/Desktop/ros2-robot/install/tello_msgs/include/tello_msgs/tello_msgs/msg/detail/dds_fastrtps
[3.011s] -- Up-to-date: /home/encoder/Desktop/ros2-robot/install/tello_msgs/include/tello_msgs/tello_msgs/msg/detail/flight_data__rosidl_typesupport_fastrtps_cpp.hpp
[3.012s] -- Up-to-date: /home/encoder/Desktop/ros2-robot/install/tello_msgs/include/tello_msgs/tello_msgs/msg/rosidl_typesupport_fastrtps_cpp__visibility_control.h
[3.012s] -- Up-to-date: /home/encoder/Desktop/ros2-robot/install/tello_msgs/lib/libtello_msgs__rosidl_typesupport_fastrtps_cpp.so
[3.040s] -- Up-to-date: /home/encoder/Desktop/ros2-robot/install/tello_msgs/include/tello_msgs/tello_msgs
[3.041s] -- Up-to-date: /home/encoder/Desktop/ros2-robot/install/tello_msgs/include/tello_msgs/tello_msgs/srv
[3.041s] -- Up-to-date: /home/encoder/Desktop/ros2-robot/install/tello_msgs/include/tello_msgs/tello_msgs/srv/detail
[3.047s] -- Up-to-date: /home/encoder/Desktop/ros2-robot/install/tello_msgs/include/tello_msgs/tello_msgs/srv/detail/tello_action__type_support.cpp
[3.048s] -- Up-to-date: /home/encoder/Desktop/ros2-robot/install/tello_msgs/include/tello_msgs/tello_msgs/srv/detail/tello_action__rosidl_typesupport_introspection_cpp.hpp
[3.048s] -- Up-to-date: /home/encoder/Desktop/ros2-robot/install/tello_msgs/include/tello_msgs/tello_msgs/msg
[3.048s] -- Up-to-date: /home/encoder/Desktop/ros2-robot/install/tello_msgs/include/tello_msgs/tello_msgs/msg/detail
[3.048s] -- Up-to-date: /home/encoder/Desktop/ros2-robot/install/tello_msgs/include/tello_msgs/tello_msgs/msg/detail/tello_response__type_support.cpp
[3.050s] -- Up-to-date: /home/encoder/Desktop/ros2-robot/install/tello_msgs/include/tello_msgs/tello_msgs/msg/detail/tello_response__rosidl_typesupport_introspection_cpp.hpp
[3.050s] -- Up-to-date: /home/encoder/Desktop/ros2-robot/install/tello_msgs/include/tello_msgs/tello_msgs/msg/detail/flight_data__type_support.cpp
[3.050s] -- Up-to-date: /home/encoder/Desktop/ros2-robot/install/tello_msgs/include/tello_msgs/tello_msgs/msg/detail/flight_data__rosidl_typesupport_introspection_cpp.hpp
[3.050s] -- Up-to-date: /home/encoder/Desktop/ros2-robot/install/tello_msgs/lib/libtello_msgs__rosidl_typesupport_introspection_cpp.so
[3.051s] -- Up-to-date: /home/encoder/Desktop/ros2-robot/install/tello_msgs/lib/libtello_msgs__rosidl_typesupport_cpp.so
[3.051s] -- Up-to-date: /home/encoder/Desktop/ros2-robot/install/tello_msgs/share/tello_msgs/environment/pythonpath.sh
[3.051s] -- Up-to-date: /home/encoder/Desktop/ros2-robot/install/tello_msgs/share/tello_msgs/environment/pythonpath.dsv
[3.051s] -- Up-to-date: /home/encoder/Desktop/ros2-robot/install/tello_msgs/local/lib/python3.10/dist-packages/tello_msgs-0.1.0-py3.10.egg-info
[3.060s] -- Installing: /home/encoder/Desktop/ros2-robot/install/tello_msgs/local/lib/python3.10/dist-packages/tello_msgs-0.1.0-py3.10.egg-info/top_level.txt
[3.061s] -- Installing: /home/encoder/Desktop/ros2-robot/install/tello_msgs/local/lib/python3.10/dist-packages/tello_msgs-0.1.0-py3.10.egg-info/PKG-INFO
[3.063s] -- Installing: /home/encoder/Desktop/ros2-robot/install/tello_msgs/local/lib/python3.10/dist-packages/tello_msgs-0.1.0-py3.10.egg-info/SOURCES.txt
[3.063s] -- Installing: /home/encoder/Desktop/ros2-robot/install/tello_msgs/local/lib/python3.10/dist-packages/tello_msgs-0.1.0-py3.10.egg-info/dependency_links.txt
[3.063s] -- Up-to-date: /home/encoder/Desktop/ros2-robot/install/tello_msgs/local/lib/python3.10/dist-packages/tello_msgs
[3.072s] -- Up-to-date: /home/encoder/Desktop/ros2-robot/install/tello_msgs/local/lib/python3.10/dist-packages/tello_msgs/tello_msgs_s__rosidl_typesupport_c.cpython-310-x86_64-linux-gnu.so
[3.075s] -- Up-to-date: /home/encoder/Desktop/ros2-robot/install/tello_msgs/local/lib/python3.10/dist-packages/tello_msgs/libtello_msgs__rosidl_generator_py.so
[3.075s] -- Up-to-date: /home/encoder/Desktop/ros2-robot/install/tello_msgs/local/lib/python3.10/dist-packages/tello_msgs/_tello_msgs_s.ep.rosidl_typesupport_introspection_c.c
[3.075s] -- Up-to-date: /home/encoder/Desktop/ros2-robot/install/tello_msgs/local/lib/python3.10/dist-packages/tello_msgs/_tello_msgs_s.ep.rosidl_typesupport_fastrtps_c.c
[3.075s] -- Up-to-date: /home/encoder/Desktop/ros2-robot/install/tello_msgs/local/lib/python3.10/dist-packages/tello_msgs/_tello_msgs_s.ep.rosidl_typesupport_c.c
[3.076s] -- Up-to-date: /home/encoder/Desktop/ros2-robot/install/tello_msgs/local/lib/python3.10/dist-packages/tello_msgs/srv
[3.076s] -- Up-to-date: /home/encoder/Desktop/ros2-robot/install/tello_msgs/local/lib/python3.10/dist-packages/tello_msgs/srv/_tello_action_s.c
[3.076s] -- Up-to-date: /home/encoder/Desktop/ros2-robot/install/tello_msgs/local/lib/python3.10/dist-packages/tello_msgs/srv/_tello_action.py
[3.077s] -- Up-to-date: /home/encoder/Desktop/ros2-robot/install/tello_msgs/local/lib/python3.10/dist-packages/tello_msgs/srv/__init__.py
[3.077s] -- Up-to-date: /home/encoder/Desktop/ros2-robot/install/tello_msgs/local/lib/python3.10/dist-packages/tello_msgs/tello_msgs_s__rosidl_typesupport_fastrtps_c.cpython-310-x86_64-linux-gnu.so
[3.077s] -- Up-to-date: /home/encoder/Desktop/ros2-robot/install/tello_msgs/local/lib/python3.10/dist-packages/tello_msgs/msg
[3.078s] -- Up-to-date: /home/encoder/Desktop/ros2-robot/install/tello_msgs/local/lib/python3.10/dist-packages/tello_msgs/msg/_flight_data.py
[3.078s] -- Up-to-date: /home/encoder/Desktop/ros2-robot/install/tello_msgs/local/lib/python3.10/dist-packages/tello_msgs/msg/_tello_response_s.c
[3.078s] -- Up-to-date: /home/encoder/Desktop/ros2-robot/install/tello_msgs/local/lib/python3.10/dist-packages/tello_msgs/msg/__init__.py
[3.078s] -- Up-to-date: /home/encoder/Desktop/ros2-robot/install/tello_msgs/local/lib/python3.10/dist-packages/tello_msgs/msg/_tello_response.py
[3.078s] -- Up-to-date: /home/encoder/Desktop/ros2-robot/install/tello_msgs/local/lib/python3.10/dist-packages/tello_msgs/msg/_flight_data_s.c
[3.086s] -- Up-to-date: /home/encoder/Desktop/ros2-robot/install/tello_msgs/local/lib/python3.10/dist-packages/tello_msgs/tello_msgs_s__rosidl_typesupport_introspection_c.cpython-310-x86_64-linux-gnu.so
[3.086s] -- Up-to-date: /home/encoder/Desktop/ros2-robot/install/tello_msgs/local/lib/python3.10/dist-packages/tello_msgs/__init__.py
[3.166s] Listing '/home/encoder/Desktop/ros2-robot/install/tello_msgs/local/lib/python3.10/dist-packages/tello_msgs'...
[3.167s] Listing '/home/encoder/Desktop/ros2-robot/install/tello_msgs/local/lib/python3.10/dist-packages/tello_msgs/msg'...
[3.167s] Listing '/home/encoder/Desktop/ros2-robot/install/tello_msgs/local/lib/python3.10/dist-packages/tello_msgs/srv'...
[3.185s] -- Up-to-date: /home/encoder/Desktop/ros2-robot/install/tello_msgs/local/lib/python3.10/dist-packages/tello_msgs/tello_msgs_s__rosidl_typesupport_fastrtps_c.cpython-310-x86_64-linux-gnu.so
[3.185s] -- Up-to-date: /home/encoder/Desktop/ros2-robot/install/tello_msgs/local/lib/python3.10/dist-packages/tello_msgs/tello_msgs_s__rosidl_typesupport_introspection_c.cpython-310-x86_64-linux-gnu.so
[3.188s] -- Up-to-date: /home/encoder/Desktop/ros2-robot/install/tello_msgs/local/lib/python3.10/dist-packages/tello_msgs/tello_msgs_s__rosidl_typesupport_c.cpython-310-x86_64-linux-gnu.so
[3.191s] -- Up-to-date: /home/encoder/Desktop/ros2-robot/install/tello_msgs/lib/libtello_msgs__rosidl_generator_py.so
[3.192s] -- Up-to-date: /home/encoder/Desktop/ros2-robot/install/tello_msgs/share/tello_msgs/msg/FlightData.idl
[3.192s] -- Up-to-date: /home/encoder/Desktop/ros2-robot/install/tello_msgs/share/tello_msgs/msg/TelloResponse.idl
[3.192s] -- Up-to-date: /home/encoder/Desktop/ros2-robot/install/tello_msgs/share/tello_msgs/srv/TelloAction.idl
[3.193s] -- Up-to-date: /home/encoder/Desktop/ros2-robot/install/tello_msgs/share/tello_msgs/msg/FlightData.msg
[3.194s] -- Up-to-date: /home/encoder/Desktop/ros2-robot/install/tello_msgs/share/tello_msgs/msg/TelloResponse.msg
[3.195s] -- Up-to-date: /home/encoder/Desktop/ros2-robot/install/tello_msgs/share/tello_msgs/srv/TelloAction.srv
[3.195s] -- Up-to-date: /home/encoder/Desktop/ros2-robot/install/tello_msgs/share/tello_msgs/srv/TelloAction_Request.msg
[3.196s] -- Up-to-date: /home/encoder/Desktop/ros2-robot/install/tello_msgs/share/tello_msgs/srv/TelloAction_Response.msg
[3.196s] -- Up-to-date: /home/encoder/Desktop/ros2-robot/install/tello_msgs/share/ament_index/resource_index/package_run_dependencies/tello_msgs
[3.196s] -- Up-to-date: /home/encoder/Desktop/ros2-robot/install/tello_msgs/share/ament_index/resource_index/parent_prefix_path/tello_msgs
[3.197s] -- Up-to-date: /home/encoder/Desktop/ros2-robot/install/tello_msgs/share/tello_msgs/environment/ament_prefix_path.sh
[3.197s] -- Up-to-date: /home/encoder/Desktop/ros2-robot/install/tello_msgs/share/tello_msgs/environment/ament_prefix_path.dsv
[3.198s] -- Up-to-date: /home/encoder/Desktop/ros2-robot/install/tello_msgs/share/tello_msgs/environment/path.sh
[3.198s] -- Up-to-date: /home/encoder/Desktop/ros2-robot/install/tello_msgs/share/tello_msgs/environment/path.dsv
[3.198s] -- Up-to-date: /home/encoder/Desktop/ros2-robot/install/tello_msgs/share/tello_msgs/local_setup.bash
[3.199s] -- Up-to-date: /home/encoder/Desktop/ros2-robot/install/tello_msgs/share/tello_msgs/local_setup.sh
[3.203s] -- Up-to-date: /home/encoder/Desktop/ros2-robot/install/tello_msgs/share/tello_msgs/local_setup.zsh
[3.204s] -- Up-to-date: /home/encoder/Desktop/ros2-robot/install/tello_msgs/share/tello_msgs/local_setup.dsv
[3.204s] -- Installing: /home/encoder/Desktop/ros2-robot/install/tello_msgs/share/tello_msgs/package.dsv
[3.206s] -- Up-to-date: /home/encoder/Desktop/ros2-robot/install/tello_msgs/share/ament_index/resource_index/packages/tello_msgs
[3.206s] -- Up-to-date: /home/encoder/Desktop/ros2-robot/install/tello_msgs/share/tello_msgs/cmake/export_tello_msgs__rosidl_generator_cExport.cmake
[3.207s] -- Up-to-date: /home/encoder/Desktop/ros2-robot/install/tello_msgs/share/tello_msgs/cmake/export_tello_msgs__rosidl_generator_cExport-noconfig.cmake
[3.207s] -- Up-to-date: /home/encoder/Desktop/ros2-robot/install/tello_msgs/share/tello_msgs/cmake/export_tello_msgs__rosidl_typesupport_fastrtps_cExport.cmake
[3.207s] -- Up-to-date: /home/encoder/Desktop/ros2-robot/install/tello_msgs/share/tello_msgs/cmake/export_tello_msgs__rosidl_typesupport_fastrtps_cExport-noconfig.cmake
[3.208s] -- Up-to-date: /home/encoder/Desktop/ros2-robot/install/tello_msgs/share/tello_msgs/cmake/tello_msgs__rosidl_typesupport_introspection_cExport.cmake
[3.208s] -- Up-to-date: /home/encoder/Desktop/ros2-robot/install/tello_msgs/share/tello_msgs/cmake/tello_msgs__rosidl_typesupport_introspection_cExport-noconfig.cmake
[3.209s] -- Up-to-date: /home/encoder/Desktop/ros2-robot/install/tello_msgs/share/tello_msgs/cmake/tello_msgs__rosidl_typesupport_cExport.cmake
[3.210s] -- Up-to-date: /home/encoder/Desktop/ros2-robot/install/tello_msgs/share/tello_msgs/cmake/tello_msgs__rosidl_typesupport_cExport-noconfig.cmake
[3.210s] -- Up-to-date: /home/encoder/Desktop/ros2-robot/install/tello_msgs/share/tello_msgs/cmake/export_tello_msgs__rosidl_generator_cppExport.cmake
[3.211s] -- Up-to-date: /home/encoder/Desktop/ros2-robot/install/tello_msgs/share/tello_msgs/cmake/export_tello_msgs__rosidl_typesupport_fastrtps_cppExport.cmake
[3.212s] -- Up-to-date: /home/encoder/Desktop/ros2-robot/install/tello_msgs/share/tello_msgs/cmake/export_tello_msgs__rosidl_typesupport_fastrtps_cppExport-noconfig.cmake
[3.212s] -- Up-to-date: /home/encoder/Desktop/ros2-robot/install/tello_msgs/share/tello_msgs/cmake/tello_msgs__rosidl_typesupport_introspection_cppExport.cmake
[3.212s] -- Up-to-date: /home/encoder/Desktop/ros2-robot/install/tello_msgs/share/tello_msgs/cmake/tello_msgs__rosidl_typesupport_introspection_cppExport-noconfig.cmake
[3.213s] -- Up-to-date: /home/encoder/Desktop/ros2-robot/install/tello_msgs/share/tello_msgs/cmake/tello_msgs__rosidl_typesupport_cppExport.cmake
[3.214s] -- Up-to-date: /home/encoder/Desktop/ros2-robot/install/tello_msgs/share/tello_msgs/cmake/tello_msgs__rosidl_typesupport_cppExport-noconfig.cmake
[3.214s] -- Up-to-date: /home/encoder/Desktop/ros2-robot/install/tello_msgs/share/tello_msgs/cmake/export_tello_msgs__rosidl_generator_pyExport.cmake
[3.214s] -- Up-to-date: /home/encoder/Desktop/ros2-robot/install/tello_msgs/share/tello_msgs/cmake/export_tello_msgs__rosidl_generator_pyExport-noconfig.cmake
[3.214s] -- Up-to-date: /home/encoder/Desktop/ros2-robot/install/tello_msgs/share/tello_msgs/cmake/rosidl_cmake-extras.cmake
[3.214s] -- Up-to-date: /home/encoder/Desktop/ros2-robot/install/tello_msgs/share/tello_msgs/cmake/ament_cmake_export_dependencies-extras.cmake
[3.215s] -- Up-to-date: /home/encoder/Desktop/ros2-robot/install/tello_msgs/share/tello_msgs/cmake/ament_cmake_export_include_directories-extras.cmake
[3.215s] -- Up-to-date: /home/encoder/Desktop/ros2-robot/install/tello_msgs/share/tello_msgs/cmake/ament_cmake_export_libraries-extras.cmake
[3.215s] -- Up-to-date: /home/encoder/Desktop/ros2-robot/install/tello_msgs/share/tello_msgs/cmake/ament_cmake_export_targets-extras.cmake
[3.215s] -- Up-to-date: /home/encoder/Desktop/ros2-robot/install/tello_msgs/share/tello_msgs/cmake/rosidl_cmake_export_typesupport_targets-extras.cmake
[3.216s] -- Up-to-date: /home/encoder/Desktop/ros2-robot/install/tello_msgs/share/tello_msgs/cmake/rosidl_cmake_export_typesupport_libraries-extras.cmake
[3.216s] -- Up-to-date: /home/encoder/Desktop/ros2-robot/install/tello_msgs/share/tello_msgs/cmake/tello_msgsConfig.cmake
[3.216s] -- Up-to-date: /home/encoder/Desktop/ros2-robot/install/tello_msgs/share/tello_msgs/cmake/tello_msgsConfig-version.cmake
[3.216s] -- Up-to-date: /home/encoder/Desktop/ros2-robot/install/tello_msgs/share/tello_msgs/package.xml
[3.279s] Invoked command in '/home/encoder/Desktop/ros2-robot/build/tello_msgs' returned '0': CMAKE_PREFIX_PATH=${CMAKE_PREFIX_PATH}:/home/encoder/Desktop/ros2-robot/ros2_ws/install/serial_pubsub:/home/encoder/Desktop/ros2-robot/ros2_ws/install/ros2_opencv:/home/encoder/Desktop/ros2-robot/ros2_ws/install/lidar_mapper:/home/encoder/Desktop/ros2-robot/install/serial_pubsub:/home/encoder/Desktop/ros2-robot/install/ros2_opencv:/home/encoder/Desktop/ros2-robot/install/lidar_mapper:/opt/ros/humble /usr/bin/cmake --install /home/encoder/Desktop/ros2-robot/build/tello_msgs
