[4.544s] Invoking command in '/home/encoder/Desktop/ros2-robot/ros2_ws/src/ros2_opencv': PYTHONPATH=/home/encoder/Desktop/ros2-robot/build/ros2_opencv/prefix_override:/usr/lib/python3/dist-packages/colcon_core/task/python/colcon_distutils_commands:/home/encoder/Desktop/ros2-robot/install/ros2_opencv/lib/python3.10/site-packages:${PYTHONPATH} /usr/bin/python3 -W ignore:setup.py install is deprecated -W ignore:easy_install command is deprecated setup.py egg_info --egg-base ../../../build/ros2_opencv build --build-base /home/encoder/Desktop/ros2-robot/build/ros2_opencv/build install --record /home/encoder/Desktop/ros2-robot/build/ros2_opencv/install.log --single-version-externally-managed install_data
[5.768s] running egg_info
[5.775s] writing ../../../build/ros2_opencv/ros2_opencv.egg-info/PKG-INFO
[5.777s] writing dependency_links to ../../../build/ros2_opencv/ros2_opencv.egg-info/dependency_links.txt
[5.777s] writing entry points to ../../../build/ros2_opencv/ros2_opencv.egg-info/entry_points.txt
[5.778s] writing requirements to ../../../build/ros2_opencv/ros2_opencv.egg-info/requires.txt
[5.778s] writing top-level names to ../../../build/ros2_opencv/ros2_opencv.egg-info/top_level.txt
[5.786s] reading manifest file '../../../build/ros2_opencv/ros2_opencv.egg-info/SOURCES.txt'
[5.790s] writing manifest file '../../../build/ros2_opencv/ros2_opencv.egg-info/SOURCES.txt'
[5.790s] running build
[5.791s] running build_py
[5.791s] running install
[5.791s] running install_lib
[5.792s] running install_data
[5.793s] running install_egg_info
[5.795s] removing '/home/encoder/Desktop/ros2-robot/install/ros2_opencv/lib/python3.10/site-packages/ros2_opencv-0.0.0-py3.10.egg-info' (and everything under it)
[5.800s] Copying ../../../build/ros2_opencv/ros2_opencv.egg-info to /home/encoder/Desktop/ros2-robot/install/ros2_opencv/lib/python3.10/site-packages/ros2_opencv-0.0.0-py3.10.egg-info
[5.801s] running install_scripts
[5.879s] Installing publisher_node script to /home/encoder/Desktop/ros2-robot/install/ros2_opencv/lib/ros2_opencv
[5.882s] Installing subcriber_node script to /home/encoder/Desktop/ros2-robot/install/ros2_opencv/lib/ros2_opencv
[5.883s] writing list of installed files to '/home/encoder/Desktop/ros2-robot/build/ros2_opencv/install.log'
[6.047s] Invoked command in '/home/encoder/Desktop/ros2-robot/ros2_ws/src/ros2_opencv' returned '0': PYTHONPATH=/home/encoder/Desktop/ros2-robot/build/ros2_opencv/prefix_override:/usr/lib/python3/dist-packages/colcon_core/task/python/colcon_distutils_commands:/home/encoder/Desktop/ros2-robot/install/ros2_opencv/lib/python3.10/site-packages:${PYTHONPATH} /usr/bin/python3 -W ignore:setup.py install is deprecated -W ignore:easy_install command is deprecated setup.py egg_info --egg-base ../../../build/ros2_opencv build --build-base /home/encoder/Desktop/ros2-robot/build/ros2_opencv/build install --record /home/encoder/Desktop/ros2-robot/build/ros2_opencv/install.log --single-version-externally-managed install_data
