[0.232s] DEBUG:colcon:Command line arguments: ['/usr/bin/colcon', 'build']
[0.232s] DEBUG:colcon:Parsed command line arguments: Namespace(log_base=None, log_level=None, verb_name='build', build_base='build', install_base='install', merge_install=False, symlink_install=False, test_result_base=None, continue_on_error=False, executor='parallel', parallel_workers=12, event_handlers=None, ignore_user_meta=False, metas=['./colcon.meta'], base_paths=['.'], packages_ignore=None, packages_ignore_regex=None, paths=None, packages_up_to=None, packages_up_to_regex=None, packages_above=None, packages_above_and_dependencies=None, packages_above_depth=None, packages_select_by_dep=None, packages_skip_by_dep=None, packages_skip_up_to=None, packages_select_build_failed=False, packages_skip_build_finished=False, packages_select_test_failures=False, packages_skip_test_passed=False, packages_select=None, packages_skip=None, packages_select_regex=None, packages_skip_regex=None, packages_start=None, packages_end=None, allow_overriding=[], cmake_args=None, cmake_target=None, cmake_target_skip_unavailable=False, cmake_clean_cache=False, cmake_clean_first=False, cmake_force_configure=False, ament_cmake_args=None, catkin_cmake_args=None, catkin_skip_building_tests=False, mixin_files=None, mixin=None, verb_parser=<colcon_mixin.mixin.mixin_argument.MixinArgumentDecorator object at 0x70a09285f9d0>, verb_extension=<colcon_core.verb.build.BuildVerb object at 0x70a0928193f0>, main=<bound method BuildVerb.main of <colcon_core.verb.build.BuildVerb object at 0x70a0928193f0>>, mixin_verb=('build',))
[0.584s] Level 1:colcon.colcon_core.package_discovery:discover_packages(colcon_meta) check parameters
[0.584s] Level 1:colcon.colcon_core.package_discovery:discover_packages(recursive) check parameters
[0.585s] Level 1:colcon.colcon_core.package_discovery:discover_packages(ignore) check parameters
[0.585s] Level 1:colcon.colcon_core.package_discovery:discover_packages(path) check parameters
[0.585s] Level 1:colcon.colcon_core.package_discovery:discover_packages(colcon_meta) discover
[0.585s] Level 1:colcon.colcon_core.package_discovery:discover_packages(recursive) discover
[0.585s] INFO:colcon.colcon_core.package_discovery:Crawling recursively for packages in '/home/encoder/Desktop/ros2-robot/ros2_ws'
[0.586s] Level 1:colcon.colcon_core.package_identification:_identify(.) by extensions ['ignore', 'ignore_ament_install']
[0.586s] Level 1:colcon.colcon_core.package_identification:_identify(.) by extension 'ignore'
[0.586s] Level 1:colcon.colcon_core.package_identification:_identify(.) by extension 'ignore_ament_install'
[0.586s] Level 1:colcon.colcon_core.package_identification:_identify(.) by extensions ['colcon_pkg']
[0.586s] Level 1:colcon.colcon_core.package_identification:_identify(.) by extension 'colcon_pkg'
[0.587s] Level 1:colcon.colcon_core.package_identification:_identify(.) by extensions ['colcon_meta']
[0.587s] Level 1:colcon.colcon_core.package_identification:_identify(.) by extension 'colcon_meta'
[0.587s] Level 1:colcon.colcon_core.package_identification:_identify(.) by extensions ['ros']
[0.587s] Level 1:colcon.colcon_core.package_identification:_identify(.) by extension 'ros'
[0.630s] Level 1:colcon.colcon_core.package_identification:_identify(.) by extensions ['cmake', 'python']
[0.630s] Level 1:colcon.colcon_core.package_identification:_identify(.) by extension 'cmake'
[0.630s] Level 1:colcon.colcon_core.package_identification:_identify(.) by extension 'python'
[0.630s] Level 1:colcon.colcon_core.package_identification:_identify(.) by extensions ['python_setup_py']
[0.630s] Level 1:colcon.colcon_core.package_identification:_identify(.) by extension 'python_setup_py'
[0.631s] Level 1:colcon.colcon_core.package_identification:_identify(build) by extensions ['ignore', 'ignore_ament_install']
[0.631s] Level 1:colcon.colcon_core.package_identification:_identify(build) by extension 'ignore'
[0.631s] Level 1:colcon.colcon_core.package_identification:_identify(build) ignored
[0.632s] Level 1:colcon.colcon_core.package_identification:_identify(install) by extensions ['ignore', 'ignore_ament_install']
[0.632s] Level 1:colcon.colcon_core.package_identification:_identify(install) by extension 'ignore'
[0.632s] Level 1:colcon.colcon_core.package_identification:_identify(install) ignored
[0.633s] Level 1:colcon.colcon_core.package_identification:_identify(log) by extensions ['ignore', 'ignore_ament_install']
[0.633s] Level 1:colcon.colcon_core.package_identification:_identify(log) by extension 'ignore'
[0.633s] Level 1:colcon.colcon_core.package_identification:_identify(log) ignored
[0.633s] Level 1:colcon.colcon_core.package_identification:_identify(src) by extensions ['ignore', 'ignore_ament_install']
[0.634s] Level 1:colcon.colcon_core.package_identification:_identify(src) by extension 'ignore'
[0.634s] Level 1:colcon.colcon_core.package_identification:_identify(src) by extension 'ignore_ament_install'
[0.634s] Level 1:colcon.colcon_core.package_identification:_identify(src) by extensions ['colcon_pkg']
[0.634s] Level 1:colcon.colcon_core.package_identification:_identify(src) by extension 'colcon_pkg'
[0.634s] Level 1:colcon.colcon_core.package_identification:_identify(src) by extensions ['colcon_meta']
[0.634s] Level 1:colcon.colcon_core.package_identification:_identify(src) by extension 'colcon_meta'
[0.634s] Level 1:colcon.colcon_core.package_identification:_identify(src) by extensions ['ros']
[0.635s] Level 1:colcon.colcon_core.package_identification:_identify(src) by extension 'ros'
[0.635s] Level 1:colcon.colcon_core.package_identification:_identify(src) by extensions ['cmake', 'python']
[0.635s] Level 1:colcon.colcon_core.package_identification:_identify(src) by extension 'cmake'
[0.635s] Level 1:colcon.colcon_core.package_identification:_identify(src) by extension 'python'
[0.635s] Level 1:colcon.colcon_core.package_identification:_identify(src) by extensions ['python_setup_py']
[0.635s] Level 1:colcon.colcon_core.package_identification:_identify(src) by extension 'python_setup_py'
[0.636s] Level 1:colcon.colcon_core.package_identification:_identify(src/lidar_mapper) by extensions ['ignore', 'ignore_ament_install']
[0.636s] Level 1:colcon.colcon_core.package_identification:_identify(src/lidar_mapper) by extension 'ignore'
[0.636s] Level 1:colcon.colcon_core.package_identification:_identify(src/lidar_mapper) by extension 'ignore_ament_install'
[0.636s] Level 1:colcon.colcon_core.package_identification:_identify(src/lidar_mapper) by extensions ['colcon_pkg']
[0.636s] Level 1:colcon.colcon_core.package_identification:_identify(src/lidar_mapper) by extension 'colcon_pkg'
[0.637s] Level 1:colcon.colcon_core.package_identification:_identify(src/lidar_mapper) by extensions ['colcon_meta']
[0.637s] Level 1:colcon.colcon_core.package_identification:_identify(src/lidar_mapper) by extension 'colcon_meta'
[0.637s] Level 1:colcon.colcon_core.package_identification:_identify(src/lidar_mapper) by extensions ['ros']
[0.637s] Level 1:colcon.colcon_core.package_identification:_identify(src/lidar_mapper) by extension 'ros'
[0.648s] DEBUG:colcon.colcon_core.package_identification:Package 'src/lidar_mapper' with type 'ros.ament_python' and name 'lidar_mapper'
[0.648s] Level 1:colcon.colcon_core.package_identification:_identify(src/ros2_opencv) by extensions ['ignore', 'ignore_ament_install']
[0.648s] Level 1:colcon.colcon_core.package_identification:_identify(src/ros2_opencv) by extension 'ignore'
[0.649s] Level 1:colcon.colcon_core.package_identification:_identify(src/ros2_opencv) by extension 'ignore_ament_install'
[0.649s] Level 1:colcon.colcon_core.package_identification:_identify(src/ros2_opencv) by extensions ['colcon_pkg']
[0.649s] Level 1:colcon.colcon_core.package_identification:_identify(src/ros2_opencv) by extension 'colcon_pkg'
[0.649s] Level 1:colcon.colcon_core.package_identification:_identify(src/ros2_opencv) by extensions ['colcon_meta']
[0.649s] Level 1:colcon.colcon_core.package_identification:_identify(src/ros2_opencv) by extension 'colcon_meta'
[0.649s] Level 1:colcon.colcon_core.package_identification:_identify(src/ros2_opencv) by extensions ['ros']
[0.650s] Level 1:colcon.colcon_core.package_identification:_identify(src/ros2_opencv) by extension 'ros'
[0.653s] DEBUG:colcon.colcon_core.package_identification:Package 'src/ros2_opencv' with type 'ros.ament_python' and name 'ros2_opencv'
[0.653s] Level 1:colcon.colcon_core.package_identification:_identify(src/ros2_shared) by extensions ['ignore', 'ignore_ament_install']
[0.654s] Level 1:colcon.colcon_core.package_identification:_identify(src/ros2_shared) by extension 'ignore'
[0.654s] Level 1:colcon.colcon_core.package_identification:_identify(src/ros2_shared) by extension 'ignore_ament_install'
[0.654s] Level 1:colcon.colcon_core.package_identification:_identify(src/ros2_shared) by extensions ['colcon_pkg']
[0.654s] Level 1:colcon.colcon_core.package_identification:_identify(src/ros2_shared) by extension 'colcon_pkg'
[0.654s] Level 1:colcon.colcon_core.package_identification:_identify(src/ros2_shared) by extensions ['colcon_meta']
[0.654s] Level 1:colcon.colcon_core.package_identification:_identify(src/ros2_shared) by extension 'colcon_meta'
[0.655s] Level 1:colcon.colcon_core.package_identification:_identify(src/ros2_shared) by extensions ['ros']
[0.655s] Level 1:colcon.colcon_core.package_identification:_identify(src/ros2_shared) by extension 'ros'
[0.657s] DEBUG:colcon.colcon_core.package_identification:Package 'src/ros2_shared' with type 'ros.ament_cmake' and name 'ros2_shared'
[0.657s] Level 1:colcon.colcon_core.package_identification:_identify(src/rplidar_ros) by extensions ['ignore', 'ignore_ament_install']
[0.658s] Level 1:colcon.colcon_core.package_identification:_identify(src/rplidar_ros) by extension 'ignore'
[0.658s] Level 1:colcon.colcon_core.package_identification:_identify(src/rplidar_ros) by extension 'ignore_ament_install'
[0.658s] Level 1:colcon.colcon_core.package_identification:_identify(src/rplidar_ros) by extensions ['colcon_pkg']
[0.658s] Level 1:colcon.colcon_core.package_identification:_identify(src/rplidar_ros) by extension 'colcon_pkg'
[0.658s] Level 1:colcon.colcon_core.package_identification:_identify(src/rplidar_ros) by extensions ['colcon_meta']
[0.658s] Level 1:colcon.colcon_core.package_identification:_identify(src/rplidar_ros) by extension 'colcon_meta'
[0.658s] Level 1:colcon.colcon_core.package_identification:_identify(src/rplidar_ros) by extensions ['ros']
[0.659s] Level 1:colcon.colcon_core.package_identification:_identify(src/rplidar_ros) by extension 'ros'
[0.665s] DEBUG:colcon.colcon_core.package_identification:Package 'src/rplidar_ros' with type 'ros.ament_cmake' and name 'rplidar_ros'
[0.665s] Level 1:colcon.colcon_core.package_identification:_identify(src/serial_pubsub) by extensions ['ignore', 'ignore_ament_install']
[0.666s] Level 1:colcon.colcon_core.package_identification:_identify(src/serial_pubsub) by extension 'ignore'
[0.666s] Level 1:colcon.colcon_core.package_identification:_identify(src/serial_pubsub) by extension 'ignore_ament_install'
[0.666s] Level 1:colcon.colcon_core.package_identification:_identify(src/serial_pubsub) by extensions ['colcon_pkg']
[0.666s] Level 1:colcon.colcon_core.package_identification:_identify(src/serial_pubsub) by extension 'colcon_pkg'
[0.666s] Level 1:colcon.colcon_core.package_identification:_identify(src/serial_pubsub) by extensions ['colcon_meta']
[0.666s] Level 1:colcon.colcon_core.package_identification:_identify(src/serial_pubsub) by extension 'colcon_meta'
[0.666s] Level 1:colcon.colcon_core.package_identification:_identify(src/serial_pubsub) by extensions ['ros']
[0.667s] Level 1:colcon.colcon_core.package_identification:_identify(src/serial_pubsub) by extension 'ros'
[0.669s] DEBUG:colcon.colcon_core.package_identification:Package 'src/serial_pubsub' with type 'ros.ament_python' and name 'serial_pubsub'
[0.669s] Level 1:colcon.colcon_core.package_identification:_identify(src/tello_ros2) by extensions ['ignore', 'ignore_ament_install']
[0.669s] Level 1:colcon.colcon_core.package_identification:_identify(src/tello_ros2) by extension 'ignore'
[0.670s] Level 1:colcon.colcon_core.package_identification:_identify(src/tello_ros2) by extension 'ignore_ament_install'
[0.670s] Level 1:colcon.colcon_core.package_identification:_identify(src/tello_ros2) by extensions ['colcon_pkg']
[0.670s] Level 1:colcon.colcon_core.package_identification:_identify(src/tello_ros2) by extension 'colcon_pkg'
[0.670s] Level 1:colcon.colcon_core.package_identification:_identify(src/tello_ros2) by extensions ['colcon_meta']
[0.670s] Level 1:colcon.colcon_core.package_identification:_identify(src/tello_ros2) by extension 'colcon_meta'
[0.670s] Level 1:colcon.colcon_core.package_identification:_identify(src/tello_ros2) by extensions ['ros']
[0.671s] Level 1:colcon.colcon_core.package_identification:_identify(src/tello_ros2) by extension 'ros'
[0.674s] DEBUG:colcon.colcon_core.package_identification:Package 'src/tello_ros2' with type 'ros.ament_python' and name 'tello_ros2'
[0.674s] Level 1:colcon.colcon_core.package_discovery:discover_packages(recursive) using defaults
[0.674s] Level 1:colcon.colcon_core.package_discovery:discover_packages(ignore) discover
[0.674s] Level 1:colcon.colcon_core.package_discovery:discover_packages(ignore) using defaults
[0.674s] Level 1:colcon.colcon_core.package_discovery:discover_packages(path) discover
[0.674s] Level 1:colcon.colcon_core.package_discovery:discover_packages(path) using defaults
[0.780s] Level 1:colcon.colcon_core.package_discovery:discover_packages(prefix_path) check parameters
[0.781s] Level 1:colcon.colcon_core.package_discovery:discover_packages(prefix_path) discover
[0.784s] WARNING:colcon.colcon_ros.prefix_path.ament:The path '/home/encoder/Desktop/ros2-robot/ros2_ws/install/tello_msgs' in the environment variable AMENT_PREFIX_PATH doesn't exist
[0.785s] WARNING:colcon.colcon_ros.prefix_path.ament:The path '/home/encoder/Desktop/ros2-robot/ros2_ws/install/tello_description' in the environment variable AMENT_PREFIX_PATH doesn't exist
[0.785s] WARNING:colcon.colcon_ros.prefix_path.ament:The path '/home/encoder/Desktop/ros2-robot/ros2_ws/install/serial_pubsub' in the environment variable AMENT_PREFIX_PATH doesn't exist
[0.785s] WARNING:colcon.colcon_ros.prefix_path.ament:The path '/home/encoder/Desktop/ros2-robot/ros2_ws/install/rplidar_ros' in the environment variable AMENT_PREFIX_PATH doesn't exist
[0.785s] WARNING:colcon.colcon_ros.prefix_path.ament:The path '/home/encoder/Desktop/ros2-robot/ros2_ws/install/ros2_shared' in the environment variable AMENT_PREFIX_PATH doesn't exist
[0.785s] WARNING:colcon.colcon_ros.prefix_path.ament:The path '/home/encoder/Desktop/ros2-robot/ros2_ws/install/ros2_opencv' in the environment variable AMENT_PREFIX_PATH doesn't exist
[0.785s] WARNING:colcon.colcon_ros.prefix_path.ament:The path '/home/encoder/Desktop/ros2-robot/ros2_ws/install/lidar_mapper' in the environment variable AMENT_PREFIX_PATH doesn't exist
[0.786s] WARNING:colcon.colcon_ros.prefix_path.catkin:The path '/home/encoder/Desktop/ros2-robot/ros2_ws/install/tello_msgs' in the environment variable CMAKE_PREFIX_PATH doesn't exist
[0.786s] WARNING:colcon.colcon_ros.prefix_path.catkin:The path '/home/encoder/Desktop/ros2-robot/ros2_ws/install/tello_description' in the environment variable CMAKE_PREFIX_PATH doesn't exist
[0.787s] WARNING:colcon.colcon_ros.prefix_path.catkin:The path '/home/encoder/Desktop/ros2-robot/ros2_ws/install/rplidar_ros' in the environment variable CMAKE_PREFIX_PATH doesn't exist
[0.787s] WARNING:colcon.colcon_ros.prefix_path.catkin:The path '/home/encoder/Desktop/ros2-robot/ros2_ws/install/ros2_shared' in the environment variable CMAKE_PREFIX_PATH doesn't exist
[0.789s] DEBUG:colcon.colcon_installed_package_information.package_discovery:Found 1 installed packages in /home/encoder/Desktop/ros2-robot/ros2_ws/install
[0.791s] DEBUG:colcon.colcon_installed_package_information.package_discovery:Found 9 installed packages in /home/encoder/Desktop/ros2-robot/install
[0.797s] DEBUG:colcon.colcon_installed_package_information.package_discovery:Found 318 installed packages in /opt/ros/humble
[0.802s] Level 1:colcon.colcon_core.package_discovery:discover_packages(prefix_path) using defaults
[0.960s] WARNING:colcon.colcon_core.package_selection:Some selected packages are already built in one or more underlay workspaces:
	'ros2_shared' is in: /home/encoder/Desktop/ros2-robot/install/ros2_shared
If a package in a merged underlay workspace is overridden and it installs headers, then all packages in the overlay must sort their include directories by workspace order. Failure to do so may result in build failures or undefined behavior at run time.
If the overridden package is used by another package in any underlay, then the overriding package in the overlay must be API and ABI compatible or undefined behavior at run time may occur.

If you understand the risks and want to override a package anyways, add the following to the command line:
	--allow-overriding ros2_shared

This may be promoted to an error in a future release of colcon-override-check.
[0.963s] Level 5:colcon.colcon_core.verb:set package 'lidar_mapper' build argument 'cmake_args' from command line to 'None'
[0.963s] Level 5:colcon.colcon_core.verb:set package 'lidar_mapper' build argument 'cmake_target' from command line to 'None'
[0.963s] Level 5:colcon.colcon_core.verb:set package 'lidar_mapper' build argument 'cmake_target_skip_unavailable' from command line to 'False'
[0.963s] Level 5:colcon.colcon_core.verb:set package 'lidar_mapper' build argument 'cmake_clean_cache' from command line to 'False'
[0.964s] Level 5:colcon.colcon_core.verb:set package 'lidar_mapper' build argument 'cmake_clean_first' from command line to 'False'
[0.964s] Level 5:colcon.colcon_core.verb:set package 'lidar_mapper' build argument 'cmake_force_configure' from command line to 'False'
[0.964s] Level 5:colcon.colcon_core.verb:set package 'lidar_mapper' build argument 'ament_cmake_args' from command line to 'None'
[0.964s] Level 5:colcon.colcon_core.verb:set package 'lidar_mapper' build argument 'catkin_cmake_args' from command line to 'None'
[0.964s] Level 5:colcon.colcon_core.verb:set package 'lidar_mapper' build argument 'catkin_skip_building_tests' from command line to 'False'
[0.964s] DEBUG:colcon.colcon_core.verb:Building package 'lidar_mapper' with the following arguments: {'ament_cmake_args': None, 'build_base': '/home/encoder/Desktop/ros2-robot/ros2_ws/build/lidar_mapper', 'catkin_cmake_args': None, 'catkin_skip_building_tests': False, 'cmake_args': None, 'cmake_clean_cache': False, 'cmake_clean_first': False, 'cmake_force_configure': False, 'cmake_target': None, 'cmake_target_skip_unavailable': False, 'install_base': '/home/encoder/Desktop/ros2-robot/ros2_ws/install/lidar_mapper', 'merge_install': False, 'path': '/home/encoder/Desktop/ros2-robot/ros2_ws/src/lidar_mapper', 'symlink_install': False, 'test_result_base': None}
[0.965s] Level 5:colcon.colcon_core.verb:set package 'ros2_opencv' build argument 'cmake_args' from command line to 'None'
[0.965s] Level 5:colcon.colcon_core.verb:set package 'ros2_opencv' build argument 'cmake_target' from command line to 'None'
[0.965s] Level 5:colcon.colcon_core.verb:set package 'ros2_opencv' build argument 'cmake_target_skip_unavailable' from command line to 'False'
[0.965s] Level 5:colcon.colcon_core.verb:set package 'ros2_opencv' build argument 'cmake_clean_cache' from command line to 'False'
[0.965s] Level 5:colcon.colcon_core.verb:set package 'ros2_opencv' build argument 'cmake_clean_first' from command line to 'False'
[0.966s] Level 5:colcon.colcon_core.verb:set package 'ros2_opencv' build argument 'cmake_force_configure' from command line to 'False'
[0.966s] Level 5:colcon.colcon_core.verb:set package 'ros2_opencv' build argument 'ament_cmake_args' from command line to 'None'
[0.966s] Level 5:colcon.colcon_core.verb:set package 'ros2_opencv' build argument 'catkin_cmake_args' from command line to 'None'
[0.966s] Level 5:colcon.colcon_core.verb:set package 'ros2_opencv' build argument 'catkin_skip_building_tests' from command line to 'False'
[0.966s] DEBUG:colcon.colcon_core.verb:Building package 'ros2_opencv' with the following arguments: {'ament_cmake_args': None, 'build_base': '/home/encoder/Desktop/ros2-robot/ros2_ws/build/ros2_opencv', 'catkin_cmake_args': None, 'catkin_skip_building_tests': False, 'cmake_args': None, 'cmake_clean_cache': False, 'cmake_clean_first': False, 'cmake_force_configure': False, 'cmake_target': None, 'cmake_target_skip_unavailable': False, 'install_base': '/home/encoder/Desktop/ros2-robot/ros2_ws/install/ros2_opencv', 'merge_install': False, 'path': '/home/encoder/Desktop/ros2-robot/ros2_ws/src/ros2_opencv', 'symlink_install': False, 'test_result_base': None}
[0.967s] Level 5:colcon.colcon_core.verb:set package 'ros2_shared' build argument 'cmake_args' from command line to 'None'
[0.967s] Level 5:colcon.colcon_core.verb:set package 'ros2_shared' build argument 'cmake_target' from command line to 'None'
[0.967s] Level 5:colcon.colcon_core.verb:set package 'ros2_shared' build argument 'cmake_target_skip_unavailable' from command line to 'False'
[0.967s] Level 5:colcon.colcon_core.verb:set package 'ros2_shared' build argument 'cmake_clean_cache' from command line to 'False'
[0.967s] Level 5:colcon.colcon_core.verb:set package 'ros2_shared' build argument 'cmake_clean_first' from command line to 'False'
[0.967s] Level 5:colcon.colcon_core.verb:set package 'ros2_shared' build argument 'cmake_force_configure' from command line to 'False'
[0.967s] Level 5:colcon.colcon_core.verb:set package 'ros2_shared' build argument 'ament_cmake_args' from command line to 'None'
[0.967s] Level 5:colcon.colcon_core.verb:set package 'ros2_shared' build argument 'catkin_cmake_args' from command line to 'None'
[0.967s] Level 5:colcon.colcon_core.verb:set package 'ros2_shared' build argument 'catkin_skip_building_tests' from command line to 'False'
[0.967s] DEBUG:colcon.colcon_core.verb:Building package 'ros2_shared' with the following arguments: {'ament_cmake_args': None, 'build_base': '/home/encoder/Desktop/ros2-robot/ros2_ws/build/ros2_shared', 'catkin_cmake_args': None, 'catkin_skip_building_tests': False, 'cmake_args': None, 'cmake_clean_cache': False, 'cmake_clean_first': False, 'cmake_force_configure': False, 'cmake_target': None, 'cmake_target_skip_unavailable': False, 'install_base': '/home/encoder/Desktop/ros2-robot/ros2_ws/install/ros2_shared', 'merge_install': False, 'path': '/home/encoder/Desktop/ros2-robot/ros2_ws/src/ros2_shared', 'symlink_install': False, 'test_result_base': None}
[0.968s] Level 5:colcon.colcon_core.verb:set package 'rplidar_ros' build argument 'cmake_args' from command line to 'None'
[0.968s] Level 5:colcon.colcon_core.verb:set package 'rplidar_ros' build argument 'cmake_target' from command line to 'None'
[0.968s] Level 5:colcon.colcon_core.verb:set package 'rplidar_ros' build argument 'cmake_target_skip_unavailable' from command line to 'False'
[0.968s] Level 5:colcon.colcon_core.verb:set package 'rplidar_ros' build argument 'cmake_clean_cache' from command line to 'False'
[0.968s] Level 5:colcon.colcon_core.verb:set package 'rplidar_ros' build argument 'cmake_clean_first' from command line to 'False'
[0.968s] Level 5:colcon.colcon_core.verb:set package 'rplidar_ros' build argument 'cmake_force_configure' from command line to 'False'
[0.968s] Level 5:colcon.colcon_core.verb:set package 'rplidar_ros' build argument 'ament_cmake_args' from command line to 'None'
[0.968s] Level 5:colcon.colcon_core.verb:set package 'rplidar_ros' build argument 'catkin_cmake_args' from command line to 'None'
[0.968s] Level 5:colcon.colcon_core.verb:set package 'rplidar_ros' build argument 'catkin_skip_building_tests' from command line to 'False'
[0.969s] DEBUG:colcon.colcon_core.verb:Building package 'rplidar_ros' with the following arguments: {'ament_cmake_args': None, 'build_base': '/home/encoder/Desktop/ros2-robot/ros2_ws/build/rplidar_ros', 'catkin_cmake_args': None, 'catkin_skip_building_tests': False, 'cmake_args': None, 'cmake_clean_cache': False, 'cmake_clean_first': False, 'cmake_force_configure': False, 'cmake_target': None, 'cmake_target_skip_unavailable': False, 'install_base': '/home/encoder/Desktop/ros2-robot/ros2_ws/install/rplidar_ros', 'merge_install': False, 'path': '/home/encoder/Desktop/ros2-robot/ros2_ws/src/rplidar_ros', 'symlink_install': False, 'test_result_base': None}
[0.969s] Level 5:colcon.colcon_core.verb:set package 'serial_pubsub' build argument 'cmake_args' from command line to 'None'
[0.969s] Level 5:colcon.colcon_core.verb:set package 'serial_pubsub' build argument 'cmake_target' from command line to 'None'
[0.970s] Level 5:colcon.colcon_core.verb:set package 'serial_pubsub' build argument 'cmake_target_skip_unavailable' from command line to 'False'
[0.970s] Level 5:colcon.colcon_core.verb:set package 'serial_pubsub' build argument 'cmake_clean_cache' from command line to 'False'
[0.970s] Level 5:colcon.colcon_core.verb:set package 'serial_pubsub' build argument 'cmake_clean_first' from command line to 'False'
[0.970s] Level 5:colcon.colcon_core.verb:set package 'serial_pubsub' build argument 'cmake_force_configure' from command line to 'False'
[0.970s] Level 5:colcon.colcon_core.verb:set package 'serial_pubsub' build argument 'ament_cmake_args' from command line to 'None'
[0.970s] Level 5:colcon.colcon_core.verb:set package 'serial_pubsub' build argument 'catkin_cmake_args' from command line to 'None'
[0.970s] Level 5:colcon.colcon_core.verb:set package 'serial_pubsub' build argument 'catkin_skip_building_tests' from command line to 'False'
[0.970s] DEBUG:colcon.colcon_core.verb:Building package 'serial_pubsub' with the following arguments: {'ament_cmake_args': None, 'build_base': '/home/encoder/Desktop/ros2-robot/ros2_ws/build/serial_pubsub', 'catkin_cmake_args': None, 'catkin_skip_building_tests': False, 'cmake_args': None, 'cmake_clean_cache': False, 'cmake_clean_first': False, 'cmake_force_configure': False, 'cmake_target': None, 'cmake_target_skip_unavailable': False, 'install_base': '/home/encoder/Desktop/ros2-robot/ros2_ws/install/serial_pubsub', 'merge_install': False, 'path': '/home/encoder/Desktop/ros2-robot/ros2_ws/src/serial_pubsub', 'symlink_install': False, 'test_result_base': None}
[0.971s] Level 5:colcon.colcon_core.verb:set package 'tello_ros2' build argument 'cmake_args' from command line to 'None'
[0.971s] Level 5:colcon.colcon_core.verb:set package 'tello_ros2' build argument 'cmake_target' from command line to 'None'
[0.971s] Level 5:colcon.colcon_core.verb:set package 'tello_ros2' build argument 'cmake_target_skip_unavailable' from command line to 'False'
[0.971s] Level 5:colcon.colcon_core.verb:set package 'tello_ros2' build argument 'cmake_clean_cache' from command line to 'False'
[0.971s] Level 5:colcon.colcon_core.verb:set package 'tello_ros2' build argument 'cmake_clean_first' from command line to 'False'
[0.971s] Level 5:colcon.colcon_core.verb:set package 'tello_ros2' build argument 'cmake_force_configure' from command line to 'False'
[0.971s] Level 5:colcon.colcon_core.verb:set package 'tello_ros2' build argument 'ament_cmake_args' from command line to 'None'
[0.971s] Level 5:colcon.colcon_core.verb:set package 'tello_ros2' build argument 'catkin_cmake_args' from command line to 'None'
[0.971s] Level 5:colcon.colcon_core.verb:set package 'tello_ros2' build argument 'catkin_skip_building_tests' from command line to 'False'
[0.971s] DEBUG:colcon.colcon_core.verb:Building package 'tello_ros2' with the following arguments: {'ament_cmake_args': None, 'build_base': '/home/encoder/Desktop/ros2-robot/ros2_ws/build/tello_ros2', 'catkin_cmake_args': None, 'catkin_skip_building_tests': False, 'cmake_args': None, 'cmake_clean_cache': False, 'cmake_clean_first': False, 'cmake_force_configure': False, 'cmake_target': None, 'cmake_target_skip_unavailable': False, 'install_base': '/home/encoder/Desktop/ros2-robot/ros2_ws/install/tello_ros2', 'merge_install': False, 'path': '/home/encoder/Desktop/ros2-robot/ros2_ws/src/tello_ros2', 'symlink_install': False, 'test_result_base': None}
[0.972s] INFO:colcon.colcon_core.executor:Executing jobs using 'parallel' executor
[0.975s] DEBUG:colcon.colcon_parallel_executor.executor.parallel:run_until_complete
[0.975s] INFO:colcon.colcon_ros.task.ament_python.build:Building ROS package in '/home/encoder/Desktop/ros2-robot/ros2_ws/src/lidar_mapper' with build type 'ament_python'
[0.976s] Level 1:colcon.colcon_core.shell:create_environment_hook('lidar_mapper', 'ament_prefix_path')
[0.982s] INFO:colcon.colcon_core.plugin_system:Skipping extension 'colcon_core.shell.bat': Not used on non-Windows systems
[0.983s] INFO:colcon.colcon_core.shell:Creating environment hook '/home/encoder/Desktop/ros2-robot/ros2_ws/install/lidar_mapper/share/lidar_mapper/hook/ament_prefix_path.ps1'
[0.984s] INFO:colcon.colcon_core.shell:Creating environment descriptor '/home/encoder/Desktop/ros2-robot/ros2_ws/install/lidar_mapper/share/lidar_mapper/hook/ament_prefix_path.dsv'
[0.985s] INFO:colcon.colcon_core.shell:Creating environment hook '/home/encoder/Desktop/ros2-robot/ros2_ws/install/lidar_mapper/share/lidar_mapper/hook/ament_prefix_path.sh'
[0.987s] INFO:colcon.colcon_core.shell:Skip shell extension 'powershell' for command environment: Not usable outside of PowerShell
[0.988s] DEBUG:colcon.colcon_core.shell:Skip shell extension 'dsv' for command environment
[0.998s] INFO:colcon.colcon_ros.task.ament_python.build:Building ROS package in '/home/encoder/Desktop/ros2-robot/ros2_ws/src/ros2_opencv' with build type 'ament_python'
[0.999s] Level 1:colcon.colcon_core.shell:create_environment_hook('ros2_opencv', 'ament_prefix_path')
[0.999s] INFO:colcon.colcon_core.shell:Creating environment hook '/home/encoder/Desktop/ros2-robot/ros2_ws/install/ros2_opencv/share/ros2_opencv/hook/ament_prefix_path.ps1'
[1.001s] INFO:colcon.colcon_core.shell:Creating environment descriptor '/home/encoder/Desktop/ros2-robot/ros2_ws/install/ros2_opencv/share/ros2_opencv/hook/ament_prefix_path.dsv'
[1.002s] INFO:colcon.colcon_core.shell:Creating environment hook '/home/encoder/Desktop/ros2-robot/ros2_ws/install/ros2_opencv/share/ros2_opencv/hook/ament_prefix_path.sh'
[1.004s] INFO:colcon.colcon_core.shell:Skip shell extension 'powershell' for command environment: Not usable outside of PowerShell
[1.004s] DEBUG:colcon.colcon_core.shell:Skip shell extension 'dsv' for command environment
[1.017s] INFO:colcon.colcon_ros.task.ament_cmake.build:Building ROS package in '/home/encoder/Desktop/ros2-robot/ros2_ws/src/ros2_shared' with build type 'ament_cmake'
[1.018s] INFO:colcon.colcon_cmake.task.cmake.build:Building CMake package in '/home/encoder/Desktop/ros2-robot/ros2_ws/src/ros2_shared'
[1.019s] INFO:colcon.colcon_core.shell:Skip shell extension 'powershell' for command environment: Not usable outside of PowerShell
[1.019s] DEBUG:colcon.colcon_core.shell:Skip shell extension 'dsv' for command environment
[1.032s] INFO:colcon.colcon_ros.task.ament_cmake.build:Building ROS package in '/home/encoder/Desktop/ros2-robot/ros2_ws/src/rplidar_ros' with build type 'ament_cmake'
[1.033s] INFO:colcon.colcon_cmake.task.cmake.build:Building CMake package in '/home/encoder/Desktop/ros2-robot/ros2_ws/src/rplidar_ros'
[1.033s] INFO:colcon.colcon_core.shell:Skip shell extension 'powershell' for command environment: Not usable outside of PowerShell
[1.034s] DEBUG:colcon.colcon_core.shell:Skip shell extension 'dsv' for command environment
[1.046s] INFO:colcon.colcon_ros.task.ament_python.build:Building ROS package in '/home/encoder/Desktop/ros2-robot/ros2_ws/src/serial_pubsub' with build type 'ament_python'
[1.046s] Level 1:colcon.colcon_core.shell:create_environment_hook('serial_pubsub', 'ament_prefix_path')
[1.047s] INFO:colcon.colcon_core.shell:Creating environment hook '/home/encoder/Desktop/ros2-robot/ros2_ws/install/serial_pubsub/share/serial_pubsub/hook/ament_prefix_path.ps1'
[1.049s] INFO:colcon.colcon_core.shell:Creating environment descriptor '/home/encoder/Desktop/ros2-robot/ros2_ws/install/serial_pubsub/share/serial_pubsub/hook/ament_prefix_path.dsv'
[1.051s] INFO:colcon.colcon_core.shell:Creating environment hook '/home/encoder/Desktop/ros2-robot/ros2_ws/install/serial_pubsub/share/serial_pubsub/hook/ament_prefix_path.sh'
[1.053s] INFO:colcon.colcon_core.shell:Skip shell extension 'powershell' for command environment: Not usable outside of PowerShell
[1.053s] DEBUG:colcon.colcon_core.shell:Skip shell extension 'dsv' for command environment
[1.068s] INFO:colcon.colcon_ros.task.ament_python.build:Building ROS package in '/home/encoder/Desktop/ros2-robot/ros2_ws/src/tello_ros2' with build type 'ament_python'
[1.068s] Level 1:colcon.colcon_core.shell:create_environment_hook('tello_ros2', 'ament_prefix_path')
[1.069s] INFO:colcon.colcon_core.shell:Creating environment hook '/home/encoder/Desktop/ros2-robot/ros2_ws/install/tello_ros2/share/tello_ros2/hook/ament_prefix_path.ps1'
[1.072s] INFO:colcon.colcon_core.shell:Creating environment descriptor '/home/encoder/Desktop/ros2-robot/ros2_ws/install/tello_ros2/share/tello_ros2/hook/ament_prefix_path.dsv'
[1.073s] INFO:colcon.colcon_core.shell:Creating environment hook '/home/encoder/Desktop/ros2-robot/ros2_ws/install/tello_ros2/share/tello_ros2/hook/ament_prefix_path.sh'
[1.076s] INFO:colcon.colcon_core.shell:Skip shell extension 'powershell' for command environment: Not usable outside of PowerShell
[1.077s] DEBUG:colcon.colcon_core.shell:Skip shell extension 'dsv' for command environment
[1.873s] INFO:colcon.colcon_core.task.python.build:Building Python package in '/home/encoder/Desktop/ros2-robot/ros2_ws/src/lidar_mapper'
[1.874s] INFO:colcon.colcon_core.shell:Skip shell extension 'powershell' for command environment: Not usable outside of PowerShell
[1.874s] DEBUG:colcon.colcon_core.shell:Skip shell extension 'dsv' for command environment
[2.756s] INFO:colcon.colcon_core.task.python.build:Building Python package in '/home/encoder/Desktop/ros2-robot/ros2_ws/src/ros2_opencv'
[2.757s] INFO:colcon.colcon_core.shell:Skip shell extension 'powershell' for command environment: Not usable outside of PowerShell
[2.757s] DEBUG:colcon.colcon_core.shell:Skip shell extension 'dsv' for command environment
[2.779s] DEBUG:colcon.colcon_core.event_handler.log_command:Invoking command in '/home/encoder/Desktop/ros2-robot/ros2_ws/build/ros2_shared': CMAKE_PREFIX_PATH=${CMAKE_PREFIX_PATH}:/home/encoder/Desktop/ros2-robot/ros2_ws/install/tello_ros2:/home/encoder/Desktop/ros2-robot/ros2_ws/install/serial_pubsub:/home/encoder/Desktop/ros2-robot/ros2_ws/install/ros2_opencv:/home/encoder/Desktop/ros2-robot/ros2_ws/install/lidar_mapper:/home/encoder/Desktop/ros2-robot/install/serial_pubsub:/home/encoder/Desktop/ros2-robot/install/ros2_opencv:/home/encoder/Desktop/ros2-robot/install/lidar_mapper:/opt/ros/humble /usr/bin/cmake /home/encoder/Desktop/ros2-robot/ros2_ws/src/ros2_shared -DCMAKE_INSTALL_PREFIX=/home/encoder/Desktop/ros2-robot/ros2_ws/install/ros2_shared
[2.793s] DEBUG:colcon.colcon_core.event_handler.log_command:Invoking command in '/home/encoder/Desktop/ros2-robot/ros2_ws/build/rplidar_ros': CMAKE_PREFIX_PATH=${CMAKE_PREFIX_PATH}:/home/encoder/Desktop/ros2-robot/ros2_ws/install/tello_ros2:/home/encoder/Desktop/ros2-robot/ros2_ws/install/serial_pubsub:/home/encoder/Desktop/ros2-robot/ros2_ws/install/ros2_opencv:/home/encoder/Desktop/ros2-robot/ros2_ws/install/lidar_mapper:/home/encoder/Desktop/ros2-robot/install/serial_pubsub:/home/encoder/Desktop/ros2-robot/install/ros2_opencv:/home/encoder/Desktop/ros2-robot/install/lidar_mapper:/opt/ros/humble /usr/bin/cmake /home/encoder/Desktop/ros2-robot/ros2_ws/src/rplidar_ros -DCMAKE_INSTALL_PREFIX=/home/encoder/Desktop/ros2-robot/ros2_ws/install/rplidar_ros
[3.770s] INFO:colcon.colcon_core.task.python.build:Building Python package in '/home/encoder/Desktop/ros2-robot/ros2_ws/src/serial_pubsub'
[3.771s] INFO:colcon.colcon_core.shell:Skip shell extension 'powershell' for command environment: Not usable outside of PowerShell
[3.771s] DEBUG:colcon.colcon_core.shell:Skip shell extension 'dsv' for command environment
[4.746s] INFO:colcon.colcon_core.task.python.build:Building Python package in '/home/encoder/Desktop/ros2-robot/ros2_ws/src/tello_ros2'
[4.747s] INFO:colcon.colcon_core.shell:Skip shell extension 'powershell' for command environment: Not usable outside of PowerShell
[4.748s] DEBUG:colcon.colcon_core.shell:Skip shell extension 'dsv' for command environment
[6.127s] DEBUG:colcon.colcon_core.event_handler.log_command:Invoking command in '/home/encoder/Desktop/ros2-robot/ros2_ws/src/lidar_mapper': PYTHONPATH=/home/encoder/Desktop/ros2-robot/ros2_ws/build/lidar_mapper/prefix_override:/usr/lib/python3/dist-packages/colcon_core/task/python/colcon_distutils_commands:/home/encoder/Desktop/ros2-robot/ros2_ws/install/lidar_mapper/lib/python3.10/site-packages:${PYTHONPATH} /usr/bin/python3 -W ignore:setup.py install is deprecated -W ignore:easy_install command is deprecated setup.py egg_info --egg-base ../../build/lidar_mapper build --build-base /home/encoder/Desktop/ros2-robot/ros2_ws/build/lidar_mapper/build install --record /home/encoder/Desktop/ros2-robot/ros2_ws/build/lidar_mapper/install.log --single-version-externally-managed install_data
[6.158s] DEBUG:colcon.colcon_core.event_handler.log_command:Invoking command in '/home/encoder/Desktop/ros2-robot/ros2_ws/src/serial_pubsub': PYTHONPATH=/home/encoder/Desktop/ros2-robot/ros2_ws/build/serial_pubsub/prefix_override:/usr/lib/python3/dist-packages/colcon_core/task/python/colcon_distutils_commands:/home/encoder/Desktop/ros2-robot/ros2_ws/install/serial_pubsub/lib/python3.10/site-packages:${PYTHONPATH} /usr/bin/python3 -W ignore:setup.py install is deprecated -W ignore:easy_install command is deprecated setup.py egg_info --egg-base ../../build/serial_pubsub build --build-base /home/encoder/Desktop/ros2-robot/ros2_ws/build/serial_pubsub/build install --record /home/encoder/Desktop/ros2-robot/ros2_ws/build/serial_pubsub/install.log --single-version-externally-managed install_data
[6.174s] DEBUG:colcon.colcon_core.event_handler.log_command:Invoking command in '/home/encoder/Desktop/ros2-robot/ros2_ws/src/ros2_opencv': PYTHONPATH=/home/encoder/Desktop/ros2-robot/ros2_ws/build/ros2_opencv/prefix_override:/usr/lib/python3/dist-packages/colcon_core/task/python/colcon_distutils_commands:/home/encoder/Desktop/ros2-robot/ros2_ws/install/ros2_opencv/lib/python3.10/site-packages:${PYTHONPATH} /usr/bin/python3 -W ignore:setup.py install is deprecated -W ignore:easy_install command is deprecated setup.py egg_info --egg-base ../../build/ros2_opencv build --build-base /home/encoder/Desktop/ros2-robot/ros2_ws/build/ros2_opencv/build install --record /home/encoder/Desktop/ros2-robot/ros2_ws/build/ros2_opencv/install.log --single-version-externally-managed install_data
[6.199s] DEBUG:colcon.colcon_core.event_handler.log_command:Invoking command in '/home/encoder/Desktop/ros2-robot/ros2_ws/src/tello_ros2': PYTHONPATH=/home/encoder/Desktop/ros2-robot/ros2_ws/build/tello_ros2/prefix_override:/usr/lib/python3/dist-packages/colcon_core/task/python/colcon_distutils_commands:/home/encoder/Desktop/ros2-robot/ros2_ws/install/tello_ros2/lib/python3.10/site-packages:${PYTHONPATH} /usr/bin/python3 -W ignore:setup.py install is deprecated -W ignore:easy_install command is deprecated setup.py egg_info --egg-base ../../build/tello_ros2 build --build-base /home/encoder/Desktop/ros2-robot/ros2_ws/build/tello_ros2/build install --record /home/encoder/Desktop/ros2-robot/ros2_ws/build/tello_ros2/install.log --single-version-externally-managed install_data
[7.223s] DEBUG:colcon.colcon_core.event_handler.log_command:Invoked command in '/home/encoder/Desktop/ros2-robot/ros2_ws/build/ros2_shared' returned '0': CMAKE_PREFIX_PATH=${CMAKE_PREFIX_PATH}:/home/encoder/Desktop/ros2-robot/ros2_ws/install/tello_ros2:/home/encoder/Desktop/ros2-robot/ros2_ws/install/serial_pubsub:/home/encoder/Desktop/ros2-robot/ros2_ws/install/ros2_opencv:/home/encoder/Desktop/ros2-robot/ros2_ws/install/lidar_mapper:/home/encoder/Desktop/ros2-robot/install/serial_pubsub:/home/encoder/Desktop/ros2-robot/install/ros2_opencv:/home/encoder/Desktop/ros2-robot/install/lidar_mapper:/opt/ros/humble /usr/bin/cmake /home/encoder/Desktop/ros2-robot/ros2_ws/src/ros2_shared -DCMAKE_INSTALL_PREFIX=/home/encoder/Desktop/ros2-robot/ros2_ws/install/ros2_shared
[7.239s] DEBUG:colcon.colcon_core.event_handler.log_command:Invoking command in '/home/encoder/Desktop/ros2-robot/ros2_ws/build/ros2_shared': CMAKE_PREFIX_PATH=${CMAKE_PREFIX_PATH}:/home/encoder/Desktop/ros2-robot/ros2_ws/install/tello_ros2:/home/encoder/Desktop/ros2-robot/ros2_ws/install/serial_pubsub:/home/encoder/Desktop/ros2-robot/ros2_ws/install/ros2_opencv:/home/encoder/Desktop/ros2-robot/ros2_ws/install/lidar_mapper:/home/encoder/Desktop/ros2-robot/install/serial_pubsub:/home/encoder/Desktop/ros2-robot/install/ros2_opencv:/home/encoder/Desktop/ros2-robot/install/lidar_mapper:/opt/ros/humble /usr/bin/cmake --build /home/encoder/Desktop/ros2-robot/ros2_ws/build/ros2_shared -- -j12 -l12
[7.402s] DEBUG:colcon.colcon_core.event_handler.log_command:Invoked command in '/home/encoder/Desktop/ros2-robot/ros2_ws/src/lidar_mapper' returned '0': PYTHONPATH=/home/encoder/Desktop/ros2-robot/ros2_ws/build/lidar_mapper/prefix_override:/usr/lib/python3/dist-packages/colcon_core/task/python/colcon_distutils_commands:/home/encoder/Desktop/ros2-robot/ros2_ws/install/lidar_mapper/lib/python3.10/site-packages:${PYTHONPATH} /usr/bin/python3 -W ignore:setup.py install is deprecated -W ignore:easy_install command is deprecated setup.py egg_info --egg-base ../../build/lidar_mapper build --build-base /home/encoder/Desktop/ros2-robot/ros2_ws/build/lidar_mapper/build install --record /home/encoder/Desktop/ros2-robot/ros2_ws/build/lidar_mapper/install.log --single-version-externally-managed install_data
[7.433s] Level 1:colcon.colcon_core.environment:checking '/home/encoder/Desktop/ros2-robot/ros2_ws/install/lidar_mapper' for CMake module files
[7.440s] Level 1:colcon.colcon_core.environment:checking '/home/encoder/Desktop/ros2-robot/ros2_ws/install/lidar_mapper' for CMake config files
[7.447s] Level 1:colcon.colcon_core.environment:checking '/home/encoder/Desktop/ros2-robot/ros2_ws/install/lidar_mapper/lib'
[7.449s] Level 1:colcon.colcon_core.environment:checking '/home/encoder/Desktop/ros2-robot/ros2_ws/install/lidar_mapper/bin'
[7.450s] Level 1:colcon.colcon_core.environment:checking '/home/encoder/Desktop/ros2-robot/ros2_ws/install/lidar_mapper/lib/pkgconfig/lidar_mapper.pc'
[7.451s] Level 1:colcon.colcon_core.environment:checking '/home/encoder/Desktop/ros2-robot/ros2_ws/install/lidar_mapper/lib/python3.10/site-packages'
[7.451s] Level 1:colcon.colcon_core.shell:create_environment_hook('lidar_mapper', 'pythonpath')
[7.456s] INFO:colcon.colcon_core.shell:Creating environment hook '/home/encoder/Desktop/ros2-robot/ros2_ws/install/lidar_mapper/share/lidar_mapper/hook/pythonpath.ps1'
[7.458s] INFO:colcon.colcon_core.shell:Creating environment descriptor '/home/encoder/Desktop/ros2-robot/ros2_ws/install/lidar_mapper/share/lidar_mapper/hook/pythonpath.dsv'
[7.460s] INFO:colcon.colcon_core.shell:Creating environment hook '/home/encoder/Desktop/ros2-robot/ros2_ws/install/lidar_mapper/share/lidar_mapper/hook/pythonpath.sh'
[7.469s] Level 1:colcon.colcon_core.environment:checking '/home/encoder/Desktop/ros2-robot/ros2_ws/install/lidar_mapper/bin'
[7.472s] Level 1:colcon.colcon_core.environment:create_environment_scripts_only(lidar_mapper)
[7.473s] INFO:colcon.colcon_core.shell:Creating package script '/home/encoder/Desktop/ros2-robot/ros2_ws/install/lidar_mapper/share/lidar_mapper/package.ps1'
[7.481s] INFO:colcon.colcon_core.shell:Creating package descriptor '/home/encoder/Desktop/ros2-robot/ros2_ws/install/lidar_mapper/share/lidar_mapper/package.dsv'
[7.484s] INFO:colcon.colcon_core.shell:Creating package script '/home/encoder/Desktop/ros2-robot/ros2_ws/install/lidar_mapper/share/lidar_mapper/package.sh'
[7.489s] INFO:colcon.colcon_core.shell:Creating package script '/home/encoder/Desktop/ros2-robot/ros2_ws/install/lidar_mapper/share/lidar_mapper/package.bash'
[7.492s] INFO:colcon.colcon_core.shell:Creating package script '/home/encoder/Desktop/ros2-robot/ros2_ws/install/lidar_mapper/share/lidar_mapper/package.zsh'
[7.496s] Level 1:colcon.colcon_core.environment:create_file_with_runtime_dependencies(/home/encoder/Desktop/ros2-robot/ros2_ws/install/lidar_mapper/share/colcon-core/packages/lidar_mapper)
[7.506s] DEBUG:colcon.colcon_core.event_handler.log_command:Invoked command in '/home/encoder/Desktop/ros2-robot/ros2_ws/build/ros2_shared' returned '0': CMAKE_PREFIX_PATH=${CMAKE_PREFIX_PATH}:/home/encoder/Desktop/ros2-robot/ros2_ws/install/tello_ros2:/home/encoder/Desktop/ros2-robot/ros2_ws/install/serial_pubsub:/home/encoder/Desktop/ros2-robot/ros2_ws/install/ros2_opencv:/home/encoder/Desktop/ros2-robot/ros2_ws/install/lidar_mapper:/home/encoder/Desktop/ros2-robot/install/serial_pubsub:/home/encoder/Desktop/ros2-robot/install/ros2_opencv:/home/encoder/Desktop/ros2-robot/install/lidar_mapper:/opt/ros/humble /usr/bin/cmake --build /home/encoder/Desktop/ros2-robot/ros2_ws/build/ros2_shared -- -j12 -l12
[7.577s] DEBUG:colcon.colcon_core.event_handler.log_command:Invoking command in '/home/encoder/Desktop/ros2-robot/ros2_ws/build/ros2_shared': CMAKE_PREFIX_PATH=${CMAKE_PREFIX_PATH}:/home/encoder/Desktop/ros2-robot/ros2_ws/install/tello_ros2:/home/encoder/Desktop/ros2-robot/ros2_ws/install/serial_pubsub:/home/encoder/Desktop/ros2-robot/ros2_ws/install/ros2_opencv:/home/encoder/Desktop/ros2-robot/ros2_ws/install/lidar_mapper:/home/encoder/Desktop/ros2-robot/install/serial_pubsub:/home/encoder/Desktop/ros2-robot/install/ros2_opencv:/home/encoder/Desktop/ros2-robot/install/lidar_mapper:/opt/ros/humble /usr/bin/cmake --install /home/encoder/Desktop/ros2-robot/ros2_ws/build/ros2_shared
[7.593s] Level 1:colcon.colcon_core.environment:checking '/home/encoder/Desktop/ros2-robot/ros2_ws/install/ros2_opencv' for CMake module files
[7.598s] DEBUG:colcon.colcon_core.event_handler.log_command:Invoked command in '/home/encoder/Desktop/ros2-robot/ros2_ws/src/ros2_opencv' returned '0': PYTHONPATH=/home/encoder/Desktop/ros2-robot/ros2_ws/build/ros2_opencv/prefix_override:/usr/lib/python3/dist-packages/colcon_core/task/python/colcon_distutils_commands:/home/encoder/Desktop/ros2-robot/ros2_ws/install/ros2_opencv/lib/python3.10/site-packages:${PYTHONPATH} /usr/bin/python3 -W ignore:setup.py install is deprecated -W ignore:easy_install command is deprecated setup.py egg_info --egg-base ../../build/ros2_opencv build --build-base /home/encoder/Desktop/ros2-robot/ros2_ws/build/ros2_opencv/build install --record /home/encoder/Desktop/ros2-robot/ros2_ws/build/ros2_opencv/install.log --single-version-externally-managed install_data
[7.601s] Level 1:colcon.colcon_core.environment:checking '/home/encoder/Desktop/ros2-robot/ros2_ws/install/ros2_opencv' for CMake config files
[7.605s] Level 1:colcon.colcon_core.environment:checking '/home/encoder/Desktop/ros2-robot/ros2_ws/install/ros2_opencv/lib'
[7.606s] Level 1:colcon.colcon_core.environment:checking '/home/encoder/Desktop/ros2-robot/ros2_ws/install/ros2_opencv/bin'
[7.606s] Level 1:colcon.colcon_core.environment:checking '/home/encoder/Desktop/ros2-robot/ros2_ws/install/ros2_opencv/lib/pkgconfig/ros2_opencv.pc'
[7.607s] Level 1:colcon.colcon_core.environment:checking '/home/encoder/Desktop/ros2-robot/ros2_ws/install/ros2_opencv/lib/python3.10/site-packages'
[7.608s] Level 1:colcon.colcon_core.shell:create_environment_hook('ros2_opencv', 'pythonpath')
[7.611s] INFO:colcon.colcon_core.shell:Creating environment hook '/home/encoder/Desktop/ros2-robot/ros2_ws/install/ros2_opencv/share/ros2_opencv/hook/pythonpath.ps1'
[7.615s] INFO:colcon.colcon_core.shell:Creating environment descriptor '/home/encoder/Desktop/ros2-robot/ros2_ws/install/ros2_opencv/share/ros2_opencv/hook/pythonpath.dsv'
[7.619s] INFO:colcon.colcon_core.shell:Creating environment hook '/home/encoder/Desktop/ros2-robot/ros2_ws/install/ros2_opencv/share/ros2_opencv/hook/pythonpath.sh'
[7.623s] Level 1:colcon.colcon_core.environment:checking '/home/encoder/Desktop/ros2-robot/ros2_ws/install/ros2_opencv/bin'
[7.623s] Level 1:colcon.colcon_core.environment:create_environment_scripts_only(ros2_opencv)
[7.625s] INFO:colcon.colcon_core.shell:Creating package script '/home/encoder/Desktop/ros2-robot/ros2_ws/install/ros2_opencv/share/ros2_opencv/package.ps1'
[7.630s] INFO:colcon.colcon_core.shell:Creating package descriptor '/home/encoder/Desktop/ros2-robot/ros2_ws/install/ros2_opencv/share/ros2_opencv/package.dsv'
[7.635s] INFO:colcon.colcon_core.shell:Creating package script '/home/encoder/Desktop/ros2-robot/ros2_ws/install/ros2_opencv/share/ros2_opencv/package.sh'
[7.636s] INFO:colcon.colcon_core.shell:Creating package script '/home/encoder/Desktop/ros2-robot/ros2_ws/install/ros2_opencv/share/ros2_opencv/package.bash'
[7.637s] INFO:colcon.colcon_core.shell:Creating package script '/home/encoder/Desktop/ros2-robot/ros2_ws/install/ros2_opencv/share/ros2_opencv/package.zsh'
[7.638s] Level 1:colcon.colcon_core.environment:create_file_with_runtime_dependencies(/home/encoder/Desktop/ros2-robot/ros2_ws/install/ros2_opencv/share/colcon-core/packages/ros2_opencv)
[7.644s] Level 1:colcon.colcon_core.environment:checking '/home/encoder/Desktop/ros2-robot/ros2_ws/install/tello_ros2' for CMake module files
[7.647s] Level 1:colcon.colcon_core.environment:checking '/home/encoder/Desktop/ros2-robot/ros2_ws/install/tello_ros2' for CMake config files
[7.645s] DEBUG:colcon.colcon_core.event_handler.log_command:Invoked command in '/home/encoder/Desktop/ros2-robot/ros2_ws/src/tello_ros2' returned '0': PYTHONPATH=/home/encoder/Desktop/ros2-robot/ros2_ws/build/tello_ros2/prefix_override:/usr/lib/python3/dist-packages/colcon_core/task/python/colcon_distutils_commands:/home/encoder/Desktop/ros2-robot/ros2_ws/install/tello_ros2/lib/python3.10/site-packages:${PYTHONPATH} /usr/bin/python3 -W ignore:setup.py install is deprecated -W ignore:easy_install command is deprecated setup.py egg_info --egg-base ../../build/tello_ros2 build --build-base /home/encoder/Desktop/ros2-robot/ros2_ws/build/tello_ros2/build install --record /home/encoder/Desktop/ros2-robot/ros2_ws/build/tello_ros2/install.log --single-version-externally-managed install_data
[7.650s] Level 1:colcon.colcon_core.environment:checking '/home/encoder/Desktop/ros2-robot/ros2_ws/install/tello_ros2/lib'
[7.650s] Level 1:colcon.colcon_core.environment:checking '/home/encoder/Desktop/ros2-robot/ros2_ws/install/tello_ros2/bin'
[7.650s] Level 1:colcon.colcon_core.shell:create_environment_hook('tello_ros2', 'path')
[7.651s] INFO:colcon.colcon_core.shell:Creating environment hook '/home/encoder/Desktop/ros2-robot/ros2_ws/install/tello_ros2/share/tello_ros2/hook/path.ps1'
[7.653s] INFO:colcon.colcon_core.shell:Creating environment descriptor '/home/encoder/Desktop/ros2-robot/ros2_ws/install/tello_ros2/share/tello_ros2/hook/path.dsv'
[7.654s] INFO:colcon.colcon_core.shell:Creating environment hook '/home/encoder/Desktop/ros2-robot/ros2_ws/install/tello_ros2/share/tello_ros2/hook/path.sh'
[7.656s] Level 1:colcon.colcon_core.environment:checking '/home/encoder/Desktop/ros2-robot/ros2_ws/install/tello_ros2/lib/pkgconfig/tello_ros2.pc'
[7.657s] Level 1:colcon.colcon_core.environment:checking '/home/encoder/Desktop/ros2-robot/ros2_ws/install/tello_ros2/lib/python3.10/site-packages'
[7.657s] Level 1:colcon.colcon_core.shell:create_environment_hook('tello_ros2', 'pythonpath')
[7.658s] INFO:colcon.colcon_core.shell:Creating environment hook '/home/encoder/Desktop/ros2-robot/ros2_ws/install/tello_ros2/share/tello_ros2/hook/pythonpath.ps1'
[7.660s] INFO:colcon.colcon_core.shell:Creating environment descriptor '/home/encoder/Desktop/ros2-robot/ros2_ws/install/tello_ros2/share/tello_ros2/hook/pythonpath.dsv'
[7.662s] INFO:colcon.colcon_core.shell:Creating environment hook '/home/encoder/Desktop/ros2-robot/ros2_ws/install/tello_ros2/share/tello_ros2/hook/pythonpath.sh'
[7.664s] Level 1:colcon.colcon_core.environment:checking '/home/encoder/Desktop/ros2-robot/ros2_ws/install/tello_ros2/bin'
[7.665s] Level 1:colcon.colcon_core.shell:create_environment_hook('tello_ros2', 'pythonscriptspath')
[7.666s] INFO:colcon.colcon_core.shell:Creating environment hook '/home/encoder/Desktop/ros2-robot/ros2_ws/install/tello_ros2/share/tello_ros2/hook/pythonscriptspath.ps1'
[7.668s] INFO:colcon.colcon_core.shell:Creating environment descriptor '/home/encoder/Desktop/ros2-robot/ros2_ws/install/tello_ros2/share/tello_ros2/hook/pythonscriptspath.dsv'
[7.669s] INFO:colcon.colcon_core.shell:Creating environment hook '/home/encoder/Desktop/ros2-robot/ros2_ws/install/tello_ros2/share/tello_ros2/hook/pythonscriptspath.sh'
[7.671s] Level 1:colcon.colcon_core.environment:create_environment_scripts_only(tello_ros2)
[7.673s] INFO:colcon.colcon_core.shell:Creating package script '/home/encoder/Desktop/ros2-robot/ros2_ws/install/tello_ros2/share/tello_ros2/package.ps1'
[7.675s] INFO:colcon.colcon_core.shell:Creating package descriptor '/home/encoder/Desktop/ros2-robot/ros2_ws/install/tello_ros2/share/tello_ros2/package.dsv'
[7.677s] INFO:colcon.colcon_core.shell:Creating package script '/home/encoder/Desktop/ros2-robot/ros2_ws/install/tello_ros2/share/tello_ros2/package.sh'
[7.679s] INFO:colcon.colcon_core.shell:Creating package script '/home/encoder/Desktop/ros2-robot/ros2_ws/install/tello_ros2/share/tello_ros2/package.bash'
[7.680s] INFO:colcon.colcon_core.shell:Creating package script '/home/encoder/Desktop/ros2-robot/ros2_ws/install/tello_ros2/share/tello_ros2/package.zsh'
[7.682s] Level 1:colcon.colcon_core.environment:create_file_with_runtime_dependencies(/home/encoder/Desktop/ros2-robot/ros2_ws/install/tello_ros2/share/colcon-core/packages/tello_ros2)
[7.683s] Level 1:colcon.colcon_core.environment:create_environment_scripts_only(ros2_shared)
[7.684s] Level 1:colcon.colcon_core.environment:checking '/home/encoder/Desktop/ros2-robot/ros2_ws/install/ros2_shared' for CMake module files
[7.693s] Level 1:colcon.colcon_core.environment:checking '/home/encoder/Desktop/ros2-robot/ros2_ws/install/ros2_shared' for CMake config files
[7.696s] DEBUG:colcon.colcon_core.event_handler.log_command:Invoked command in '/home/encoder/Desktop/ros2-robot/ros2_ws/build/ros2_shared' returned '0': CMAKE_PREFIX_PATH=${CMAKE_PREFIX_PATH}:/home/encoder/Desktop/ros2-robot/ros2_ws/install/tello_ros2:/home/encoder/Desktop/ros2-robot/ros2_ws/install/serial_pubsub:/home/encoder/Desktop/ros2-robot/ros2_ws/install/ros2_opencv:/home/encoder/Desktop/ros2-robot/ros2_ws/install/lidar_mapper:/home/encoder/Desktop/ros2-robot/install/serial_pubsub:/home/encoder/Desktop/ros2-robot/install/ros2_opencv:/home/encoder/Desktop/ros2-robot/install/lidar_mapper:/opt/ros/humble /usr/bin/cmake --install /home/encoder/Desktop/ros2-robot/ros2_ws/build/ros2_shared
[7.697s] Level 1:colcon.colcon_core.shell:create_environment_hook('ros2_shared', 'cmake_prefix_path')
[7.698s] INFO:colcon.colcon_core.shell:Creating environment hook '/home/encoder/Desktop/ros2-robot/ros2_ws/install/ros2_shared/share/ros2_shared/hook/cmake_prefix_path.ps1'
[7.700s] INFO:colcon.colcon_core.shell:Creating environment descriptor '/home/encoder/Desktop/ros2-robot/ros2_ws/install/ros2_shared/share/ros2_shared/hook/cmake_prefix_path.dsv'
[7.702s] INFO:colcon.colcon_core.shell:Creating environment hook '/home/encoder/Desktop/ros2-robot/ros2_ws/install/ros2_shared/share/ros2_shared/hook/cmake_prefix_path.sh'
[7.704s] Level 1:colcon.colcon_core.environment:checking '/home/encoder/Desktop/ros2-robot/ros2_ws/install/ros2_shared/bin'
[7.704s] Level 1:colcon.colcon_core.environment:checking '/home/encoder/Desktop/ros2-robot/ros2_ws/install/ros2_shared/lib/pkgconfig/ros2_shared.pc'
[7.705s] Level 1:colcon.colcon_core.environment:checking '/home/encoder/Desktop/ros2-robot/ros2_ws/install/ros2_shared/lib/python3.10/site-packages'
[7.706s] Level 1:colcon.colcon_core.environment:checking '/home/encoder/Desktop/ros2-robot/ros2_ws/install/ros2_shared/bin'
[7.708s] INFO:colcon.colcon_core.shell:Creating package script '/home/encoder/Desktop/ros2-robot/ros2_ws/install/ros2_shared/share/ros2_shared/package.ps1'
[7.709s] INFO:colcon.colcon_core.shell:Creating package descriptor '/home/encoder/Desktop/ros2-robot/ros2_ws/install/ros2_shared/share/ros2_shared/package.dsv'
[7.712s] INFO:colcon.colcon_core.shell:Creating package script '/home/encoder/Desktop/ros2-robot/ros2_ws/install/ros2_shared/share/ros2_shared/package.sh'
[7.714s] INFO:colcon.colcon_core.shell:Creating package script '/home/encoder/Desktop/ros2-robot/ros2_ws/install/ros2_shared/share/ros2_shared/package.bash'
[7.716s] INFO:colcon.colcon_core.shell:Creating package script '/home/encoder/Desktop/ros2-robot/ros2_ws/install/ros2_shared/share/ros2_shared/package.zsh'
[7.717s] Level 1:colcon.colcon_core.environment:create_file_with_runtime_dependencies(/home/encoder/Desktop/ros2-robot/ros2_ws/install/ros2_shared/share/colcon-core/packages/ros2_shared)
[7.722s] Level 1:colcon.colcon_core.environment:create_environment_scripts_only(ros2_shared)
[7.723s] Level 1:colcon.colcon_core.environment:checking '/home/encoder/Desktop/ros2-robot/ros2_ws/install/ros2_shared' for CMake module files
[7.724s] Level 1:colcon.colcon_core.environment:checking '/home/encoder/Desktop/ros2-robot/ros2_ws/install/ros2_shared' for CMake config files
[7.725s] Level 1:colcon.colcon_core.shell:create_environment_hook('ros2_shared', 'cmake_prefix_path')
[7.726s] INFO:colcon.colcon_core.shell:Creating environment hook '/home/encoder/Desktop/ros2-robot/ros2_ws/install/ros2_shared/share/ros2_shared/hook/cmake_prefix_path.ps1'
[7.728s] INFO:colcon.colcon_core.shell:Creating environment descriptor '/home/encoder/Desktop/ros2-robot/ros2_ws/install/ros2_shared/share/ros2_shared/hook/cmake_prefix_path.dsv'
[7.729s] INFO:colcon.colcon_core.shell:Creating environment hook '/home/encoder/Desktop/ros2-robot/ros2_ws/install/ros2_shared/share/ros2_shared/hook/cmake_prefix_path.sh'
[7.732s] Level 1:colcon.colcon_core.environment:checking '/home/encoder/Desktop/ros2-robot/ros2_ws/install/ros2_shared/bin'
[7.733s] Level 1:colcon.colcon_core.environment:checking '/home/encoder/Desktop/ros2-robot/ros2_ws/install/ros2_shared/lib/pkgconfig/ros2_shared.pc'
[7.734s] Level 1:colcon.colcon_core.environment:checking '/home/encoder/Desktop/ros2-robot/ros2_ws/install/ros2_shared/lib/python3.10/site-packages'
[7.734s] Level 1:colcon.colcon_core.environment:checking '/home/encoder/Desktop/ros2-robot/ros2_ws/install/ros2_shared/bin'
[7.735s] INFO:colcon.colcon_core.shell:Creating package script '/home/encoder/Desktop/ros2-robot/ros2_ws/install/ros2_shared/share/ros2_shared/package.ps1'
[7.737s] INFO:colcon.colcon_core.shell:Creating package descriptor '/home/encoder/Desktop/ros2-robot/ros2_ws/install/ros2_shared/share/ros2_shared/package.dsv'
[7.739s] INFO:colcon.colcon_core.shell:Creating package script '/home/encoder/Desktop/ros2-robot/ros2_ws/install/ros2_shared/share/ros2_shared/package.sh'
[7.741s] INFO:colcon.colcon_core.shell:Creating package script '/home/encoder/Desktop/ros2-robot/ros2_ws/install/ros2_shared/share/ros2_shared/package.bash'
[7.742s] INFO:colcon.colcon_core.shell:Creating package script '/home/encoder/Desktop/ros2-robot/ros2_ws/install/ros2_shared/share/ros2_shared/package.zsh'
[7.744s] Level 1:colcon.colcon_core.environment:create_file_with_runtime_dependencies(/home/encoder/Desktop/ros2-robot/ros2_ws/install/ros2_shared/share/colcon-core/packages/ros2_shared)
[7.746s] Level 1:colcon.colcon_core.environment:checking '/home/encoder/Desktop/ros2-robot/ros2_ws/install/serial_pubsub' for CMake module files
[7.747s] Level 1:colcon.colcon_core.environment:checking '/home/encoder/Desktop/ros2-robot/ros2_ws/install/serial_pubsub' for CMake config files
[7.750s] DEBUG:colcon.colcon_core.event_handler.log_command:Invoked command in '/home/encoder/Desktop/ros2-robot/ros2_ws/src/serial_pubsub' returned '0': PYTHONPATH=/home/encoder/Desktop/ros2-robot/ros2_ws/build/serial_pubsub/prefix_override:/usr/lib/python3/dist-packages/colcon_core/task/python/colcon_distutils_commands:/home/encoder/Desktop/ros2-robot/ros2_ws/install/serial_pubsub/lib/python3.10/site-packages:${PYTHONPATH} /usr/bin/python3 -W ignore:setup.py install is deprecated -W ignore:easy_install command is deprecated setup.py egg_info --egg-base ../../build/serial_pubsub build --build-base /home/encoder/Desktop/ros2-robot/ros2_ws/build/serial_pubsub/build install --record /home/encoder/Desktop/ros2-robot/ros2_ws/build/serial_pubsub/install.log --single-version-externally-managed install_data
[7.752s] Level 1:colcon.colcon_core.environment:checking '/home/encoder/Desktop/ros2-robot/ros2_ws/install/serial_pubsub/lib'
[7.752s] Level 1:colcon.colcon_core.environment:checking '/home/encoder/Desktop/ros2-robot/ros2_ws/install/serial_pubsub/bin'
[7.752s] Level 1:colcon.colcon_core.environment:checking '/home/encoder/Desktop/ros2-robot/ros2_ws/install/serial_pubsub/lib/pkgconfig/serial_pubsub.pc'
[7.753s] Level 1:colcon.colcon_core.environment:checking '/home/encoder/Desktop/ros2-robot/ros2_ws/install/serial_pubsub/lib/python3.10/site-packages'
[7.753s] Level 1:colcon.colcon_core.shell:create_environment_hook('serial_pubsub', 'pythonpath')
[7.754s] INFO:colcon.colcon_core.shell:Creating environment hook '/home/encoder/Desktop/ros2-robot/ros2_ws/install/serial_pubsub/share/serial_pubsub/hook/pythonpath.ps1'
[7.756s] INFO:colcon.colcon_core.shell:Creating environment descriptor '/home/encoder/Desktop/ros2-robot/ros2_ws/install/serial_pubsub/share/serial_pubsub/hook/pythonpath.dsv'
[7.757s] INFO:colcon.colcon_core.shell:Creating environment hook '/home/encoder/Desktop/ros2-robot/ros2_ws/install/serial_pubsub/share/serial_pubsub/hook/pythonpath.sh'
[7.759s] Level 1:colcon.colcon_core.environment:checking '/home/encoder/Desktop/ros2-robot/ros2_ws/install/serial_pubsub/bin'
[7.759s] Level 1:colcon.colcon_core.environment:create_environment_scripts_only(serial_pubsub)
[7.760s] INFO:colcon.colcon_core.shell:Creating package script '/home/encoder/Desktop/ros2-robot/ros2_ws/install/serial_pubsub/share/serial_pubsub/package.ps1'
[7.762s] INFO:colcon.colcon_core.shell:Creating package descriptor '/home/encoder/Desktop/ros2-robot/ros2_ws/install/serial_pubsub/share/serial_pubsub/package.dsv'
[7.764s] INFO:colcon.colcon_core.shell:Creating package script '/home/encoder/Desktop/ros2-robot/ros2_ws/install/serial_pubsub/share/serial_pubsub/package.sh'
[7.766s] INFO:colcon.colcon_core.shell:Creating package script '/home/encoder/Desktop/ros2-robot/ros2_ws/install/serial_pubsub/share/serial_pubsub/package.bash'
[7.768s] INFO:colcon.colcon_core.shell:Creating package script '/home/encoder/Desktop/ros2-robot/ros2_ws/install/serial_pubsub/share/serial_pubsub/package.zsh'
[7.770s] Level 1:colcon.colcon_core.environment:create_file_with_runtime_dependencies(/home/encoder/Desktop/ros2-robot/ros2_ws/install/serial_pubsub/share/colcon-core/packages/serial_pubsub)
[7.858s] DEBUG:colcon.colcon_core.event_handler.log_command:Invoked command in '/home/encoder/Desktop/ros2-robot/ros2_ws/build/rplidar_ros' returned '0': CMAKE_PREFIX_PATH=${CMAKE_PREFIX_PATH}:/home/encoder/Desktop/ros2-robot/ros2_ws/install/tello_ros2:/home/encoder/Desktop/ros2-robot/ros2_ws/install/serial_pubsub:/home/encoder/Desktop/ros2-robot/ros2_ws/install/ros2_opencv:/home/encoder/Desktop/ros2-robot/ros2_ws/install/lidar_mapper:/home/encoder/Desktop/ros2-robot/install/serial_pubsub:/home/encoder/Desktop/ros2-robot/install/ros2_opencv:/home/encoder/Desktop/ros2-robot/install/lidar_mapper:/opt/ros/humble /usr/bin/cmake /home/encoder/Desktop/ros2-robot/ros2_ws/src/rplidar_ros -DCMAKE_INSTALL_PREFIX=/home/encoder/Desktop/ros2-robot/ros2_ws/install/rplidar_ros
[7.866s] DEBUG:colcon.colcon_core.event_handler.log_command:Invoking command in '/home/encoder/Desktop/ros2-robot/ros2_ws/build/rplidar_ros': CMAKE_PREFIX_PATH=${CMAKE_PREFIX_PATH}:/home/encoder/Desktop/ros2-robot/ros2_ws/install/tello_ros2:/home/encoder/Desktop/ros2-robot/ros2_ws/install/serial_pubsub:/home/encoder/Desktop/ros2-robot/ros2_ws/install/ros2_opencv:/home/encoder/Desktop/ros2-robot/ros2_ws/install/lidar_mapper:/home/encoder/Desktop/ros2-robot/install/serial_pubsub:/home/encoder/Desktop/ros2-robot/install/ros2_opencv:/home/encoder/Desktop/ros2-robot/install/lidar_mapper:/opt/ros/humble /usr/bin/cmake --build /home/encoder/Desktop/ros2-robot/ros2_ws/build/rplidar_ros -- -j12 -l12
[42.602s] DEBUG:colcon.colcon_core.event_handler.log_command:Invoked command in '/home/encoder/Desktop/ros2-robot/ros2_ws/build/rplidar_ros' returned '0': CMAKE_PREFIX_PATH=${CMAKE_PREFIX_PATH}:/home/encoder/Desktop/ros2-robot/ros2_ws/install/tello_ros2:/home/encoder/Desktop/ros2-robot/ros2_ws/install/serial_pubsub:/home/encoder/Desktop/ros2-robot/ros2_ws/install/ros2_opencv:/home/encoder/Desktop/ros2-robot/ros2_ws/install/lidar_mapper:/home/encoder/Desktop/ros2-robot/install/serial_pubsub:/home/encoder/Desktop/ros2-robot/install/ros2_opencv:/home/encoder/Desktop/ros2-robot/install/lidar_mapper:/opt/ros/humble /usr/bin/cmake --build /home/encoder/Desktop/ros2-robot/ros2_ws/build/rplidar_ros -- -j12 -l12
[42.607s] DEBUG:colcon.colcon_core.event_handler.log_command:Invoking command in '/home/encoder/Desktop/ros2-robot/ros2_ws/build/rplidar_ros': CMAKE_PREFIX_PATH=${CMAKE_PREFIX_PATH}:/home/encoder/Desktop/ros2-robot/ros2_ws/install/tello_ros2:/home/encoder/Desktop/ros2-robot/ros2_ws/install/serial_pubsub:/home/encoder/Desktop/ros2-robot/ros2_ws/install/ros2_opencv:/home/encoder/Desktop/ros2-robot/ros2_ws/install/lidar_mapper:/home/encoder/Desktop/ros2-robot/install/serial_pubsub:/home/encoder/Desktop/ros2-robot/install/ros2_opencv:/home/encoder/Desktop/ros2-robot/install/lidar_mapper:/opt/ros/humble /usr/bin/cmake --install /home/encoder/Desktop/ros2-robot/ros2_ws/build/rplidar_ros
[42.666s] Level 1:colcon.colcon_core.environment:create_environment_scripts_only(rplidar_ros)
[42.667s] Level 1:colcon.colcon_core.environment:checking '/home/encoder/Desktop/ros2-robot/ros2_ws/install/rplidar_ros' for CMake module files
[42.669s] Level 1:colcon.colcon_core.environment:checking '/home/encoder/Desktop/ros2-robot/ros2_ws/install/rplidar_ros' for CMake config files
[42.671s] DEBUG:colcon.colcon_core.event_handler.log_command:Invoked command in '/home/encoder/Desktop/ros2-robot/ros2_ws/build/rplidar_ros' returned '0': CMAKE_PREFIX_PATH=${CMAKE_PREFIX_PATH}:/home/encoder/Desktop/ros2-robot/ros2_ws/install/tello_ros2:/home/encoder/Desktop/ros2-robot/ros2_ws/install/serial_pubsub:/home/encoder/Desktop/ros2-robot/ros2_ws/install/ros2_opencv:/home/encoder/Desktop/ros2-robot/ros2_ws/install/lidar_mapper:/home/encoder/Desktop/ros2-robot/install/serial_pubsub:/home/encoder/Desktop/ros2-robot/install/ros2_opencv:/home/encoder/Desktop/ros2-robot/install/lidar_mapper:/opt/ros/humble /usr/bin/cmake --install /home/encoder/Desktop/ros2-robot/ros2_ws/build/rplidar_ros
[42.672s] Level 1:colcon.colcon_core.shell:create_environment_hook('rplidar_ros', 'cmake_prefix_path')
[42.672s] INFO:colcon.colcon_core.shell:Creating environment hook '/home/encoder/Desktop/ros2-robot/ros2_ws/install/rplidar_ros/share/rplidar_ros/hook/cmake_prefix_path.ps1'
[42.674s] INFO:colcon.colcon_core.shell:Creating environment descriptor '/home/encoder/Desktop/ros2-robot/ros2_ws/install/rplidar_ros/share/rplidar_ros/hook/cmake_prefix_path.dsv'
[42.676s] INFO:colcon.colcon_core.shell:Creating environment hook '/home/encoder/Desktop/ros2-robot/ros2_ws/install/rplidar_ros/share/rplidar_ros/hook/cmake_prefix_path.sh'
[42.678s] Level 1:colcon.colcon_core.environment:checking '/home/encoder/Desktop/ros2-robot/ros2_ws/install/rplidar_ros/lib'
[42.678s] Level 1:colcon.colcon_core.environment:checking '/home/encoder/Desktop/ros2-robot/ros2_ws/install/rplidar_ros/bin'
[42.678s] Level 1:colcon.colcon_core.environment:checking '/home/encoder/Desktop/ros2-robot/ros2_ws/install/rplidar_ros/lib/pkgconfig/rplidar_ros.pc'
[42.679s] Level 1:colcon.colcon_core.environment:checking '/home/encoder/Desktop/ros2-robot/ros2_ws/install/rplidar_ros/lib/python3.10/site-packages'
[42.680s] Level 1:colcon.colcon_core.environment:checking '/home/encoder/Desktop/ros2-robot/ros2_ws/install/rplidar_ros/bin'
[42.681s] INFO:colcon.colcon_core.shell:Creating package script '/home/encoder/Desktop/ros2-robot/ros2_ws/install/rplidar_ros/share/rplidar_ros/package.ps1'
[42.682s] INFO:colcon.colcon_core.shell:Creating package descriptor '/home/encoder/Desktop/ros2-robot/ros2_ws/install/rplidar_ros/share/rplidar_ros/package.dsv'
[42.684s] INFO:colcon.colcon_core.shell:Creating package script '/home/encoder/Desktop/ros2-robot/ros2_ws/install/rplidar_ros/share/rplidar_ros/package.sh'
[42.685s] INFO:colcon.colcon_core.shell:Creating package script '/home/encoder/Desktop/ros2-robot/ros2_ws/install/rplidar_ros/share/rplidar_ros/package.bash'
[42.686s] INFO:colcon.colcon_core.shell:Creating package script '/home/encoder/Desktop/ros2-robot/ros2_ws/install/rplidar_ros/share/rplidar_ros/package.zsh'
[42.687s] Level 1:colcon.colcon_core.environment:create_file_with_runtime_dependencies(/home/encoder/Desktop/ros2-robot/ros2_ws/install/rplidar_ros/share/colcon-core/packages/rplidar_ros)
[42.689s] Level 1:colcon.colcon_core.environment:create_environment_scripts_only(rplidar_ros)
[42.690s] Level 1:colcon.colcon_core.environment:checking '/home/encoder/Desktop/ros2-robot/ros2_ws/install/rplidar_ros' for CMake module files
[42.691s] Level 1:colcon.colcon_core.environment:checking '/home/encoder/Desktop/ros2-robot/ros2_ws/install/rplidar_ros' for CMake config files
[42.692s] Level 1:colcon.colcon_core.shell:create_environment_hook('rplidar_ros', 'cmake_prefix_path')
[42.692s] INFO:colcon.colcon_core.shell:Creating environment hook '/home/encoder/Desktop/ros2-robot/ros2_ws/install/rplidar_ros/share/rplidar_ros/hook/cmake_prefix_path.ps1'
[42.694s] INFO:colcon.colcon_core.shell:Creating environment descriptor '/home/encoder/Desktop/ros2-robot/ros2_ws/install/rplidar_ros/share/rplidar_ros/hook/cmake_prefix_path.dsv'
[42.695s] INFO:colcon.colcon_core.shell:Creating environment hook '/home/encoder/Desktop/ros2-robot/ros2_ws/install/rplidar_ros/share/rplidar_ros/hook/cmake_prefix_path.sh'
[42.696s] Level 1:colcon.colcon_core.environment:checking '/home/encoder/Desktop/ros2-robot/ros2_ws/install/rplidar_ros/lib'
[42.696s] Level 1:colcon.colcon_core.environment:checking '/home/encoder/Desktop/ros2-robot/ros2_ws/install/rplidar_ros/bin'
[42.696s] Level 1:colcon.colcon_core.environment:checking '/home/encoder/Desktop/ros2-robot/ros2_ws/install/rplidar_ros/lib/pkgconfig/rplidar_ros.pc'
[42.697s] Level 1:colcon.colcon_core.environment:checking '/home/encoder/Desktop/ros2-robot/ros2_ws/install/rplidar_ros/lib/python3.10/site-packages'
[42.697s] Level 1:colcon.colcon_core.environment:checking '/home/encoder/Desktop/ros2-robot/ros2_ws/install/rplidar_ros/bin'
[42.698s] INFO:colcon.colcon_core.shell:Creating package script '/home/encoder/Desktop/ros2-robot/ros2_ws/install/rplidar_ros/share/rplidar_ros/package.ps1'
[42.700s] INFO:colcon.colcon_core.shell:Creating package descriptor '/home/encoder/Desktop/ros2-robot/ros2_ws/install/rplidar_ros/share/rplidar_ros/package.dsv'
[42.701s] INFO:colcon.colcon_core.shell:Creating package script '/home/encoder/Desktop/ros2-robot/ros2_ws/install/rplidar_ros/share/rplidar_ros/package.sh'
[42.702s] INFO:colcon.colcon_core.shell:Creating package script '/home/encoder/Desktop/ros2-robot/ros2_ws/install/rplidar_ros/share/rplidar_ros/package.bash'
[42.703s] INFO:colcon.colcon_core.shell:Creating package script '/home/encoder/Desktop/ros2-robot/ros2_ws/install/rplidar_ros/share/rplidar_ros/package.zsh'
[42.704s] Level 1:colcon.colcon_core.environment:create_file_with_runtime_dependencies(/home/encoder/Desktop/ros2-robot/ros2_ws/install/rplidar_ros/share/colcon-core/packages/rplidar_ros)
[42.705s] DEBUG:colcon.colcon_parallel_executor.executor.parallel:closing loop
[42.705s] DEBUG:colcon.colcon_parallel_executor.executor.parallel:loop closed
[42.705s] DEBUG:colcon.colcon_parallel_executor.executor.parallel:run_until_complete finished with '0'
[42.707s] DEBUG:colcon.colcon_core.event_reactor:joining thread
[42.843s] INFO:colcon.colcon_core.plugin_system:Skipping extension 'colcon_notification.desktop_notification.terminal_notifier': Not used on non-Darwin systems
[42.844s] INFO:colcon.colcon_core.plugin_system:Skipping extension 'colcon_notification.desktop_notification.win32': Not used on non-Windows systems
[42.844s] INFO:colcon.colcon_notification.desktop_notification:Sending desktop notification using 'notify2'
[42.890s] DEBUG:colcon.colcon_core.event_reactor:joined thread
[42.891s] INFO:colcon.colcon_core.shell:Creating prefix script '/home/encoder/Desktop/ros2-robot/ros2_ws/install/local_setup.ps1'
[42.897s] INFO:colcon.colcon_core.shell:Creating prefix util module '/home/encoder/Desktop/ros2-robot/ros2_ws/install/_local_setup_util_ps1.py'
[42.903s] INFO:colcon.colcon_core.shell:Creating prefix chain script '/home/encoder/Desktop/ros2-robot/ros2_ws/install/setup.ps1'
[42.912s] INFO:colcon.colcon_core.shell:Creating prefix script '/home/encoder/Desktop/ros2-robot/ros2_ws/install/local_setup.sh'
[42.915s] INFO:colcon.colcon_core.shell:Creating prefix util module '/home/encoder/Desktop/ros2-robot/ros2_ws/install/_local_setup_util_sh.py'
[42.917s] INFO:colcon.colcon_core.shell:Creating prefix chain script '/home/encoder/Desktop/ros2-robot/ros2_ws/install/setup.sh'
[42.924s] INFO:colcon.colcon_core.shell:Creating prefix script '/home/encoder/Desktop/ros2-robot/ros2_ws/install/local_setup.bash'
[42.926s] INFO:colcon.colcon_core.shell:Creating prefix chain script '/home/encoder/Desktop/ros2-robot/ros2_ws/install/setup.bash'
[42.933s] INFO:colcon.colcon_core.shell:Creating prefix script '/home/encoder/Desktop/ros2-robot/ros2_ws/install/local_setup.zsh'
[42.935s] INFO:colcon.colcon_core.shell:Creating prefix chain script '/home/encoder/Desktop/ros2-robot/ros2_ws/install/setup.zsh'
