[16.731s] Invoking command in '/home/encoder/Desktop/ros2-robot/ros2_ws/src/tello_ros2': PYTHONPATH=/home/encoder/Desktop/ros2-robot/ros2_ws/build/tello_ros2/prefix_override:/usr/lib/python3/dist-packages/colcon_core/task/python/colcon_distutils_commands:/home/encoder/Desktop/ros2-robot/ros2_ws/install/tello_ros2/lib/python3.10/site-packages:${PYTHONPATH} /usr/bin/python3 -W ignore:setup.py install is deprecated -W ignore:easy_install command is deprecated setup.py egg_info --egg-base ../../build/tello_ros2 build --build-base /home/encoder/Desktop/ros2-robot/ros2_ws/build/tello_ros2/build install --record /home/encoder/Desktop/ros2-robot/ros2_ws/build/tello_ros2/install.log --single-version-externally-managed install_data
[19.727s] running egg_info
[19.730s] creating ../../build/tello_ros2/tello_ros2.egg-info
[19.730s] writing ../../build/tello_ros2/tello_ros2.egg-info/PKG-INFO
[19.732s] writing dependency_links to ../../build/tello_ros2/tello_ros2.egg-info/dependency_links.txt
[19.733s] writing entry points to ../../build/tello_ros2/tello_ros2.egg-info/entry_points.txt
[19.754s] writing requirements to ../../build/tello_ros2/tello_ros2.egg-info/requires.txt
[19.755s] writing top-level names to ../../build/tello_ros2/tello_ros2.egg-info/top_level.txt
[19.755s] writing manifest file '../../build/tello_ros2/tello_ros2.egg-info/SOURCES.txt'
[19.763s] reading manifest file '../../build/tello_ros2/tello_ros2.egg-info/SOURCES.txt'
[19.770s] writing manifest file '../../build/tello_ros2/tello_ros2.egg-info/SOURCES.txt'
[19.770s] running build
[19.771s] running build_py
[19.773s] creating /home/encoder/Desktop/ros2-robot/ros2_ws/build/tello_ros2/build
[19.773s] creating /home/encoder/Desktop/ros2-robot/ros2_ws/build/tello_ros2/build/lib
[19.774s] creating /home/encoder/Desktop/ros2-robot/ros2_ws/build/tello_ros2/build/lib/tello_ros2
[19.774s] copying tello_ros2/__init__.py -> /home/encoder/Desktop/ros2-robot/ros2_ws/build/tello_ros2/build/lib/tello_ros2
[19.784s] copying tello_ros2/tello_node.py -> /home/encoder/Desktop/ros2-robot/ros2_ws/build/tello_ros2/build/lib/tello_ros2
[19.785s] running install
[19.785s] running install_lib
[19.807s] creating /home/encoder/Desktop/ros2-robot/ros2_ws/install/tello_ros2/lib/python3.10/site-packages/tello_ros2
[19.808s] copying /home/encoder/Desktop/ros2-robot/ros2_ws/build/tello_ros2/build/lib/tello_ros2/__init__.py -> /home/encoder/Desktop/ros2-robot/ros2_ws/install/tello_ros2/lib/python3.10/site-packages/tello_ros2
[19.808s] copying /home/encoder/Desktop/ros2-robot/ros2_ws/build/tello_ros2/build/lib/tello_ros2/tello_node.py -> /home/encoder/Desktop/ros2-robot/ros2_ws/install/tello_ros2/lib/python3.10/site-packages/tello_ros2
[19.809s] byte-compiling /home/encoder/Desktop/ros2-robot/ros2_ws/install/tello_ros2/lib/python3.10/site-packages/tello_ros2/__init__.py to __init__.cpython-310.pyc
[19.813s] byte-compiling /home/encoder/Desktop/ros2-robot/ros2_ws/install/tello_ros2/lib/python3.10/site-packages/tello_ros2/tello_node.py to tello_node.cpython-310.pyc
[19.822s] running install_data
[19.823s] creating /home/encoder/Desktop/ros2-robot/ros2_ws/install/tello_ros2/share/ament_index
[19.824s] creating /home/encoder/Desktop/ros2-robot/ros2_ws/install/tello_ros2/share/ament_index/resource_index
[19.824s] creating /home/encoder/Desktop/ros2-robot/ros2_ws/install/tello_ros2/share/ament_index/resource_index/packages
[19.824s] copying resource/tello_ros2 -> /home/encoder/Desktop/ros2-robot/ros2_ws/install/tello_ros2/share/ament_index/resource_index/packages
[19.825s] copying package.xml -> /home/encoder/Desktop/ros2-robot/ros2_ws/install/tello_ros2/share/tello_ros2
[19.830s] creating /home/encoder/Desktop/ros2-robot/ros2_ws/install/tello_ros2/share/tello_ros2/launch
[19.831s] copying launch/tello_node.launch.py -> /home/encoder/Desktop/ros2-robot/ros2_ws/install/tello_ros2/share/tello_ros2/launch
[19.831s] running install_egg_info
[19.851s] Copying ../../build/tello_ros2/tello_ros2.egg-info to /home/encoder/Desktop/ros2-robot/ros2_ws/install/tello_ros2/lib/python3.10/site-packages/tello_ros2-0.1.0-py3.10.egg-info
[19.860s] running install_scripts
[20.087s] Installing tello_node script to /home/encoder/Desktop/ros2-robot/ros2_ws/install/tello_ros2/lib/tello_ros2
[20.088s] writing list of installed files to '/home/encoder/Desktop/ros2-robot/ros2_ws/build/tello_ros2/install.log'
[20.376s] Invoked command in '/home/encoder/Desktop/ros2-robot/ros2_ws/src/tello_ros2' returned '0': PYTHONPATH=/home/encoder/Desktop/ros2-robot/ros2_ws/build/tello_ros2/prefix_override:/usr/lib/python3/dist-packages/colcon_core/task/python/colcon_distutils_commands:/home/encoder/Desktop/ros2-robot/ros2_ws/install/tello_ros2/lib/python3.10/site-packages:${PYTHONPATH} /usr/bin/python3 -W ignore:setup.py install is deprecated -W ignore:easy_install command is deprecated setup.py egg_info --egg-base ../../build/tello_ros2 build --build-base /home/encoder/Desktop/ros2-robot/ros2_ws/build/tello_ros2/build install --record /home/encoder/Desktop/ros2-robot/ros2_ws/build/tello_ros2/install.log --single-version-externally-managed install_data
