[0.143s] DEBUG:colcon:Command line arguments: ['/usr/bin/colcon', 'build']
[0.143s] DEBUG:colcon:Parsed command line arguments: Namespace(log_base=None, log_level=None, verb_name='build', build_base='build', install_base='install', merge_install=False, symlink_install=False, test_result_base=None, continue_on_error=False, executor='parallel', parallel_workers=4, event_handlers=None, ignore_user_meta=False, metas=['./colcon.meta'], base_paths=['.'], packages_ignore=None, packages_ignore_regex=None, paths=None, packages_up_to=None, packages_up_to_regex=None, packages_above=None, packages_above_and_dependencies=None, packages_above_depth=None, packages_select_by_dep=None, packages_skip_by_dep=None, packages_skip_up_to=None, packages_select_build_failed=False, packages_skip_build_finished=False, packages_select_test_failures=False, packages_skip_test_passed=False, packages_select=None, packages_skip=None, packages_select_regex=None, packages_skip_regex=None, packages_start=None, packages_end=None, allow_overriding=[], cmake_args=None, cmake_target=None, cmake_target_skip_unavailable=False, cmake_clean_cache=False, cmake_clean_first=False, cmake_force_configure=False, ament_cmake_args=None, catkin_cmake_args=None, catkin_skip_building_tests=False, mixin_files=None, mixin=None, verb_parser=<colcon_mixin.mixin.mixin_argument.MixinArgumentDecorator object at 0xffff9c670b90>, verb_extension=<colcon_core.verb.build.BuildVerb object at 0xffff9c825400>, main=<bound method BuildVerb.main of <colcon_core.verb.build.BuildVerb object at 0xffff9c825400>>, mixin_verb=('build',))
[0.198s] Level 1:colcon.colcon_core.package_discovery:discover_packages(colcon_meta) check parameters
[0.198s] Level 1:colcon.colcon_core.package_discovery:discover_packages(recursive) check parameters
[0.198s] Level 1:colcon.colcon_core.package_discovery:discover_packages(ignore) check parameters
[0.198s] Level 1:colcon.colcon_core.package_discovery:discover_packages(path) check parameters
[0.198s] Level 1:colcon.colcon_core.package_discovery:discover_packages(colcon_meta) discover
[0.198s] Level 1:colcon.colcon_core.package_discovery:discover_packages(recursive) discover
[0.198s] INFO:colcon.colcon_core.package_discovery:Crawling recursively for packages in '/home/badem-robot/badem/ros2_ws'
[0.198s] Level 1:colcon.colcon_core.package_identification:_identify(.) by extensions ['ignore', 'ignore_ament_install']
[0.199s] Level 1:colcon.colcon_core.package_identification:_identify(.) by extension 'ignore'
[0.199s] Level 1:colcon.colcon_core.package_identification:_identify(.) by extension 'ignore_ament_install'
[0.199s] Level 1:colcon.colcon_core.package_identification:_identify(.) by extensions ['colcon_pkg']
[0.199s] Level 1:colcon.colcon_core.package_identification:_identify(.) by extension 'colcon_pkg'
[0.199s] Level 1:colcon.colcon_core.package_identification:_identify(.) by extensions ['colcon_meta']
[0.199s] Level 1:colcon.colcon_core.package_identification:_identify(.) by extension 'colcon_meta'
[0.199s] Level 1:colcon.colcon_core.package_identification:_identify(.) by extensions ['ros']
[0.199s] Level 1:colcon.colcon_core.package_identification:_identify(.) by extension 'ros'
[0.235s] Level 1:colcon.colcon_core.package_identification:_identify(.) by extensions ['cmake', 'python']
[0.235s] Level 1:colcon.colcon_core.package_identification:_identify(.) by extension 'cmake'
[0.235s] Level 1:colcon.colcon_core.package_identification:_identify(.) by extension 'python'
[0.235s] Level 1:colcon.colcon_core.package_identification:_identify(.) by extensions ['python_setup_py']
[0.236s] Level 1:colcon.colcon_core.package_identification:_identify(.) by extension 'python_setup_py'
[0.236s] Level 1:colcon.colcon_core.package_identification:_identify(build) by extensions ['ignore', 'ignore_ament_install']
[0.236s] Level 1:colcon.colcon_core.package_identification:_identify(build) by extension 'ignore'
[0.236s] Level 1:colcon.colcon_core.package_identification:_identify(build) ignored
[0.236s] Level 1:colcon.colcon_core.package_identification:_identify(install) by extensions ['ignore', 'ignore_ament_install']
[0.236s] Level 1:colcon.colcon_core.package_identification:_identify(install) by extension 'ignore'
[0.236s] Level 1:colcon.colcon_core.package_identification:_identify(install) ignored
[0.236s] Level 1:colcon.colcon_core.package_identification:_identify(log) by extensions ['ignore', 'ignore_ament_install']
[0.236s] Level 1:colcon.colcon_core.package_identification:_identify(log) by extension 'ignore'
[0.236s] Level 1:colcon.colcon_core.package_identification:_identify(log) ignored
[0.236s] Level 1:colcon.colcon_core.package_identification:_identify(src) by extensions ['ignore', 'ignore_ament_install']
[0.237s] Level 1:colcon.colcon_core.package_identification:_identify(src) by extension 'ignore'
[0.237s] Level 1:colcon.colcon_core.package_identification:_identify(src) by extension 'ignore_ament_install'
[0.237s] Level 1:colcon.colcon_core.package_identification:_identify(src) by extensions ['colcon_pkg']
[0.237s] Level 1:colcon.colcon_core.package_identification:_identify(src) by extension 'colcon_pkg'
[0.237s] Level 1:colcon.colcon_core.package_identification:_identify(src) by extensions ['colcon_meta']
[0.237s] Level 1:colcon.colcon_core.package_identification:_identify(src) by extension 'colcon_meta'
[0.237s] Level 1:colcon.colcon_core.package_identification:_identify(src) by extensions ['ros']
[0.237s] Level 1:colcon.colcon_core.package_identification:_identify(src) by extension 'ros'
[0.237s] Level 1:colcon.colcon_core.package_identification:_identify(src) by extensions ['cmake', 'python']
[0.237s] Level 1:colcon.colcon_core.package_identification:_identify(src) by extension 'cmake'
[0.237s] Level 1:colcon.colcon_core.package_identification:_identify(src) by extension 'python'
[0.237s] Level 1:colcon.colcon_core.package_identification:_identify(src) by extensions ['python_setup_py']
[0.237s] Level 1:colcon.colcon_core.package_identification:_identify(src) by extension 'python_setup_py'
[0.237s] Level 1:colcon.colcon_core.package_identification:_identify(src/ros2_opencv) by extensions ['ignore', 'ignore_ament_install']
[0.237s] Level 1:colcon.colcon_core.package_identification:_identify(src/ros2_opencv) by extension 'ignore'
[0.237s] Level 1:colcon.colcon_core.package_identification:_identify(src/ros2_opencv) by extension 'ignore_ament_install'
[0.237s] Level 1:colcon.colcon_core.package_identification:_identify(src/ros2_opencv) by extensions ['colcon_pkg']
[0.237s] Level 1:colcon.colcon_core.package_identification:_identify(src/ros2_opencv) by extension 'colcon_pkg'
[0.237s] Level 1:colcon.colcon_core.package_identification:_identify(src/ros2_opencv) by extensions ['colcon_meta']
[0.238s] Level 1:colcon.colcon_core.package_identification:_identify(src/ros2_opencv) by extension 'colcon_meta'
[0.238s] Level 1:colcon.colcon_core.package_identification:_identify(src/ros2_opencv) by extensions ['ros']
[0.238s] Level 1:colcon.colcon_core.package_identification:_identify(src/ros2_opencv) by extension 'ros'
[0.241s] DEBUG:colcon.colcon_core.package_identification:Package 'src/ros2_opencv' with type 'ros.ament_python' and name 'ros2_opencv'
[0.241s] Level 1:colcon.colcon_core.package_identification:_identify(src/rplidar_ros) by extensions ['ignore', 'ignore_ament_install']
[0.241s] Level 1:colcon.colcon_core.package_identification:_identify(src/rplidar_ros) by extension 'ignore'
[0.241s] Level 1:colcon.colcon_core.package_identification:_identify(src/rplidar_ros) by extension 'ignore_ament_install'
[0.241s] Level 1:colcon.colcon_core.package_identification:_identify(src/rplidar_ros) by extensions ['colcon_pkg']
[0.241s] Level 1:colcon.colcon_core.package_identification:_identify(src/rplidar_ros) by extension 'colcon_pkg'
[0.241s] Level 1:colcon.colcon_core.package_identification:_identify(src/rplidar_ros) by extensions ['colcon_meta']
[0.242s] Level 1:colcon.colcon_core.package_identification:_identify(src/rplidar_ros) by extension 'colcon_meta'
[0.242s] Level 1:colcon.colcon_core.package_identification:_identify(src/rplidar_ros) by extensions ['ros']
[0.242s] Level 1:colcon.colcon_core.package_identification:_identify(src/rplidar_ros) by extension 'ros'
[0.242s] DEBUG:colcon.colcon_core.package_identification:Package 'src/rplidar_ros' with type 'ros.ament_cmake' and name 'rplidar_ros'
[0.242s] Level 1:colcon.colcon_core.package_identification:_identify(src/serial_pubsub) by extensions ['ignore', 'ignore_ament_install']
[0.242s] Level 1:colcon.colcon_core.package_identification:_identify(src/serial_pubsub) by extension 'ignore'
[0.242s] Level 1:colcon.colcon_core.package_identification:_identify(src/serial_pubsub) by extension 'ignore_ament_install'
[0.243s] Level 1:colcon.colcon_core.package_identification:_identify(src/serial_pubsub) by extensions ['colcon_pkg']
[0.243s] Level 1:colcon.colcon_core.package_identification:_identify(src/serial_pubsub) by extension 'colcon_pkg'
[0.243s] Level 1:colcon.colcon_core.package_identification:_identify(src/serial_pubsub) by extensions ['colcon_meta']
[0.243s] Level 1:colcon.colcon_core.package_identification:_identify(src/serial_pubsub) by extension 'colcon_meta'
[0.243s] Level 1:colcon.colcon_core.package_identification:_identify(src/serial_pubsub) by extensions ['ros']
[0.243s] Level 1:colcon.colcon_core.package_identification:_identify(src/serial_pubsub) by extension 'ros'
[0.243s] DEBUG:colcon.colcon_core.package_identification:Package 'src/serial_pubsub' with type 'ros.ament_python' and name 'serial_pubsub'
[0.243s] Level 1:colcon.colcon_core.package_discovery:discover_packages(recursive) using defaults
[0.243s] Level 1:colcon.colcon_core.package_discovery:discover_packages(ignore) discover
[0.243s] Level 1:colcon.colcon_core.package_discovery:discover_packages(ignore) using defaults
[0.243s] Level 1:colcon.colcon_core.package_discovery:discover_packages(path) discover
[0.243s] Level 1:colcon.colcon_core.package_discovery:discover_packages(path) using defaults
[0.267s] Level 1:colcon.colcon_core.package_discovery:discover_packages(prefix_path) check parameters
[0.267s] Level 1:colcon.colcon_core.package_discovery:discover_packages(prefix_path) discover
[0.268s] WARNING:colcon.colcon_ros.prefix_path.ament:The path '/home/badem-robot/ros2_ws/install/keyboard_input' in the environment variable AMENT_PREFIX_PATH doesn't exist
[0.269s] DEBUG:colcon.colcon_installed_package_information.package_discovery:Found 3 installed packages in /home/badem-robot/ros2_ws/install
[0.271s] DEBUG:colcon.colcon_installed_package_information.package_discovery:Found 284 installed packages in /opt/ros/rolling
[0.274s] Level 1:colcon.colcon_core.package_discovery:discover_packages(prefix_path) using defaults
[0.331s] Level 5:colcon.colcon_core.verb:set package 'ros2_opencv' build argument 'cmake_args' from command line to 'None'
[0.331s] Level 5:colcon.colcon_core.verb:set package 'ros2_opencv' build argument 'cmake_target' from command line to 'None'
[0.331s] Level 5:colcon.colcon_core.verb:set package 'ros2_opencv' build argument 'cmake_target_skip_unavailable' from command line to 'False'
[0.331s] Level 5:colcon.colcon_core.verb:set package 'ros2_opencv' build argument 'cmake_clean_cache' from command line to 'False'
[0.331s] Level 5:colcon.colcon_core.verb:set package 'ros2_opencv' build argument 'cmake_clean_first' from command line to 'False'
[0.331s] Level 5:colcon.colcon_core.verb:set package 'ros2_opencv' build argument 'cmake_force_configure' from command line to 'False'
[0.331s] Level 5:colcon.colcon_core.verb:set package 'ros2_opencv' build argument 'ament_cmake_args' from command line to 'None'
[0.331s] Level 5:colcon.colcon_core.verb:set package 'ros2_opencv' build argument 'catkin_cmake_args' from command line to 'None'
[0.331s] Level 5:colcon.colcon_core.verb:set package 'ros2_opencv' build argument 'catkin_skip_building_tests' from command line to 'False'
[0.332s] DEBUG:colcon.colcon_core.verb:Building package 'ros2_opencv' with the following arguments: {'ament_cmake_args': None, 'build_base': '/home/badem-robot/badem/ros2_ws/build/ros2_opencv', 'catkin_cmake_args': None, 'catkin_skip_building_tests': False, 'cmake_args': None, 'cmake_clean_cache': False, 'cmake_clean_first': False, 'cmake_force_configure': False, 'cmake_target': None, 'cmake_target_skip_unavailable': False, 'install_base': '/home/badem-robot/badem/ros2_ws/install/ros2_opencv', 'merge_install': False, 'path': '/home/badem-robot/badem/ros2_ws/src/ros2_opencv', 'symlink_install': False, 'test_result_base': None}
[0.332s] Level 5:colcon.colcon_core.verb:set package 'rplidar_ros' build argument 'cmake_args' from command line to 'None'
[0.332s] Level 5:colcon.colcon_core.verb:set package 'rplidar_ros' build argument 'cmake_target' from command line to 'None'
[0.332s] Level 5:colcon.colcon_core.verb:set package 'rplidar_ros' build argument 'cmake_target_skip_unavailable' from command line to 'False'
[0.332s] Level 5:colcon.colcon_core.verb:set package 'rplidar_ros' build argument 'cmake_clean_cache' from command line to 'False'
[0.332s] Level 5:colcon.colcon_core.verb:set package 'rplidar_ros' build argument 'cmake_clean_first' from command line to 'False'
[0.332s] Level 5:colcon.colcon_core.verb:set package 'rplidar_ros' build argument 'cmake_force_configure' from command line to 'False'
[0.332s] Level 5:colcon.colcon_core.verb:set package 'rplidar_ros' build argument 'ament_cmake_args' from command line to 'None'
[0.332s] Level 5:colcon.colcon_core.verb:set package 'rplidar_ros' build argument 'catkin_cmake_args' from command line to 'None'
[0.332s] Level 5:colcon.colcon_core.verb:set package 'rplidar_ros' build argument 'catkin_skip_building_tests' from command line to 'False'
[0.332s] DEBUG:colcon.colcon_core.verb:Building package 'rplidar_ros' with the following arguments: {'ament_cmake_args': None, 'build_base': '/home/badem-robot/badem/ros2_ws/build/rplidar_ros', 'catkin_cmake_args': None, 'catkin_skip_building_tests': False, 'cmake_args': None, 'cmake_clean_cache': False, 'cmake_clean_first': False, 'cmake_force_configure': False, 'cmake_target': None, 'cmake_target_skip_unavailable': False, 'install_base': '/home/badem-robot/badem/ros2_ws/install/rplidar_ros', 'merge_install': False, 'path': '/home/badem-robot/badem/ros2_ws/src/rplidar_ros', 'symlink_install': False, 'test_result_base': None}
[0.332s] Level 5:colcon.colcon_core.verb:set package 'serial_pubsub' build argument 'cmake_args' from command line to 'None'
[0.332s] Level 5:colcon.colcon_core.verb:set package 'serial_pubsub' build argument 'cmake_target' from command line to 'None'
[0.332s] Level 5:colcon.colcon_core.verb:set package 'serial_pubsub' build argument 'cmake_target_skip_unavailable' from command line to 'False'
[0.332s] Level 5:colcon.colcon_core.verb:set package 'serial_pubsub' build argument 'cmake_clean_cache' from command line to 'False'
[0.333s] Level 5:colcon.colcon_core.verb:set package 'serial_pubsub' build argument 'cmake_clean_first' from command line to 'False'
[0.333s] Level 5:colcon.colcon_core.verb:set package 'serial_pubsub' build argument 'cmake_force_configure' from command line to 'False'
[0.333s] Level 5:colcon.colcon_core.verb:set package 'serial_pubsub' build argument 'ament_cmake_args' from command line to 'None'
[0.333s] Level 5:colcon.colcon_core.verb:set package 'serial_pubsub' build argument 'catkin_cmake_args' from command line to 'None'
[0.333s] Level 5:colcon.colcon_core.verb:set package 'serial_pubsub' build argument 'catkin_skip_building_tests' from command line to 'False'
[0.333s] DEBUG:colcon.colcon_core.verb:Building package 'serial_pubsub' with the following arguments: {'ament_cmake_args': None, 'build_base': '/home/badem-robot/badem/ros2_ws/build/serial_pubsub', 'catkin_cmake_args': None, 'catkin_skip_building_tests': False, 'cmake_args': None, 'cmake_clean_cache': False, 'cmake_clean_first': False, 'cmake_force_configure': False, 'cmake_target': None, 'cmake_target_skip_unavailable': False, 'install_base': '/home/badem-robot/badem/ros2_ws/install/serial_pubsub', 'merge_install': False, 'path': '/home/badem-robot/badem/ros2_ws/src/serial_pubsub', 'symlink_install': False, 'test_result_base': None}
[0.333s] INFO:colcon.colcon_core.executor:Executing jobs using 'parallel' executor
[0.334s] DEBUG:colcon.colcon_parallel_executor.executor.parallel:run_until_complete
[0.334s] INFO:colcon.colcon_ros.task.ament_python.build:Building ROS package in '/home/badem-robot/badem/ros2_ws/src/ros2_opencv' with build type 'ament_python'
[0.335s] Level 1:colcon.colcon_core.shell:create_environment_hook('ros2_opencv', 'ament_prefix_path')
[0.337s] INFO:colcon.colcon_core.plugin_system:Skipping extension 'colcon_core.shell.bat': Not used on non-Windows systems
[0.337s] INFO:colcon.colcon_core.shell:Creating environment hook '/home/badem-robot/badem/ros2_ws/install/ros2_opencv/share/ros2_opencv/hook/ament_prefix_path.ps1'
[0.338s] INFO:colcon.colcon_core.shell:Creating environment descriptor '/home/badem-robot/badem/ros2_ws/install/ros2_opencv/share/ros2_opencv/hook/ament_prefix_path.dsv'
[0.340s] INFO:colcon.colcon_core.shell:Creating environment hook '/home/badem-robot/badem/ros2_ws/install/ros2_opencv/share/ros2_opencv/hook/ament_prefix_path.sh'
[0.341s] INFO:colcon.colcon_core.shell:Skip shell extension 'powershell' for command environment: Not usable outside of PowerShell
[0.341s] DEBUG:colcon.colcon_core.shell:Skip shell extension 'dsv' for command environment
[0.346s] INFO:colcon.colcon_ros.task.ament_cmake.build:Building ROS package in '/home/badem-robot/badem/ros2_ws/src/rplidar_ros' with build type 'ament_cmake'
[0.346s] INFO:colcon.colcon_cmake.task.cmake.build:Building CMake package in '/home/badem-robot/badem/ros2_ws/src/rplidar_ros'
[0.346s] INFO:colcon.colcon_core.shell:Skip shell extension 'powershell' for command environment: Not usable outside of PowerShell
[0.346s] DEBUG:colcon.colcon_core.shell:Skip shell extension 'dsv' for command environment
[0.351s] INFO:colcon.colcon_ros.task.ament_python.build:Building ROS package in '/home/badem-robot/badem/ros2_ws/src/serial_pubsub' with build type 'ament_python'
[0.351s] Level 1:colcon.colcon_core.shell:create_environment_hook('serial_pubsub', 'ament_prefix_path')
[0.352s] INFO:colcon.colcon_core.shell:Creating environment hook '/home/badem-robot/badem/ros2_ws/install/serial_pubsub/share/serial_pubsub/hook/ament_prefix_path.ps1'
[0.352s] INFO:colcon.colcon_core.shell:Creating environment descriptor '/home/badem-robot/badem/ros2_ws/install/serial_pubsub/share/serial_pubsub/hook/ament_prefix_path.dsv'
[0.353s] INFO:colcon.colcon_core.shell:Creating environment hook '/home/badem-robot/badem/ros2_ws/install/serial_pubsub/share/serial_pubsub/hook/ament_prefix_path.sh'
[0.354s] INFO:colcon.colcon_core.shell:Skip shell extension 'powershell' for command environment: Not usable outside of PowerShell
[0.354s] DEBUG:colcon.colcon_core.shell:Skip shell extension 'dsv' for command environment
[0.659s] INFO:colcon.colcon_core.task.python.build:Building Python package in '/home/badem-robot/badem/ros2_ws/src/ros2_opencv'
[0.659s] INFO:colcon.colcon_core.shell:Skip shell extension 'powershell' for command environment: Not usable outside of PowerShell
[0.659s] DEBUG:colcon.colcon_core.shell:Skip shell extension 'dsv' for command environment
[0.670s] DEBUG:colcon.colcon_core.event_handler.log_command:Invoking command in '/home/badem-robot/badem/ros2_ws/build/rplidar_ros': CMAKE_PREFIX_PATH=${CMAKE_PREFIX_PATH}:/home/badem-robot/ros2_ws/install/serial_pubsub:/home/badem-robot/ros2_ws/install/ros2_opencv:/home/badem-robot/ros2_ws/install/keyboard_input:/opt/ros/rolling /usr/bin/cmake --build /home/badem-robot/badem/ros2_ws/build/rplidar_ros -- -j4 -l4
[1.002s] INFO:colcon.colcon_core.task.python.build:Building Python package in '/home/badem-robot/badem/ros2_ws/src/serial_pubsub'
[1.002s] INFO:colcon.colcon_core.shell:Skip shell extension 'powershell' for command environment: Not usable outside of PowerShell
[1.002s] DEBUG:colcon.colcon_core.shell:Skip shell extension 'dsv' for command environment
[1.011s] DEBUG:colcon.colcon_core.event_handler.log_command:Invoked command in '/home/badem-robot/badem/ros2_ws/build/rplidar_ros' returned '0': CMAKE_PREFIX_PATH=${CMAKE_PREFIX_PATH}:/home/badem-robot/ros2_ws/install/serial_pubsub:/home/badem-robot/ros2_ws/install/ros2_opencv:/home/badem-robot/ros2_ws/install/keyboard_input:/opt/ros/rolling /usr/bin/cmake --build /home/badem-robot/badem/ros2_ws/build/rplidar_ros -- -j4 -l4
[1.030s] DEBUG:colcon.colcon_core.event_handler.log_command:Invoking command in '/home/badem-robot/badem/ros2_ws/build/rplidar_ros': CMAKE_PREFIX_PATH=${CMAKE_PREFIX_PATH}:/home/badem-robot/ros2_ws/install/serial_pubsub:/home/badem-robot/ros2_ws/install/ros2_opencv:/home/badem-robot/ros2_ws/install/keyboard_input:/opt/ros/rolling /usr/bin/cmake --install /home/badem-robot/badem/ros2_ws/build/rplidar_ros
[1.054s] Level 1:colcon.colcon_core.environment:create_environment_scripts_only(rplidar_ros)
[1.054s] DEBUG:colcon.colcon_core.event_handler.log_command:Invoked command in '/home/badem-robot/badem/ros2_ws/build/rplidar_ros' returned '0': CMAKE_PREFIX_PATH=${CMAKE_PREFIX_PATH}:/home/badem-robot/ros2_ws/install/serial_pubsub:/home/badem-robot/ros2_ws/install/ros2_opencv:/home/badem-robot/ros2_ws/install/keyboard_input:/opt/ros/rolling /usr/bin/cmake --install /home/badem-robot/badem/ros2_ws/build/rplidar_ros
[1.057s] Level 1:colcon.colcon_core.environment:checking '/home/badem-robot/badem/ros2_ws/install/rplidar_ros' for CMake module files
[1.058s] Level 1:colcon.colcon_core.environment:checking '/home/badem-robot/badem/ros2_ws/install/rplidar_ros' for CMake config files
[1.058s] Level 1:colcon.colcon_core.shell:create_environment_hook('rplidar_ros', 'cmake_prefix_path')
[1.059s] INFO:colcon.colcon_core.shell:Creating environment hook '/home/badem-robot/badem/ros2_ws/install/rplidar_ros/share/rplidar_ros/hook/cmake_prefix_path.ps1'
[1.059s] INFO:colcon.colcon_core.shell:Creating environment descriptor '/home/badem-robot/badem/ros2_ws/install/rplidar_ros/share/rplidar_ros/hook/cmake_prefix_path.dsv'
[1.060s] INFO:colcon.colcon_core.shell:Creating environment hook '/home/badem-robot/badem/ros2_ws/install/rplidar_ros/share/rplidar_ros/hook/cmake_prefix_path.sh'
[1.061s] Level 1:colcon.colcon_core.environment:checking '/home/badem-robot/badem/ros2_ws/install/rplidar_ros/lib'
[1.061s] Level 1:colcon.colcon_core.environment:checking '/home/badem-robot/badem/ros2_ws/install/rplidar_ros/bin'
[1.061s] Level 1:colcon.colcon_core.environment:checking '/home/badem-robot/badem/ros2_ws/install/rplidar_ros/lib/pkgconfig/rplidar_ros.pc'
[1.062s] Level 1:colcon.colcon_core.environment:checking '/home/badem-robot/badem/ros2_ws/install/rplidar_ros/lib/python3.12/site-packages'
[1.062s] Level 1:colcon.colcon_core.environment:checking '/home/badem-robot/badem/ros2_ws/install/rplidar_ros/bin'
[1.062s] INFO:colcon.colcon_core.shell:Creating package script '/home/badem-robot/badem/ros2_ws/install/rplidar_ros/share/rplidar_ros/package.ps1'
[1.063s] INFO:colcon.colcon_core.shell:Creating package descriptor '/home/badem-robot/badem/ros2_ws/install/rplidar_ros/share/rplidar_ros/package.dsv'
[1.064s] INFO:colcon.colcon_core.shell:Creating package script '/home/badem-robot/badem/ros2_ws/install/rplidar_ros/share/rplidar_ros/package.sh'
[1.065s] INFO:colcon.colcon_core.shell:Creating package script '/home/badem-robot/badem/ros2_ws/install/rplidar_ros/share/rplidar_ros/package.bash'
[1.066s] INFO:colcon.colcon_core.shell:Creating package script '/home/badem-robot/badem/ros2_ws/install/rplidar_ros/share/rplidar_ros/package.zsh'
[1.067s] Level 1:colcon.colcon_core.environment:create_file_with_runtime_dependencies(/home/badem-robot/badem/ros2_ws/install/rplidar_ros/share/colcon-core/packages/rplidar_ros)
[1.068s] Level 1:colcon.colcon_core.environment:create_environment_scripts_only(rplidar_ros)
[1.068s] Level 1:colcon.colcon_core.environment:checking '/home/badem-robot/badem/ros2_ws/install/rplidar_ros' for CMake module files
[1.069s] Level 1:colcon.colcon_core.environment:checking '/home/badem-robot/badem/ros2_ws/install/rplidar_ros' for CMake config files
[1.069s] Level 1:colcon.colcon_core.shell:create_environment_hook('rplidar_ros', 'cmake_prefix_path')
[1.069s] INFO:colcon.colcon_core.shell:Creating environment hook '/home/badem-robot/badem/ros2_ws/install/rplidar_ros/share/rplidar_ros/hook/cmake_prefix_path.ps1'
[1.070s] INFO:colcon.colcon_core.shell:Creating environment descriptor '/home/badem-robot/badem/ros2_ws/install/rplidar_ros/share/rplidar_ros/hook/cmake_prefix_path.dsv'
[1.071s] INFO:colcon.colcon_core.shell:Creating environment hook '/home/badem-robot/badem/ros2_ws/install/rplidar_ros/share/rplidar_ros/hook/cmake_prefix_path.sh'
[1.071s] Level 1:colcon.colcon_core.environment:checking '/home/badem-robot/badem/ros2_ws/install/rplidar_ros/lib'
[1.072s] Level 1:colcon.colcon_core.environment:checking '/home/badem-robot/badem/ros2_ws/install/rplidar_ros/bin'
[1.072s] Level 1:colcon.colcon_core.environment:checking '/home/badem-robot/badem/ros2_ws/install/rplidar_ros/lib/pkgconfig/rplidar_ros.pc'
[1.072s] Level 1:colcon.colcon_core.environment:checking '/home/badem-robot/badem/ros2_ws/install/rplidar_ros/lib/python3.12/site-packages'
[1.072s] Level 1:colcon.colcon_core.environment:checking '/home/badem-robot/badem/ros2_ws/install/rplidar_ros/bin'
[1.073s] INFO:colcon.colcon_core.shell:Creating package script '/home/badem-robot/badem/ros2_ws/install/rplidar_ros/share/rplidar_ros/package.ps1'
[1.074s] INFO:colcon.colcon_core.shell:Creating package descriptor '/home/badem-robot/badem/ros2_ws/install/rplidar_ros/share/rplidar_ros/package.dsv'
[1.075s] INFO:colcon.colcon_core.shell:Creating package script '/home/badem-robot/badem/ros2_ws/install/rplidar_ros/share/rplidar_ros/package.sh'
[1.076s] INFO:colcon.colcon_core.shell:Creating package script '/home/badem-robot/badem/ros2_ws/install/rplidar_ros/share/rplidar_ros/package.bash'
[1.077s] INFO:colcon.colcon_core.shell:Creating package script '/home/badem-robot/badem/ros2_ws/install/rplidar_ros/share/rplidar_ros/package.zsh'
[1.077s] Level 1:colcon.colcon_core.environment:create_file_with_runtime_dependencies(/home/badem-robot/badem/ros2_ws/install/rplidar_ros/share/colcon-core/packages/rplidar_ros)
[1.910s] DEBUG:colcon.colcon_core.event_handler.log_command:Invoking command in '/home/badem-robot/badem/ros2_ws/src/ros2_opencv': PYTHONPATH=/home/badem-robot/badem/ros2_ws/build/ros2_opencv/prefix_override:/usr/lib/python3/dist-packages/colcon_core/task/python/colcon_distutils_commands:/home/badem-robot/badem/ros2_ws/install/ros2_opencv/lib/python3.12/site-packages:${PYTHONPATH} /usr/bin/python3 -W ignore:setup.py install is deprecated -W ignore:easy_install command is deprecated setup.py egg_info --egg-base ../../build/ros2_opencv build --build-base /home/badem-robot/badem/ros2_ws/build/ros2_opencv/build install --record /home/badem-robot/badem/ros2_ws/build/ros2_opencv/install.log --single-version-externally-managed install_data
[1.916s] DEBUG:colcon.colcon_core.event_handler.log_command:Invoking command in '/home/badem-robot/badem/ros2_ws/src/serial_pubsub': PYTHONPATH=/home/badem-robot/badem/ros2_ws/build/serial_pubsub/prefix_override:/usr/lib/python3/dist-packages/colcon_core/task/python/colcon_distutils_commands:/home/badem-robot/badem/ros2_ws/install/serial_pubsub/lib/python3.12/site-packages:${PYTHONPATH} /usr/bin/python3 -W ignore:setup.py install is deprecated -W ignore:easy_install command is deprecated setup.py egg_info --egg-base ../../build/serial_pubsub build --build-base /home/badem-robot/badem/ros2_ws/build/serial_pubsub/build install --record /home/badem-robot/badem/ros2_ws/build/serial_pubsub/install.log --single-version-externally-managed install_data
[2.708s] Level 1:colcon.colcon_core.environment:checking '/home/badem-robot/badem/ros2_ws/install/serial_pubsub' for CMake module files
[2.709s] DEBUG:colcon.colcon_core.event_handler.log_command:Invoked command in '/home/badem-robot/badem/ros2_ws/src/serial_pubsub' returned '0': PYTHONPATH=/home/badem-robot/badem/ros2_ws/build/serial_pubsub/prefix_override:/usr/lib/python3/dist-packages/colcon_core/task/python/colcon_distutils_commands:/home/badem-robot/badem/ros2_ws/install/serial_pubsub/lib/python3.12/site-packages:${PYTHONPATH} /usr/bin/python3 -W ignore:setup.py install is deprecated -W ignore:easy_install command is deprecated setup.py egg_info --egg-base ../../build/serial_pubsub build --build-base /home/badem-robot/badem/ros2_ws/build/serial_pubsub/build install --record /home/badem-robot/badem/ros2_ws/build/serial_pubsub/install.log --single-version-externally-managed install_data
[2.709s] Level 1:colcon.colcon_core.environment:checking '/home/badem-robot/badem/ros2_ws/install/serial_pubsub' for CMake config files
[2.710s] Level 1:colcon.colcon_core.environment:checking '/home/badem-robot/badem/ros2_ws/install/serial_pubsub/lib'
[2.710s] Level 1:colcon.colcon_core.environment:checking '/home/badem-robot/badem/ros2_ws/install/serial_pubsub/bin'
[2.710s] Level 1:colcon.colcon_core.environment:checking '/home/badem-robot/badem/ros2_ws/install/serial_pubsub/lib/pkgconfig/serial_pubsub.pc'
[2.711s] Level 1:colcon.colcon_core.environment:checking '/home/badem-robot/badem/ros2_ws/install/serial_pubsub/lib/python3.12/site-packages'
[2.711s] Level 1:colcon.colcon_core.shell:create_environment_hook('serial_pubsub', 'pythonpath')
[2.711s] INFO:colcon.colcon_core.shell:Creating environment hook '/home/badem-robot/badem/ros2_ws/install/serial_pubsub/share/serial_pubsub/hook/pythonpath.ps1'
[2.712s] INFO:colcon.colcon_core.shell:Creating environment descriptor '/home/badem-robot/badem/ros2_ws/install/serial_pubsub/share/serial_pubsub/hook/pythonpath.dsv'
[2.714s] INFO:colcon.colcon_core.shell:Creating environment hook '/home/badem-robot/badem/ros2_ws/install/serial_pubsub/share/serial_pubsub/hook/pythonpath.sh'
[2.715s] Level 1:colcon.colcon_core.environment:checking '/home/badem-robot/badem/ros2_ws/install/serial_pubsub/bin'
[2.715s] Level 1:colcon.colcon_core.environment:create_environment_scripts_only(serial_pubsub)
[2.715s] INFO:colcon.colcon_core.shell:Creating package script '/home/badem-robot/badem/ros2_ws/install/serial_pubsub/share/serial_pubsub/package.ps1'
[2.716s] INFO:colcon.colcon_core.shell:Creating package descriptor '/home/badem-robot/badem/ros2_ws/install/serial_pubsub/share/serial_pubsub/package.dsv'
[2.716s] INFO:colcon.colcon_core.shell:Creating package script '/home/badem-robot/badem/ros2_ws/install/serial_pubsub/share/serial_pubsub/package.sh'
[2.717s] INFO:colcon.colcon_core.shell:Creating package script '/home/badem-robot/badem/ros2_ws/install/serial_pubsub/share/serial_pubsub/package.bash'
[2.717s] INFO:colcon.colcon_core.shell:Creating package script '/home/badem-robot/badem/ros2_ws/install/serial_pubsub/share/serial_pubsub/package.zsh'
[2.718s] Level 1:colcon.colcon_core.environment:create_file_with_runtime_dependencies(/home/badem-robot/badem/ros2_ws/install/serial_pubsub/share/colcon-core/packages/serial_pubsub)
[2.719s] Level 1:colcon.colcon_core.environment:checking '/home/badem-robot/badem/ros2_ws/install/ros2_opencv' for CMake module files
[2.720s] DEBUG:colcon.colcon_core.event_handler.log_command:Invoked command in '/home/badem-robot/badem/ros2_ws/src/ros2_opencv' returned '0': PYTHONPATH=/home/badem-robot/badem/ros2_ws/build/ros2_opencv/prefix_override:/usr/lib/python3/dist-packages/colcon_core/task/python/colcon_distutils_commands:/home/badem-robot/badem/ros2_ws/install/ros2_opencv/lib/python3.12/site-packages:${PYTHONPATH} /usr/bin/python3 -W ignore:setup.py install is deprecated -W ignore:easy_install command is deprecated setup.py egg_info --egg-base ../../build/ros2_opencv build --build-base /home/badem-robot/badem/ros2_ws/build/ros2_opencv/build install --record /home/badem-robot/badem/ros2_ws/build/ros2_opencv/install.log --single-version-externally-managed install_data
[2.720s] Level 1:colcon.colcon_core.environment:checking '/home/badem-robot/badem/ros2_ws/install/ros2_opencv' for CMake config files
[2.721s] Level 1:colcon.colcon_core.environment:checking '/home/badem-robot/badem/ros2_ws/install/ros2_opencv/lib'
[2.721s] Level 1:colcon.colcon_core.environment:checking '/home/badem-robot/badem/ros2_ws/install/ros2_opencv/bin'
[2.721s] Level 1:colcon.colcon_core.environment:checking '/home/badem-robot/badem/ros2_ws/install/ros2_opencv/lib/pkgconfig/ros2_opencv.pc'
[2.722s] Level 1:colcon.colcon_core.environment:checking '/home/badem-robot/badem/ros2_ws/install/ros2_opencv/lib/python3.12/site-packages'
[2.722s] Level 1:colcon.colcon_core.shell:create_environment_hook('ros2_opencv', 'pythonpath')
[2.722s] INFO:colcon.colcon_core.shell:Creating environment hook '/home/badem-robot/badem/ros2_ws/install/ros2_opencv/share/ros2_opencv/hook/pythonpath.ps1'
[2.723s] INFO:colcon.colcon_core.shell:Creating environment descriptor '/home/badem-robot/badem/ros2_ws/install/ros2_opencv/share/ros2_opencv/hook/pythonpath.dsv'
[2.723s] INFO:colcon.colcon_core.shell:Creating environment hook '/home/badem-robot/badem/ros2_ws/install/ros2_opencv/share/ros2_opencv/hook/pythonpath.sh'
[2.724s] Level 1:colcon.colcon_core.environment:checking '/home/badem-robot/badem/ros2_ws/install/ros2_opencv/bin'
[2.724s] Level 1:colcon.colcon_core.environment:create_environment_scripts_only(ros2_opencv)
[2.724s] INFO:colcon.colcon_core.shell:Creating package script '/home/badem-robot/badem/ros2_ws/install/ros2_opencv/share/ros2_opencv/package.ps1'
[2.725s] INFO:colcon.colcon_core.shell:Creating package descriptor '/home/badem-robot/badem/ros2_ws/install/ros2_opencv/share/ros2_opencv/package.dsv'
[2.725s] INFO:colcon.colcon_core.shell:Creating package script '/home/badem-robot/badem/ros2_ws/install/ros2_opencv/share/ros2_opencv/package.sh'
[2.726s] INFO:colcon.colcon_core.shell:Creating package script '/home/badem-robot/badem/ros2_ws/install/ros2_opencv/share/ros2_opencv/package.bash'
[2.726s] INFO:colcon.colcon_core.shell:Creating package script '/home/badem-robot/badem/ros2_ws/install/ros2_opencv/share/ros2_opencv/package.zsh'
[2.727s] Level 1:colcon.colcon_core.environment:create_file_with_runtime_dependencies(/home/badem-robot/badem/ros2_ws/install/ros2_opencv/share/colcon-core/packages/ros2_opencv)
[2.727s] DEBUG:colcon.colcon_parallel_executor.executor.parallel:closing loop
[2.728s] DEBUG:colcon.colcon_parallel_executor.executor.parallel:loop closed
[2.728s] DEBUG:colcon.colcon_parallel_executor.executor.parallel:run_until_complete finished with '0'
[2.728s] DEBUG:colcon.colcon_core.event_reactor:joining thread
[2.735s] INFO:colcon.colcon_core.plugin_system:Skipping extension 'colcon_notification.desktop_notification.notify_send': Could not find 'notify-send'
[2.735s] INFO:colcon.colcon_core.plugin_system:Skipping extension 'colcon_notification.desktop_notification.terminal_notifier': Not used on non-Darwin systems
[2.735s] INFO:colcon.colcon_core.plugin_system:Skipping extension 'colcon_notification.desktop_notification.win32': Not used on non-Windows systems
[2.735s] INFO:colcon.colcon_notification.desktop_notification:Sending desktop notification using 'notify2'
[2.736s] DEBUG:colcon.colcon_notification.desktop_notification.notify2:Failed to initialize notify2: org.freedesktop.DBus.Error.ServiceUnknown: The name org.freedesktop.Notifications was not provided by any .service files
[2.736s] DEBUG:colcon.colcon_core.event_reactor:joined thread
[2.737s] INFO:colcon.colcon_core.shell:Creating prefix script '/home/badem-robot/badem/ros2_ws/install/local_setup.ps1'
[2.738s] INFO:colcon.colcon_core.shell:Creating prefix util module '/home/badem-robot/badem/ros2_ws/install/_local_setup_util_ps1.py'
[2.739s] INFO:colcon.colcon_core.shell:Creating prefix chain script '/home/badem-robot/badem/ros2_ws/install/setup.ps1'
[2.741s] INFO:colcon.colcon_core.shell:Creating prefix script '/home/badem-robot/badem/ros2_ws/install/local_setup.sh'
[2.741s] INFO:colcon.colcon_core.shell:Creating prefix util module '/home/badem-robot/badem/ros2_ws/install/_local_setup_util_sh.py'
[2.742s] INFO:colcon.colcon_core.shell:Creating prefix chain script '/home/badem-robot/badem/ros2_ws/install/setup.sh'
[2.743s] INFO:colcon.colcon_core.shell:Creating prefix script '/home/badem-robot/badem/ros2_ws/install/local_setup.bash'
[2.744s] INFO:colcon.colcon_core.shell:Creating prefix chain script '/home/badem-robot/badem/ros2_ws/install/setup.bash'
[2.745s] INFO:colcon.colcon_core.shell:Creating prefix script '/home/badem-robot/badem/ros2_ws/install/local_setup.zsh'
[2.746s] INFO:colcon.colcon_core.shell:Creating prefix chain script '/home/badem-robot/badem/ros2_ws/install/setup.zsh'
