[5.110s] Invoking command in '/home/encoder/Desktop/ros2-robot/ros2_ws/src/serial_pubsub': PYTHONPATH=/home/encoder/Desktop/ros2-robot/ros2_ws/build/serial_pubsub/prefix_override:/usr/lib/python3/dist-packages/colcon_core/task/python/colcon_distutils_commands:/home/encoder/Desktop/ros2-robot/ros2_ws/install/serial_pubsub/lib/python3.10/site-packages:${PYTHONPATH} /usr/bin/python3 -W ignore:setup.py install is deprecated -W ignore:easy_install command is deprecated setup.py egg_info --egg-base ../../build/serial_pubsub build --build-base /home/encoder/Desktop/ros2-robot/ros2_ws/build/serial_pubsub/build install --record /home/encoder/Desktop/ros2-robot/ros2_ws/build/serial_pubsub/install.log --single-version-externally-managed install_data
[6.280s] running egg_info
[6.287s] creating ../../build/serial_pubsub/serial_pubsub.egg-info
[6.288s] writing ../../build/serial_pubsub/serial_pubsub.egg-info/PKG-INFO
[6.289s] writing dependency_links to ../../build/serial_pubsub/serial_pubsub.egg-info/dependency_links.txt
[6.289s] writing entry points to ../../build/serial_pubsub/serial_pubsub.egg-info/entry_points.txt
[6.289s] writing requirements to ../../build/serial_pubsub/serial_pubsub.egg-info/requires.txt
[6.290s] writing top-level names to ../../build/serial_pubsub/serial_pubsub.egg-info/top_level.txt
[6.297s] writing manifest file '../../build/serial_pubsub/serial_pubsub.egg-info/SOURCES.txt'
[6.299s] reading manifest file '../../build/serial_pubsub/serial_pubsub.egg-info/SOURCES.txt'
[6.299s] adding license file 'LICENSE'
[6.304s] writing manifest file '../../build/serial_pubsub/serial_pubsub.egg-info/SOURCES.txt'
[6.304s] running build
[6.307s] running build_py
[6.307s] creating /home/encoder/Desktop/ros2-robot/ros2_ws/build/serial_pubsub/build
[6.308s] creating /home/encoder/Desktop/ros2-robot/ros2_ws/build/serial_pubsub/build/lib
[6.308s] creating /home/encoder/Desktop/ros2-robot/ros2_ws/build/serial_pubsub/build/lib/serial_pubsub
[6.311s] copying serial_pubsub/keyboard_subscriber.py -> /home/encoder/Desktop/ros2-robot/ros2_ws/build/serial_pubsub/build/lib/serial_pubsub
[6.311s] copying serial_pubsub/keyboard_publisher.py -> /home/encoder/Desktop/ros2-robot/ros2_ws/build/serial_pubsub/build/lib/serial_pubsub
[6.311s] copying serial_pubsub/__init__.py -> /home/encoder/Desktop/ros2-robot/ros2_ws/build/serial_pubsub/build/lib/serial_pubsub
[6.312s] copying serial_pubsub/controller_publisher.py -> /home/encoder/Desktop/ros2-robot/ros2_ws/build/serial_pubsub/build/lib/serial_pubsub
[6.319s] running install
[6.319s] running install_lib
[6.326s] creating /home/encoder/Desktop/ros2-robot/ros2_ws/install/serial_pubsub/lib/python3.10/site-packages/serial_pubsub
[6.326s] copying /home/encoder/Desktop/ros2-robot/ros2_ws/build/serial_pubsub/build/lib/serial_pubsub/keyboard_subscriber.py -> /home/encoder/Desktop/ros2-robot/ros2_ws/install/serial_pubsub/lib/python3.10/site-packages/serial_pubsub
[6.327s] copying /home/encoder/Desktop/ros2-robot/ros2_ws/build/serial_pubsub/build/lib/serial_pubsub/keyboard_publisher.py -> /home/encoder/Desktop/ros2-robot/ros2_ws/install/serial_pubsub/lib/python3.10/site-packages/serial_pubsub
[6.328s] copying /home/encoder/Desktop/ros2-robot/ros2_ws/build/serial_pubsub/build/lib/serial_pubsub/__init__.py -> /home/encoder/Desktop/ros2-robot/ros2_ws/install/serial_pubsub/lib/python3.10/site-packages/serial_pubsub
[6.329s] copying /home/encoder/Desktop/ros2-robot/ros2_ws/build/serial_pubsub/build/lib/serial_pubsub/controller_publisher.py -> /home/encoder/Desktop/ros2-robot/ros2_ws/install/serial_pubsub/lib/python3.10/site-packages/serial_pubsub
[6.340s] byte-compiling /home/encoder/Desktop/ros2-robot/ros2_ws/install/serial_pubsub/lib/python3.10/site-packages/serial_pubsub/keyboard_subscriber.py to keyboard_subscriber.cpython-310.pyc
[6.340s] byte-compiling /home/encoder/Desktop/ros2-robot/ros2_ws/install/serial_pubsub/lib/python3.10/site-packages/serial_pubsub/keyboard_publisher.py to keyboard_publisher.cpython-310.pyc
[6.341s] byte-compiling /home/encoder/Desktop/ros2-robot/ros2_ws/install/serial_pubsub/lib/python3.10/site-packages/serial_pubsub/__init__.py to __init__.cpython-310.pyc
[6.345s] byte-compiling /home/encoder/Desktop/ros2-robot/ros2_ws/install/serial_pubsub/lib/python3.10/site-packages/serial_pubsub/controller_publisher.py to controller_publisher.cpython-310.pyc
[6.348s] running install_data
[6.351s] creating /home/encoder/Desktop/ros2-robot/ros2_ws/install/serial_pubsub/share/ament_index
[6.352s] creating /home/encoder/Desktop/ros2-robot/ros2_ws/install/serial_pubsub/share/ament_index/resource_index
[6.354s] creating /home/encoder/Desktop/ros2-robot/ros2_ws/install/serial_pubsub/share/ament_index/resource_index/packages
[6.366s] copying resource/serial_pubsub -> /home/encoder/Desktop/ros2-robot/ros2_ws/install/serial_pubsub/share/ament_index/resource_index/packages
[6.367s] copying package.xml -> /home/encoder/Desktop/ros2-robot/ros2_ws/install/serial_pubsub/share/serial_pubsub
[6.367s] running install_egg_info
[6.370s] Copying ../../build/serial_pubsub/serial_pubsub.egg-info to /home/encoder/Desktop/ros2-robot/ros2_ws/install/serial_pubsub/lib/python3.10/site-packages/serial_pubsub-0.0.0-py3.10.egg-info
[6.370s] running install_scripts
[6.474s] Installing cPublisher script to /home/encoder/Desktop/ros2-robot/ros2_ws/install/serial_pubsub/lib/serial_pubsub
[6.474s] Installing kPublisher script to /home/encoder/Desktop/ros2-robot/ros2_ws/install/serial_pubsub/lib/serial_pubsub
[6.475s] Installing kSubscriber script to /home/encoder/Desktop/ros2-robot/ros2_ws/install/serial_pubsub/lib/serial_pubsub
[6.475s] writing list of installed files to '/home/encoder/Desktop/ros2-robot/ros2_ws/build/serial_pubsub/install.log'
[6.702s] Invoked command in '/home/encoder/Desktop/ros2-robot/ros2_ws/src/serial_pubsub' returned '0': PYTHONPATH=/home/encoder/Desktop/ros2-robot/ros2_ws/build/serial_pubsub/prefix_override:/usr/lib/python3/dist-packages/colcon_core/task/python/colcon_distutils_commands:/home/encoder/Desktop/ros2-robot/ros2_ws/install/serial_pubsub/lib/python3.10/site-packages:${PYTHONPATH} /usr/bin/python3 -W ignore:setup.py install is deprecated -W ignore:easy_install command is deprecated setup.py egg_info --egg-base ../../build/serial_pubsub build --build-base /home/encoder/Desktop/ros2-robot/ros2_ws/build/serial_pubsub/build install --record /home/encoder/Desktop/ros2-robot/ros2_ws/build/serial_pubsub/install.log --single-version-externally-managed install_data
