[1.547s] Invoking command in '/home/encoder/Desktop/badem-robot/ros2_ws/src/serial_pubsub': PYTHONPATH=/home/encoder/Desktop/badem-robot/ros2_ws/build/serial_pubsub/prefix_override:/usr/lib/python3/dist-packages/colcon_core/task/python/colcon_distutils_commands:/home/encoder/Desktop/badem-robot/ros2_ws/install/serial_pubsub/lib/python3.10/site-packages:${PYTHONPATH} /usr/bin/python3 -W ignore:setup.py install is deprecated -W ignore:easy_install command is deprecated setup.py egg_info --egg-base ../../build/serial_pubsub build --build-base /home/encoder/Desktop/badem-robot/ros2_ws/build/serial_pubsub/build install --record /home/encoder/Desktop/badem-robot/ros2_ws/build/serial_pubsub/install.log --single-version-externally-managed install_data
[2.372s] running egg_info
[2.374s] writing ../../build/serial_pubsub/serial_pubsub.egg-info/PKG-INFO
[2.375s] writing dependency_links to ../../build/serial_pubsub/serial_pubsub.egg-info/dependency_links.txt
[2.375s] writing entry points to ../../build/serial_pubsub/serial_pubsub.egg-info/entry_points.txt
[2.376s] writing requirements to ../../build/serial_pubsub/serial_pubsub.egg-info/requires.txt
[2.376s] writing top-level names to ../../build/serial_pubsub/serial_pubsub.egg-info/top_level.txt
[2.380s] reading manifest file '../../build/serial_pubsub/serial_pubsub.egg-info/SOURCES.txt'
[2.380s] adding license file 'LICENSE'
[2.382s] writing manifest file '../../build/serial_pubsub/serial_pubsub.egg-info/SOURCES.txt'
[2.383s] running build
[2.383s] running build_py
[2.383s] running install
[2.384s] running install_lib
[2.388s] running install_data
[2.388s] running install_egg_info
[2.393s] removing '/home/encoder/Desktop/badem-robot/ros2_ws/install/serial_pubsub/lib/python3.10/site-packages/serial_pubsub-0.0.0-py3.10.egg-info' (and everything under it)
[2.393s] Copying ../../build/serial_pubsub/serial_pubsub.egg-info to /home/encoder/Desktop/badem-robot/ros2_ws/install/serial_pubsub/lib/python3.10/site-packages/serial_pubsub-0.0.0-py3.10.egg-info
[2.395s] running install_scripts
[2.459s] Installing cPublisher script to /home/encoder/Desktop/badem-robot/ros2_ws/install/serial_pubsub/lib/serial_pubsub
[2.459s] Installing kPublisher script to /home/encoder/Desktop/badem-robot/ros2_ws/install/serial_pubsub/lib/serial_pubsub
[2.460s] Installing kSubscriber script to /home/encoder/Desktop/badem-robot/ros2_ws/install/serial_pubsub/lib/serial_pubsub
[2.460s] writing list of installed files to '/home/encoder/Desktop/badem-robot/ros2_ws/build/serial_pubsub/install.log'
[2.507s] Invoked command in '/home/encoder/Desktop/badem-robot/ros2_ws/src/serial_pubsub' returned '0': PYTHONPATH=/home/encoder/Desktop/badem-robot/ros2_ws/build/serial_pubsub/prefix_override:/usr/lib/python3/dist-packages/colcon_core/task/python/colcon_distutils_commands:/home/encoder/Desktop/badem-robot/ros2_ws/install/serial_pubsub/lib/python3.10/site-packages:${PYTHONPATH} /usr/bin/python3 -W ignore:setup.py install is deprecated -W ignore:easy_install command is deprecated setup.py egg_info --egg-base ../../build/serial_pubsub build --build-base /home/encoder/Desktop/badem-robot/ros2_ws/build/serial_pubsub/build install --record /home/encoder/Desktop/badem-robot/ros2_ws/build/serial_pubsub/install.log --single-version-externally-managed install_data
