[4.066s] Invoking command in '/home/encoder/Desktop/ros2-robot/ros2_ws/src/lidar_mapper': PYTHONPATH=/home/encoder/Desktop/ros2-robot/build/lidar_mapper/prefix_override:/usr/lib/python3/dist-packages/colcon_core/task/python/colcon_distutils_commands:/home/encoder/Desktop/ros2-robot/install/lidar_mapper/lib/python3.10/site-packages:${PYTHONPATH} /usr/bin/python3 -W ignore:setup.py install is deprecated -W ignore:easy_install command is deprecated setup.py egg_info --egg-base ../../../build/lidar_mapper build --build-base /home/encoder/Desktop/ros2-robot/build/lidar_mapper/build install --record /home/encoder/Desktop/ros2-robot/build/lidar_mapper/install.log --single-version-externally-managed install_data
[7.473s] running egg_info
[7.474s] writing ../../../build/lidar_mapper/lidar_mapper.egg-info/PKG-INFO
[7.474s] writing dependency_links to ../../../build/lidar_mapper/lidar_mapper.egg-info/dependency_links.txt
[7.482s] writing entry points to ../../../build/lidar_mapper/lidar_mapper.egg-info/entry_points.txt
[7.483s] writing requirements to ../../../build/lidar_mapper/lidar_mapper.egg-info/requires.txt
[7.483s] writing top-level names to ../../../build/lidar_mapper/lidar_mapper.egg-info/top_level.txt
[7.496s] reading manifest file '../../../build/lidar_mapper/lidar_mapper.egg-info/SOURCES.txt'
[7.501s] writing manifest file '../../../build/lidar_mapper/lidar_mapper.egg-info/SOURCES.txt'
[7.502s] running build
[7.502s] running build_py
[7.502s] running install
[7.514s] running install_lib
[7.522s] running install_data
[7.523s] running install_egg_info
[7.538s] removing '/home/encoder/Desktop/ros2-robot/install/lidar_mapper/lib/python3.10/site-packages/lidar_mapper-0.0.0-py3.10.egg-info' (and everything under it)
[7.541s] Copying ../../../build/lidar_mapper/lidar_mapper.egg-info to /home/encoder/Desktop/ros2-robot/install/lidar_mapper/lib/python3.10/site-packages/lidar_mapper-0.0.0-py3.10.egg-info
[7.548s] running install_scripts
[7.729s] Installing subcriber_lidar script to /home/encoder/Desktop/ros2-robot/install/lidar_mapper/lib/lidar_mapper
[7.730s] writing list of installed files to '/home/encoder/Desktop/ros2-robot/build/lidar_mapper/install.log'
[8.084s] Invoked command in '/home/encoder/Desktop/ros2-robot/ros2_ws/src/lidar_mapper' returned '0': PYTHONPATH=/home/encoder/Desktop/ros2-robot/build/lidar_mapper/prefix_override:/usr/lib/python3/dist-packages/colcon_core/task/python/colcon_distutils_commands:/home/encoder/Desktop/ros2-robot/install/lidar_mapper/lib/python3.10/site-packages:${PYTHONPATH} /usr/bin/python3 -W ignore:setup.py install is deprecated -W ignore:easy_install command is deprecated setup.py egg_info --egg-base ../../../build/lidar_mapper build --build-base /home/encoder/Desktop/ros2-robot/build/lidar_mapper/build install --record /home/encoder/Desktop/ros2-robot/build/lidar_mapper/install.log --single-version-externally-managed install_data
