[0.166s] DEBUG:colcon:Command line arguments: ['/usr/bin/colcon', 'build']
[0.166s] DEBUG:colcon:Parsed command line arguments: Namespace(log_base=None, log_level=None, verb_name='build', build_base='build', install_base='install', merge_install=False, symlink_install=False, test_result_base=None, continue_on_error=False, executor='parallel', parallel_workers=12, event_handlers=None, ignore_user_meta=False, metas=['./colcon.meta'], base_paths=['.'], packages_ignore=None, packages_ignore_regex=None, paths=None, packages_up_to=None, packages_up_to_regex=None, packages_above=None, packages_above_and_dependencies=None, packages_above_depth=None, packages_select_by_dep=None, packages_skip_by_dep=None, packages_skip_up_to=None, packages_select_build_failed=False, packages_skip_build_finished=False, packages_select_test_failures=False, packages_skip_test_passed=False, packages_select=None, packages_skip=None, packages_select_regex=None, packages_skip_regex=None, packages_start=None, packages_end=None, allow_overriding=[], cmake_args=None, cmake_target=None, cmake_target_skip_unavailable=False, cmake_clean_cache=False, cmake_clean_first=False, cmake_force_configure=False, ament_cmake_args=None, catkin_cmake_args=None, catkin_skip_building_tests=False, mixin_files=None, mixin=None, verb_parser=<colcon_mixin.mixin.mixin_argument.MixinArgumentDecorator object at 0x79129804b4c0>, verb_extension=<colcon_core.verb.build.BuildVerb object at 0x79129800cee0>, main=<bound method BuildVerb.main of <colcon_core.verb.build.BuildVerb object at 0x79129800cee0>>, mixin_verb=('build',))
[0.413s] Level 1:colcon.colcon_core.package_discovery:discover_packages(colcon_meta) check parameters
[0.414s] Level 1:colcon.colcon_core.package_discovery:discover_packages(recursive) check parameters
[0.414s] Level 1:colcon.colcon_core.package_discovery:discover_packages(ignore) check parameters
[0.414s] Level 1:colcon.colcon_core.package_discovery:discover_packages(path) check parameters
[0.414s] Level 1:colcon.colcon_core.package_discovery:discover_packages(colcon_meta) discover
[0.414s] Level 1:colcon.colcon_core.package_discovery:discover_packages(recursive) discover
[0.414s] INFO:colcon.colcon_core.package_discovery:Crawling recursively for packages in '/home/encoder/Desktop/ros2-robot/ros2_ws'
[0.414s] Level 1:colcon.colcon_core.package_identification:_identify(.) by extensions ['ignore', 'ignore_ament_install']
[0.414s] Level 1:colcon.colcon_core.package_identification:_identify(.) by extension 'ignore'
[0.414s] Level 1:colcon.colcon_core.package_identification:_identify(.) by extension 'ignore_ament_install'
[0.414s] Level 1:colcon.colcon_core.package_identification:_identify(.) by extensions ['colcon_pkg']
[0.414s] Level 1:colcon.colcon_core.package_identification:_identify(.) by extension 'colcon_pkg'
[0.415s] Level 1:colcon.colcon_core.package_identification:_identify(.) by extensions ['colcon_meta']
[0.415s] Level 1:colcon.colcon_core.package_identification:_identify(.) by extension 'colcon_meta'
[0.415s] Level 1:colcon.colcon_core.package_identification:_identify(.) by extensions ['ros']
[0.415s] Level 1:colcon.colcon_core.package_identification:_identify(.) by extension 'ros'
[0.431s] Level 1:colcon.colcon_core.package_identification:_identify(.) by extensions ['cmake', 'python']
[0.431s] Level 1:colcon.colcon_core.package_identification:_identify(.) by extension 'cmake'
[0.431s] Level 1:colcon.colcon_core.package_identification:_identify(.) by extension 'python'
[0.431s] Level 1:colcon.colcon_core.package_identification:_identify(.) by extensions ['python_setup_py']
[0.431s] Level 1:colcon.colcon_core.package_identification:_identify(.) by extension 'python_setup_py'
[0.431s] Level 1:colcon.colcon_core.package_identification:_identify(build) by extensions ['ignore', 'ignore_ament_install']
[0.432s] Level 1:colcon.colcon_core.package_identification:_identify(build) by extension 'ignore'
[0.432s] Level 1:colcon.colcon_core.package_identification:_identify(build) ignored
[0.432s] Level 1:colcon.colcon_core.package_identification:_identify(install) by extensions ['ignore', 'ignore_ament_install']
[0.432s] Level 1:colcon.colcon_core.package_identification:_identify(install) by extension 'ignore'
[0.432s] Level 1:colcon.colcon_core.package_identification:_identify(install) ignored
[0.432s] Level 1:colcon.colcon_core.package_identification:_identify(log) by extensions ['ignore', 'ignore_ament_install']
[0.432s] Level 1:colcon.colcon_core.package_identification:_identify(log) by extension 'ignore'
[0.432s] Level 1:colcon.colcon_core.package_identification:_identify(log) ignored
[0.432s] Level 1:colcon.colcon_core.package_identification:_identify(src) by extensions ['ignore', 'ignore_ament_install']
[0.432s] Level 1:colcon.colcon_core.package_identification:_identify(src) by extension 'ignore'
[0.432s] Level 1:colcon.colcon_core.package_identification:_identify(src) by extension 'ignore_ament_install'
[0.433s] Level 1:colcon.colcon_core.package_identification:_identify(src) by extensions ['colcon_pkg']
[0.433s] Level 1:colcon.colcon_core.package_identification:_identify(src) by extension 'colcon_pkg'
[0.433s] Level 1:colcon.colcon_core.package_identification:_identify(src) by extensions ['colcon_meta']
[0.433s] Level 1:colcon.colcon_core.package_identification:_identify(src) by extension 'colcon_meta'
[0.433s] Level 1:colcon.colcon_core.package_identification:_identify(src) by extensions ['ros']
[0.433s] Level 1:colcon.colcon_core.package_identification:_identify(src) by extension 'ros'
[0.433s] Level 1:colcon.colcon_core.package_identification:_identify(src) by extensions ['cmake', 'python']
[0.433s] Level 1:colcon.colcon_core.package_identification:_identify(src) by extension 'cmake'
[0.433s] Level 1:colcon.colcon_core.package_identification:_identify(src) by extension 'python'
[0.433s] Level 1:colcon.colcon_core.package_identification:_identify(src) by extensions ['python_setup_py']
[0.433s] Level 1:colcon.colcon_core.package_identification:_identify(src) by extension 'python_setup_py'
[0.433s] Level 1:colcon.colcon_core.package_identification:_identify(src/lidar_mapper) by extensions ['ignore', 'ignore_ament_install']
[0.433s] Level 1:colcon.colcon_core.package_identification:_identify(src/lidar_mapper) by extension 'ignore'
[0.433s] Level 1:colcon.colcon_core.package_identification:_identify(src/lidar_mapper) by extension 'ignore_ament_install'
[0.433s] Level 1:colcon.colcon_core.package_identification:_identify(src/lidar_mapper) by extensions ['colcon_pkg']
[0.433s] Level 1:colcon.colcon_core.package_identification:_identify(src/lidar_mapper) by extension 'colcon_pkg'
[0.433s] Level 1:colcon.colcon_core.package_identification:_identify(src/lidar_mapper) by extensions ['colcon_meta']
[0.433s] Level 1:colcon.colcon_core.package_identification:_identify(src/lidar_mapper) by extension 'colcon_meta'
[0.434s] Level 1:colcon.colcon_core.package_identification:_identify(src/lidar_mapper) by extensions ['ros']
[0.434s] Level 1:colcon.colcon_core.package_identification:_identify(src/lidar_mapper) by extension 'ros'
[0.438s] DEBUG:colcon.colcon_core.package_identification:Package 'src/lidar_mapper' with type 'ros.ament_python' and name 'lidar_mapper'
[0.438s] Level 1:colcon.colcon_core.package_identification:_identify(src/multi_launch) by extensions ['ignore', 'ignore_ament_install']
[0.438s] Level 1:colcon.colcon_core.package_identification:_identify(src/multi_launch) by extension 'ignore'
[0.438s] Level 1:colcon.colcon_core.package_identification:_identify(src/multi_launch) by extension 'ignore_ament_install'
[0.438s] Level 1:colcon.colcon_core.package_identification:_identify(src/multi_launch) by extensions ['colcon_pkg']
[0.438s] Level 1:colcon.colcon_core.package_identification:_identify(src/multi_launch) by extension 'colcon_pkg'
[0.438s] Level 1:colcon.colcon_core.package_identification:_identify(src/multi_launch) by extensions ['colcon_meta']
[0.438s] Level 1:colcon.colcon_core.package_identification:_identify(src/multi_launch) by extension 'colcon_meta'
[0.438s] Level 1:colcon.colcon_core.package_identification:_identify(src/multi_launch) by extensions ['ros']
[0.438s] Level 1:colcon.colcon_core.package_identification:_identify(src/multi_launch) by extension 'ros'
[0.440s] DEBUG:colcon.colcon_core.package_identification:Package 'src/multi_launch' with type 'ros.ament_python' and name 'multi_launch'
[0.440s] Level 1:colcon.colcon_core.package_identification:_identify(src/ros2_opencv) by extensions ['ignore', 'ignore_ament_install']
[0.440s] Level 1:colcon.colcon_core.package_identification:_identify(src/ros2_opencv) by extension 'ignore'
[0.440s] Level 1:colcon.colcon_core.package_identification:_identify(src/ros2_opencv) by extension 'ignore_ament_install'
[0.440s] Level 1:colcon.colcon_core.package_identification:_identify(src/ros2_opencv) by extensions ['colcon_pkg']
[0.440s] Level 1:colcon.colcon_core.package_identification:_identify(src/ros2_opencv) by extension 'colcon_pkg'
[0.440s] Level 1:colcon.colcon_core.package_identification:_identify(src/ros2_opencv) by extensions ['colcon_meta']
[0.440s] Level 1:colcon.colcon_core.package_identification:_identify(src/ros2_opencv) by extension 'colcon_meta'
[0.440s] Level 1:colcon.colcon_core.package_identification:_identify(src/ros2_opencv) by extensions ['ros']
[0.440s] Level 1:colcon.colcon_core.package_identification:_identify(src/ros2_opencv) by extension 'ros'
[0.442s] DEBUG:colcon.colcon_core.package_identification:Package 'src/ros2_opencv' with type 'ros.ament_python' and name 'ros2_opencv'
[0.442s] Level 1:colcon.colcon_core.package_identification:_identify(src/ros2_shared) by extensions ['ignore', 'ignore_ament_install']
[0.442s] Level 1:colcon.colcon_core.package_identification:_identify(src/ros2_shared) by extension 'ignore'
[0.442s] Level 1:colcon.colcon_core.package_identification:_identify(src/ros2_shared) by extension 'ignore_ament_install'
[0.442s] Level 1:colcon.colcon_core.package_identification:_identify(src/ros2_shared) by extensions ['colcon_pkg']
[0.442s] Level 1:colcon.colcon_core.package_identification:_identify(src/ros2_shared) by extension 'colcon_pkg'
[0.442s] Level 1:colcon.colcon_core.package_identification:_identify(src/ros2_shared) by extensions ['colcon_meta']
[0.442s] Level 1:colcon.colcon_core.package_identification:_identify(src/ros2_shared) by extension 'colcon_meta'
[0.442s] Level 1:colcon.colcon_core.package_identification:_identify(src/ros2_shared) by extensions ['ros']
[0.442s] Level 1:colcon.colcon_core.package_identification:_identify(src/ros2_shared) by extension 'ros'
[0.443s] DEBUG:colcon.colcon_core.package_identification:Package 'src/ros2_shared' with type 'ros.ament_cmake' and name 'ros2_shared'
[0.443s] Level 1:colcon.colcon_core.package_identification:_identify(src/rplidar_ros) by extensions ['ignore', 'ignore_ament_install']
[0.443s] Level 1:colcon.colcon_core.package_identification:_identify(src/rplidar_ros) by extension 'ignore'
[0.443s] Level 1:colcon.colcon_core.package_identification:_identify(src/rplidar_ros) by extension 'ignore_ament_install'
[0.443s] Level 1:colcon.colcon_core.package_identification:_identify(src/rplidar_ros) by extensions ['colcon_pkg']
[0.443s] Level 1:colcon.colcon_core.package_identification:_identify(src/rplidar_ros) by extension 'colcon_pkg'
[0.443s] Level 1:colcon.colcon_core.package_identification:_identify(src/rplidar_ros) by extensions ['colcon_meta']
[0.444s] Level 1:colcon.colcon_core.package_identification:_identify(src/rplidar_ros) by extension 'colcon_meta'
[0.444s] Level 1:colcon.colcon_core.package_identification:_identify(src/rplidar_ros) by extensions ['ros']
[0.444s] Level 1:colcon.colcon_core.package_identification:_identify(src/rplidar_ros) by extension 'ros'
[0.445s] DEBUG:colcon.colcon_core.package_identification:Package 'src/rplidar_ros' with type 'ros.ament_cmake' and name 'rplidar_ros'
[0.445s] Level 1:colcon.colcon_core.package_identification:_identify(src/serial_pubsub) by extensions ['ignore', 'ignore_ament_install']
[0.445s] Level 1:colcon.colcon_core.package_identification:_identify(src/serial_pubsub) by extension 'ignore'
[0.445s] Level 1:colcon.colcon_core.package_identification:_identify(src/serial_pubsub) by extension 'ignore_ament_install'
[0.445s] Level 1:colcon.colcon_core.package_identification:_identify(src/serial_pubsub) by extensions ['colcon_pkg']
[0.445s] Level 1:colcon.colcon_core.package_identification:_identify(src/serial_pubsub) by extension 'colcon_pkg'
[0.445s] Level 1:colcon.colcon_core.package_identification:_identify(src/serial_pubsub) by extensions ['colcon_meta']
[0.445s] Level 1:colcon.colcon_core.package_identification:_identify(src/serial_pubsub) by extension 'colcon_meta'
[0.445s] Level 1:colcon.colcon_core.package_identification:_identify(src/serial_pubsub) by extensions ['ros']
[0.445s] Level 1:colcon.colcon_core.package_identification:_identify(src/serial_pubsub) by extension 'ros'
[0.446s] DEBUG:colcon.colcon_core.package_identification:Package 'src/serial_pubsub' with type 'ros.ament_python' and name 'serial_pubsub'
[0.446s] Level 1:colcon.colcon_core.package_identification:_identify(src/tello_ros2) by extensions ['ignore', 'ignore_ament_install']
[0.446s] Level 1:colcon.colcon_core.package_identification:_identify(src/tello_ros2) by extension 'ignore'
[0.446s] Level 1:colcon.colcon_core.package_identification:_identify(src/tello_ros2) by extension 'ignore_ament_install'
[0.446s] Level 1:colcon.colcon_core.package_identification:_identify(src/tello_ros2) by extensions ['colcon_pkg']
[0.446s] Level 1:colcon.colcon_core.package_identification:_identify(src/tello_ros2) by extension 'colcon_pkg'
[0.447s] Level 1:colcon.colcon_core.package_identification:_identify(src/tello_ros2) by extensions ['colcon_meta']
[0.447s] Level 1:colcon.colcon_core.package_identification:_identify(src/tello_ros2) by extension 'colcon_meta'
[0.447s] Level 1:colcon.colcon_core.package_identification:_identify(src/tello_ros2) by extensions ['ros']
[0.447s] Level 1:colcon.colcon_core.package_identification:_identify(src/tello_ros2) by extension 'ros'
[0.450s] DEBUG:colcon.colcon_core.package_identification:Package 'src/tello_ros2' with type 'ros.ament_python' and name 'tello_ros2'
[0.450s] Level 1:colcon.colcon_core.package_identification:_identify(src/tello_takip) by extensions ['ignore', 'ignore_ament_install']
[0.450s] Level 1:colcon.colcon_core.package_identification:_identify(src/tello_takip) by extension 'ignore'
[0.450s] Level 1:colcon.colcon_core.package_identification:_identify(src/tello_takip) by extension 'ignore_ament_install'
[0.450s] Level 1:colcon.colcon_core.package_identification:_identify(src/tello_takip) by extensions ['colcon_pkg']
[0.450s] Level 1:colcon.colcon_core.package_identification:_identify(src/tello_takip) by extension 'colcon_pkg'
[0.450s] Level 1:colcon.colcon_core.package_identification:_identify(src/tello_takip) by extensions ['colcon_meta']
[0.450s] Level 1:colcon.colcon_core.package_identification:_identify(src/tello_takip) by extension 'colcon_meta'
[0.450s] Level 1:colcon.colcon_core.package_identification:_identify(src/tello_takip) by extensions ['ros']
[0.450s] Level 1:colcon.colcon_core.package_identification:_identify(src/tello_takip) by extension 'ros'
[0.451s] DEBUG:colcon.colcon_core.package_identification:Package 'src/tello_takip' with type 'ros.ament_python' and name 'tello_takip'
[0.452s] Level 1:colcon.colcon_core.package_discovery:discover_packages(recursive) using defaults
[0.452s] Level 1:colcon.colcon_core.package_discovery:discover_packages(ignore) discover
[0.452s] Level 1:colcon.colcon_core.package_discovery:discover_packages(ignore) using defaults
[0.452s] Level 1:colcon.colcon_core.package_discovery:discover_packages(path) discover
[0.452s] Level 1:colcon.colcon_core.package_discovery:discover_packages(path) using defaults
[0.496s] Level 1:colcon.colcon_core.package_discovery:discover_packages(prefix_path) check parameters
[0.496s] Level 1:colcon.colcon_core.package_discovery:discover_packages(prefix_path) discover
[0.499s] DEBUG:colcon.colcon_installed_package_information.package_discovery:Found 8 installed packages in /home/encoder/Desktop/ros2-robot/ros2_ws/install
[0.501s] DEBUG:colcon.colcon_installed_package_information.package_discovery:Found 318 installed packages in /opt/ros/humble
[0.503s] Level 1:colcon.colcon_core.package_discovery:discover_packages(prefix_path) using defaults
[0.558s] Level 5:colcon.colcon_core.verb:set package 'lidar_mapper' build argument 'cmake_args' from command line to 'None'
[0.558s] Level 5:colcon.colcon_core.verb:set package 'lidar_mapper' build argument 'cmake_target' from command line to 'None'
[0.558s] Level 5:colcon.colcon_core.verb:set package 'lidar_mapper' build argument 'cmake_target_skip_unavailable' from command line to 'False'
[0.558s] Level 5:colcon.colcon_core.verb:set package 'lidar_mapper' build argument 'cmake_clean_cache' from command line to 'False'
[0.558s] Level 5:colcon.colcon_core.verb:set package 'lidar_mapper' build argument 'cmake_clean_first' from command line to 'False'
[0.558s] Level 5:colcon.colcon_core.verb:set package 'lidar_mapper' build argument 'cmake_force_configure' from command line to 'False'
[0.558s] Level 5:colcon.colcon_core.verb:set package 'lidar_mapper' build argument 'ament_cmake_args' from command line to 'None'
[0.558s] Level 5:colcon.colcon_core.verb:set package 'lidar_mapper' build argument 'catkin_cmake_args' from command line to 'None'
[0.558s] Level 5:colcon.colcon_core.verb:set package 'lidar_mapper' build argument 'catkin_skip_building_tests' from command line to 'False'
[0.558s] DEBUG:colcon.colcon_core.verb:Building package 'lidar_mapper' with the following arguments: {'ament_cmake_args': None, 'build_base': '/home/encoder/Desktop/ros2-robot/ros2_ws/build/lidar_mapper', 'catkin_cmake_args': None, 'catkin_skip_building_tests': False, 'cmake_args': None, 'cmake_clean_cache': False, 'cmake_clean_first': False, 'cmake_force_configure': False, 'cmake_target': None, 'cmake_target_skip_unavailable': False, 'install_base': '/home/encoder/Desktop/ros2-robot/ros2_ws/install/lidar_mapper', 'merge_install': False, 'path': '/home/encoder/Desktop/ros2-robot/ros2_ws/src/lidar_mapper', 'symlink_install': False, 'test_result_base': None}
[0.559s] Level 5:colcon.colcon_core.verb:set package 'multi_launch' build argument 'cmake_args' from command line to 'None'
[0.559s] Level 5:colcon.colcon_core.verb:set package 'multi_launch' build argument 'cmake_target' from command line to 'None'
[0.559s] Level 5:colcon.colcon_core.verb:set package 'multi_launch' build argument 'cmake_target_skip_unavailable' from command line to 'False'
[0.559s] Level 5:colcon.colcon_core.verb:set package 'multi_launch' build argument 'cmake_clean_cache' from command line to 'False'
[0.559s] Level 5:colcon.colcon_core.verb:set package 'multi_launch' build argument 'cmake_clean_first' from command line to 'False'
[0.559s] Level 5:colcon.colcon_core.verb:set package 'multi_launch' build argument 'cmake_force_configure' from command line to 'False'
[0.559s] Level 5:colcon.colcon_core.verb:set package 'multi_launch' build argument 'ament_cmake_args' from command line to 'None'
[0.559s] Level 5:colcon.colcon_core.verb:set package 'multi_launch' build argument 'catkin_cmake_args' from command line to 'None'
[0.559s] Level 5:colcon.colcon_core.verb:set package 'multi_launch' build argument 'catkin_skip_building_tests' from command line to 'False'
[0.559s] DEBUG:colcon.colcon_core.verb:Building package 'multi_launch' with the following arguments: {'ament_cmake_args': None, 'build_base': '/home/encoder/Desktop/ros2-robot/ros2_ws/build/multi_launch', 'catkin_cmake_args': None, 'catkin_skip_building_tests': False, 'cmake_args': None, 'cmake_clean_cache': False, 'cmake_clean_first': False, 'cmake_force_configure': False, 'cmake_target': None, 'cmake_target_skip_unavailable': False, 'install_base': '/home/encoder/Desktop/ros2-robot/ros2_ws/install/multi_launch', 'merge_install': False, 'path': '/home/encoder/Desktop/ros2-robot/ros2_ws/src/multi_launch', 'symlink_install': False, 'test_result_base': None}
[0.560s] Level 5:colcon.colcon_core.verb:set package 'ros2_opencv' build argument 'cmake_args' from command line to 'None'
[0.560s] Level 5:colcon.colcon_core.verb:set package 'ros2_opencv' build argument 'cmake_target' from command line to 'None'
[0.560s] Level 5:colcon.colcon_core.verb:set package 'ros2_opencv' build argument 'cmake_target_skip_unavailable' from command line to 'False'
[0.560s] Level 5:colcon.colcon_core.verb:set package 'ros2_opencv' build argument 'cmake_clean_cache' from command line to 'False'
[0.560s] Level 5:colcon.colcon_core.verb:set package 'ros2_opencv' build argument 'cmake_clean_first' from command line to 'False'
[0.560s] Level 5:colcon.colcon_core.verb:set package 'ros2_opencv' build argument 'cmake_force_configure' from command line to 'False'
[0.560s] Level 5:colcon.colcon_core.verb:set package 'ros2_opencv' build argument 'ament_cmake_args' from command line to 'None'
[0.560s] Level 5:colcon.colcon_core.verb:set package 'ros2_opencv' build argument 'catkin_cmake_args' from command line to 'None'
[0.560s] Level 5:colcon.colcon_core.verb:set package 'ros2_opencv' build argument 'catkin_skip_building_tests' from command line to 'False'
[0.560s] DEBUG:colcon.colcon_core.verb:Building package 'ros2_opencv' with the following arguments: {'ament_cmake_args': None, 'build_base': '/home/encoder/Desktop/ros2-robot/ros2_ws/build/ros2_opencv', 'catkin_cmake_args': None, 'catkin_skip_building_tests': False, 'cmake_args': None, 'cmake_clean_cache': False, 'cmake_clean_first': False, 'cmake_force_configure': False, 'cmake_target': None, 'cmake_target_skip_unavailable': False, 'install_base': '/home/encoder/Desktop/ros2-robot/ros2_ws/install/ros2_opencv', 'merge_install': False, 'path': '/home/encoder/Desktop/ros2-robot/ros2_ws/src/ros2_opencv', 'symlink_install': False, 'test_result_base': None}
[0.560s] Level 5:colcon.colcon_core.verb:set package 'ros2_shared' build argument 'cmake_args' from command line to 'None'
[0.561s] Level 5:colcon.colcon_core.verb:set package 'ros2_shared' build argument 'cmake_target' from command line to 'None'
[0.561s] Level 5:colcon.colcon_core.verb:set package 'ros2_shared' build argument 'cmake_target_skip_unavailable' from command line to 'False'
[0.561s] Level 5:colcon.colcon_core.verb:set package 'ros2_shared' build argument 'cmake_clean_cache' from command line to 'False'
[0.561s] Level 5:colcon.colcon_core.verb:set package 'ros2_shared' build argument 'cmake_clean_first' from command line to 'False'
[0.561s] Level 5:colcon.colcon_core.verb:set package 'ros2_shared' build argument 'cmake_force_configure' from command line to 'False'
[0.561s] Level 5:colcon.colcon_core.verb:set package 'ros2_shared' build argument 'ament_cmake_args' from command line to 'None'
[0.561s] Level 5:colcon.colcon_core.verb:set package 'ros2_shared' build argument 'catkin_cmake_args' from command line to 'None'
[0.561s] Level 5:colcon.colcon_core.verb:set package 'ros2_shared' build argument 'catkin_skip_building_tests' from command line to 'False'
[0.561s] DEBUG:colcon.colcon_core.verb:Building package 'ros2_shared' with the following arguments: {'ament_cmake_args': None, 'build_base': '/home/encoder/Desktop/ros2-robot/ros2_ws/build/ros2_shared', 'catkin_cmake_args': None, 'catkin_skip_building_tests': False, 'cmake_args': None, 'cmake_clean_cache': False, 'cmake_clean_first': False, 'cmake_force_configure': False, 'cmake_target': None, 'cmake_target_skip_unavailable': False, 'install_base': '/home/encoder/Desktop/ros2-robot/ros2_ws/install/ros2_shared', 'merge_install': False, 'path': '/home/encoder/Desktop/ros2-robot/ros2_ws/src/ros2_shared', 'symlink_install': False, 'test_result_base': None}
[0.561s] Level 5:colcon.colcon_core.verb:set package 'rplidar_ros' build argument 'cmake_args' from command line to 'None'
[0.561s] Level 5:colcon.colcon_core.verb:set package 'rplidar_ros' build argument 'cmake_target' from command line to 'None'
[0.561s] Level 5:colcon.colcon_core.verb:set package 'rplidar_ros' build argument 'cmake_target_skip_unavailable' from command line to 'False'
[0.561s] Level 5:colcon.colcon_core.verb:set package 'rplidar_ros' build argument 'cmake_clean_cache' from command line to 'False'
[0.561s] Level 5:colcon.colcon_core.verb:set package 'rplidar_ros' build argument 'cmake_clean_first' from command line to 'False'
[0.562s] Level 5:colcon.colcon_core.verb:set package 'rplidar_ros' build argument 'cmake_force_configure' from command line to 'False'
[0.562s] Level 5:colcon.colcon_core.verb:set package 'rplidar_ros' build argument 'ament_cmake_args' from command line to 'None'
[0.562s] Level 5:colcon.colcon_core.verb:set package 'rplidar_ros' build argument 'catkin_cmake_args' from command line to 'None'
[0.562s] Level 5:colcon.colcon_core.verb:set package 'rplidar_ros' build argument 'catkin_skip_building_tests' from command line to 'False'
[0.562s] DEBUG:colcon.colcon_core.verb:Building package 'rplidar_ros' with the following arguments: {'ament_cmake_args': None, 'build_base': '/home/encoder/Desktop/ros2-robot/ros2_ws/build/rplidar_ros', 'catkin_cmake_args': None, 'catkin_skip_building_tests': False, 'cmake_args': None, 'cmake_clean_cache': False, 'cmake_clean_first': False, 'cmake_force_configure': False, 'cmake_target': None, 'cmake_target_skip_unavailable': False, 'install_base': '/home/encoder/Desktop/ros2-robot/ros2_ws/install/rplidar_ros', 'merge_install': False, 'path': '/home/encoder/Desktop/ros2-robot/ros2_ws/src/rplidar_ros', 'symlink_install': False, 'test_result_base': None}
[0.562s] Level 5:colcon.colcon_core.verb:set package 'serial_pubsub' build argument 'cmake_args' from command line to 'None'
[0.562s] Level 5:colcon.colcon_core.verb:set package 'serial_pubsub' build argument 'cmake_target' from command line to 'None'
[0.562s] Level 5:colcon.colcon_core.verb:set package 'serial_pubsub' build argument 'cmake_target_skip_unavailable' from command line to 'False'
[0.562s] Level 5:colcon.colcon_core.verb:set package 'serial_pubsub' build argument 'cmake_clean_cache' from command line to 'False'
[0.562s] Level 5:colcon.colcon_core.verb:set package 'serial_pubsub' build argument 'cmake_clean_first' from command line to 'False'
[0.562s] Level 5:colcon.colcon_core.verb:set package 'serial_pubsub' build argument 'cmake_force_configure' from command line to 'False'
[0.562s] Level 5:colcon.colcon_core.verb:set package 'serial_pubsub' build argument 'ament_cmake_args' from command line to 'None'
[0.562s] Level 5:colcon.colcon_core.verb:set package 'serial_pubsub' build argument 'catkin_cmake_args' from command line to 'None'
[0.563s] Level 5:colcon.colcon_core.verb:set package 'serial_pubsub' build argument 'catkin_skip_building_tests' from command line to 'False'
[0.563s] DEBUG:colcon.colcon_core.verb:Building package 'serial_pubsub' with the following arguments: {'ament_cmake_args': None, 'build_base': '/home/encoder/Desktop/ros2-robot/ros2_ws/build/serial_pubsub', 'catkin_cmake_args': None, 'catkin_skip_building_tests': False, 'cmake_args': None, 'cmake_clean_cache': False, 'cmake_clean_first': False, 'cmake_force_configure': False, 'cmake_target': None, 'cmake_target_skip_unavailable': False, 'install_base': '/home/encoder/Desktop/ros2-robot/ros2_ws/install/serial_pubsub', 'merge_install': False, 'path': '/home/encoder/Desktop/ros2-robot/ros2_ws/src/serial_pubsub', 'symlink_install': False, 'test_result_base': None}
[0.563s] Level 5:colcon.colcon_core.verb:set package 'tello_ros2' build argument 'cmake_args' from command line to 'None'
[0.563s] Level 5:colcon.colcon_core.verb:set package 'tello_ros2' build argument 'cmake_target' from command line to 'None'
[0.563s] Level 5:colcon.colcon_core.verb:set package 'tello_ros2' build argument 'cmake_target_skip_unavailable' from command line to 'False'
[0.563s] Level 5:colcon.colcon_core.verb:set package 'tello_ros2' build argument 'cmake_clean_cache' from command line to 'False'
[0.564s] Level 5:colcon.colcon_core.verb:set package 'tello_ros2' build argument 'cmake_clean_first' from command line to 'False'
[0.564s] Level 5:colcon.colcon_core.verb:set package 'tello_ros2' build argument 'cmake_force_configure' from command line to 'False'
[0.564s] Level 5:colcon.colcon_core.verb:set package 'tello_ros2' build argument 'ament_cmake_args' from command line to 'None'
[0.564s] Level 5:colcon.colcon_core.verb:set package 'tello_ros2' build argument 'catkin_cmake_args' from command line to 'None'
[0.564s] Level 5:colcon.colcon_core.verb:set package 'tello_ros2' build argument 'catkin_skip_building_tests' from command line to 'False'
[0.564s] DEBUG:colcon.colcon_core.verb:Building package 'tello_ros2' with the following arguments: {'ament_cmake_args': None, 'build_base': '/home/encoder/Desktop/ros2-robot/ros2_ws/build/tello_ros2', 'catkin_cmake_args': None, 'catkin_skip_building_tests': False, 'cmake_args': None, 'cmake_clean_cache': False, 'cmake_clean_first': False, 'cmake_force_configure': False, 'cmake_target': None, 'cmake_target_skip_unavailable': False, 'install_base': '/home/encoder/Desktop/ros2-robot/ros2_ws/install/tello_ros2', 'merge_install': False, 'path': '/home/encoder/Desktop/ros2-robot/ros2_ws/src/tello_ros2', 'symlink_install': False, 'test_result_base': None}
[0.564s] Level 5:colcon.colcon_core.verb:set package 'tello_takip' build argument 'cmake_args' from command line to 'None'
[0.564s] Level 5:colcon.colcon_core.verb:set package 'tello_takip' build argument 'cmake_target' from command line to 'None'
[0.564s] Level 5:colcon.colcon_core.verb:set package 'tello_takip' build argument 'cmake_target_skip_unavailable' from command line to 'False'
[0.564s] Level 5:colcon.colcon_core.verb:set package 'tello_takip' build argument 'cmake_clean_cache' from command line to 'False'
[0.564s] Level 5:colcon.colcon_core.verb:set package 'tello_takip' build argument 'cmake_clean_first' from command line to 'False'
[0.565s] Level 5:colcon.colcon_core.verb:set package 'tello_takip' build argument 'cmake_force_configure' from command line to 'False'
[0.565s] Level 5:colcon.colcon_core.verb:set package 'tello_takip' build argument 'ament_cmake_args' from command line to 'None'
[0.565s] Level 5:colcon.colcon_core.verb:set package 'tello_takip' build argument 'catkin_cmake_args' from command line to 'None'
[0.565s] Level 5:colcon.colcon_core.verb:set package 'tello_takip' build argument 'catkin_skip_building_tests' from command line to 'False'
[0.565s] DEBUG:colcon.colcon_core.verb:Building package 'tello_takip' with the following arguments: {'ament_cmake_args': None, 'build_base': '/home/encoder/Desktop/ros2-robot/ros2_ws/build/tello_takip', 'catkin_cmake_args': None, 'catkin_skip_building_tests': False, 'cmake_args': None, 'cmake_clean_cache': False, 'cmake_clean_first': False, 'cmake_force_configure': False, 'cmake_target': None, 'cmake_target_skip_unavailable': False, 'install_base': '/home/encoder/Desktop/ros2-robot/ros2_ws/install/tello_takip', 'merge_install': False, 'path': '/home/encoder/Desktop/ros2-robot/ros2_ws/src/tello_takip', 'symlink_install': False, 'test_result_base': None}
[0.565s] INFO:colcon.colcon_core.executor:Executing jobs using 'parallel' executor
[0.567s] DEBUG:colcon.colcon_parallel_executor.executor.parallel:run_until_complete
[0.568s] INFO:colcon.colcon_ros.task.ament_python.build:Building ROS package in '/home/encoder/Desktop/ros2-robot/ros2_ws/src/lidar_mapper' with build type 'ament_python'
[0.569s] Level 1:colcon.colcon_core.shell:create_environment_hook('lidar_mapper', 'ament_prefix_path')
[0.578s] INFO:colcon.colcon_core.plugin_system:Skipping extension 'colcon_core.shell.bat': Not used on non-Windows systems
[0.579s] INFO:colcon.colcon_core.shell:Creating environment hook '/home/encoder/Desktop/ros2-robot/ros2_ws/install/lidar_mapper/share/lidar_mapper/hook/ament_prefix_path.ps1'
[0.582s] INFO:colcon.colcon_core.shell:Creating environment descriptor '/home/encoder/Desktop/ros2-robot/ros2_ws/install/lidar_mapper/share/lidar_mapper/hook/ament_prefix_path.dsv'
[0.583s] INFO:colcon.colcon_core.shell:Creating environment hook '/home/encoder/Desktop/ros2-robot/ros2_ws/install/lidar_mapper/share/lidar_mapper/hook/ament_prefix_path.sh'
[0.586s] INFO:colcon.colcon_core.shell:Skip shell extension 'powershell' for command environment: Not usable outside of PowerShell
[0.586s] DEBUG:colcon.colcon_core.shell:Skip shell extension 'dsv' for command environment
[0.598s] INFO:colcon.colcon_ros.task.ament_python.build:Building ROS package in '/home/encoder/Desktop/ros2-robot/ros2_ws/src/multi_launch' with build type 'ament_python'
[0.599s] Level 1:colcon.colcon_core.shell:create_environment_hook('multi_launch', 'ament_prefix_path')
[0.599s] INFO:colcon.colcon_core.shell:Creating environment hook '/home/encoder/Desktop/ros2-robot/ros2_ws/install/multi_launch/share/multi_launch/hook/ament_prefix_path.ps1'
[0.601s] INFO:colcon.colcon_core.shell:Creating environment descriptor '/home/encoder/Desktop/ros2-robot/ros2_ws/install/multi_launch/share/multi_launch/hook/ament_prefix_path.dsv'
[0.603s] INFO:colcon.colcon_core.shell:Creating environment hook '/home/encoder/Desktop/ros2-robot/ros2_ws/install/multi_launch/share/multi_launch/hook/ament_prefix_path.sh'
[0.606s] INFO:colcon.colcon_core.shell:Skip shell extension 'powershell' for command environment: Not usable outside of PowerShell
[0.606s] DEBUG:colcon.colcon_core.shell:Skip shell extension 'dsv' for command environment
[0.620s] INFO:colcon.colcon_ros.task.ament_python.build:Building ROS package in '/home/encoder/Desktop/ros2-robot/ros2_ws/src/ros2_opencv' with build type 'ament_python'
[0.621s] Level 1:colcon.colcon_core.shell:create_environment_hook('ros2_opencv', 'ament_prefix_path')
[0.622s] INFO:colcon.colcon_core.shell:Creating environment hook '/home/encoder/Desktop/ros2-robot/ros2_ws/install/ros2_opencv/share/ros2_opencv/hook/ament_prefix_path.ps1'
[0.624s] INFO:colcon.colcon_core.shell:Creating environment descriptor '/home/encoder/Desktop/ros2-robot/ros2_ws/install/ros2_opencv/share/ros2_opencv/hook/ament_prefix_path.dsv'
[0.625s] INFO:colcon.colcon_core.shell:Creating environment hook '/home/encoder/Desktop/ros2-robot/ros2_ws/install/ros2_opencv/share/ros2_opencv/hook/ament_prefix_path.sh'
[0.627s] INFO:colcon.colcon_core.shell:Skip shell extension 'powershell' for command environment: Not usable outside of PowerShell
[0.628s] DEBUG:colcon.colcon_core.shell:Skip shell extension 'dsv' for command environment
[0.638s] INFO:colcon.colcon_ros.task.ament_cmake.build:Building ROS package in '/home/encoder/Desktop/ros2-robot/ros2_ws/src/ros2_shared' with build type 'ament_cmake'
[0.639s] INFO:colcon.colcon_cmake.task.cmake.build:Building CMake package in '/home/encoder/Desktop/ros2-robot/ros2_ws/src/ros2_shared'
[0.640s] INFO:colcon.colcon_core.shell:Skip shell extension 'powershell' for command environment: Not usable outside of PowerShell
[0.640s] DEBUG:colcon.colcon_core.shell:Skip shell extension 'dsv' for command environment
[0.655s] INFO:colcon.colcon_ros.task.ament_cmake.build:Building ROS package in '/home/encoder/Desktop/ros2-robot/ros2_ws/src/rplidar_ros' with build type 'ament_cmake'
[0.655s] INFO:colcon.colcon_cmake.task.cmake.build:Building CMake package in '/home/encoder/Desktop/ros2-robot/ros2_ws/src/rplidar_ros'
[0.656s] INFO:colcon.colcon_core.shell:Skip shell extension 'powershell' for command environment: Not usable outside of PowerShell
[0.657s] DEBUG:colcon.colcon_core.shell:Skip shell extension 'dsv' for command environment
[0.670s] INFO:colcon.colcon_ros.task.ament_python.build:Building ROS package in '/home/encoder/Desktop/ros2-robot/ros2_ws/src/serial_pubsub' with build type 'ament_python'
[0.670s] Level 1:colcon.colcon_core.shell:create_environment_hook('serial_pubsub', 'ament_prefix_path')
[0.672s] INFO:colcon.colcon_core.shell:Creating environment hook '/home/encoder/Desktop/ros2-robot/ros2_ws/install/serial_pubsub/share/serial_pubsub/hook/ament_prefix_path.ps1'
[0.674s] INFO:colcon.colcon_core.shell:Creating environment descriptor '/home/encoder/Desktop/ros2-robot/ros2_ws/install/serial_pubsub/share/serial_pubsub/hook/ament_prefix_path.dsv'
[0.675s] INFO:colcon.colcon_core.shell:Creating environment hook '/home/encoder/Desktop/ros2-robot/ros2_ws/install/serial_pubsub/share/serial_pubsub/hook/ament_prefix_path.sh'
[0.678s] INFO:colcon.colcon_core.shell:Skip shell extension 'powershell' for command environment: Not usable outside of PowerShell
[0.678s] DEBUG:colcon.colcon_core.shell:Skip shell extension 'dsv' for command environment
[0.693s] INFO:colcon.colcon_ros.task.ament_python.build:Building ROS package in '/home/encoder/Desktop/ros2-robot/ros2_ws/src/tello_ros2' with build type 'ament_python'
[0.694s] Level 1:colcon.colcon_core.shell:create_environment_hook('tello_ros2', 'ament_prefix_path')
[0.695s] INFO:colcon.colcon_core.shell:Creating environment hook '/home/encoder/Desktop/ros2-robot/ros2_ws/install/tello_ros2/share/tello_ros2/hook/ament_prefix_path.ps1'
[0.697s] INFO:colcon.colcon_core.shell:Creating environment descriptor '/home/encoder/Desktop/ros2-robot/ros2_ws/install/tello_ros2/share/tello_ros2/hook/ament_prefix_path.dsv'
[0.699s] INFO:colcon.colcon_core.shell:Creating environment hook '/home/encoder/Desktop/ros2-robot/ros2_ws/install/tello_ros2/share/tello_ros2/hook/ament_prefix_path.sh'
[0.702s] INFO:colcon.colcon_core.shell:Skip shell extension 'powershell' for command environment: Not usable outside of PowerShell
[0.702s] DEBUG:colcon.colcon_core.shell:Skip shell extension 'dsv' for command environment
[0.715s] INFO:colcon.colcon_ros.task.ament_python.build:Building ROS package in '/home/encoder/Desktop/ros2-robot/ros2_ws/src/tello_takip' with build type 'ament_python'
[0.716s] Level 1:colcon.colcon_core.shell:create_environment_hook('tello_takip', 'ament_prefix_path')
[0.717s] INFO:colcon.colcon_core.shell:Creating environment hook '/home/encoder/Desktop/ros2-robot/ros2_ws/install/tello_takip/share/tello_takip/hook/ament_prefix_path.ps1'
[0.719s] INFO:colcon.colcon_core.shell:Creating environment descriptor '/home/encoder/Desktop/ros2-robot/ros2_ws/install/tello_takip/share/tello_takip/hook/ament_prefix_path.dsv'
[0.720s] INFO:colcon.colcon_core.shell:Creating environment hook '/home/encoder/Desktop/ros2-robot/ros2_ws/install/tello_takip/share/tello_takip/hook/ament_prefix_path.sh'
[0.722s] INFO:colcon.colcon_core.shell:Skip shell extension 'powershell' for command environment: Not usable outside of PowerShell
[0.722s] DEBUG:colcon.colcon_core.shell:Skip shell extension 'dsv' for command environment
[1.745s] INFO:colcon.colcon_core.task.python.build:Building Python package in '/home/encoder/Desktop/ros2-robot/ros2_ws/src/lidar_mapper'
[1.746s] INFO:colcon.colcon_core.shell:Skip shell extension 'powershell' for command environment: Not usable outside of PowerShell
[1.746s] DEBUG:colcon.colcon_core.shell:Skip shell extension 'dsv' for command environment
[2.717s] WARNING:colcon.colcon_ros.task.ament_python.build:Package 'multi_launch' doesn't explicitly install a marker in the package index (colcon-ros currently does it implicitly but that fallback will be removed in the future)
[2.719s] WARNING:colcon.colcon_ros.task.ament_python.build:Package 'multi_launch' doesn't explicitly install the 'package.xml' file (colcon-ros currently does it implicitly but that fallback will be removed in the future)
[2.720s] INFO:colcon.colcon_core.task.python.build:Building Python package in '/home/encoder/Desktop/ros2-robot/ros2_ws/src/multi_launch'
[2.721s] INFO:colcon.colcon_core.shell:Skip shell extension 'powershell' for command environment: Not usable outside of PowerShell
[2.721s] DEBUG:colcon.colcon_core.shell:Skip shell extension 'dsv' for command environment
[3.753s] INFO:colcon.colcon_core.task.python.build:Building Python package in '/home/encoder/Desktop/ros2-robot/ros2_ws/src/ros2_opencv'
[3.754s] INFO:colcon.colcon_core.shell:Skip shell extension 'powershell' for command environment: Not usable outside of PowerShell
[3.754s] DEBUG:colcon.colcon_core.shell:Skip shell extension 'dsv' for command environment
[3.783s] DEBUG:colcon.colcon_core.event_handler.log_command:Invoking command in '/home/encoder/Desktop/ros2-robot/ros2_ws/build/ros2_shared': CMAKE_PREFIX_PATH=${CMAKE_PREFIX_PATH}:/home/encoder/Desktop/ros2-robot/ros2_ws/install/tello_takip:/home/encoder/Desktop/ros2-robot/ros2_ws/install/tello_ros2:/home/encoder/Desktop/ros2-robot/ros2_ws/install/serial_pubsub:/home/encoder/Desktop/ros2-robot/ros2_ws/install/ros2_opencv:/home/encoder/Desktop/ros2-robot/ros2_ws/install/multi_launch:/home/encoder/Desktop/ros2-robot/ros2_ws/install/lidar_mapper:/opt/ros/humble /usr/bin/cmake --build /home/encoder/Desktop/ros2-robot/ros2_ws/build/ros2_shared -- -j12 -l12
[3.794s] DEBUG:colcon.colcon_core.event_handler.log_command:Invoking command in '/home/encoder/Desktop/ros2-robot/ros2_ws/build/rplidar_ros': CMAKE_PREFIX_PATH=${CMAKE_PREFIX_PATH}:/home/encoder/Desktop/ros2-robot/ros2_ws/install/tello_takip:/home/encoder/Desktop/ros2-robot/ros2_ws/install/tello_ros2:/home/encoder/Desktop/ros2-robot/ros2_ws/install/serial_pubsub:/home/encoder/Desktop/ros2-robot/ros2_ws/install/ros2_opencv:/home/encoder/Desktop/ros2-robot/ros2_ws/install/multi_launch:/home/encoder/Desktop/ros2-robot/ros2_ws/install/lidar_mapper:/opt/ros/humble /usr/bin/cmake --build /home/encoder/Desktop/ros2-robot/ros2_ws/build/rplidar_ros -- -j12 -l12
[4.886s] INFO:colcon.colcon_core.task.python.build:Building Python package in '/home/encoder/Desktop/ros2-robot/ros2_ws/src/serial_pubsub'
[4.887s] INFO:colcon.colcon_core.shell:Skip shell extension 'powershell' for command environment: Not usable outside of PowerShell
[4.887s] DEBUG:colcon.colcon_core.shell:Skip shell extension 'dsv' for command environment
[5.870s] INFO:colcon.colcon_core.task.python.build:Building Python package in '/home/encoder/Desktop/ros2-robot/ros2_ws/src/tello_ros2'
[5.871s] INFO:colcon.colcon_core.shell:Skip shell extension 'powershell' for command environment: Not usable outside of PowerShell
[5.871s] DEBUG:colcon.colcon_core.shell:Skip shell extension 'dsv' for command environment
[6.901s] INFO:colcon.colcon_core.task.python.build:Building Python package in '/home/encoder/Desktop/ros2-robot/ros2_ws/src/tello_takip'
[6.903s] INFO:colcon.colcon_core.shell:Skip shell extension 'powershell' for command environment: Not usable outside of PowerShell
[6.903s] DEBUG:colcon.colcon_core.shell:Skip shell extension 'dsv' for command environment
[6.926s] DEBUG:colcon.colcon_core.event_handler.log_command:Invoked command in '/home/encoder/Desktop/ros2-robot/ros2_ws/build/rplidar_ros' returned '0': CMAKE_PREFIX_PATH=${CMAKE_PREFIX_PATH}:/home/encoder/Desktop/ros2-robot/ros2_ws/install/tello_takip:/home/encoder/Desktop/ros2-robot/ros2_ws/install/tello_ros2:/home/encoder/Desktop/ros2-robot/ros2_ws/install/serial_pubsub:/home/encoder/Desktop/ros2-robot/ros2_ws/install/ros2_opencv:/home/encoder/Desktop/ros2-robot/ros2_ws/install/multi_launch:/home/encoder/Desktop/ros2-robot/ros2_ws/install/lidar_mapper:/opt/ros/humble /usr/bin/cmake --build /home/encoder/Desktop/ros2-robot/ros2_ws/build/rplidar_ros -- -j12 -l12
[6.957s] DEBUG:colcon.colcon_core.event_handler.log_command:Invoking command in '/home/encoder/Desktop/ros2-robot/ros2_ws/build/rplidar_ros': CMAKE_PREFIX_PATH=${CMAKE_PREFIX_PATH}:/home/encoder/Desktop/ros2-robot/ros2_ws/install/tello_takip:/home/encoder/Desktop/ros2-robot/ros2_ws/install/tello_ros2:/home/encoder/Desktop/ros2-robot/ros2_ws/install/serial_pubsub:/home/encoder/Desktop/ros2-robot/ros2_ws/install/ros2_opencv:/home/encoder/Desktop/ros2-robot/ros2_ws/install/multi_launch:/home/encoder/Desktop/ros2-robot/ros2_ws/install/lidar_mapper:/opt/ros/humble /usr/bin/cmake --install /home/encoder/Desktop/ros2-robot/ros2_ws/build/rplidar_ros
[6.960s] DEBUG:colcon.colcon_core.event_handler.log_command:Invoked command in '/home/encoder/Desktop/ros2-robot/ros2_ws/build/ros2_shared' returned '0': CMAKE_PREFIX_PATH=${CMAKE_PREFIX_PATH}:/home/encoder/Desktop/ros2-robot/ros2_ws/install/tello_takip:/home/encoder/Desktop/ros2-robot/ros2_ws/install/tello_ros2:/home/encoder/Desktop/ros2-robot/ros2_ws/install/serial_pubsub:/home/encoder/Desktop/ros2-robot/ros2_ws/install/ros2_opencv:/home/encoder/Desktop/ros2-robot/ros2_ws/install/multi_launch:/home/encoder/Desktop/ros2-robot/ros2_ws/install/lidar_mapper:/opt/ros/humble /usr/bin/cmake --build /home/encoder/Desktop/ros2-robot/ros2_ws/build/ros2_shared -- -j12 -l12
[6.967s] DEBUG:colcon.colcon_core.event_handler.log_command:Invoking command in '/home/encoder/Desktop/ros2-robot/ros2_ws/build/ros2_shared': CMAKE_PREFIX_PATH=${CMAKE_PREFIX_PATH}:/home/encoder/Desktop/ros2-robot/ros2_ws/install/tello_takip:/home/encoder/Desktop/ros2-robot/ros2_ws/install/tello_ros2:/home/encoder/Desktop/ros2-robot/ros2_ws/install/serial_pubsub:/home/encoder/Desktop/ros2-robot/ros2_ws/install/ros2_opencv:/home/encoder/Desktop/ros2-robot/ros2_ws/install/multi_launch:/home/encoder/Desktop/ros2-robot/ros2_ws/install/lidar_mapper:/opt/ros/humble /usr/bin/cmake --install /home/encoder/Desktop/ros2-robot/ros2_ws/build/ros2_shared
[7.103s] Level 1:colcon.colcon_core.environment:create_environment_scripts_only(ros2_shared)
[7.115s] DEBUG:colcon.colcon_core.event_handler.log_command:Invoked command in '/home/encoder/Desktop/ros2-robot/ros2_ws/build/ros2_shared' returned '0': CMAKE_PREFIX_PATH=${CMAKE_PREFIX_PATH}:/home/encoder/Desktop/ros2-robot/ros2_ws/install/tello_takip:/home/encoder/Desktop/ros2-robot/ros2_ws/install/tello_ros2:/home/encoder/Desktop/ros2-robot/ros2_ws/install/serial_pubsub:/home/encoder/Desktop/ros2-robot/ros2_ws/install/ros2_opencv:/home/encoder/Desktop/ros2-robot/ros2_ws/install/multi_launch:/home/encoder/Desktop/ros2-robot/ros2_ws/install/lidar_mapper:/opt/ros/humble /usr/bin/cmake --install /home/encoder/Desktop/ros2-robot/ros2_ws/build/ros2_shared
[7.128s] Level 1:colcon.colcon_core.environment:checking '/home/encoder/Desktop/ros2-robot/ros2_ws/install/ros2_shared' for CMake module files
[7.132s] Level 1:colcon.colcon_core.environment:checking '/home/encoder/Desktop/ros2-robot/ros2_ws/install/ros2_shared' for CMake config files
[7.135s] Level 1:colcon.colcon_core.shell:create_environment_hook('ros2_shared', 'cmake_prefix_path')
[7.137s] INFO:colcon.colcon_core.shell:Creating environment hook '/home/encoder/Desktop/ros2-robot/ros2_ws/install/ros2_shared/share/ros2_shared/hook/cmake_prefix_path.ps1'
[7.141s] INFO:colcon.colcon_core.shell:Creating environment descriptor '/home/encoder/Desktop/ros2-robot/ros2_ws/install/ros2_shared/share/ros2_shared/hook/cmake_prefix_path.dsv'
[7.145s] INFO:colcon.colcon_core.shell:Creating environment hook '/home/encoder/Desktop/ros2-robot/ros2_ws/install/ros2_shared/share/ros2_shared/hook/cmake_prefix_path.sh'
[7.149s] Level 1:colcon.colcon_core.environment:checking '/home/encoder/Desktop/ros2-robot/ros2_ws/install/ros2_shared/bin'
[7.149s] Level 1:colcon.colcon_core.environment:checking '/home/encoder/Desktop/ros2-robot/ros2_ws/install/ros2_shared/lib/pkgconfig/ros2_shared.pc'
[7.150s] Level 1:colcon.colcon_core.environment:checking '/home/encoder/Desktop/ros2-robot/ros2_ws/install/ros2_shared/lib/python3.10/site-packages'
[7.151s] Level 1:colcon.colcon_core.environment:checking '/home/encoder/Desktop/ros2-robot/ros2_ws/install/ros2_shared/bin'
[7.154s] INFO:colcon.colcon_core.shell:Creating package script '/home/encoder/Desktop/ros2-robot/ros2_ws/install/ros2_shared/share/ros2_shared/package.ps1'
[7.161s] INFO:colcon.colcon_core.shell:Creating package descriptor '/home/encoder/Desktop/ros2-robot/ros2_ws/install/ros2_shared/share/ros2_shared/package.dsv'
[7.170s] INFO:colcon.colcon_core.shell:Creating package script '/home/encoder/Desktop/ros2-robot/ros2_ws/install/ros2_shared/share/ros2_shared/package.sh'
[7.177s] INFO:colcon.colcon_core.shell:Creating package script '/home/encoder/Desktop/ros2-robot/ros2_ws/install/ros2_shared/share/ros2_shared/package.bash'
[7.180s] INFO:colcon.colcon_core.shell:Creating package script '/home/encoder/Desktop/ros2-robot/ros2_ws/install/ros2_shared/share/ros2_shared/package.zsh'
[7.184s] Level 1:colcon.colcon_core.environment:create_file_with_runtime_dependencies(/home/encoder/Desktop/ros2-robot/ros2_ws/install/ros2_shared/share/colcon-core/packages/ros2_shared)
[7.186s] Level 1:colcon.colcon_core.environment:create_environment_scripts_only(ros2_shared)
[7.187s] Level 1:colcon.colcon_core.environment:checking '/home/encoder/Desktop/ros2-robot/ros2_ws/install/ros2_shared' for CMake module files
[7.196s] Level 1:colcon.colcon_core.environment:checking '/home/encoder/Desktop/ros2-robot/ros2_ws/install/ros2_shared' for CMake config files
[7.198s] Level 1:colcon.colcon_core.shell:create_environment_hook('ros2_shared', 'cmake_prefix_path')
[7.201s] INFO:colcon.colcon_core.shell:Creating environment hook '/home/encoder/Desktop/ros2-robot/ros2_ws/install/ros2_shared/share/ros2_shared/hook/cmake_prefix_path.ps1'
[7.209s] INFO:colcon.colcon_core.shell:Creating environment descriptor '/home/encoder/Desktop/ros2-robot/ros2_ws/install/ros2_shared/share/ros2_shared/hook/cmake_prefix_path.dsv'
[7.212s] INFO:colcon.colcon_core.shell:Creating environment hook '/home/encoder/Desktop/ros2-robot/ros2_ws/install/ros2_shared/share/ros2_shared/hook/cmake_prefix_path.sh'
[7.216s] Level 1:colcon.colcon_core.environment:checking '/home/encoder/Desktop/ros2-robot/ros2_ws/install/ros2_shared/bin'
[7.217s] Level 1:colcon.colcon_core.environment:checking '/home/encoder/Desktop/ros2-robot/ros2_ws/install/ros2_shared/lib/pkgconfig/ros2_shared.pc'
[7.219s] Level 1:colcon.colcon_core.environment:checking '/home/encoder/Desktop/ros2-robot/ros2_ws/install/ros2_shared/lib/python3.10/site-packages'
[7.220s] Level 1:colcon.colcon_core.environment:checking '/home/encoder/Desktop/ros2-robot/ros2_ws/install/ros2_shared/bin'
[7.222s] INFO:colcon.colcon_core.shell:Creating package script '/home/encoder/Desktop/ros2-robot/ros2_ws/install/ros2_shared/share/ros2_shared/package.ps1'
[7.225s] INFO:colcon.colcon_core.shell:Creating package descriptor '/home/encoder/Desktop/ros2-robot/ros2_ws/install/ros2_shared/share/ros2_shared/package.dsv'
[7.229s] INFO:colcon.colcon_core.shell:Creating package script '/home/encoder/Desktop/ros2-robot/ros2_ws/install/ros2_shared/share/ros2_shared/package.sh'
[7.233s] INFO:colcon.colcon_core.shell:Creating package script '/home/encoder/Desktop/ros2-robot/ros2_ws/install/ros2_shared/share/ros2_shared/package.bash'
[7.237s] INFO:colcon.colcon_core.shell:Creating package script '/home/encoder/Desktop/ros2-robot/ros2_ws/install/ros2_shared/share/ros2_shared/package.zsh'
[7.241s] Level 1:colcon.colcon_core.environment:create_file_with_runtime_dependencies(/home/encoder/Desktop/ros2-robot/ros2_ws/install/ros2_shared/share/colcon-core/packages/ros2_shared)
[7.243s] Level 1:colcon.colcon_core.environment:create_environment_scripts_only(rplidar_ros)
[7.246s] Level 1:colcon.colcon_core.environment:checking '/home/encoder/Desktop/ros2-robot/ros2_ws/install/rplidar_ros' for CMake module files
[7.252s] DEBUG:colcon.colcon_core.event_handler.log_command:Invoked command in '/home/encoder/Desktop/ros2-robot/ros2_ws/build/rplidar_ros' returned '0': CMAKE_PREFIX_PATH=${CMAKE_PREFIX_PATH}:/home/encoder/Desktop/ros2-robot/ros2_ws/install/tello_takip:/home/encoder/Desktop/ros2-robot/ros2_ws/install/tello_ros2:/home/encoder/Desktop/ros2-robot/ros2_ws/install/serial_pubsub:/home/encoder/Desktop/ros2-robot/ros2_ws/install/ros2_opencv:/home/encoder/Desktop/ros2-robot/ros2_ws/install/multi_launch:/home/encoder/Desktop/ros2-robot/ros2_ws/install/lidar_mapper:/opt/ros/humble /usr/bin/cmake --install /home/encoder/Desktop/ros2-robot/ros2_ws/build/rplidar_ros
[7.256s] Level 1:colcon.colcon_core.environment:checking '/home/encoder/Desktop/ros2-robot/ros2_ws/install/rplidar_ros' for CMake config files
[7.257s] Level 1:colcon.colcon_core.shell:create_environment_hook('rplidar_ros', 'cmake_prefix_path')
[7.258s] INFO:colcon.colcon_core.shell:Creating environment hook '/home/encoder/Desktop/ros2-robot/ros2_ws/install/rplidar_ros/share/rplidar_ros/hook/cmake_prefix_path.ps1'
[7.262s] INFO:colcon.colcon_core.shell:Creating environment descriptor '/home/encoder/Desktop/ros2-robot/ros2_ws/install/rplidar_ros/share/rplidar_ros/hook/cmake_prefix_path.dsv'
[7.264s] INFO:colcon.colcon_core.shell:Creating environment hook '/home/encoder/Desktop/ros2-robot/ros2_ws/install/rplidar_ros/share/rplidar_ros/hook/cmake_prefix_path.sh'
[7.268s] Level 1:colcon.colcon_core.environment:checking '/home/encoder/Desktop/ros2-robot/ros2_ws/install/rplidar_ros/lib'
[7.269s] Level 1:colcon.colcon_core.environment:checking '/home/encoder/Desktop/ros2-robot/ros2_ws/install/rplidar_ros/bin'
[7.269s] Level 1:colcon.colcon_core.environment:checking '/home/encoder/Desktop/ros2-robot/ros2_ws/install/rplidar_ros/lib/pkgconfig/rplidar_ros.pc'
[7.270s] Level 1:colcon.colcon_core.environment:checking '/home/encoder/Desktop/ros2-robot/ros2_ws/install/rplidar_ros/lib/python3.10/site-packages'
[7.271s] Level 1:colcon.colcon_core.environment:checking '/home/encoder/Desktop/ros2-robot/ros2_ws/install/rplidar_ros/bin'
[7.273s] INFO:colcon.colcon_core.shell:Creating package script '/home/encoder/Desktop/ros2-robot/ros2_ws/install/rplidar_ros/share/rplidar_ros/package.ps1'
[7.275s] INFO:colcon.colcon_core.shell:Creating package descriptor '/home/encoder/Desktop/ros2-robot/ros2_ws/install/rplidar_ros/share/rplidar_ros/package.dsv'
[7.277s] INFO:colcon.colcon_core.shell:Creating package script '/home/encoder/Desktop/ros2-robot/ros2_ws/install/rplidar_ros/share/rplidar_ros/package.sh'
[7.278s] INFO:colcon.colcon_core.shell:Creating package script '/home/encoder/Desktop/ros2-robot/ros2_ws/install/rplidar_ros/share/rplidar_ros/package.bash'
[7.280s] INFO:colcon.colcon_core.shell:Creating package script '/home/encoder/Desktop/ros2-robot/ros2_ws/install/rplidar_ros/share/rplidar_ros/package.zsh'
[7.282s] Level 1:colcon.colcon_core.environment:create_file_with_runtime_dependencies(/home/encoder/Desktop/ros2-robot/ros2_ws/install/rplidar_ros/share/colcon-core/packages/rplidar_ros)
[7.285s] Level 1:colcon.colcon_core.environment:create_environment_scripts_only(rplidar_ros)
[7.286s] Level 1:colcon.colcon_core.environment:checking '/home/encoder/Desktop/ros2-robot/ros2_ws/install/rplidar_ros' for CMake module files
[7.291s] Level 1:colcon.colcon_core.environment:checking '/home/encoder/Desktop/ros2-robot/ros2_ws/install/rplidar_ros' for CMake config files
[7.294s] Level 1:colcon.colcon_core.shell:create_environment_hook('rplidar_ros', 'cmake_prefix_path')
[7.299s] INFO:colcon.colcon_core.shell:Creating environment hook '/home/encoder/Desktop/ros2-robot/ros2_ws/install/rplidar_ros/share/rplidar_ros/hook/cmake_prefix_path.ps1'
[7.302s] INFO:colcon.colcon_core.shell:Creating environment descriptor '/home/encoder/Desktop/ros2-robot/ros2_ws/install/rplidar_ros/share/rplidar_ros/hook/cmake_prefix_path.dsv'
[7.308s] INFO:colcon.colcon_core.shell:Creating environment hook '/home/encoder/Desktop/ros2-robot/ros2_ws/install/rplidar_ros/share/rplidar_ros/hook/cmake_prefix_path.sh'
[7.312s] Level 1:colcon.colcon_core.environment:checking '/home/encoder/Desktop/ros2-robot/ros2_ws/install/rplidar_ros/lib'
[7.312s] Level 1:colcon.colcon_core.environment:checking '/home/encoder/Desktop/ros2-robot/ros2_ws/install/rplidar_ros/bin'
[7.313s] Level 1:colcon.colcon_core.environment:checking '/home/encoder/Desktop/ros2-robot/ros2_ws/install/rplidar_ros/lib/pkgconfig/rplidar_ros.pc'
[7.314s] Level 1:colcon.colcon_core.environment:checking '/home/encoder/Desktop/ros2-robot/ros2_ws/install/rplidar_ros/lib/python3.10/site-packages'
[7.315s] Level 1:colcon.colcon_core.environment:checking '/home/encoder/Desktop/ros2-robot/ros2_ws/install/rplidar_ros/bin'
[7.316s] INFO:colcon.colcon_core.shell:Creating package script '/home/encoder/Desktop/ros2-robot/ros2_ws/install/rplidar_ros/share/rplidar_ros/package.ps1'
[7.318s] INFO:colcon.colcon_core.shell:Creating package descriptor '/home/encoder/Desktop/ros2-robot/ros2_ws/install/rplidar_ros/share/rplidar_ros/package.dsv'
[7.322s] INFO:colcon.colcon_core.shell:Creating package script '/home/encoder/Desktop/ros2-robot/ros2_ws/install/rplidar_ros/share/rplidar_ros/package.sh'
[7.324s] INFO:colcon.colcon_core.shell:Creating package script '/home/encoder/Desktop/ros2-robot/ros2_ws/install/rplidar_ros/share/rplidar_ros/package.bash'
[7.326s] INFO:colcon.colcon_core.shell:Creating package script '/home/encoder/Desktop/ros2-robot/ros2_ws/install/rplidar_ros/share/rplidar_ros/package.zsh'
[7.328s] Level 1:colcon.colcon_core.environment:create_file_with_runtime_dependencies(/home/encoder/Desktop/ros2-robot/ros2_ws/install/rplidar_ros/share/colcon-core/packages/rplidar_ros)
[8.588s] DEBUG:colcon.colcon_core.event_handler.log_command:Invoking command in '/home/encoder/Desktop/ros2-robot/ros2_ws/src/ros2_opencv': PYTHONPATH=/home/encoder/Desktop/ros2-robot/ros2_ws/build/ros2_opencv/prefix_override:/usr/lib/python3/dist-packages/colcon_core/task/python/colcon_distutils_commands:/home/encoder/Desktop/ros2-robot/ros2_ws/install/ros2_opencv/lib/python3.10/site-packages:${PYTHONPATH} /usr/bin/python3 -W ignore:setup.py install is deprecated -W ignore:easy_install command is deprecated setup.py egg_info --egg-base ../../build/ros2_opencv build --build-base /home/encoder/Desktop/ros2-robot/ros2_ws/build/ros2_opencv/build install --record /home/encoder/Desktop/ros2-robot/ros2_ws/build/ros2_opencv/install.log --single-version-externally-managed install_data
[8.697s] DEBUG:colcon.colcon_core.event_handler.log_command:Invoking command in '/home/encoder/Desktop/ros2-robot/ros2_ws/src/lidar_mapper': PYTHONPATH=/home/encoder/Desktop/ros2-robot/ros2_ws/build/lidar_mapper/prefix_override:/usr/lib/python3/dist-packages/colcon_core/task/python/colcon_distutils_commands:/home/encoder/Desktop/ros2-robot/ros2_ws/install/lidar_mapper/lib/python3.10/site-packages:${PYTHONPATH} /usr/bin/python3 -W ignore:setup.py install is deprecated -W ignore:easy_install command is deprecated setup.py egg_info --egg-base ../../build/lidar_mapper build --build-base /home/encoder/Desktop/ros2-robot/ros2_ws/build/lidar_mapper/build install --record /home/encoder/Desktop/ros2-robot/ros2_ws/build/lidar_mapper/install.log --single-version-externally-managed install_data
[8.793s] DEBUG:colcon.colcon_core.event_handler.log_command:Invoking command in '/home/encoder/Desktop/ros2-robot/ros2_ws/src/serial_pubsub': PYTHONPATH=/home/encoder/Desktop/ros2-robot/ros2_ws/build/serial_pubsub/prefix_override:/usr/lib/python3/dist-packages/colcon_core/task/python/colcon_distutils_commands:/home/encoder/Desktop/ros2-robot/ros2_ws/install/serial_pubsub/lib/python3.10/site-packages:${PYTHONPATH} /usr/bin/python3 -W ignore:setup.py install is deprecated -W ignore:easy_install command is deprecated setup.py egg_info --egg-base ../../build/serial_pubsub build --build-base /home/encoder/Desktop/ros2-robot/ros2_ws/build/serial_pubsub/build install --record /home/encoder/Desktop/ros2-robot/ros2_ws/build/serial_pubsub/install.log --single-version-externally-managed install_data
[8.871s] DEBUG:colcon.colcon_core.event_handler.log_command:Invoking command in '/home/encoder/Desktop/ros2-robot/ros2_ws/src/tello_ros2': PYTHONPATH=/home/encoder/Desktop/ros2-robot/ros2_ws/build/tello_ros2/prefix_override:/usr/lib/python3/dist-packages/colcon_core/task/python/colcon_distutils_commands:/home/encoder/Desktop/ros2-robot/ros2_ws/install/tello_ros2/lib/python3.10/site-packages:${PYTHONPATH} /usr/bin/python3 -W ignore:setup.py install is deprecated -W ignore:easy_install command is deprecated setup.py egg_info --egg-base ../../build/tello_ros2 build --build-base /home/encoder/Desktop/ros2-robot/ros2_ws/build/tello_ros2/build install --record /home/encoder/Desktop/ros2-robot/ros2_ws/build/tello_ros2/install.log --single-version-externally-managed install_data
[8.888s] DEBUG:colcon.colcon_core.event_handler.log_command:Invoking command in '/home/encoder/Desktop/ros2-robot/ros2_ws/src/multi_launch': PYTHONPATH=/home/encoder/Desktop/ros2-robot/ros2_ws/build/multi_launch/prefix_override:/usr/lib/python3/dist-packages/colcon_core/task/python/colcon_distutils_commands:/home/encoder/Desktop/ros2-robot/ros2_ws/install/multi_launch/lib/python3.10/site-packages:${PYTHONPATH} /usr/bin/python3 -W ignore:setup.py install is deprecated -W ignore:easy_install command is deprecated setup.py egg_info --egg-base ../../build/multi_launch build --build-base /home/encoder/Desktop/ros2-robot/ros2_ws/build/multi_launch/build install --record /home/encoder/Desktop/ros2-robot/ros2_ws/build/multi_launch/install.log --single-version-externally-managed install_data
[9.181s] DEBUG:colcon.colcon_core.event_handler.log_command:Invoking command in '/home/encoder/Desktop/ros2-robot/ros2_ws/src/tello_takip': PYTHONPATH=/home/encoder/Desktop/ros2-robot/ros2_ws/build/tello_takip/prefix_override:/usr/lib/python3/dist-packages/colcon_core/task/python/colcon_distutils_commands:/home/encoder/Desktop/ros2-robot/ros2_ws/install/tello_takip/lib/python3.10/site-packages:${PYTHONPATH} /usr/bin/python3 -W ignore:setup.py install is deprecated -W ignore:easy_install command is deprecated setup.py egg_info --egg-base ../../build/tello_takip build --build-base /home/encoder/Desktop/ros2-robot/ros2_ws/build/tello_takip/build install --record /home/encoder/Desktop/ros2-robot/ros2_ws/build/tello_takip/install.log --single-version-externally-managed install_data
[10.352s] Level 1:colcon.colcon_core.environment:checking '/home/encoder/Desktop/ros2-robot/ros2_ws/install/tello_ros2' for CMake module files
[10.359s] Level 1:colcon.colcon_core.environment:checking '/home/encoder/Desktop/ros2-robot/ros2_ws/install/tello_ros2' for CMake config files
[10.362s] DEBUG:colcon.colcon_core.event_handler.log_command:Invoked command in '/home/encoder/Desktop/ros2-robot/ros2_ws/src/tello_ros2' returned '0': PYTHONPATH=/home/encoder/Desktop/ros2-robot/ros2_ws/build/tello_ros2/prefix_override:/usr/lib/python3/dist-packages/colcon_core/task/python/colcon_distutils_commands:/home/encoder/Desktop/ros2-robot/ros2_ws/install/tello_ros2/lib/python3.10/site-packages:${PYTHONPATH} /usr/bin/python3 -W ignore:setup.py install is deprecated -W ignore:easy_install command is deprecated setup.py egg_info --egg-base ../../build/tello_ros2 build --build-base /home/encoder/Desktop/ros2-robot/ros2_ws/build/tello_ros2/build install --record /home/encoder/Desktop/ros2-robot/ros2_ws/build/tello_ros2/install.log --single-version-externally-managed install_data
[10.365s] Level 1:colcon.colcon_core.environment:checking '/home/encoder/Desktop/ros2-robot/ros2_ws/install/tello_ros2/lib'
[10.368s] Level 1:colcon.colcon_core.environment:checking '/home/encoder/Desktop/ros2-robot/ros2_ws/install/tello_ros2/bin'
[10.369s] Level 1:colcon.colcon_core.shell:create_environment_hook('tello_ros2', 'path')
[10.371s] INFO:colcon.colcon_core.shell:Creating environment hook '/home/encoder/Desktop/ros2-robot/ros2_ws/install/tello_ros2/share/tello_ros2/hook/path.ps1'
[10.373s] INFO:colcon.colcon_core.shell:Creating environment descriptor '/home/encoder/Desktop/ros2-robot/ros2_ws/install/tello_ros2/share/tello_ros2/hook/path.dsv'
[10.378s] INFO:colcon.colcon_core.shell:Creating environment hook '/home/encoder/Desktop/ros2-robot/ros2_ws/install/tello_ros2/share/tello_ros2/hook/path.sh'
[10.381s] Level 1:colcon.colcon_core.environment:checking '/home/encoder/Desktop/ros2-robot/ros2_ws/install/tello_ros2/lib/pkgconfig/tello_ros2.pc'
[10.382s] Level 1:colcon.colcon_core.environment:checking '/home/encoder/Desktop/ros2-robot/ros2_ws/install/tello_ros2/lib/python3.10/site-packages'
[10.382s] Level 1:colcon.colcon_core.shell:create_environment_hook('tello_ros2', 'pythonpath')
[10.383s] INFO:colcon.colcon_core.shell:Creating environment hook '/home/encoder/Desktop/ros2-robot/ros2_ws/install/tello_ros2/share/tello_ros2/hook/pythonpath.ps1'
[10.387s] INFO:colcon.colcon_core.shell:Creating environment descriptor '/home/encoder/Desktop/ros2-robot/ros2_ws/install/tello_ros2/share/tello_ros2/hook/pythonpath.dsv'
[10.391s] INFO:colcon.colcon_core.shell:Creating environment hook '/home/encoder/Desktop/ros2-robot/ros2_ws/install/tello_ros2/share/tello_ros2/hook/pythonpath.sh'
[10.394s] Level 1:colcon.colcon_core.environment:checking '/home/encoder/Desktop/ros2-robot/ros2_ws/install/tello_ros2/bin'
[10.395s] Level 1:colcon.colcon_core.shell:create_environment_hook('tello_ros2', 'pythonscriptspath')
[10.396s] INFO:colcon.colcon_core.shell:Creating environment hook '/home/encoder/Desktop/ros2-robot/ros2_ws/install/tello_ros2/share/tello_ros2/hook/pythonscriptspath.ps1'
[10.399s] INFO:colcon.colcon_core.shell:Creating environment descriptor '/home/encoder/Desktop/ros2-robot/ros2_ws/install/tello_ros2/share/tello_ros2/hook/pythonscriptspath.dsv'
[10.410s] INFO:colcon.colcon_core.shell:Creating environment hook '/home/encoder/Desktop/ros2-robot/ros2_ws/install/tello_ros2/share/tello_ros2/hook/pythonscriptspath.sh'
[10.415s] Level 1:colcon.colcon_core.environment:create_environment_scripts_only(tello_ros2)
[10.417s] INFO:colcon.colcon_core.shell:Creating package script '/home/encoder/Desktop/ros2-robot/ros2_ws/install/tello_ros2/share/tello_ros2/package.ps1'
[10.426s] INFO:colcon.colcon_core.shell:Creating package descriptor '/home/encoder/Desktop/ros2-robot/ros2_ws/install/tello_ros2/share/tello_ros2/package.dsv'
[10.430s] INFO:colcon.colcon_core.shell:Creating package script '/home/encoder/Desktop/ros2-robot/ros2_ws/install/tello_ros2/share/tello_ros2/package.sh'
[10.435s] INFO:colcon.colcon_core.shell:Creating package script '/home/encoder/Desktop/ros2-robot/ros2_ws/install/tello_ros2/share/tello_ros2/package.bash'
[10.438s] INFO:colcon.colcon_core.shell:Creating package script '/home/encoder/Desktop/ros2-robot/ros2_ws/install/tello_ros2/share/tello_ros2/package.zsh'
[10.442s] Level 1:colcon.colcon_core.environment:create_file_with_runtime_dependencies(/home/encoder/Desktop/ros2-robot/ros2_ws/install/tello_ros2/share/colcon-core/packages/tello_ros2)
[10.454s] Level 1:colcon.colcon_core.environment:checking '/home/encoder/Desktop/ros2-robot/ros2_ws/install/lidar_mapper' for CMake module files
[10.461s] Level 1:colcon.colcon_core.environment:checking '/home/encoder/Desktop/ros2-robot/ros2_ws/install/lidar_mapper' for CMake config files
[10.458s] DEBUG:colcon.colcon_core.event_handler.log_command:Invoked command in '/home/encoder/Desktop/ros2-robot/ros2_ws/src/lidar_mapper' returned '0': PYTHONPATH=/home/encoder/Desktop/ros2-robot/ros2_ws/build/lidar_mapper/prefix_override:/usr/lib/python3/dist-packages/colcon_core/task/python/colcon_distutils_commands:/home/encoder/Desktop/ros2-robot/ros2_ws/install/lidar_mapper/lib/python3.10/site-packages:${PYTHONPATH} /usr/bin/python3 -W ignore:setup.py install is deprecated -W ignore:easy_install command is deprecated setup.py egg_info --egg-base ../../build/lidar_mapper build --build-base /home/encoder/Desktop/ros2-robot/ros2_ws/build/lidar_mapper/build install --record /home/encoder/Desktop/ros2-robot/ros2_ws/build/lidar_mapper/install.log --single-version-externally-managed install_data
[10.465s] Level 1:colcon.colcon_core.environment:checking '/home/encoder/Desktop/ros2-robot/ros2_ws/install/lidar_mapper/lib'
[10.466s] Level 1:colcon.colcon_core.environment:checking '/home/encoder/Desktop/ros2-robot/ros2_ws/install/lidar_mapper/bin'
[10.467s] Level 1:colcon.colcon_core.environment:checking '/home/encoder/Desktop/ros2-robot/ros2_ws/install/lidar_mapper/lib/pkgconfig/lidar_mapper.pc'
[10.469s] Level 1:colcon.colcon_core.environment:checking '/home/encoder/Desktop/ros2-robot/ros2_ws/install/lidar_mapper/lib/python3.10/site-packages'
[10.469s] Level 1:colcon.colcon_core.shell:create_environment_hook('lidar_mapper', 'pythonpath')
[10.471s] INFO:colcon.colcon_core.shell:Creating environment hook '/home/encoder/Desktop/ros2-robot/ros2_ws/install/lidar_mapper/share/lidar_mapper/hook/pythonpath.ps1'
[10.476s] INFO:colcon.colcon_core.shell:Creating environment descriptor '/home/encoder/Desktop/ros2-robot/ros2_ws/install/lidar_mapper/share/lidar_mapper/hook/pythonpath.dsv'
[10.479s] INFO:colcon.colcon_core.shell:Creating environment hook '/home/encoder/Desktop/ros2-robot/ros2_ws/install/lidar_mapper/share/lidar_mapper/hook/pythonpath.sh'
[10.489s] Level 1:colcon.colcon_core.environment:checking '/home/encoder/Desktop/ros2-robot/ros2_ws/install/lidar_mapper/bin'
[10.489s] Level 1:colcon.colcon_core.environment:create_environment_scripts_only(lidar_mapper)
[10.494s] INFO:colcon.colcon_core.shell:Creating package script '/home/encoder/Desktop/ros2-robot/ros2_ws/install/lidar_mapper/share/lidar_mapper/package.ps1'
[10.500s] INFO:colcon.colcon_core.shell:Creating package descriptor '/home/encoder/Desktop/ros2-robot/ros2_ws/install/lidar_mapper/share/lidar_mapper/package.dsv'
[10.504s] INFO:colcon.colcon_core.shell:Creating package script '/home/encoder/Desktop/ros2-robot/ros2_ws/install/lidar_mapper/share/lidar_mapper/package.sh'
[10.507s] INFO:colcon.colcon_core.shell:Creating package script '/home/encoder/Desktop/ros2-robot/ros2_ws/install/lidar_mapper/share/lidar_mapper/package.bash'
[10.510s] INFO:colcon.colcon_core.shell:Creating package script '/home/encoder/Desktop/ros2-robot/ros2_ws/install/lidar_mapper/share/lidar_mapper/package.zsh'
[10.512s] Level 1:colcon.colcon_core.environment:create_file_with_runtime_dependencies(/home/encoder/Desktop/ros2-robot/ros2_ws/install/lidar_mapper/share/colcon-core/packages/lidar_mapper)
[10.517s] Level 1:colcon.colcon_core.environment:checking '/home/encoder/Desktop/ros2-robot/ros2_ws/install/ros2_opencv' for CMake module files
[10.522s] DEBUG:colcon.colcon_core.event_handler.log_command:Invoked command in '/home/encoder/Desktop/ros2-robot/ros2_ws/src/ros2_opencv' returned '0': PYTHONPATH=/home/encoder/Desktop/ros2-robot/ros2_ws/build/ros2_opencv/prefix_override:/usr/lib/python3/dist-packages/colcon_core/task/python/colcon_distutils_commands:/home/encoder/Desktop/ros2-robot/ros2_ws/install/ros2_opencv/lib/python3.10/site-packages:${PYTHONPATH} /usr/bin/python3 -W ignore:setup.py install is deprecated -W ignore:easy_install command is deprecated setup.py egg_info --egg-base ../../build/ros2_opencv build --build-base /home/encoder/Desktop/ros2-robot/ros2_ws/build/ros2_opencv/build install --record /home/encoder/Desktop/ros2-robot/ros2_ws/build/ros2_opencv/install.log --single-version-externally-managed install_data
[10.523s] Level 1:colcon.colcon_core.environment:checking '/home/encoder/Desktop/ros2-robot/ros2_ws/install/ros2_opencv' for CMake config files
[10.526s] Level 1:colcon.colcon_core.environment:checking '/home/encoder/Desktop/ros2-robot/ros2_ws/install/ros2_opencv/lib'
[10.528s] Level 1:colcon.colcon_core.environment:checking '/home/encoder/Desktop/ros2-robot/ros2_ws/install/ros2_opencv/bin'
[10.528s] Level 1:colcon.colcon_core.environment:checking '/home/encoder/Desktop/ros2-robot/ros2_ws/install/ros2_opencv/lib/pkgconfig/ros2_opencv.pc'
[10.530s] Level 1:colcon.colcon_core.environment:checking '/home/encoder/Desktop/ros2-robot/ros2_ws/install/ros2_opencv/lib/python3.10/site-packages'
[10.531s] Level 1:colcon.colcon_core.shell:create_environment_hook('ros2_opencv', 'pythonpath')
[10.532s] INFO:colcon.colcon_core.shell:Creating environment hook '/home/encoder/Desktop/ros2-robot/ros2_ws/install/ros2_opencv/share/ros2_opencv/hook/pythonpath.ps1'
[10.535s] INFO:colcon.colcon_core.shell:Creating environment descriptor '/home/encoder/Desktop/ros2-robot/ros2_ws/install/ros2_opencv/share/ros2_opencv/hook/pythonpath.dsv'
[10.538s] INFO:colcon.colcon_core.shell:Creating environment hook '/home/encoder/Desktop/ros2-robot/ros2_ws/install/ros2_opencv/share/ros2_opencv/hook/pythonpath.sh'
[10.542s] Level 1:colcon.colcon_core.environment:checking '/home/encoder/Desktop/ros2-robot/ros2_ws/install/ros2_opencv/bin'
[10.543s] Level 1:colcon.colcon_core.environment:create_environment_scripts_only(ros2_opencv)
[10.545s] INFO:colcon.colcon_core.shell:Creating package script '/home/encoder/Desktop/ros2-robot/ros2_ws/install/ros2_opencv/share/ros2_opencv/package.ps1'
[10.548s] INFO:colcon.colcon_core.shell:Creating package descriptor '/home/encoder/Desktop/ros2-robot/ros2_ws/install/ros2_opencv/share/ros2_opencv/package.dsv'
[10.551s] INFO:colcon.colcon_core.shell:Creating package script '/home/encoder/Desktop/ros2-robot/ros2_ws/install/ros2_opencv/share/ros2_opencv/package.sh'
[10.554s] INFO:colcon.colcon_core.shell:Creating package script '/home/encoder/Desktop/ros2-robot/ros2_ws/install/ros2_opencv/share/ros2_opencv/package.bash'
[10.556s] INFO:colcon.colcon_core.shell:Creating package script '/home/encoder/Desktop/ros2-robot/ros2_ws/install/ros2_opencv/share/ros2_opencv/package.zsh'
[10.558s] Level 1:colcon.colcon_core.environment:create_file_with_runtime_dependencies(/home/encoder/Desktop/ros2-robot/ros2_ws/install/ros2_opencv/share/colcon-core/packages/ros2_opencv)
[10.565s] Level 1:colcon.colcon_core.environment:checking '/home/encoder/Desktop/ros2-robot/ros2_ws/install/serial_pubsub' for CMake module files
[10.568s] DEBUG:colcon.colcon_core.event_handler.log_command:Invoked command in '/home/encoder/Desktop/ros2-robot/ros2_ws/src/serial_pubsub' returned '0': PYTHONPATH=/home/encoder/Desktop/ros2-robot/ros2_ws/build/serial_pubsub/prefix_override:/usr/lib/python3/dist-packages/colcon_core/task/python/colcon_distutils_commands:/home/encoder/Desktop/ros2-robot/ros2_ws/install/serial_pubsub/lib/python3.10/site-packages:${PYTHONPATH} /usr/bin/python3 -W ignore:setup.py install is deprecated -W ignore:easy_install command is deprecated setup.py egg_info --egg-base ../../build/serial_pubsub build --build-base /home/encoder/Desktop/ros2-robot/ros2_ws/build/serial_pubsub/build install --record /home/encoder/Desktop/ros2-robot/ros2_ws/build/serial_pubsub/install.log --single-version-externally-managed install_data
[10.569s] Level 1:colcon.colcon_core.environment:checking '/home/encoder/Desktop/ros2-robot/ros2_ws/install/serial_pubsub' for CMake config files
[10.571s] Level 1:colcon.colcon_core.environment:checking '/home/encoder/Desktop/ros2-robot/ros2_ws/install/serial_pubsub/lib'
[10.572s] Level 1:colcon.colcon_core.environment:checking '/home/encoder/Desktop/ros2-robot/ros2_ws/install/serial_pubsub/bin'
[10.572s] Level 1:colcon.colcon_core.environment:checking '/home/encoder/Desktop/ros2-robot/ros2_ws/install/serial_pubsub/lib/pkgconfig/serial_pubsub.pc'
[10.573s] Level 1:colcon.colcon_core.environment:checking '/home/encoder/Desktop/ros2-robot/ros2_ws/install/serial_pubsub/lib/python3.10/site-packages'
[10.573s] Level 1:colcon.colcon_core.shell:create_environment_hook('serial_pubsub', 'pythonpath')
[10.574s] INFO:colcon.colcon_core.shell:Creating environment hook '/home/encoder/Desktop/ros2-robot/ros2_ws/install/serial_pubsub/share/serial_pubsub/hook/pythonpath.ps1'
[10.576s] INFO:colcon.colcon_core.shell:Creating environment descriptor '/home/encoder/Desktop/ros2-robot/ros2_ws/install/serial_pubsub/share/serial_pubsub/hook/pythonpath.dsv'
[10.578s] INFO:colcon.colcon_core.shell:Creating environment hook '/home/encoder/Desktop/ros2-robot/ros2_ws/install/serial_pubsub/share/serial_pubsub/hook/pythonpath.sh'
[10.581s] Level 1:colcon.colcon_core.environment:checking '/home/encoder/Desktop/ros2-robot/ros2_ws/install/serial_pubsub/bin'
[10.581s] Level 1:colcon.colcon_core.environment:create_environment_scripts_only(serial_pubsub)
[10.582s] INFO:colcon.colcon_core.shell:Creating package script '/home/encoder/Desktop/ros2-robot/ros2_ws/install/serial_pubsub/share/serial_pubsub/package.ps1'
[10.586s] INFO:colcon.colcon_core.shell:Creating package descriptor '/home/encoder/Desktop/ros2-robot/ros2_ws/install/serial_pubsub/share/serial_pubsub/package.dsv'
[10.588s] INFO:colcon.colcon_core.shell:Creating package script '/home/encoder/Desktop/ros2-robot/ros2_ws/install/serial_pubsub/share/serial_pubsub/package.sh'
[10.589s] INFO:colcon.colcon_core.shell:Creating package script '/home/encoder/Desktop/ros2-robot/ros2_ws/install/serial_pubsub/share/serial_pubsub/package.bash'
[10.591s] INFO:colcon.colcon_core.shell:Creating package script '/home/encoder/Desktop/ros2-robot/ros2_ws/install/serial_pubsub/share/serial_pubsub/package.zsh'
[10.592s] Level 1:colcon.colcon_core.environment:create_file_with_runtime_dependencies(/home/encoder/Desktop/ros2-robot/ros2_ws/install/serial_pubsub/share/colcon-core/packages/serial_pubsub)
[10.598s] DEBUG:colcon.colcon_core.event_handler.log_command:Invoked command in '/home/encoder/Desktop/ros2-robot/ros2_ws/src/multi_launch' returned '1': PYTHONPATH=/home/encoder/Desktop/ros2-robot/ros2_ws/build/multi_launch/prefix_override:/usr/lib/python3/dist-packages/colcon_core/task/python/colcon_distutils_commands:/home/encoder/Desktop/ros2-robot/ros2_ws/install/multi_launch/lib/python3.10/site-packages:${PYTHONPATH} /usr/bin/python3 -W ignore:setup.py install is deprecated -W ignore:easy_install command is deprecated setup.py egg_info --egg-base ../../build/multi_launch build --build-base /home/encoder/Desktop/ros2-robot/ros2_ws/build/multi_launch/build install --record /home/encoder/Desktop/ros2-robot/ros2_ws/build/multi_launch/install.log --single-version-externally-managed install_data
[10.875s] DEBUG:colcon.colcon_parallel_executor.executor.parallel:closing loop
[10.876s] DEBUG:colcon.colcon_parallel_executor.executor.parallel:loop closed
[10.877s] DEBUG:colcon.colcon_parallel_executor.executor.parallel:run_until_complete finished with '1'
[10.877s] DEBUG:colcon.colcon_core.event_reactor:joining thread
[10.904s] INFO:colcon.colcon_core.plugin_system:Skipping extension 'colcon_notification.desktop_notification.terminal_notifier': Not used on non-Darwin systems
[10.904s] INFO:colcon.colcon_core.plugin_system:Skipping extension 'colcon_notification.desktop_notification.win32': Not used on non-Windows systems
[10.904s] INFO:colcon.colcon_notification.desktop_notification:Sending desktop notification using 'notify2'
[10.955s] DEBUG:colcon.colcon_core.event_reactor:joined thread
[10.957s] INFO:colcon.colcon_core.shell:Creating prefix script '/home/encoder/Desktop/ros2-robot/ros2_ws/install/local_setup.ps1'
[10.961s] INFO:colcon.colcon_core.shell:Creating prefix util module '/home/encoder/Desktop/ros2-robot/ros2_ws/install/_local_setup_util_ps1.py'
[10.967s] INFO:colcon.colcon_core.shell:Creating prefix chain script '/home/encoder/Desktop/ros2-robot/ros2_ws/install/setup.ps1'
[10.973s] INFO:colcon.colcon_core.shell:Creating prefix script '/home/encoder/Desktop/ros2-robot/ros2_ws/install/local_setup.sh'
[10.976s] INFO:colcon.colcon_core.shell:Creating prefix util module '/home/encoder/Desktop/ros2-robot/ros2_ws/install/_local_setup_util_sh.py'
[10.980s] INFO:colcon.colcon_core.shell:Creating prefix chain script '/home/encoder/Desktop/ros2-robot/ros2_ws/install/setup.sh'
[10.988s] INFO:colcon.colcon_core.shell:Creating prefix script '/home/encoder/Desktop/ros2-robot/ros2_ws/install/local_setup.bash'
[10.990s] INFO:colcon.colcon_core.shell:Creating prefix chain script '/home/encoder/Desktop/ros2-robot/ros2_ws/install/setup.bash'
[10.998s] INFO:colcon.colcon_core.shell:Creating prefix script '/home/encoder/Desktop/ros2-robot/ros2_ws/install/local_setup.zsh'
[11.000s] INFO:colcon.colcon_core.shell:Creating prefix chain script '/home/encoder/Desktop/ros2-robot/ros2_ws/install/setup.zsh'
