[2.086s] Invoking command in '/home/encoder/Desktop/ros2-robot/ros2_ws/build/ros2_shared': CMAKE_PREFIX_PATH=${CMAKE_PREFIX_PATH}:/home/encoder/ros2_ws/install/usb_camera_node:/home/encoder/ros2_ws/install/tello_takip:/home/encoder/ros2_ws/install/tello_ros2:/home/encoder/ros2_ws/install/serial_pubsub:/home/encoder/ros2_ws/install/ros2_opencv:/home/encoder/ros2_ws/install/multi_launch:/home/encoder/ros2_ws/install/lidar_mapper:/home/encoder/ros2_ws/install/3d_display_node:/opt/ros/humble /usr/bin/cmake --build /home/encoder/Desktop/ros2-robot/ros2_ws/build/ros2_shared -- -j12 -l12
[4.288s] Invoked command in '/home/encoder/Desktop/ros2-robot/ros2_ws/build/ros2_shared' returned '0': CMAKE_PREFIX_PATH=${CMAKE_PREFIX_PATH}:/home/encoder/ros2_ws/install/usb_camera_node:/home/encoder/ros2_ws/install/tello_takip:/home/encoder/ros2_ws/install/tello_ros2:/home/encoder/ros2_ws/install/serial_pubsub:/home/encoder/ros2_ws/install/ros2_opencv:/home/encoder/ros2_ws/install/multi_launch:/home/encoder/ros2_ws/install/lidar_mapper:/home/encoder/ros2_ws/install/3d_display_node:/opt/ros/humble /usr/bin/cmake --build /home/encoder/Desktop/ros2-robot/ros2_ws/build/ros2_shared -- -j12 -l12
[4.308s] Invoking command in '/home/encoder/Desktop/ros2-robot/ros2_ws/build/ros2_shared': CMAKE_PREFIX_PATH=${CMAKE_PREFIX_PATH}:/home/encoder/ros2_ws/install/usb_camera_node:/home/encoder/ros2_ws/install/tello_takip:/home/encoder/ros2_ws/install/tello_ros2:/home/encoder/ros2_ws/install/serial_pubsub:/home/encoder/ros2_ws/install/ros2_opencv:/home/encoder/ros2_ws/install/multi_launch:/home/encoder/ros2_ws/install/lidar_mapper:/home/encoder/ros2_ws/install/3d_display_node:/opt/ros/humble /usr/bin/cmake --install /home/encoder/Desktop/ros2-robot/ros2_ws/build/ros2_shared
[4.322s] -- Install configuration: ""
[4.322s] -- Up-to-date: /home/encoder/Desktop/ros2-robot/ros2_ws/install/ros2_shared/include
[4.322s] -- Up-to-date: /home/encoder/Desktop/ros2-robot/ros2_ws/install/ros2_shared/include/ros2_shared
[4.322s] -- Up-to-date: /home/encoder/Desktop/ros2-robot/ros2_ws/install/ros2_shared/include/ros2_shared/context_macros.hpp
[4.322s] -- Up-to-date: /home/encoder/Desktop/ros2-robot/ros2_ws/install/ros2_shared/include/ros2_shared/string_printf.hpp
[4.339s] -- Up-to-date: /home/encoder/Desktop/ros2-robot/ros2_ws/install/ros2_shared/include/ros2_shared/param_macros.hpp
[4.340s] -- Up-to-date: /home/encoder/Desktop/ros2-robot/ros2_ws/install/ros2_shared/share/ament_index/resource_index/package_run_dependencies/ros2_shared
[4.340s] -- Up-to-date: /home/encoder/Desktop/ros2-robot/ros2_ws/install/ros2_shared/share/ament_index/resource_index/parent_prefix_path/ros2_shared
[4.340s] -- Up-to-date: /home/encoder/Desktop/ros2-robot/ros2_ws/install/ros2_shared/share/ros2_shared/environment/ament_prefix_path.sh
[4.340s] -- Up-to-date: /home/encoder/Desktop/ros2-robot/ros2_ws/install/ros2_shared/share/ros2_shared/environment/ament_prefix_path.dsv
[4.340s] -- Up-to-date: /home/encoder/Desktop/ros2-robot/ros2_ws/install/ros2_shared/share/ros2_shared/environment/path.sh
[4.340s] -- Up-to-date: /home/encoder/Desktop/ros2-robot/ros2_ws/install/ros2_shared/share/ros2_shared/environment/path.dsv
[4.340s] -- Up-to-date: /home/encoder/Desktop/ros2-robot/ros2_ws/install/ros2_shared/share/ros2_shared/local_setup.bash
[4.341s] -- Up-to-date: /home/encoder/Desktop/ros2-robot/ros2_ws/install/ros2_shared/share/ros2_shared/local_setup.sh
[4.341s] -- Up-to-date: /home/encoder/Desktop/ros2-robot/ros2_ws/install/ros2_shared/share/ros2_shared/local_setup.zsh
[4.341s] -- Up-to-date: /home/encoder/Desktop/ros2-robot/ros2_ws/install/ros2_shared/share/ros2_shared/local_setup.dsv
[4.341s] -- Installing: /home/encoder/Desktop/ros2-robot/ros2_ws/install/ros2_shared/share/ros2_shared/package.dsv
[4.341s] -- Up-to-date: /home/encoder/Desktop/ros2-robot/ros2_ws/install/ros2_shared/share/ament_index/resource_index/packages/ros2_shared
[4.341s] -- Up-to-date: /home/encoder/Desktop/ros2-robot/ros2_ws/install/ros2_shared/share/ros2_shared/cmake/ros2_shared_targetsExport.cmake
[4.341s] -- Up-to-date: /home/encoder/Desktop/ros2-robot/ros2_ws/install/ros2_shared/share/ros2_shared/cmake/ament_cmake_export_targets-extras.cmake
[4.341s] -- Up-to-date: /home/encoder/Desktop/ros2-robot/ros2_ws/install/ros2_shared/share/ros2_shared/cmake/ament_cmake_export_dependencies-extras.cmake
[4.341s] -- Up-to-date: /home/encoder/Desktop/ros2-robot/ros2_ws/install/ros2_shared/share/ros2_shared/cmake/ros2_sharedConfig.cmake
[4.341s] -- Up-to-date: /home/encoder/Desktop/ros2-robot/ros2_ws/install/ros2_shared/share/ros2_shared/cmake/ros2_sharedConfig-version.cmake
[4.341s] -- Up-to-date: /home/encoder/Desktop/ros2-robot/ros2_ws/install/ros2_shared/share/ros2_shared/package.xml
[4.363s] Invoked command in '/home/encoder/Desktop/ros2-robot/ros2_ws/build/ros2_shared' returned '0': CMAKE_PREFIX_PATH=${CMAKE_PREFIX_PATH}:/home/encoder/ros2_ws/install/usb_camera_node:/home/encoder/ros2_ws/install/tello_takip:/home/encoder/ros2_ws/install/tello_ros2:/home/encoder/ros2_ws/install/serial_pubsub:/home/encoder/ros2_ws/install/ros2_opencv:/home/encoder/ros2_ws/install/multi_launch:/home/encoder/ros2_ws/install/lidar_mapper:/home/encoder/ros2_ws/install/3d_display_node:/opt/ros/humble /usr/bin/cmake --install /home/encoder/Desktop/ros2-robot/ros2_ws/build/ros2_shared
