[5.739s] Invoking command in '/home/encoder/Desktop/ros2-robot/ros2_ws/src/lidar_mapper': PYTHONPATH=/home/encoder/Desktop/ros2-robot/ros2_ws/build/lidar_mapper/prefix_override:/usr/lib/python3/dist-packages/colcon_core/task/python/colcon_distutils_commands:/home/encoder/Desktop/ros2-robot/ros2_ws/install/lidar_mapper/lib/python3.10/site-packages:${PYTHONPATH} /usr/bin/python3 -W ignore:setup.py install is deprecated -W ignore:easy_install command is deprecated setup.py egg_info --egg-base ../../build/lidar_mapper build --build-base /home/encoder/Desktop/ros2-robot/ros2_ws/build/lidar_mapper/build install --record /home/encoder/Desktop/ros2-robot/ros2_ws/build/lidar_mapper/install.log --single-version-externally-managed install_data
[7.236s] running egg_info
[7.239s] writing ../../build/lidar_mapper/lidar_mapper.egg-info/PKG-INFO
[7.240s] writing dependency_links to ../../build/lidar_mapper/lidar_mapper.egg-info/dependency_links.txt
[7.241s] writing entry points to ../../build/lidar_mapper/lidar_mapper.egg-info/entry_points.txt
[7.243s] writing requirements to ../../build/lidar_mapper/lidar_mapper.egg-info/requires.txt
[7.244s] writing top-level names to ../../build/lidar_mapper/lidar_mapper.egg-info/top_level.txt
[7.252s] reading manifest file '../../build/lidar_mapper/lidar_mapper.egg-info/SOURCES.txt'
[7.262s] writing manifest file '../../build/lidar_mapper/lidar_mapper.egg-info/SOURCES.txt'
[7.262s] running build
[7.263s] running build_py
[7.263s] copying lidar_mapper/lidar_mapper.py -> /home/encoder/Desktop/ros2-robot/ros2_ws/build/lidar_mapper/build/lib/lidar_mapper
[7.265s] running install
[7.268s] running install_lib
[7.276s] copying /home/encoder/Desktop/ros2-robot/ros2_ws/build/lidar_mapper/build/lib/lidar_mapper/lidar_mapper.py -> /home/encoder/Desktop/ros2-robot/ros2_ws/install/lidar_mapper/lib/python3.10/site-packages/lidar_mapper
[7.278s] byte-compiling /home/encoder/Desktop/ros2-robot/ros2_ws/install/lidar_mapper/lib/python3.10/site-packages/lidar_mapper/lidar_mapper.py to lidar_mapper.cpython-310.pyc
[7.294s] running install_data
[7.295s] running install_egg_info
[7.301s] removing '/home/encoder/Desktop/ros2-robot/ros2_ws/install/lidar_mapper/lib/python3.10/site-packages/lidar_mapper-0.0.0-py3.10.egg-info' (and everything under it)
[7.305s] Copying ../../build/lidar_mapper/lidar_mapper.egg-info to /home/encoder/Desktop/ros2-robot/ros2_ws/install/lidar_mapper/lib/python3.10/site-packages/lidar_mapper-0.0.0-py3.10.egg-info
[7.309s] running install_scripts
[7.447s] Installing subcriber_lidar script to /home/encoder/Desktop/ros2-robot/ros2_ws/install/lidar_mapper/lib/lidar_mapper
[7.448s] writing list of installed files to '/home/encoder/Desktop/ros2-robot/ros2_ws/build/lidar_mapper/install.log'
[7.651s] Invoked command in '/home/encoder/Desktop/ros2-robot/ros2_ws/src/lidar_mapper' returned '0': PYTHONPATH=/home/encoder/Desktop/ros2-robot/ros2_ws/build/lidar_mapper/prefix_override:/usr/lib/python3/dist-packages/colcon_core/task/python/colcon_distutils_commands:/home/encoder/Desktop/ros2-robot/ros2_ws/install/lidar_mapper/lib/python3.10/site-packages:${PYTHONPATH} /usr/bin/python3 -W ignore:setup.py install is deprecated -W ignore:easy_install command is deprecated setup.py egg_info --egg-base ../../build/lidar_mapper build --build-base /home/encoder/Desktop/ros2-robot/ros2_ws/build/lidar_mapper/build install --record /home/encoder/Desktop/ros2-robot/ros2_ws/build/lidar_mapper/install.log --single-version-externally-managed install_data
