[4.683s] Invoking command in '/home/encoder/Desktop/ros2-robot/ros2_ws/src/multi_launch': PYTHONPATH=/home/encoder/Desktop/ros2-robot/ros2_ws/build/multi_launch/prefix_override:/usr/lib/python3/dist-packages/colcon_core/task/python/colcon_distutils_commands:/home/encoder/Desktop/ros2-robot/ros2_ws/install/multi_launch/lib/python3.10/site-packages:${PYTHONPATH} /usr/bin/python3 -W ignore:setup.py install is deprecated -W ignore:easy_install command is deprecated setup.py egg_info --egg-base ../../build/multi_launch build --build-base /home/encoder/Desktop/ros2-robot/ros2_ws/build/multi_launch/build install --record /home/encoder/Desktop/ros2-robot/ros2_ws/build/multi_launch/install.log --single-version-externally-managed install_data
[5.799s] running egg_info
[5.806s] writing ../../build/multi_launch/multi_launch.egg-info/PKG-INFO
[5.806s] writing dependency_links to ../../build/multi_launch/multi_launch.egg-info/dependency_links.txt
[5.808s] writing entry points to ../../build/multi_launch/multi_launch.egg-info/entry_points.txt
[5.808s] writing requirements to ../../build/multi_launch/multi_launch.egg-info/requires.txt
[5.812s] writing top-level names to ../../build/multi_launch/multi_launch.egg-info/top_level.txt
[5.815s] reading manifest file '../../build/multi_launch/multi_launch.egg-info/SOURCES.txt'
[5.817s] writing manifest file '../../build/multi_launch/multi_launch.egg-info/SOURCES.txt'
[5.818s] running build
[5.818s] running build_py
[5.821s] running install
[5.821s] running install_lib
[5.825s] running install_data
[5.826s] running install_egg_info
[5.834s] removing '/home/encoder/Desktop/ros2-robot/ros2_ws/install/multi_launch/lib/python3.10/site-packages/multi_launch-0.0.0-py3.10.egg-info' (and everything under it)
[5.845s] Copying ../../build/multi_launch/multi_launch.egg-info to /home/encoder/Desktop/ros2-robot/ros2_ws/install/multi_launch/lib/python3.10/site-packages/multi_launch-0.0.0-py3.10.egg-info
[5.845s] running install_scripts
[5.916s] writing list of installed files to '/home/encoder/Desktop/ros2-robot/ros2_ws/build/multi_launch/install.log'
[6.046s] Invoked command in '/home/encoder/Desktop/ros2-robot/ros2_ws/src/multi_launch' returned '0': PYTHONPATH=/home/encoder/Desktop/ros2-robot/ros2_ws/build/multi_launch/prefix_override:/usr/lib/python3/dist-packages/colcon_core/task/python/colcon_distutils_commands:/home/encoder/Desktop/ros2-robot/ros2_ws/install/multi_launch/lib/python3.10/site-packages:${PYTHONPATH} /usr/bin/python3 -W ignore:setup.py install is deprecated -W ignore:easy_install command is deprecated setup.py egg_info --egg-base ../../build/multi_launch build --build-base /home/encoder/Desktop/ros2-robot/ros2_ws/build/multi_launch/build install --record /home/encoder/Desktop/ros2-robot/ros2_ws/build/multi_launch/install.log --single-version-externally-managed install_data
