[0.856s] Invoking command in '/home/encoder/Desktop/badem-robot/ros2_ws/src/serial_pubsub': PYTHONPATH=/home/encoder/Desktop/badem-robot/ros2_ws/build/serial_pubsub/prefix_override:/usr/lib/python3/dist-packages/colcon_core/task/python/colcon_distutils_commands:/home/encoder/Desktop/badem-robot/ros2_ws/install/serial_pubsub/lib/python3.10/site-packages:${PYTHONPATH} /usr/bin/python3 -W ignore:setup.py install is deprecated -W ignore:easy_install command is deprecated setup.py egg_info --egg-base ../../build/serial_pubsub build --build-base /home/encoder/Desktop/badem-robot/ros2_ws/build/serial_pubsub/build install --record /home/encoder/Desktop/badem-robot/ros2_ws/build/serial_pubsub/install.log --single-version-externally-managed install_data
[1.250s] running egg_info
[1.250s] writing ../../build/serial_pubsub/serial_pubsub.egg-info/PKG-INFO
[1.251s] writing dependency_links to ../../build/serial_pubsub/serial_pubsub.egg-info/dependency_links.txt
[1.251s] writing entry points to ../../build/serial_pubsub/serial_pubsub.egg-info/entry_points.txt
[1.251s] writing requirements to ../../build/serial_pubsub/serial_pubsub.egg-info/requires.txt
[1.251s] writing top-level names to ../../build/serial_pubsub/serial_pubsub.egg-info/top_level.txt
[1.254s] reading manifest file '../../build/serial_pubsub/serial_pubsub.egg-info/SOURCES.txt'
[1.254s] adding license file 'LICENSE'
[1.255s] writing manifest file '../../build/serial_pubsub/serial_pubsub.egg-info/SOURCES.txt'
[1.256s] running build
[1.256s] running build_py
[1.256s] running install
[1.257s] running install_lib
[1.259s] running install_data
[1.259s] running install_egg_info
[1.263s] removing '/home/encoder/Desktop/badem-robot/ros2_ws/install/serial_pubsub/lib/python3.10/site-packages/serial_pubsub-0.0.0-py3.10.egg-info' (and everything under it)
[1.264s] Copying ../../build/serial_pubsub/serial_pubsub.egg-info to /home/encoder/Desktop/badem-robot/ros2_ws/install/serial_pubsub/lib/python3.10/site-packages/serial_pubsub-0.0.0-py3.10.egg-info
[1.265s] running install_scripts
[1.298s] Installing cPublisher script to /home/encoder/Desktop/badem-robot/ros2_ws/install/serial_pubsub/lib/serial_pubsub
[1.298s] Installing kPublisher script to /home/encoder/Desktop/badem-robot/ros2_ws/install/serial_pubsub/lib/serial_pubsub
[1.298s] Installing kSubscriber script to /home/encoder/Desktop/badem-robot/ros2_ws/install/serial_pubsub/lib/serial_pubsub
[1.298s] writing list of installed files to '/home/encoder/Desktop/badem-robot/ros2_ws/build/serial_pubsub/install.log'
[1.334s] Invoked command in '/home/encoder/Desktop/badem-robot/ros2_ws/src/serial_pubsub' returned '0': PYTHONPATH=/home/encoder/Desktop/badem-robot/ros2_ws/build/serial_pubsub/prefix_override:/usr/lib/python3/dist-packages/colcon_core/task/python/colcon_distutils_commands:/home/encoder/Desktop/badem-robot/ros2_ws/install/serial_pubsub/lib/python3.10/site-packages:${PYTHONPATH} /usr/bin/python3 -W ignore:setup.py install is deprecated -W ignore:easy_install command is deprecated setup.py egg_info --egg-base ../../build/serial_pubsub build --build-base /home/encoder/Desktop/badem-robot/ros2_ws/build/serial_pubsub/build install --record /home/encoder/Desktop/badem-robot/ros2_ws/build/serial_pubsub/install.log --single-version-externally-managed install_data
