[4.826s] Invoking command in '/home/encoder/Desktop/ros2-robot/ros2_ws/src/multi_launch': PYTHONPATH=/home/encoder/Desktop/ros2-robot/ros2_ws/build/multi_launch/prefix_override:/usr/lib/python3/dist-packages/colcon_core/task/python/colcon_distutils_commands:/home/encoder/Desktop/ros2-robot/ros2_ws/install/multi_launch/lib/python3.10/site-packages:${PYTHONPATH} /usr/bin/python3 -W ignore:setup.py install is deprecated -W ignore:easy_install command is deprecated setup.py egg_info --egg-base ../../build/multi_launch build --build-base /home/encoder/Desktop/ros2-robot/ros2_ws/build/multi_launch/build install --record /home/encoder/Desktop/ros2-robot/ros2_ws/build/multi_launch/install.log --single-version-externally-managed install_data
[5.652s] running egg_info
[5.652s] writing ../../build/multi_launch/multi_launch.egg-info/PKG-INFO
[5.652s] writing dependency_links to ../../build/multi_launch/multi_launch.egg-info/dependency_links.txt
[5.653s] writing entry points to ../../build/multi_launch/multi_launch.egg-info/entry_points.txt
[5.654s] writing requirements to ../../build/multi_launch/multi_launch.egg-info/requires.txt
[5.655s] writing top-level names to ../../build/multi_launch/multi_launch.egg-info/top_level.txt
[5.661s] reading manifest file '../../build/multi_launch/multi_launch.egg-info/SOURCES.txt'
[5.664s] writing manifest file '../../build/multi_launch/multi_launch.egg-info/SOURCES.txt'
[5.665s] running build
[5.665s] running build_py
[5.669s] running install
[5.669s] running install_lib
[5.671s] running install_data
[5.672s] running install_egg_info
[5.676s] removing '/home/encoder/Desktop/ros2-robot/ros2_ws/install/multi_launch/lib/python3.10/site-packages/multi_launch-0.0.0-py3.10.egg-info' (and everything under it)
[5.677s] Copying ../../build/multi_launch/multi_launch.egg-info to /home/encoder/Desktop/ros2-robot/ros2_ws/install/multi_launch/lib/python3.10/site-packages/multi_launch-0.0.0-py3.10.egg-info
[5.680s] running install_scripts
[5.740s] writing list of installed files to '/home/encoder/Desktop/ros2-robot/ros2_ws/build/multi_launch/install.log'
[5.801s] Invoked command in '/home/encoder/Desktop/ros2-robot/ros2_ws/src/multi_launch' returned '0': PYTHONPATH=/home/encoder/Desktop/ros2-robot/ros2_ws/build/multi_launch/prefix_override:/usr/lib/python3/dist-packages/colcon_core/task/python/colcon_distutils_commands:/home/encoder/Desktop/ros2-robot/ros2_ws/install/multi_launch/lib/python3.10/site-packages:${PYTHONPATH} /usr/bin/python3 -W ignore:setup.py install is deprecated -W ignore:easy_install command is deprecated setup.py egg_info --egg-base ../../build/multi_launch build --build-base /home/encoder/Desktop/ros2-robot/ros2_ws/build/multi_launch/build install --record /home/encoder/Desktop/ros2-robot/ros2_ws/build/multi_launch/install.log --single-version-externally-managed install_data
