[0.112s] Invoking command in '/home/encoder/Desktop/ros2-robot/build/ros2_shared': CMAKE_PREFIX_PATH=/opt/ros/humble /usr/bin/cmake /home/encoder/Desktop/ros2-robot/ros2_ws/src/ros2_shared -DCMAKE_INSTALL_PREFIX=/home/encoder/Desktop/ros2-robot/install/ros2_shared
[3.321s] -- The C compiler identification is GNU 11.4.0
[3.322s] -- The CXX compiler identification is GNU 11.4.0
[3.322s] -- Detecting C compiler ABI info
[3.322s] -- Detecting C compiler ABI info - done
[3.322s] -- Check for working C compiler: /usr/bin/cc - skipped
[3.322s] -- Detecting C compile features
[3.322s] -- Detecting C compile features - done
[3.323s] -- Detecting CXX compiler ABI info
[3.323s] -- Detecting CXX compiler ABI info - done
[3.323s] -- Check for working CXX compiler: /usr/bin/c++ - skipped
[3.323s] -- Detecting CXX compile features
[3.323s] -- Detecting CXX compile features - done
[3.323s] -- Found ament_cmake: 1.3.11 (/opt/ros/humble/share/ament_cmake/cmake)
[3.324s] -- Found Python3: /usr/bin/python3 (found version "3.10.12") found components: Interpreter 
[3.324s] -- Found rclcpp: 16.0.11 (/opt/ros/humble/share/rclcpp/cmake)
[3.324s] -- Found rosidl_generator_c: 3.1.6 (/opt/ros/humble/share/rosidl_generator_c/cmake)
[3.324s] -- Found rosidl_adapter: 3.1.6 (/opt/ros/humble/share/rosidl_adapter/cmake)
[3.324s] -- Found rosidl_generator_cpp: 3.1.6 (/opt/ros/humble/share/rosidl_generator_cpp/cmake)
[3.325s] -- Using all available rosidl_typesupport_c: rosidl_typesupport_fastrtps_c;rosidl_typesupport_introspection_c
[3.325s] -- Using all available rosidl_typesupport_cpp: rosidl_typesupport_fastrtps_cpp;rosidl_typesupport_introspection_cpp
[3.325s] -- Found rmw_implementation_cmake: 6.1.2 (/opt/ros/humble/share/rmw_implementation_cmake/cmake)
[3.325s] -- Found rmw_fastrtps_cpp: 6.2.7 (/opt/ros/humble/share/rmw_fastrtps_cpp/cmake)
[3.325s] -- Found OpenSSL: /usr/lib/x86_64-linux-gnu/libcrypto.so (found version "3.0.2")  
[3.326s] -- Found FastRTPS: /opt/ros/humble/include  
[3.326s] -- Using RMW implementation 'rmw_fastrtps_cpp' as default
[3.326s] -- Looking for pthread.h
[3.476s] -- Looking for pthread.h - found
[3.477s] -- Performing Test CMAKE_HAVE_LIBC_PTHREAD
[3.949s] -- Performing Test CMAKE_HAVE_LIBC_PTHREAD - Success
[3.978s] -- Found Threads: TRUE  
[4.630s] -- Configuring done
[4.655s] -- Generating done
[4.667s] -- Build files have been written to: /home/encoder/Desktop/ros2-robot/build/ros2_shared
[4.733s] Invoked command in '/home/encoder/Desktop/ros2-robot/build/ros2_shared' returned '0': CMAKE_PREFIX_PATH=/opt/ros/humble /usr/bin/cmake /home/encoder/Desktop/ros2-robot/ros2_ws/src/ros2_shared -DCMAKE_INSTALL_PREFIX=/home/encoder/Desktop/ros2-robot/install/ros2_shared
[4.735s] Invoking command in '/home/encoder/Desktop/ros2-robot/build/ros2_shared': CMAKE_PREFIX_PATH=/opt/ros/humble /usr/bin/cmake --build /home/encoder/Desktop/ros2-robot/build/ros2_shared -- -j12 -l12
[4.978s] Invoked command in '/home/encoder/Desktop/ros2-robot/build/ros2_shared' returned '0': CMAKE_PREFIX_PATH=/opt/ros/humble /usr/bin/cmake --build /home/encoder/Desktop/ros2-robot/build/ros2_shared -- -j12 -l12
[5.058s] Invoking command in '/home/encoder/Desktop/ros2-robot/build/ros2_shared': CMAKE_PREFIX_PATH=/opt/ros/humble /usr/bin/cmake --install /home/encoder/Desktop/ros2-robot/build/ros2_shared
[5.112s] -- Install configuration: ""
[5.112s] -- Installing: /home/encoder/Desktop/ros2-robot/install/ros2_shared/include
[5.112s] -- Installing: /home/encoder/Desktop/ros2-robot/install/ros2_shared/include/ros2_shared
[5.121s] -- Installing: /home/encoder/Desktop/ros2-robot/install/ros2_shared/include/ros2_shared/context_macros.hpp
[5.122s] -- Installing: /home/encoder/Desktop/ros2-robot/install/ros2_shared/include/ros2_shared/string_printf.hpp
[5.122s] -- Installing: /home/encoder/Desktop/ros2-robot/install/ros2_shared/include/ros2_shared/param_macros.hpp
[5.122s] -- Installing: /home/encoder/Desktop/ros2-robot/install/ros2_shared/share/ament_index/resource_index/package_run_dependencies/ros2_shared
[5.123s] -- Installing: /home/encoder/Desktop/ros2-robot/install/ros2_shared/share/ament_index/resource_index/parent_prefix_path/ros2_shared
[5.123s] -- Installing: /home/encoder/Desktop/ros2-robot/install/ros2_shared/share/ros2_shared/environment/ament_prefix_path.sh
[5.123s] -- Installing: /home/encoder/Desktop/ros2-robot/install/ros2_shared/share/ros2_shared/environment/ament_prefix_path.dsv
[5.123s] -- Installing: /home/encoder/Desktop/ros2-robot/install/ros2_shared/share/ros2_shared/environment/path.sh
[5.124s] -- Installing: /home/encoder/Desktop/ros2-robot/install/ros2_shared/share/ros2_shared/environment/path.dsv
[5.135s] -- Installing: /home/encoder/Desktop/ros2-robot/install/ros2_shared/share/ros2_shared/local_setup.bash
[5.139s] -- Installing: /home/encoder/Desktop/ros2-robot/install/ros2_shared/share/ros2_shared/local_setup.sh
[5.139s] -- Installing: /home/encoder/Desktop/ros2-robot/install/ros2_shared/share/ros2_shared/local_setup.zsh
[5.143s] -- Installing: /home/encoder/Desktop/ros2-robot/install/ros2_shared/share/ros2_shared/local_setup.dsv
[5.146s] -- Installing: /home/encoder/Desktop/ros2-robot/install/ros2_shared/share/ros2_shared/package.dsv
[5.147s] -- Installing: /home/encoder/Desktop/ros2-robot/install/ros2_shared/share/ament_index/resource_index/packages/ros2_shared
[5.147s] -- Installing: /home/encoder/Desktop/ros2-robot/install/ros2_shared/share/ros2_shared/cmake/ros2_shared_targetsExport.cmake
[5.147s] -- Installing: /home/encoder/Desktop/ros2-robot/install/ros2_shared/share/ros2_shared/cmake/ament_cmake_export_targets-extras.cmake
[5.148s] -- Installing: /home/encoder/Desktop/ros2-robot/install/ros2_shared/share/ros2_shared/cmake/ament_cmake_export_dependencies-extras.cmake
[5.149s] -- Installing: /home/encoder/Desktop/ros2-robot/install/ros2_shared/share/ros2_shared/cmake/ros2_sharedConfig.cmake
[5.152s] -- Installing: /home/encoder/Desktop/ros2-robot/install/ros2_shared/share/ros2_shared/cmake/ros2_sharedConfig-version.cmake
[5.154s] -- Installing: /home/encoder/Desktop/ros2-robot/install/ros2_shared/share/ros2_shared/package.xml
[5.164s] Invoked command in '/home/encoder/Desktop/ros2-robot/build/ros2_shared' returned '0': CMAKE_PREFIX_PATH=/opt/ros/humble /usr/bin/cmake --install /home/encoder/Desktop/ros2-robot/build/ros2_shared
