[0.640s] Invoking command in '/home/encoder/Desktop/ros2-robot/ros2_ws/src/serial_pubsub': PYTHONPATH=/home/encoder/Desktop/ros2-robot/ros2_ws/build/serial_pubsub/prefix_override:/usr/lib/python3/dist-packages/colcon_core/task/python/colcon_distutils_commands:/home/encoder/Desktop/ros2-robot/ros2_ws/install/serial_pubsub/lib/python3.10/site-packages:${PYTHONPATH} /usr/bin/python3 -W ignore:setup.py install is deprecated -W ignore:easy_install command is deprecated setup.py egg_info --egg-base ../../build/serial_pubsub build --build-base /home/encoder/Desktop/ros2-robot/ros2_ws/build/serial_pubsub/build install --record /home/encoder/Desktop/ros2-robot/ros2_ws/build/serial_pubsub/install.log --single-version-externally-managed install_data
[0.778s] running egg_info
[0.778s] writing ../../build/serial_pubsub/serial_pubsub.egg-info/PKG-INFO
[0.778s] writing dependency_links to ../../build/serial_pubsub/serial_pubsub.egg-info/dependency_links.txt
[0.778s] writing entry points to ../../build/serial_pubsub/serial_pubsub.egg-info/entry_points.txt
[0.778s] writing requirements to ../../build/serial_pubsub/serial_pubsub.egg-info/requires.txt
[0.779s] writing top-level names to ../../build/serial_pubsub/serial_pubsub.egg-info/top_level.txt
[0.779s] reading manifest file '../../build/serial_pubsub/serial_pubsub.egg-info/SOURCES.txt'
[0.780s] adding license file 'LICENSE'
[0.780s] writing manifest file '../../build/serial_pubsub/serial_pubsub.egg-info/SOURCES.txt'
[0.780s] running build
[0.780s] running build_py
[0.780s] running install
[0.781s] running install_lib
[0.781s] running install_data
[0.782s] running install_egg_info
[0.783s] removing '/home/encoder/Desktop/ros2-robot/ros2_ws/install/serial_pubsub/lib/python3.10/site-packages/serial_pubsub-0.0.0-py3.10.egg-info' (and everything under it)
[0.783s] Copying ../../build/serial_pubsub/serial_pubsub.egg-info to /home/encoder/Desktop/ros2-robot/ros2_ws/install/serial_pubsub/lib/python3.10/site-packages/serial_pubsub-0.0.0-py3.10.egg-info
[0.784s] running install_scripts
[0.797s] Installing cPublisher script to /home/encoder/Desktop/ros2-robot/ros2_ws/install/serial_pubsub/lib/serial_pubsub
[0.798s] Installing kPublisher script to /home/encoder/Desktop/ros2-robot/ros2_ws/install/serial_pubsub/lib/serial_pubsub
[0.798s] Installing kSubscriber script to /home/encoder/Desktop/ros2-robot/ros2_ws/install/serial_pubsub/lib/serial_pubsub
[0.798s] writing list of installed files to '/home/encoder/Desktop/ros2-robot/ros2_ws/build/serial_pubsub/install.log'
[0.819s] Invoked command in '/home/encoder/Desktop/ros2-robot/ros2_ws/src/serial_pubsub' returned '0': PYTHONPATH=/home/encoder/Desktop/ros2-robot/ros2_ws/build/serial_pubsub/prefix_override:/usr/lib/python3/dist-packages/colcon_core/task/python/colcon_distutils_commands:/home/encoder/Desktop/ros2-robot/ros2_ws/install/serial_pubsub/lib/python3.10/site-packages:${PYTHONPATH} /usr/bin/python3 -W ignore:setup.py install is deprecated -W ignore:easy_install command is deprecated setup.py egg_info --egg-base ../../build/serial_pubsub build --build-base /home/encoder/Desktop/ros2-robot/ros2_ws/build/serial_pubsub/build install --record /home/encoder/Desktop/ros2-robot/ros2_ws/build/serial_pubsub/install.log --single-version-externally-managed install_data
