[3.844s] Invoking command in '/home/encoder/Desktop/ros2-robot/ros2_ws/src/multi_launch': PYTHONPATH=/home/encoder/Desktop/ros2-robot/ros2_ws/build/multi_launch/prefix_override:/usr/lib/python3/dist-packages/colcon_core/task/python/colcon_distutils_commands:/home/encoder/Desktop/ros2-robot/ros2_ws/install/multi_launch/lib/python3.10/site-packages:${PYTHONPATH} /usr/bin/python3 -W ignore:setup.py install is deprecated -W ignore:easy_install command is deprecated setup.py egg_info --egg-base ../../build/multi_launch build --build-base /home/encoder/Desktop/ros2-robot/ros2_ws/build/multi_launch/build install --record /home/encoder/Desktop/ros2-robot/ros2_ws/build/multi_launch/install.log --single-version-externally-managed install_data
[4.275s] running egg_info
[4.276s] writing ../../build/multi_launch/multi_launch.egg-info/PKG-INFO
[4.277s] writing dependency_links to ../../build/multi_launch/multi_launch.egg-info/dependency_links.txt
[4.277s] writing entry points to ../../build/multi_launch/multi_launch.egg-info/entry_points.txt
[4.277s] writing requirements to ../../build/multi_launch/multi_launch.egg-info/requires.txt
[4.278s] writing top-level names to ../../build/multi_launch/multi_launch.egg-info/top_level.txt
[4.280s] reading manifest file '../../build/multi_launch/multi_launch.egg-info/SOURCES.txt'
[4.281s] writing manifest file '../../build/multi_launch/multi_launch.egg-info/SOURCES.txt'
[4.281s] running build
[4.282s] running build_py
[4.282s] running install
[4.282s] running install_lib
[4.284s] running install_data
[4.285s] running install_egg_info
[4.288s] removing '/home/encoder/Desktop/ros2-robot/ros2_ws/install/multi_launch/lib/python3.10/site-packages/multi_launch-0.0.0-py3.10.egg-info' (and everything under it)
[4.288s] Copying ../../build/multi_launch/multi_launch.egg-info to /home/encoder/Desktop/ros2-robot/ros2_ws/install/multi_launch/lib/python3.10/site-packages/multi_launch-0.0.0-py3.10.egg-info
[4.289s] running install_scripts
[4.320s] writing list of installed files to '/home/encoder/Desktop/ros2-robot/ros2_ws/build/multi_launch/install.log'
[4.363s] Invoked command in '/home/encoder/Desktop/ros2-robot/ros2_ws/src/multi_launch' returned '0': PYTHONPATH=/home/encoder/Desktop/ros2-robot/ros2_ws/build/multi_launch/prefix_override:/usr/lib/python3/dist-packages/colcon_core/task/python/colcon_distutils_commands:/home/encoder/Desktop/ros2-robot/ros2_ws/install/multi_launch/lib/python3.10/site-packages:${PYTHONPATH} /usr/bin/python3 -W ignore:setup.py install is deprecated -W ignore:easy_install command is deprecated setup.py egg_info --egg-base ../../build/multi_launch build --build-base /home/encoder/Desktop/ros2-robot/ros2_ws/build/multi_launch/build install --record /home/encoder/Desktop/ros2-robot/ros2_ws/build/multi_launch/install.log --single-version-externally-managed install_data
