[4.159s] Invoking command in '/home/encoder/Desktop/ros2-robot/ros2_ws/src/tello_takip': PYTHONPATH=/home/encoder/Desktop/ros2-robot/ros2_ws/build/tello_takip/prefix_override:/usr/lib/python3/dist-packages/colcon_core/task/python/colcon_distutils_commands:/home/encoder/Desktop/ros2-robot/ros2_ws/install/tello_takip/lib/python3.10/site-packages:${PYTHONPATH} /usr/bin/python3 -W ignore:setup.py install is deprecated -W ignore:easy_install command is deprecated setup.py egg_info --egg-base ../../build/tello_takip build --build-base /home/encoder/Desktop/ros2-robot/ros2_ws/build/tello_takip/build install --record /home/encoder/Desktop/ros2-robot/ros2_ws/build/tello_takip/install.log --single-version-externally-managed install_data
[4.622s] running egg_info
[4.623s] writing ../../build/tello_takip/tello_takip.egg-info/PKG-INFO
[4.623s] writing dependency_links to ../../build/tello_takip/tello_takip.egg-info/dependency_links.txt
[4.623s] writing entry points to ../../build/tello_takip/tello_takip.egg-info/entry_points.txt
[4.624s] writing requirements to ../../build/tello_takip/tello_takip.egg-info/requires.txt
[4.624s] writing top-level names to ../../build/tello_takip/tello_takip.egg-info/top_level.txt
[4.626s] reading manifest file '../../build/tello_takip/tello_takip.egg-info/SOURCES.txt'
[4.627s] writing manifest file '../../build/tello_takip/tello_takip.egg-info/SOURCES.txt'
[4.627s] running build
[4.627s] running build_py
[4.628s] copying tello_takip/tello_nesne_tespit.py -> /home/encoder/Desktop/ros2-robot/ros2_ws/build/tello_takip/build/lib/tello_takip
[4.633s] running install
[4.633s] running install_lib
[4.633s] copying /home/encoder/Desktop/ros2-robot/ros2_ws/build/tello_takip/build/lib/tello_takip/tello_nesne_tespit.py -> /home/encoder/Desktop/ros2-robot/ros2_ws/install/tello_takip/lib/python3.10/site-packages/tello_takip
[4.635s] byte-compiling /home/encoder/Desktop/ros2-robot/ros2_ws/install/tello_takip/lib/python3.10/site-packages/tello_takip/tello_nesne_tespit.py to tello_nesne_tespit.cpython-310.pyc
[4.643s] running install_data
[4.644s] running install_egg_info
[4.652s] removing '/home/encoder/Desktop/ros2-robot/ros2_ws/install/tello_takip/lib/python3.10/site-packages/tello_takip-0.0.1-py3.10.egg-info' (and everything under it)
[4.653s] Copying ../../build/tello_takip/tello_takip.egg-info to /home/encoder/Desktop/ros2-robot/ros2_ws/install/tello_takip/lib/python3.10/site-packages/tello_takip-0.0.1-py3.10.egg-info
[4.654s] running install_scripts
[4.697s] Installing tello_nesne_tespit script to /home/encoder/Desktop/ros2-robot/ros2_ws/install/tello_takip/lib/tello_takip
[4.698s] writing list of installed files to '/home/encoder/Desktop/ros2-robot/ros2_ws/build/tello_takip/install.log'
[4.733s] Invoked command in '/home/encoder/Desktop/ros2-robot/ros2_ws/src/tello_takip' returned '0': PYTHONPATH=/home/encoder/Desktop/ros2-robot/ros2_ws/build/tello_takip/prefix_override:/usr/lib/python3/dist-packages/colcon_core/task/python/colcon_distutils_commands:/home/encoder/Desktop/ros2-robot/ros2_ws/install/tello_takip/lib/python3.10/site-packages:${PYTHONPATH} /usr/bin/python3 -W ignore:setup.py install is deprecated -W ignore:easy_install command is deprecated setup.py egg_info --egg-base ../../build/tello_takip build --build-base /home/encoder/Desktop/ros2-robot/ros2_ws/build/tello_takip/build install --record /home/encoder/Desktop/ros2-robot/ros2_ws/build/tello_takip/install.log --single-version-externally-managed install_data
