[1.575s] Invoking command in '/home/badem-robot/badem/ros2_ws/src/ros2_opencv': PYTHONPATH=/home/badem-robot/badem/ros2_ws/build/ros2_opencv/prefix_override:/usr/lib/python3/dist-packages/colcon_core/task/python/colcon_distutils_commands:/home/badem-robot/badem/ros2_ws/install/ros2_opencv/lib/python3.12/site-packages:${PYTHONPATH} /usr/bin/python3 -W ignore:setup.py install is deprecated -W ignore:easy_install command is deprecated setup.py egg_info --egg-base ../../build/ros2_opencv build --build-base /home/badem-robot/badem/ros2_ws/build/ros2_opencv/build install --record /home/badem-robot/badem/ros2_ws/build/ros2_opencv/install.log --single-version-externally-managed install_data
[1.943s] running egg_info
[1.967s] writing ../../build/ros2_opencv/ros2_opencv.egg-info/PKG-INFO
[1.968s] writing dependency_links to ../../build/ros2_opencv/ros2_opencv.egg-info/dependency_links.txt
[1.971s] writing entry points to ../../build/ros2_opencv/ros2_opencv.egg-info/entry_points.txt
[1.971s] writing requirements to ../../build/ros2_opencv/ros2_opencv.egg-info/requires.txt
[1.971s] writing top-level names to ../../build/ros2_opencv/ros2_opencv.egg-info/top_level.txt
[2.022s] reading manifest file '../../build/ros2_opencv/ros2_opencv.egg-info/SOURCES.txt'
[2.023s] writing manifest file '../../build/ros2_opencv/ros2_opencv.egg-info/SOURCES.txt'
[2.024s] running build
[2.024s] running build_py
[2.024s] running install
[2.034s] running install_lib
[2.059s] running install_data
[2.060s] running install_egg_info
[2.086s] removing '/home/badem-robot/badem/ros2_ws/install/ros2_opencv/lib/python3.12/site-packages/ros2_opencv-0.0.0-py3.12.egg-info' (and everything under it)
[2.087s] Copying ../../build/ros2_opencv/ros2_opencv.egg-info to /home/badem-robot/badem/ros2_ws/install/ros2_opencv/lib/python3.12/site-packages/ros2_opencv-0.0.0-py3.12.egg-info
[2.088s] running install_scripts
[2.270s] Installing publisher_node script to /home/badem-robot/badem/ros2_ws/install/ros2_opencv/lib/ros2_opencv
[2.270s] Installing subcriber_node script to /home/badem-robot/badem/ros2_ws/install/ros2_opencv/lib/ros2_opencv
[2.274s] writing list of installed files to '/home/badem-robot/badem/ros2_ws/build/ros2_opencv/install.log'
[2.385s] Invoked command in '/home/badem-robot/badem/ros2_ws/src/ros2_opencv' returned '0': PYTHONPATH=/home/badem-robot/badem/ros2_ws/build/ros2_opencv/prefix_override:/usr/lib/python3/dist-packages/colcon_core/task/python/colcon_distutils_commands:/home/badem-robot/badem/ros2_ws/install/ros2_opencv/lib/python3.12/site-packages:${PYTHONPATH} /usr/bin/python3 -W ignore:setup.py install is deprecated -W ignore:easy_install command is deprecated setup.py egg_info --egg-base ../../build/ros2_opencv build --build-base /home/badem-robot/badem/ros2_ws/build/ros2_opencv/build install --record /home/badem-robot/badem/ros2_ws/build/ros2_opencv/install.log --single-version-externally-managed install_data
