[6.206s] Invoking command in '/home/encoder/Desktop/ros2-robot/ros2_ws/src/multi_launch': PYTHONPATH=/home/encoder/Desktop/ros2-robot/ros2_ws/build/multi_launch/prefix_override:/usr/lib/python3/dist-packages/colcon_core/task/python/colcon_distutils_commands:/home/encoder/Desktop/ros2-robot/ros2_ws/install/multi_launch/lib/python3.10/site-packages:${PYTHONPATH} /usr/bin/python3 -W ignore:setup.py install is deprecated -W ignore:easy_install command is deprecated setup.py egg_info --egg-base ../../build/multi_launch build --build-base /home/encoder/Desktop/ros2-robot/ros2_ws/build/multi_launch/build install --record /home/encoder/Desktop/ros2-robot/ros2_ws/build/multi_launch/install.log --single-version-externally-managed install_data
[7.425s] running egg_info
[7.426s] writing ../../build/multi_launch/multi_launch.egg-info/PKG-INFO
[7.426s] writing dependency_links to ../../build/multi_launch/multi_launch.egg-info/dependency_links.txt
[7.426s] writing entry points to ../../build/multi_launch/multi_launch.egg-info/entry_points.txt
[7.430s] writing requirements to ../../build/multi_launch/multi_launch.egg-info/requires.txt
[7.433s] writing top-level names to ../../build/multi_launch/multi_launch.egg-info/top_level.txt
[7.448s] reading manifest file '../../build/multi_launch/multi_launch.egg-info/SOURCES.txt'
[7.449s] writing manifest file '../../build/multi_launch/multi_launch.egg-info/SOURCES.txt'
[7.449s] running build
[7.449s] running build_py
[7.449s] running install
[7.450s] running install_lib
[7.450s] running install_data
[7.459s] running install_egg_info
[7.460s] removing '/home/encoder/Desktop/ros2-robot/ros2_ws/install/multi_launch/lib/python3.10/site-packages/multi_launch-0.0.0-py3.10.egg-info' (and everything under it)
[7.460s] Copying ../../build/multi_launch/multi_launch.egg-info to /home/encoder/Desktop/ros2-robot/ros2_ws/install/multi_launch/lib/python3.10/site-packages/multi_launch-0.0.0-py3.10.egg-info
[7.462s] running install_scripts
[7.549s] writing list of installed files to '/home/encoder/Desktop/ros2-robot/ros2_ws/build/multi_launch/install.log'
[7.673s] Invoked command in '/home/encoder/Desktop/ros2-robot/ros2_ws/src/multi_launch' returned '0': PYTHONPATH=/home/encoder/Desktop/ros2-robot/ros2_ws/build/multi_launch/prefix_override:/usr/lib/python3/dist-packages/colcon_core/task/python/colcon_distutils_commands:/home/encoder/Desktop/ros2-robot/ros2_ws/install/multi_launch/lib/python3.10/site-packages:${PYTHONPATH} /usr/bin/python3 -W ignore:setup.py install is deprecated -W ignore:easy_install command is deprecated setup.py egg_info --egg-base ../../build/multi_launch build --build-base /home/encoder/Desktop/ros2-robot/ros2_ws/build/multi_launch/build install --record /home/encoder/Desktop/ros2-robot/ros2_ws/build/multi_launch/install.log --single-version-externally-managed install_data
