running egg_info
writing ../../build/tello_ros2/tello_ros2.egg-info/PKG-INFO
writing dependency_links to ../../build/tello_ros2/tello_ros2.egg-info/dependency_links.txt
writing entry points to ../../build/tello_ros2/tello_ros2.egg-info/entry_points.txt
writing requirements to ../../build/tello_ros2/tello_ros2.egg-info/requires.txt
writing top-level names to ../../build/tello_ros2/tello_ros2.egg-info/top_level.txt
reading manifest file '../../build/tello_ros2/tello_ros2.egg-info/SOURCES.txt'
writing manifest file '../../build/tello_ros2/tello_ros2.egg-info/SOURCES.txt'
running build
running build_py
running build_scripts
creating /home/encoder/Desktop/ros2-robot/ros2_ws/build/tello_ros2/build/scripts-3.10
copying and adjusting tello_ros2/tello_node.py -> /home/encoder/Desktop/ros2-robot/ros2_ws/build/tello_ros2/build/scripts-3.10
changing mode of /home/encoder/Desktop/ros2-robot/ros2_ws/build/tello_ros2/build/scripts-3.10/tello_node.py from 664 to 775
running install
running install_lib
running install_data
copying launch/tello_node.launch.py -> /home/encoder/Desktop/ros2-robot/ros2_ws/install/tello_ros2/share/tello_ros2/launch
running install_egg_info
removing '/home/encoder/Desktop/ros2-robot/ros2_ws/install/tello_ros2/lib/python3.10/site-packages/tello_ros2-0.1.0-py3.10.egg-info' (and everything under it)
Copying ../../build/tello_ros2/tello_ros2.egg-info to /home/encoder/Desktop/ros2-robot/ros2_ws/install/tello_ros2/lib/python3.10/site-packages/tello_ros2-0.1.0-py3.10.egg-info
running install_scripts
copying /home/encoder/Desktop/ros2-robot/ros2_ws/build/tello_ros2/build/scripts-3.10/tello_node.py -> /home/encoder/Desktop/ros2-robot/ros2_ws/install/tello_ros2/bin
changing mode of /home/encoder/Desktop/ros2-robot/ros2_ws/install/tello_ros2/bin/tello_node.py to 775
Installing tello_node script to /home/encoder/Desktop/ros2-robot/ros2_ws/install/tello_ros2/bin
writing list of installed files to '/home/encoder/Desktop/ros2-robot/ros2_ws/build/tello_ros2/install.log'
