[1.766s] Invoking command in '/home/encoder/Desktop/badem-robot/ros2_ws/src/ros2_opencv': PYTHONPATH=/home/encoder/Desktop/badem-robot/ros2_ws/build/ros2_opencv/prefix_override:/usr/lib/python3/dist-packages/colcon_core/task/python/colcon_distutils_commands:/home/encoder/Desktop/badem-robot/ros2_ws/install/ros2_opencv/lib/python3.10/site-packages:${PYTHONPATH} /usr/bin/python3 -W ignore:setup.py install is deprecated -W ignore:easy_install command is deprecated setup.py egg_info --egg-base ../../build/ros2_opencv build --build-base /home/encoder/Desktop/badem-robot/ros2_ws/build/ros2_opencv/build install --record /home/encoder/Desktop/badem-robot/ros2_ws/build/ros2_opencv/install.log --single-version-externally-managed install_data
[2.487s] running egg_info
[2.489s] writing ../../build/ros2_opencv/ros2_opencv.egg-info/PKG-INFO
[2.489s] writing dependency_links to ../../build/ros2_opencv/ros2_opencv.egg-info/dependency_links.txt
[2.489s] writing entry points to ../../build/ros2_opencv/ros2_opencv.egg-info/entry_points.txt
[2.490s] writing requirements to ../../build/ros2_opencv/ros2_opencv.egg-info/requires.txt
[2.490s] writing top-level names to ../../build/ros2_opencv/ros2_opencv.egg-info/top_level.txt
[2.495s] reading manifest file '../../build/ros2_opencv/ros2_opencv.egg-info/SOURCES.txt'
[2.498s] writing manifest file '../../build/ros2_opencv/ros2_opencv.egg-info/SOURCES.txt'
[2.498s] running build
[2.498s] running build_py
[2.499s] running install
[2.500s] running install_lib
[2.503s] running install_data
[2.503s] running install_egg_info
[2.509s] removing '/home/encoder/Desktop/badem-robot/ros2_ws/install/ros2_opencv/lib/python3.10/site-packages/ros2_opencv-0.0.0-py3.10.egg-info' (and everything under it)
[2.510s] Copying ../../build/ros2_opencv/ros2_opencv.egg-info to /home/encoder/Desktop/badem-robot/ros2_ws/install/ros2_opencv/lib/python3.10/site-packages/ros2_opencv-0.0.0-py3.10.egg-info
[2.512s] running install_scripts
[2.566s] Installing publisher_node script to /home/encoder/Desktop/badem-robot/ros2_ws/install/ros2_opencv/lib/ros2_opencv
[2.566s] Installing subcriber_node script to /home/encoder/Desktop/badem-robot/ros2_ws/install/ros2_opencv/lib/ros2_opencv
[2.567s] writing list of installed files to '/home/encoder/Desktop/badem-robot/ros2_ws/build/ros2_opencv/install.log'
[2.621s] Invoked command in '/home/encoder/Desktop/badem-robot/ros2_ws/src/ros2_opencv' returned '0': PYTHONPATH=/home/encoder/Desktop/badem-robot/ros2_ws/build/ros2_opencv/prefix_override:/usr/lib/python3/dist-packages/colcon_core/task/python/colcon_distutils_commands:/home/encoder/Desktop/badem-robot/ros2_ws/install/ros2_opencv/lib/python3.10/site-packages:${PYTHONPATH} /usr/bin/python3 -W ignore:setup.py install is deprecated -W ignore:easy_install command is deprecated setup.py egg_info --egg-base ../../build/ros2_opencv build --build-base /home/encoder/Desktop/badem-robot/ros2_ws/build/ros2_opencv/build install --record /home/encoder/Desktop/badem-robot/ros2_ws/build/ros2_opencv/install.log --single-version-externally-managed install_data
