[0.162s] DEBUG:colcon:Command line arguments: ['/usr/bin/colcon', 'build']
[0.162s] DEBUG:colcon:Parsed command line arguments: Namespace(log_base=None, log_level=None, verb_name='build', build_base='build', install_base='install', merge_install=False, symlink_install=False, test_result_base=None, continue_on_error=False, executor='parallel', parallel_workers=12, event_handlers=None, ignore_user_meta=False, metas=['./colcon.meta'], base_paths=['.'], packages_ignore=None, packages_ignore_regex=None, paths=None, packages_up_to=None, packages_up_to_regex=None, packages_above=None, packages_above_and_dependencies=None, packages_above_depth=None, packages_select_by_dep=None, packages_skip_by_dep=None, packages_skip_up_to=None, packages_select_build_failed=False, packages_skip_build_finished=False, packages_select_test_failures=False, packages_skip_test_passed=False, packages_select=None, packages_skip=None, packages_select_regex=None, packages_skip_regex=None, packages_start=None, packages_end=None, allow_overriding=[], cmake_args=None, cmake_target=None, cmake_target_skip_unavailable=False, cmake_clean_cache=False, cmake_clean_first=False, cmake_force_configure=False, ament_cmake_args=None, catkin_cmake_args=None, catkin_skip_building_tests=False, mixin_files=None, mixin=None, verb_parser=<colcon_mixin.mixin.mixin_argument.MixinArgumentDecorator object at 0x76fdbef88340>, verb_extension=<colcon_core.verb.build.BuildVerb object at 0x76fdbef0dd20>, main=<bound method BuildVerb.main of <colcon_core.verb.build.BuildVerb object at 0x76fdbef0dd20>>, mixin_verb=('build',))
[0.403s] Level 1:colcon.colcon_core.package_discovery:discover_packages(colcon_meta) check parameters
[0.403s] Level 1:colcon.colcon_core.package_discovery:discover_packages(recursive) check parameters
[0.403s] Level 1:colcon.colcon_core.package_discovery:discover_packages(ignore) check parameters
[0.403s] Level 1:colcon.colcon_core.package_discovery:discover_packages(path) check parameters
[0.403s] Level 1:colcon.colcon_core.package_discovery:discover_packages(colcon_meta) discover
[0.403s] Level 1:colcon.colcon_core.package_discovery:discover_packages(recursive) discover
[0.403s] INFO:colcon.colcon_core.package_discovery:Crawling recursively for packages in '/home/encoder/Desktop/ros2-robot/ros2_ws'
[0.404s] Level 1:colcon.colcon_core.package_identification:_identify(.) by extensions ['ignore', 'ignore_ament_install']
[0.404s] Level 1:colcon.colcon_core.package_identification:_identify(.) by extension 'ignore'
[0.404s] Level 1:colcon.colcon_core.package_identification:_identify(.) by extension 'ignore_ament_install'
[0.404s] Level 1:colcon.colcon_core.package_identification:_identify(.) by extensions ['colcon_pkg']
[0.404s] Level 1:colcon.colcon_core.package_identification:_identify(.) by extension 'colcon_pkg'
[0.404s] Level 1:colcon.colcon_core.package_identification:_identify(.) by extensions ['colcon_meta']
[0.404s] Level 1:colcon.colcon_core.package_identification:_identify(.) by extension 'colcon_meta'
[0.404s] Level 1:colcon.colcon_core.package_identification:_identify(.) by extensions ['ros']
[0.404s] Level 1:colcon.colcon_core.package_identification:_identify(.) by extension 'ros'
[0.420s] Level 1:colcon.colcon_core.package_identification:_identify(.) by extensions ['cmake', 'python']
[0.420s] Level 1:colcon.colcon_core.package_identification:_identify(.) by extension 'cmake'
[0.420s] Level 1:colcon.colcon_core.package_identification:_identify(.) by extension 'python'
[0.420s] Level 1:colcon.colcon_core.package_identification:_identify(.) by extensions ['python_setup_py']
[0.420s] Level 1:colcon.colcon_core.package_identification:_identify(.) by extension 'python_setup_py'
[0.420s] Level 1:colcon.colcon_core.package_identification:_identify(build) by extensions ['ignore', 'ignore_ament_install']
[0.420s] Level 1:colcon.colcon_core.package_identification:_identify(build) by extension 'ignore'
[0.421s] Level 1:colcon.colcon_core.package_identification:_identify(build) ignored
[0.421s] Level 1:colcon.colcon_core.package_identification:_identify(install) by extensions ['ignore', 'ignore_ament_install']
[0.421s] Level 1:colcon.colcon_core.package_identification:_identify(install) by extension 'ignore'
[0.421s] Level 1:colcon.colcon_core.package_identification:_identify(install) ignored
[0.421s] Level 1:colcon.colcon_core.package_identification:_identify(log) by extensions ['ignore', 'ignore_ament_install']
[0.421s] Level 1:colcon.colcon_core.package_identification:_identify(log) by extension 'ignore'
[0.421s] Level 1:colcon.colcon_core.package_identification:_identify(log) ignored
[0.421s] Level 1:colcon.colcon_core.package_identification:_identify(rosbag2_2025_03_13-14_40_26) by extensions ['ignore', 'ignore_ament_install']
[0.421s] Level 1:colcon.colcon_core.package_identification:_identify(rosbag2_2025_03_13-14_40_26) by extension 'ignore'
[0.421s] Level 1:colcon.colcon_core.package_identification:_identify(rosbag2_2025_03_13-14_40_26) by extension 'ignore_ament_install'
[0.421s] Level 1:colcon.colcon_core.package_identification:_identify(rosbag2_2025_03_13-14_40_26) by extensions ['colcon_pkg']
[0.422s] Level 1:colcon.colcon_core.package_identification:_identify(rosbag2_2025_03_13-14_40_26) by extension 'colcon_pkg'
[0.422s] Level 1:colcon.colcon_core.package_identification:_identify(rosbag2_2025_03_13-14_40_26) by extensions ['colcon_meta']
[0.422s] Level 1:colcon.colcon_core.package_identification:_identify(rosbag2_2025_03_13-14_40_26) by extension 'colcon_meta'
[0.422s] Level 1:colcon.colcon_core.package_identification:_identify(rosbag2_2025_03_13-14_40_26) by extensions ['ros']
[0.422s] Level 1:colcon.colcon_core.package_identification:_identify(rosbag2_2025_03_13-14_40_26) by extension 'ros'
[0.422s] Level 1:colcon.colcon_core.package_identification:_identify(rosbag2_2025_03_13-14_40_26) by extensions ['cmake', 'python']
[0.422s] Level 1:colcon.colcon_core.package_identification:_identify(rosbag2_2025_03_13-14_40_26) by extension 'cmake'
[0.422s] Level 1:colcon.colcon_core.package_identification:_identify(rosbag2_2025_03_13-14_40_26) by extension 'python'
[0.422s] Level 1:colcon.colcon_core.package_identification:_identify(rosbag2_2025_03_13-14_40_26) by extensions ['python_setup_py']
[0.422s] Level 1:colcon.colcon_core.package_identification:_identify(rosbag2_2025_03_13-14_40_26) by extension 'python_setup_py'
[0.422s] Level 1:colcon.colcon_core.package_identification:_identify(rosbag2_2025_03_20-14_21_49) by extensions ['ignore', 'ignore_ament_install']
[0.422s] Level 1:colcon.colcon_core.package_identification:_identify(rosbag2_2025_03_20-14_21_49) by extension 'ignore'
[0.422s] Level 1:colcon.colcon_core.package_identification:_identify(rosbag2_2025_03_20-14_21_49) by extension 'ignore_ament_install'
[0.422s] Level 1:colcon.colcon_core.package_identification:_identify(rosbag2_2025_03_20-14_21_49) by extensions ['colcon_pkg']
[0.422s] Level 1:colcon.colcon_core.package_identification:_identify(rosbag2_2025_03_20-14_21_49) by extension 'colcon_pkg'
[0.422s] Level 1:colcon.colcon_core.package_identification:_identify(rosbag2_2025_03_20-14_21_49) by extensions ['colcon_meta']
[0.422s] Level 1:colcon.colcon_core.package_identification:_identify(rosbag2_2025_03_20-14_21_49) by extension 'colcon_meta'
[0.422s] Level 1:colcon.colcon_core.package_identification:_identify(rosbag2_2025_03_20-14_21_49) by extensions ['ros']
[0.422s] Level 1:colcon.colcon_core.package_identification:_identify(rosbag2_2025_03_20-14_21_49) by extension 'ros'
[0.423s] Level 1:colcon.colcon_core.package_identification:_identify(rosbag2_2025_03_20-14_21_49) by extensions ['cmake', 'python']
[0.423s] Level 1:colcon.colcon_core.package_identification:_identify(rosbag2_2025_03_20-14_21_49) by extension 'cmake'
[0.423s] Level 1:colcon.colcon_core.package_identification:_identify(rosbag2_2025_03_20-14_21_49) by extension 'python'
[0.423s] Level 1:colcon.colcon_core.package_identification:_identify(rosbag2_2025_03_20-14_21_49) by extensions ['python_setup_py']
[0.423s] Level 1:colcon.colcon_core.package_identification:_identify(rosbag2_2025_03_20-14_21_49) by extension 'python_setup_py'
[0.423s] Level 1:colcon.colcon_core.package_identification:_identify(src) by extensions ['ignore', 'ignore_ament_install']
[0.423s] Level 1:colcon.colcon_core.package_identification:_identify(src) by extension 'ignore'
[0.423s] Level 1:colcon.colcon_core.package_identification:_identify(src) by extension 'ignore_ament_install'
[0.423s] Level 1:colcon.colcon_core.package_identification:_identify(src) by extensions ['colcon_pkg']
[0.423s] Level 1:colcon.colcon_core.package_identification:_identify(src) by extension 'colcon_pkg'
[0.423s] Level 1:colcon.colcon_core.package_identification:_identify(src) by extensions ['colcon_meta']
[0.423s] Level 1:colcon.colcon_core.package_identification:_identify(src) by extension 'colcon_meta'
[0.423s] Level 1:colcon.colcon_core.package_identification:_identify(src) by extensions ['ros']
[0.423s] Level 1:colcon.colcon_core.package_identification:_identify(src) by extension 'ros'
[0.423s] Level 1:colcon.colcon_core.package_identification:_identify(src) by extensions ['cmake', 'python']
[0.423s] Level 1:colcon.colcon_core.package_identification:_identify(src) by extension 'cmake'
[0.423s] Level 1:colcon.colcon_core.package_identification:_identify(src) by extension 'python'
[0.423s] Level 1:colcon.colcon_core.package_identification:_identify(src) by extensions ['python_setup_py']
[0.423s] Level 1:colcon.colcon_core.package_identification:_identify(src) by extension 'python_setup_py'
[0.424s] Level 1:colcon.colcon_core.package_identification:_identify(src/lidar_mapper) by extensions ['ignore', 'ignore_ament_install']
[0.424s] Level 1:colcon.colcon_core.package_identification:_identify(src/lidar_mapper) by extension 'ignore'
[0.424s] Level 1:colcon.colcon_core.package_identification:_identify(src/lidar_mapper) by extension 'ignore_ament_install'
[0.424s] Level 1:colcon.colcon_core.package_identification:_identify(src/lidar_mapper) by extensions ['colcon_pkg']
[0.424s] Level 1:colcon.colcon_core.package_identification:_identify(src/lidar_mapper) by extension 'colcon_pkg'
[0.424s] Level 1:colcon.colcon_core.package_identification:_identify(src/lidar_mapper) by extensions ['colcon_meta']
[0.424s] Level 1:colcon.colcon_core.package_identification:_identify(src/lidar_mapper) by extension 'colcon_meta'
[0.424s] Level 1:colcon.colcon_core.package_identification:_identify(src/lidar_mapper) by extensions ['ros']
[0.424s] Level 1:colcon.colcon_core.package_identification:_identify(src/lidar_mapper) by extension 'ros'
[0.429s] DEBUG:colcon.colcon_core.package_identification:Package 'src/lidar_mapper' with type 'ros.ament_python' and name 'lidar_mapper'
[0.430s] Level 1:colcon.colcon_core.package_identification:_identify(src/multi_launch) by extensions ['ignore', 'ignore_ament_install']
[0.430s] Level 1:colcon.colcon_core.package_identification:_identify(src/multi_launch) by extension 'ignore'
[0.430s] Level 1:colcon.colcon_core.package_identification:_identify(src/multi_launch) by extension 'ignore_ament_install'
[0.430s] Level 1:colcon.colcon_core.package_identification:_identify(src/multi_launch) by extensions ['colcon_pkg']
[0.430s] Level 1:colcon.colcon_core.package_identification:_identify(src/multi_launch) by extension 'colcon_pkg'
[0.430s] Level 1:colcon.colcon_core.package_identification:_identify(src/multi_launch) by extensions ['colcon_meta']
[0.430s] Level 1:colcon.colcon_core.package_identification:_identify(src/multi_launch) by extension 'colcon_meta'
[0.430s] Level 1:colcon.colcon_core.package_identification:_identify(src/multi_launch) by extensions ['ros']
[0.430s] Level 1:colcon.colcon_core.package_identification:_identify(src/multi_launch) by extension 'ros'
[0.431s] DEBUG:colcon.colcon_core.package_identification:Package 'src/multi_launch' with type 'ros.ament_python' and name 'multi_launch'
[0.431s] Level 1:colcon.colcon_core.package_identification:_identify(src/ros2_opencv) by extensions ['ignore', 'ignore_ament_install']
[0.431s] Level 1:colcon.colcon_core.package_identification:_identify(src/ros2_opencv) by extension 'ignore'
[0.432s] Level 1:colcon.colcon_core.package_identification:_identify(src/ros2_opencv) by extension 'ignore_ament_install'
[0.432s] Level 1:colcon.colcon_core.package_identification:_identify(src/ros2_opencv) by extensions ['colcon_pkg']
[0.432s] Level 1:colcon.colcon_core.package_identification:_identify(src/ros2_opencv) by extension 'colcon_pkg'
[0.432s] Level 1:colcon.colcon_core.package_identification:_identify(src/ros2_opencv) by extensions ['colcon_meta']
[0.432s] Level 1:colcon.colcon_core.package_identification:_identify(src/ros2_opencv) by extension 'colcon_meta'
[0.432s] Level 1:colcon.colcon_core.package_identification:_identify(src/ros2_opencv) by extensions ['ros']
[0.432s] Level 1:colcon.colcon_core.package_identification:_identify(src/ros2_opencv) by extension 'ros'
[0.433s] DEBUG:colcon.colcon_core.package_identification:Package 'src/ros2_opencv' with type 'ros.ament_python' and name 'ros2_opencv'
[0.433s] Level 1:colcon.colcon_core.package_identification:_identify(src/ros2_shared) by extensions ['ignore', 'ignore_ament_install']
[0.433s] Level 1:colcon.colcon_core.package_identification:_identify(src/ros2_shared) by extension 'ignore'
[0.434s] Level 1:colcon.colcon_core.package_identification:_identify(src/ros2_shared) by extension 'ignore_ament_install'
[0.434s] Level 1:colcon.colcon_core.package_identification:_identify(src/ros2_shared) by extensions ['colcon_pkg']
[0.434s] Level 1:colcon.colcon_core.package_identification:_identify(src/ros2_shared) by extension 'colcon_pkg'
[0.434s] Level 1:colcon.colcon_core.package_identification:_identify(src/ros2_shared) by extensions ['colcon_meta']
[0.434s] Level 1:colcon.colcon_core.package_identification:_identify(src/ros2_shared) by extension 'colcon_meta'
[0.434s] Level 1:colcon.colcon_core.package_identification:_identify(src/ros2_shared) by extensions ['ros']
[0.434s] Level 1:colcon.colcon_core.package_identification:_identify(src/ros2_shared) by extension 'ros'
[0.435s] DEBUG:colcon.colcon_core.package_identification:Package 'src/ros2_shared' with type 'ros.ament_cmake' and name 'ros2_shared'
[0.435s] Level 1:colcon.colcon_core.package_identification:_identify(src/rplidar_ros) by extensions ['ignore', 'ignore_ament_install']
[0.435s] Level 1:colcon.colcon_core.package_identification:_identify(src/rplidar_ros) by extension 'ignore'
[0.435s] Level 1:colcon.colcon_core.package_identification:_identify(src/rplidar_ros) by extension 'ignore_ament_install'
[0.435s] Level 1:colcon.colcon_core.package_identification:_identify(src/rplidar_ros) by extensions ['colcon_pkg']
[0.435s] Level 1:colcon.colcon_core.package_identification:_identify(src/rplidar_ros) by extension 'colcon_pkg'
[0.435s] Level 1:colcon.colcon_core.package_identification:_identify(src/rplidar_ros) by extensions ['colcon_meta']
[0.435s] Level 1:colcon.colcon_core.package_identification:_identify(src/rplidar_ros) by extension 'colcon_meta'
[0.435s] Level 1:colcon.colcon_core.package_identification:_identify(src/rplidar_ros) by extensions ['ros']
[0.435s] Level 1:colcon.colcon_core.package_identification:_identify(src/rplidar_ros) by extension 'ros'
[0.436s] DEBUG:colcon.colcon_core.package_identification:Package 'src/rplidar_ros' with type 'ros.ament_cmake' and name 'rplidar_ros'
[0.436s] Level 1:colcon.colcon_core.package_identification:_identify(src/serial_pubsub) by extensions ['ignore', 'ignore_ament_install']
[0.436s] Level 1:colcon.colcon_core.package_identification:_identify(src/serial_pubsub) by extension 'ignore'
[0.436s] Level 1:colcon.colcon_core.package_identification:_identify(src/serial_pubsub) by extension 'ignore_ament_install'
[0.436s] Level 1:colcon.colcon_core.package_identification:_identify(src/serial_pubsub) by extensions ['colcon_pkg']
[0.437s] Level 1:colcon.colcon_core.package_identification:_identify(src/serial_pubsub) by extension 'colcon_pkg'
[0.437s] Level 1:colcon.colcon_core.package_identification:_identify(src/serial_pubsub) by extensions ['colcon_meta']
[0.437s] Level 1:colcon.colcon_core.package_identification:_identify(src/serial_pubsub) by extension 'colcon_meta'
[0.437s] Level 1:colcon.colcon_core.package_identification:_identify(src/serial_pubsub) by extensions ['ros']
[0.437s] Level 1:colcon.colcon_core.package_identification:_identify(src/serial_pubsub) by extension 'ros'
[0.437s] DEBUG:colcon.colcon_core.package_identification:Package 'src/serial_pubsub' with type 'ros.ament_python' and name 'serial_pubsub'
[0.438s] Level 1:colcon.colcon_core.package_identification:_identify(src/tello_ros2) by extensions ['ignore', 'ignore_ament_install']
[0.438s] Level 1:colcon.colcon_core.package_identification:_identify(src/tello_ros2) by extension 'ignore'
[0.438s] Level 1:colcon.colcon_core.package_identification:_identify(src/tello_ros2) by extension 'ignore_ament_install'
[0.438s] Level 1:colcon.colcon_core.package_identification:_identify(src/tello_ros2) by extensions ['colcon_pkg']
[0.438s] Level 1:colcon.colcon_core.package_identification:_identify(src/tello_ros2) by extension 'colcon_pkg'
[0.438s] Level 1:colcon.colcon_core.package_identification:_identify(src/tello_ros2) by extensions ['colcon_meta']
[0.438s] Level 1:colcon.colcon_core.package_identification:_identify(src/tello_ros2) by extension 'colcon_meta'
[0.438s] Level 1:colcon.colcon_core.package_identification:_identify(src/tello_ros2) by extensions ['ros']
[0.438s] Level 1:colcon.colcon_core.package_identification:_identify(src/tello_ros2) by extension 'ros'
[0.451s] DEBUG:colcon.colcon_core.package_identification:Package 'src/tello_ros2' with type 'ros.ament_python' and name 'tello_ros2'
[0.451s] Level 1:colcon.colcon_core.package_identification:_identify(src/tello_takip) by extensions ['ignore', 'ignore_ament_install']
[0.451s] Level 1:colcon.colcon_core.package_identification:_identify(src/tello_takip) by extension 'ignore'
[0.451s] Level 1:colcon.colcon_core.package_identification:_identify(src/tello_takip) by extension 'ignore_ament_install'
[0.451s] Level 1:colcon.colcon_core.package_identification:_identify(src/tello_takip) by extensions ['colcon_pkg']
[0.451s] Level 1:colcon.colcon_core.package_identification:_identify(src/tello_takip) by extension 'colcon_pkg'
[0.452s] Level 1:colcon.colcon_core.package_identification:_identify(src/tello_takip) by extensions ['colcon_meta']
[0.452s] Level 1:colcon.colcon_core.package_identification:_identify(src/tello_takip) by extension 'colcon_meta'
[0.452s] Level 1:colcon.colcon_core.package_identification:_identify(src/tello_takip) by extensions ['ros']
[0.452s] Level 1:colcon.colcon_core.package_identification:_identify(src/tello_takip) by extension 'ros'
[0.453s] DEBUG:colcon.colcon_core.package_identification:Package 'src/tello_takip' with type 'ros.ament_python' and name 'tello_takip'
[0.453s] Level 1:colcon.colcon_core.package_discovery:discover_packages(recursive) using defaults
[0.453s] Level 1:colcon.colcon_core.package_discovery:discover_packages(ignore) discover
[0.453s] Level 1:colcon.colcon_core.package_discovery:discover_packages(ignore) using defaults
[0.453s] Level 1:colcon.colcon_core.package_discovery:discover_packages(path) discover
[0.453s] Level 1:colcon.colcon_core.package_discovery:discover_packages(path) using defaults
[0.485s] Level 1:colcon.colcon_core.package_discovery:discover_packages(prefix_path) check parameters
[0.485s] Level 1:colcon.colcon_core.package_discovery:discover_packages(prefix_path) discover
[0.488s] DEBUG:colcon.colcon_installed_package_information.package_discovery:Found 8 installed packages in /home/encoder/ros2_ws/install
[0.489s] DEBUG:colcon.colcon_installed_package_information.package_discovery:Found 8 installed packages in /home/encoder/Desktop/ros2-robot/ros2_ws/install
[0.492s] DEBUG:colcon.colcon_installed_package_information.package_discovery:Found 318 installed packages in /opt/ros/humble
[0.494s] Level 1:colcon.colcon_core.package_discovery:discover_packages(prefix_path) using defaults
[0.548s] Level 5:colcon.colcon_core.verb:set package 'lidar_mapper' build argument 'cmake_args' from command line to 'None'
[0.548s] Level 5:colcon.colcon_core.verb:set package 'lidar_mapper' build argument 'cmake_target' from command line to 'None'
[0.548s] Level 5:colcon.colcon_core.verb:set package 'lidar_mapper' build argument 'cmake_target_skip_unavailable' from command line to 'False'
[0.548s] Level 5:colcon.colcon_core.verb:set package 'lidar_mapper' build argument 'cmake_clean_cache' from command line to 'False'
[0.548s] Level 5:colcon.colcon_core.verb:set package 'lidar_mapper' build argument 'cmake_clean_first' from command line to 'False'
[0.548s] Level 5:colcon.colcon_core.verb:set package 'lidar_mapper' build argument 'cmake_force_configure' from command line to 'False'
[0.548s] Level 5:colcon.colcon_core.verb:set package 'lidar_mapper' build argument 'ament_cmake_args' from command line to 'None'
[0.548s] Level 5:colcon.colcon_core.verb:set package 'lidar_mapper' build argument 'catkin_cmake_args' from command line to 'None'
[0.548s] Level 5:colcon.colcon_core.verb:set package 'lidar_mapper' build argument 'catkin_skip_building_tests' from command line to 'False'
[0.548s] DEBUG:colcon.colcon_core.verb:Building package 'lidar_mapper' with the following arguments: {'ament_cmake_args': None, 'build_base': '/home/encoder/Desktop/ros2-robot/ros2_ws/build/lidar_mapper', 'catkin_cmake_args': None, 'catkin_skip_building_tests': False, 'cmake_args': None, 'cmake_clean_cache': False, 'cmake_clean_first': False, 'cmake_force_configure': False, 'cmake_target': None, 'cmake_target_skip_unavailable': False, 'install_base': '/home/encoder/Desktop/ros2-robot/ros2_ws/install/lidar_mapper', 'merge_install': False, 'path': '/home/encoder/Desktop/ros2-robot/ros2_ws/src/lidar_mapper', 'symlink_install': False, 'test_result_base': None}
[0.549s] Level 5:colcon.colcon_core.verb:set package 'multi_launch' build argument 'cmake_args' from command line to 'None'
[0.549s] Level 5:colcon.colcon_core.verb:set package 'multi_launch' build argument 'cmake_target' from command line to 'None'
[0.549s] Level 5:colcon.colcon_core.verb:set package 'multi_launch' build argument 'cmake_target_skip_unavailable' from command line to 'False'
[0.549s] Level 5:colcon.colcon_core.verb:set package 'multi_launch' build argument 'cmake_clean_cache' from command line to 'False'
[0.549s] Level 5:colcon.colcon_core.verb:set package 'multi_launch' build argument 'cmake_clean_first' from command line to 'False'
[0.549s] Level 5:colcon.colcon_core.verb:set package 'multi_launch' build argument 'cmake_force_configure' from command line to 'False'
[0.549s] Level 5:colcon.colcon_core.verb:set package 'multi_launch' build argument 'ament_cmake_args' from command line to 'None'
[0.549s] Level 5:colcon.colcon_core.verb:set package 'multi_launch' build argument 'catkin_cmake_args' from command line to 'None'
[0.549s] Level 5:colcon.colcon_core.verb:set package 'multi_launch' build argument 'catkin_skip_building_tests' from command line to 'False'
[0.549s] DEBUG:colcon.colcon_core.verb:Building package 'multi_launch' with the following arguments: {'ament_cmake_args': None, 'build_base': '/home/encoder/Desktop/ros2-robot/ros2_ws/build/multi_launch', 'catkin_cmake_args': None, 'catkin_skip_building_tests': False, 'cmake_args': None, 'cmake_clean_cache': False, 'cmake_clean_first': False, 'cmake_force_configure': False, 'cmake_target': None, 'cmake_target_skip_unavailable': False, 'install_base': '/home/encoder/Desktop/ros2-robot/ros2_ws/install/multi_launch', 'merge_install': False, 'path': '/home/encoder/Desktop/ros2-robot/ros2_ws/src/multi_launch', 'symlink_install': False, 'test_result_base': None}
[0.549s] Level 5:colcon.colcon_core.verb:set package 'ros2_opencv' build argument 'cmake_args' from command line to 'None'
[0.549s] Level 5:colcon.colcon_core.verb:set package 'ros2_opencv' build argument 'cmake_target' from command line to 'None'
[0.549s] Level 5:colcon.colcon_core.verb:set package 'ros2_opencv' build argument 'cmake_target_skip_unavailable' from command line to 'False'
[0.549s] Level 5:colcon.colcon_core.verb:set package 'ros2_opencv' build argument 'cmake_clean_cache' from command line to 'False'
[0.549s] Level 5:colcon.colcon_core.verb:set package 'ros2_opencv' build argument 'cmake_clean_first' from command line to 'False'
[0.550s] Level 5:colcon.colcon_core.verb:set package 'ros2_opencv' build argument 'cmake_force_configure' from command line to 'False'
[0.550s] Level 5:colcon.colcon_core.verb:set package 'ros2_opencv' build argument 'ament_cmake_args' from command line to 'None'
[0.550s] Level 5:colcon.colcon_core.verb:set package 'ros2_opencv' build argument 'catkin_cmake_args' from command line to 'None'
[0.550s] Level 5:colcon.colcon_core.verb:set package 'ros2_opencv' build argument 'catkin_skip_building_tests' from command line to 'False'
[0.550s] DEBUG:colcon.colcon_core.verb:Building package 'ros2_opencv' with the following arguments: {'ament_cmake_args': None, 'build_base': '/home/encoder/Desktop/ros2-robot/ros2_ws/build/ros2_opencv', 'catkin_cmake_args': None, 'catkin_skip_building_tests': False, 'cmake_args': None, 'cmake_clean_cache': False, 'cmake_clean_first': False, 'cmake_force_configure': False, 'cmake_target': None, 'cmake_target_skip_unavailable': False, 'install_base': '/home/encoder/Desktop/ros2-robot/ros2_ws/install/ros2_opencv', 'merge_install': False, 'path': '/home/encoder/Desktop/ros2-robot/ros2_ws/src/ros2_opencv', 'symlink_install': False, 'test_result_base': None}
[0.550s] Level 5:colcon.colcon_core.verb:set package 'ros2_shared' build argument 'cmake_args' from command line to 'None'
[0.550s] Level 5:colcon.colcon_core.verb:set package 'ros2_shared' build argument 'cmake_target' from command line to 'None'
[0.550s] Level 5:colcon.colcon_core.verb:set package 'ros2_shared' build argument 'cmake_target_skip_unavailable' from command line to 'False'
[0.550s] Level 5:colcon.colcon_core.verb:set package 'ros2_shared' build argument 'cmake_clean_cache' from command line to 'False'
[0.550s] Level 5:colcon.colcon_core.verb:set package 'ros2_shared' build argument 'cmake_clean_first' from command line to 'False'
[0.550s] Level 5:colcon.colcon_core.verb:set package 'ros2_shared' build argument 'cmake_force_configure' from command line to 'False'
[0.550s] Level 5:colcon.colcon_core.verb:set package 'ros2_shared' build argument 'ament_cmake_args' from command line to 'None'
[0.550s] Level 5:colcon.colcon_core.verb:set package 'ros2_shared' build argument 'catkin_cmake_args' from command line to 'None'
[0.550s] Level 5:colcon.colcon_core.verb:set package 'ros2_shared' build argument 'catkin_skip_building_tests' from command line to 'False'
[0.550s] DEBUG:colcon.colcon_core.verb:Building package 'ros2_shared' with the following arguments: {'ament_cmake_args': None, 'build_base': '/home/encoder/Desktop/ros2-robot/ros2_ws/build/ros2_shared', 'catkin_cmake_args': None, 'catkin_skip_building_tests': False, 'cmake_args': None, 'cmake_clean_cache': False, 'cmake_clean_first': False, 'cmake_force_configure': False, 'cmake_target': None, 'cmake_target_skip_unavailable': False, 'install_base': '/home/encoder/Desktop/ros2-robot/ros2_ws/install/ros2_shared', 'merge_install': False, 'path': '/home/encoder/Desktop/ros2-robot/ros2_ws/src/ros2_shared', 'symlink_install': False, 'test_result_base': None}
[0.551s] Level 5:colcon.colcon_core.verb:set package 'rplidar_ros' build argument 'cmake_args' from command line to 'None'
[0.551s] Level 5:colcon.colcon_core.verb:set package 'rplidar_ros' build argument 'cmake_target' from command line to 'None'
[0.551s] Level 5:colcon.colcon_core.verb:set package 'rplidar_ros' build argument 'cmake_target_skip_unavailable' from command line to 'False'
[0.551s] Level 5:colcon.colcon_core.verb:set package 'rplidar_ros' build argument 'cmake_clean_cache' from command line to 'False'
[0.551s] Level 5:colcon.colcon_core.verb:set package 'rplidar_ros' build argument 'cmake_clean_first' from command line to 'False'
[0.551s] Level 5:colcon.colcon_core.verb:set package 'rplidar_ros' build argument 'cmake_force_configure' from command line to 'False'
[0.551s] Level 5:colcon.colcon_core.verb:set package 'rplidar_ros' build argument 'ament_cmake_args' from command line to 'None'
[0.551s] Level 5:colcon.colcon_core.verb:set package 'rplidar_ros' build argument 'catkin_cmake_args' from command line to 'None'
[0.551s] Level 5:colcon.colcon_core.verb:set package 'rplidar_ros' build argument 'catkin_skip_building_tests' from command line to 'False'
[0.551s] DEBUG:colcon.colcon_core.verb:Building package 'rplidar_ros' with the following arguments: {'ament_cmake_args': None, 'build_base': '/home/encoder/Desktop/ros2-robot/ros2_ws/build/rplidar_ros', 'catkin_cmake_args': None, 'catkin_skip_building_tests': False, 'cmake_args': None, 'cmake_clean_cache': False, 'cmake_clean_first': False, 'cmake_force_configure': False, 'cmake_target': None, 'cmake_target_skip_unavailable': False, 'install_base': '/home/encoder/Desktop/ros2-robot/ros2_ws/install/rplidar_ros', 'merge_install': False, 'path': '/home/encoder/Desktop/ros2-robot/ros2_ws/src/rplidar_ros', 'symlink_install': False, 'test_result_base': None}
[0.552s] Level 5:colcon.colcon_core.verb:set package 'serial_pubsub' build argument 'cmake_args' from command line to 'None'
[0.552s] Level 5:colcon.colcon_core.verb:set package 'serial_pubsub' build argument 'cmake_target' from command line to 'None'
[0.552s] Level 5:colcon.colcon_core.verb:set package 'serial_pubsub' build argument 'cmake_target_skip_unavailable' from command line to 'False'
[0.552s] Level 5:colcon.colcon_core.verb:set package 'serial_pubsub' build argument 'cmake_clean_cache' from command line to 'False'
[0.552s] Level 5:colcon.colcon_core.verb:set package 'serial_pubsub' build argument 'cmake_clean_first' from command line to 'False'
[0.552s] Level 5:colcon.colcon_core.verb:set package 'serial_pubsub' build argument 'cmake_force_configure' from command line to 'False'
[0.552s] Level 5:colcon.colcon_core.verb:set package 'serial_pubsub' build argument 'ament_cmake_args' from command line to 'None'
[0.552s] Level 5:colcon.colcon_core.verb:set package 'serial_pubsub' build argument 'catkin_cmake_args' from command line to 'None'
[0.552s] Level 5:colcon.colcon_core.verb:set package 'serial_pubsub' build argument 'catkin_skip_building_tests' from command line to 'False'
[0.552s] DEBUG:colcon.colcon_core.verb:Building package 'serial_pubsub' with the following arguments: {'ament_cmake_args': None, 'build_base': '/home/encoder/Desktop/ros2-robot/ros2_ws/build/serial_pubsub', 'catkin_cmake_args': None, 'catkin_skip_building_tests': False, 'cmake_args': None, 'cmake_clean_cache': False, 'cmake_clean_first': False, 'cmake_force_configure': False, 'cmake_target': None, 'cmake_target_skip_unavailable': False, 'install_base': '/home/encoder/Desktop/ros2-robot/ros2_ws/install/serial_pubsub', 'merge_install': False, 'path': '/home/encoder/Desktop/ros2-robot/ros2_ws/src/serial_pubsub', 'symlink_install': False, 'test_result_base': None}
[0.552s] Level 5:colcon.colcon_core.verb:set package 'tello_ros2' build argument 'cmake_args' from command line to 'None'
[0.552s] Level 5:colcon.colcon_core.verb:set package 'tello_ros2' build argument 'cmake_target' from command line to 'None'
[0.552s] Level 5:colcon.colcon_core.verb:set package 'tello_ros2' build argument 'cmake_target_skip_unavailable' from command line to 'False'
[0.552s] Level 5:colcon.colcon_core.verb:set package 'tello_ros2' build argument 'cmake_clean_cache' from command line to 'False'
[0.552s] Level 5:colcon.colcon_core.verb:set package 'tello_ros2' build argument 'cmake_clean_first' from command line to 'False'
[0.552s] Level 5:colcon.colcon_core.verb:set package 'tello_ros2' build argument 'cmake_force_configure' from command line to 'False'
[0.552s] Level 5:colcon.colcon_core.verb:set package 'tello_ros2' build argument 'ament_cmake_args' from command line to 'None'
[0.552s] Level 5:colcon.colcon_core.verb:set package 'tello_ros2' build argument 'catkin_cmake_args' from command line to 'None'
[0.552s] Level 5:colcon.colcon_core.verb:set package 'tello_ros2' build argument 'catkin_skip_building_tests' from command line to 'False'
[0.553s] DEBUG:colcon.colcon_core.verb:Building package 'tello_ros2' with the following arguments: {'ament_cmake_args': None, 'build_base': '/home/encoder/Desktop/ros2-robot/ros2_ws/build/tello_ros2', 'catkin_cmake_args': None, 'catkin_skip_building_tests': False, 'cmake_args': None, 'cmake_clean_cache': False, 'cmake_clean_first': False, 'cmake_force_configure': False, 'cmake_target': None, 'cmake_target_skip_unavailable': False, 'install_base': '/home/encoder/Desktop/ros2-robot/ros2_ws/install/tello_ros2', 'merge_install': False, 'path': '/home/encoder/Desktop/ros2-robot/ros2_ws/src/tello_ros2', 'symlink_install': False, 'test_result_base': None}
[0.553s] Level 5:colcon.colcon_core.verb:set package 'tello_takip' build argument 'cmake_args' from command line to 'None'
[0.553s] Level 5:colcon.colcon_core.verb:set package 'tello_takip' build argument 'cmake_target' from command line to 'None'
[0.553s] Level 5:colcon.colcon_core.verb:set package 'tello_takip' build argument 'cmake_target_skip_unavailable' from command line to 'False'
[0.553s] Level 5:colcon.colcon_core.verb:set package 'tello_takip' build argument 'cmake_clean_cache' from command line to 'False'
[0.553s] Level 5:colcon.colcon_core.verb:set package 'tello_takip' build argument 'cmake_clean_first' from command line to 'False'
[0.553s] Level 5:colcon.colcon_core.verb:set package 'tello_takip' build argument 'cmake_force_configure' from command line to 'False'
[0.553s] Level 5:colcon.colcon_core.verb:set package 'tello_takip' build argument 'ament_cmake_args' from command line to 'None'
[0.553s] Level 5:colcon.colcon_core.verb:set package 'tello_takip' build argument 'catkin_cmake_args' from command line to 'None'
[0.553s] Level 5:colcon.colcon_core.verb:set package 'tello_takip' build argument 'catkin_skip_building_tests' from command line to 'False'
[0.553s] DEBUG:colcon.colcon_core.verb:Building package 'tello_takip' with the following arguments: {'ament_cmake_args': None, 'build_base': '/home/encoder/Desktop/ros2-robot/ros2_ws/build/tello_takip', 'catkin_cmake_args': None, 'catkin_skip_building_tests': False, 'cmake_args': None, 'cmake_clean_cache': False, 'cmake_clean_first': False, 'cmake_force_configure': False, 'cmake_target': None, 'cmake_target_skip_unavailable': False, 'install_base': '/home/encoder/Desktop/ros2-robot/ros2_ws/install/tello_takip', 'merge_install': False, 'path': '/home/encoder/Desktop/ros2-robot/ros2_ws/src/tello_takip', 'symlink_install': False, 'test_result_base': None}
[0.553s] INFO:colcon.colcon_core.executor:Executing jobs using 'parallel' executor
[0.555s] DEBUG:colcon.colcon_parallel_executor.executor.parallel:run_until_complete
[0.555s] INFO:colcon.colcon_ros.task.ament_python.build:Building ROS package in '/home/encoder/Desktop/ros2-robot/ros2_ws/src/lidar_mapper' with build type 'ament_python'
[0.556s] Level 1:colcon.colcon_core.shell:create_environment_hook('lidar_mapper', 'ament_prefix_path')
[0.559s] INFO:colcon.colcon_core.plugin_system:Skipping extension 'colcon_core.shell.bat': Not used on non-Windows systems
[0.560s] INFO:colcon.colcon_core.shell:Creating environment hook '/home/encoder/Desktop/ros2-robot/ros2_ws/install/lidar_mapper/share/lidar_mapper/hook/ament_prefix_path.ps1'
[0.561s] INFO:colcon.colcon_core.shell:Creating environment descriptor '/home/encoder/Desktop/ros2-robot/ros2_ws/install/lidar_mapper/share/lidar_mapper/hook/ament_prefix_path.dsv'
[0.561s] INFO:colcon.colcon_core.shell:Creating environment hook '/home/encoder/Desktop/ros2-robot/ros2_ws/install/lidar_mapper/share/lidar_mapper/hook/ament_prefix_path.sh'
[0.562s] INFO:colcon.colcon_core.shell:Skip shell extension 'powershell' for command environment: Not usable outside of PowerShell
[0.562s] DEBUG:colcon.colcon_core.shell:Skip shell extension 'dsv' for command environment
[0.570s] INFO:colcon.colcon_ros.task.ament_python.build:Building ROS package in '/home/encoder/Desktop/ros2-robot/ros2_ws/src/multi_launch' with build type 'ament_python'
[0.571s] Level 1:colcon.colcon_core.shell:create_environment_hook('multi_launch', 'ament_prefix_path')
[0.571s] INFO:colcon.colcon_core.shell:Creating environment hook '/home/encoder/Desktop/ros2-robot/ros2_ws/install/multi_launch/share/multi_launch/hook/ament_prefix_path.ps1'
[0.573s] INFO:colcon.colcon_core.shell:Creating environment descriptor '/home/encoder/Desktop/ros2-robot/ros2_ws/install/multi_launch/share/multi_launch/hook/ament_prefix_path.dsv'
[0.575s] INFO:colcon.colcon_core.shell:Creating environment hook '/home/encoder/Desktop/ros2-robot/ros2_ws/install/multi_launch/share/multi_launch/hook/ament_prefix_path.sh'
[0.577s] INFO:colcon.colcon_core.shell:Skip shell extension 'powershell' for command environment: Not usable outside of PowerShell
[0.577s] DEBUG:colcon.colcon_core.shell:Skip shell extension 'dsv' for command environment
[0.592s] INFO:colcon.colcon_ros.task.ament_python.build:Building ROS package in '/home/encoder/Desktop/ros2-robot/ros2_ws/src/ros2_opencv' with build type 'ament_python'
[0.594s] Level 1:colcon.colcon_core.shell:create_environment_hook('ros2_opencv', 'ament_prefix_path')
[0.595s] INFO:colcon.colcon_core.shell:Creating environment hook '/home/encoder/Desktop/ros2-robot/ros2_ws/install/ros2_opencv/share/ros2_opencv/hook/ament_prefix_path.ps1'
[0.597s] INFO:colcon.colcon_core.shell:Creating environment descriptor '/home/encoder/Desktop/ros2-robot/ros2_ws/install/ros2_opencv/share/ros2_opencv/hook/ament_prefix_path.dsv'
[0.598s] INFO:colcon.colcon_core.shell:Creating environment hook '/home/encoder/Desktop/ros2-robot/ros2_ws/install/ros2_opencv/share/ros2_opencv/hook/ament_prefix_path.sh'
[0.600s] INFO:colcon.colcon_core.shell:Skip shell extension 'powershell' for command environment: Not usable outside of PowerShell
[0.601s] DEBUG:colcon.colcon_core.shell:Skip shell extension 'dsv' for command environment
[0.616s] INFO:colcon.colcon_ros.task.ament_cmake.build:Building ROS package in '/home/encoder/Desktop/ros2-robot/ros2_ws/src/ros2_shared' with build type 'ament_cmake'
[0.616s] INFO:colcon.colcon_cmake.task.cmake.build:Building CMake package in '/home/encoder/Desktop/ros2-robot/ros2_ws/src/ros2_shared'
[0.617s] INFO:colcon.colcon_core.shell:Skip shell extension 'powershell' for command environment: Not usable outside of PowerShell
[0.617s] DEBUG:colcon.colcon_core.shell:Skip shell extension 'dsv' for command environment
[0.638s] INFO:colcon.colcon_ros.task.ament_cmake.build:Building ROS package in '/home/encoder/Desktop/ros2-robot/ros2_ws/src/rplidar_ros' with build type 'ament_cmake'
[0.638s] INFO:colcon.colcon_cmake.task.cmake.build:Building CMake package in '/home/encoder/Desktop/ros2-robot/ros2_ws/src/rplidar_ros'
[0.639s] INFO:colcon.colcon_core.shell:Skip shell extension 'powershell' for command environment: Not usable outside of PowerShell
[0.639s] DEBUG:colcon.colcon_core.shell:Skip shell extension 'dsv' for command environment
[0.650s] INFO:colcon.colcon_ros.task.ament_python.build:Building ROS package in '/home/encoder/Desktop/ros2-robot/ros2_ws/src/serial_pubsub' with build type 'ament_python'
[0.650s] Level 1:colcon.colcon_core.shell:create_environment_hook('serial_pubsub', 'ament_prefix_path')
[0.651s] INFO:colcon.colcon_core.shell:Creating environment hook '/home/encoder/Desktop/ros2-robot/ros2_ws/install/serial_pubsub/share/serial_pubsub/hook/ament_prefix_path.ps1'
[0.653s] INFO:colcon.colcon_core.shell:Creating environment descriptor '/home/encoder/Desktop/ros2-robot/ros2_ws/install/serial_pubsub/share/serial_pubsub/hook/ament_prefix_path.dsv'
[0.654s] INFO:colcon.colcon_core.shell:Creating environment hook '/home/encoder/Desktop/ros2-robot/ros2_ws/install/serial_pubsub/share/serial_pubsub/hook/ament_prefix_path.sh'
[0.656s] INFO:colcon.colcon_core.shell:Skip shell extension 'powershell' for command environment: Not usable outside of PowerShell
[0.656s] DEBUG:colcon.colcon_core.shell:Skip shell extension 'dsv' for command environment
[0.668s] INFO:colcon.colcon_ros.task.ament_python.build:Building ROS package in '/home/encoder/Desktop/ros2-robot/ros2_ws/src/tello_ros2' with build type 'ament_python'
[0.670s] Level 1:colcon.colcon_core.shell:create_environment_hook('tello_ros2', 'ament_prefix_path')
[0.670s] INFO:colcon.colcon_core.shell:Creating environment hook '/home/encoder/Desktop/ros2-robot/ros2_ws/install/tello_ros2/share/tello_ros2/hook/ament_prefix_path.ps1'
[0.672s] INFO:colcon.colcon_core.shell:Creating environment descriptor '/home/encoder/Desktop/ros2-robot/ros2_ws/install/tello_ros2/share/tello_ros2/hook/ament_prefix_path.dsv'
[0.674s] INFO:colcon.colcon_core.shell:Creating environment hook '/home/encoder/Desktop/ros2-robot/ros2_ws/install/tello_ros2/share/tello_ros2/hook/ament_prefix_path.sh'
[0.676s] INFO:colcon.colcon_core.shell:Skip shell extension 'powershell' for command environment: Not usable outside of PowerShell
[0.676s] DEBUG:colcon.colcon_core.shell:Skip shell extension 'dsv' for command environment
[0.693s] INFO:colcon.colcon_ros.task.ament_python.build:Building ROS package in '/home/encoder/Desktop/ros2-robot/ros2_ws/src/tello_takip' with build type 'ament_python'
[0.693s] Level 1:colcon.colcon_core.shell:create_environment_hook('tello_takip', 'ament_prefix_path')
[0.694s] INFO:colcon.colcon_core.shell:Creating environment hook '/home/encoder/Desktop/ros2-robot/ros2_ws/install/tello_takip/share/tello_takip/hook/ament_prefix_path.ps1'
[0.696s] INFO:colcon.colcon_core.shell:Creating environment descriptor '/home/encoder/Desktop/ros2-robot/ros2_ws/install/tello_takip/share/tello_takip/hook/ament_prefix_path.dsv'
[0.697s] INFO:colcon.colcon_core.shell:Creating environment hook '/home/encoder/Desktop/ros2-robot/ros2_ws/install/tello_takip/share/tello_takip/hook/ament_prefix_path.sh'
[0.700s] INFO:colcon.colcon_core.shell:Skip shell extension 'powershell' for command environment: Not usable outside of PowerShell
[0.700s] DEBUG:colcon.colcon_core.shell:Skip shell extension 'dsv' for command environment
[1.672s] INFO:colcon.colcon_core.task.python.build:Building Python package in '/home/encoder/Desktop/ros2-robot/ros2_ws/src/lidar_mapper'
[1.673s] INFO:colcon.colcon_core.shell:Skip shell extension 'powershell' for command environment: Not usable outside of PowerShell
[1.673s] DEBUG:colcon.colcon_core.shell:Skip shell extension 'dsv' for command environment
[2.412s] INFO:colcon.colcon_core.task.python.build:Building Python package in '/home/encoder/Desktop/ros2-robot/ros2_ws/src/multi_launch'
[2.413s] INFO:colcon.colcon_core.shell:Skip shell extension 'powershell' for command environment: Not usable outside of PowerShell
[2.413s] DEBUG:colcon.colcon_core.shell:Skip shell extension 'dsv' for command environment
[3.130s] INFO:colcon.colcon_core.task.python.build:Building Python package in '/home/encoder/Desktop/ros2-robot/ros2_ws/src/ros2_opencv'
[3.131s] INFO:colcon.colcon_core.shell:Skip shell extension 'powershell' for command environment: Not usable outside of PowerShell
[3.131s] DEBUG:colcon.colcon_core.shell:Skip shell extension 'dsv' for command environment
[3.156s] DEBUG:colcon.colcon_core.event_handler.log_command:Invoking command in '/home/encoder/Desktop/ros2-robot/ros2_ws/build/ros2_shared': CMAKE_PREFIX_PATH=${CMAKE_PREFIX_PATH}:/home/encoder/ros2_ws/install/tello_takip:/home/encoder/ros2_ws/install/tello_ros2:/home/encoder/ros2_ws/install/serial_pubsub:/home/encoder/ros2_ws/install/ros2_opencv:/home/encoder/ros2_ws/install/multi_launch:/home/encoder/ros2_ws/install/lidar_mapper:/home/encoder/Desktop/ros2-robot/ros2_ws/install/tello_takip:/home/encoder/Desktop/ros2-robot/ros2_ws/install/tello_ros2:/home/encoder/Desktop/ros2-robot/ros2_ws/install/serial_pubsub:/home/encoder/Desktop/ros2-robot/ros2_ws/install/ros2_opencv:/home/encoder/Desktop/ros2-robot/ros2_ws/install/multi_launch:/home/encoder/Desktop/ros2-robot/ros2_ws/install/lidar_mapper:/opt/ros/humble /usr/bin/cmake --build /home/encoder/Desktop/ros2-robot/ros2_ws/build/ros2_shared -- -j12 -l12
[3.171s] DEBUG:colcon.colcon_core.event_handler.log_command:Invoking command in '/home/encoder/Desktop/ros2-robot/ros2_ws/build/rplidar_ros': CMAKE_PREFIX_PATH=${CMAKE_PREFIX_PATH}:/home/encoder/ros2_ws/install/tello_takip:/home/encoder/ros2_ws/install/tello_ros2:/home/encoder/ros2_ws/install/serial_pubsub:/home/encoder/ros2_ws/install/ros2_opencv:/home/encoder/ros2_ws/install/multi_launch:/home/encoder/ros2_ws/install/lidar_mapper:/home/encoder/Desktop/ros2-robot/ros2_ws/install/tello_takip:/home/encoder/Desktop/ros2-robot/ros2_ws/install/tello_ros2:/home/encoder/Desktop/ros2-robot/ros2_ws/install/serial_pubsub:/home/encoder/Desktop/ros2-robot/ros2_ws/install/ros2_opencv:/home/encoder/Desktop/ros2-robot/ros2_ws/install/multi_launch:/home/encoder/Desktop/ros2-robot/ros2_ws/install/lidar_mapper:/opt/ros/humble /usr/bin/cmake --build /home/encoder/Desktop/ros2-robot/ros2_ws/build/rplidar_ros -- -j12 -l12
[3.907s] INFO:colcon.colcon_core.task.python.build:Building Python package in '/home/encoder/Desktop/ros2-robot/ros2_ws/src/serial_pubsub'
[3.908s] INFO:colcon.colcon_core.shell:Skip shell extension 'powershell' for command environment: Not usable outside of PowerShell
[3.909s] DEBUG:colcon.colcon_core.shell:Skip shell extension 'dsv' for command environment
[4.608s] INFO:colcon.colcon_core.task.python.build:Building Python package in '/home/encoder/Desktop/ros2-robot/ros2_ws/src/tello_ros2'
[4.609s] INFO:colcon.colcon_core.shell:Skip shell extension 'powershell' for command environment: Not usable outside of PowerShell
[4.610s] DEBUG:colcon.colcon_core.shell:Skip shell extension 'dsv' for command environment
[5.378s] INFO:colcon.colcon_core.task.python.build:Building Python package in '/home/encoder/Desktop/ros2-robot/ros2_ws/src/tello_takip'
[5.378s] INFO:colcon.colcon_core.shell:Skip shell extension 'powershell' for command environment: Not usable outside of PowerShell
[5.378s] DEBUG:colcon.colcon_core.shell:Skip shell extension 'dsv' for command environment
[5.396s] DEBUG:colcon.colcon_core.event_handler.log_command:Invoked command in '/home/encoder/Desktop/ros2-robot/ros2_ws/build/ros2_shared' returned '0': CMAKE_PREFIX_PATH=${CMAKE_PREFIX_PATH}:/home/encoder/ros2_ws/install/tello_takip:/home/encoder/ros2_ws/install/tello_ros2:/home/encoder/ros2_ws/install/serial_pubsub:/home/encoder/ros2_ws/install/ros2_opencv:/home/encoder/ros2_ws/install/multi_launch:/home/encoder/ros2_ws/install/lidar_mapper:/home/encoder/Desktop/ros2-robot/ros2_ws/install/tello_takip:/home/encoder/Desktop/ros2-robot/ros2_ws/install/tello_ros2:/home/encoder/Desktop/ros2-robot/ros2_ws/install/serial_pubsub:/home/encoder/Desktop/ros2-robot/ros2_ws/install/ros2_opencv:/home/encoder/Desktop/ros2-robot/ros2_ws/install/multi_launch:/home/encoder/Desktop/ros2-robot/ros2_ws/install/lidar_mapper:/opt/ros/humble /usr/bin/cmake --build /home/encoder/Desktop/ros2-robot/ros2_ws/build/ros2_shared -- -j12 -l12
[5.429s] DEBUG:colcon.colcon_core.event_handler.log_command:Invoking command in '/home/encoder/Desktop/ros2-robot/ros2_ws/build/ros2_shared': CMAKE_PREFIX_PATH=${CMAKE_PREFIX_PATH}:/home/encoder/ros2_ws/install/tello_takip:/home/encoder/ros2_ws/install/tello_ros2:/home/encoder/ros2_ws/install/serial_pubsub:/home/encoder/ros2_ws/install/ros2_opencv:/home/encoder/ros2_ws/install/multi_launch:/home/encoder/ros2_ws/install/lidar_mapper:/home/encoder/Desktop/ros2-robot/ros2_ws/install/tello_takip:/home/encoder/Desktop/ros2-robot/ros2_ws/install/tello_ros2:/home/encoder/Desktop/ros2-robot/ros2_ws/install/serial_pubsub:/home/encoder/Desktop/ros2-robot/ros2_ws/install/ros2_opencv:/home/encoder/Desktop/ros2-robot/ros2_ws/install/multi_launch:/home/encoder/Desktop/ros2-robot/ros2_ws/install/lidar_mapper:/opt/ros/humble /usr/bin/cmake --install /home/encoder/Desktop/ros2-robot/ros2_ws/build/ros2_shared
[5.431s] DEBUG:colcon.colcon_core.event_handler.log_command:Invoked command in '/home/encoder/Desktop/ros2-robot/ros2_ws/build/rplidar_ros' returned '0': CMAKE_PREFIX_PATH=${CMAKE_PREFIX_PATH}:/home/encoder/ros2_ws/install/tello_takip:/home/encoder/ros2_ws/install/tello_ros2:/home/encoder/ros2_ws/install/serial_pubsub:/home/encoder/ros2_ws/install/ros2_opencv:/home/encoder/ros2_ws/install/multi_launch:/home/encoder/ros2_ws/install/lidar_mapper:/home/encoder/Desktop/ros2-robot/ros2_ws/install/tello_takip:/home/encoder/Desktop/ros2-robot/ros2_ws/install/tello_ros2:/home/encoder/Desktop/ros2-robot/ros2_ws/install/serial_pubsub:/home/encoder/Desktop/ros2-robot/ros2_ws/install/ros2_opencv:/home/encoder/Desktop/ros2-robot/ros2_ws/install/multi_launch:/home/encoder/Desktop/ros2-robot/ros2_ws/install/lidar_mapper:/opt/ros/humble /usr/bin/cmake --build /home/encoder/Desktop/ros2-robot/ros2_ws/build/rplidar_ros -- -j12 -l12
[5.436s] DEBUG:colcon.colcon_core.event_handler.log_command:Invoking command in '/home/encoder/Desktop/ros2-robot/ros2_ws/build/rplidar_ros': CMAKE_PREFIX_PATH=${CMAKE_PREFIX_PATH}:/home/encoder/ros2_ws/install/tello_takip:/home/encoder/ros2_ws/install/tello_ros2:/home/encoder/ros2_ws/install/serial_pubsub:/home/encoder/ros2_ws/install/ros2_opencv:/home/encoder/ros2_ws/install/multi_launch:/home/encoder/ros2_ws/install/lidar_mapper:/home/encoder/Desktop/ros2-robot/ros2_ws/install/tello_takip:/home/encoder/Desktop/ros2-robot/ros2_ws/install/tello_ros2:/home/encoder/Desktop/ros2-robot/ros2_ws/install/serial_pubsub:/home/encoder/Desktop/ros2-robot/ros2_ws/install/ros2_opencv:/home/encoder/Desktop/ros2-robot/ros2_ws/install/multi_launch:/home/encoder/Desktop/ros2-robot/ros2_ws/install/lidar_mapper:/opt/ros/humble /usr/bin/cmake --install /home/encoder/Desktop/ros2-robot/ros2_ws/build/rplidar_ros
[5.521s] Level 1:colcon.colcon_core.environment:create_environment_scripts_only(ros2_shared)
[5.538s] Level 1:colcon.colcon_core.environment:checking '/home/encoder/Desktop/ros2-robot/ros2_ws/install/ros2_shared' for CMake module files
[5.539s] DEBUG:colcon.colcon_core.event_handler.log_command:Invoked command in '/home/encoder/Desktop/ros2-robot/ros2_ws/build/ros2_shared' returned '0': CMAKE_PREFIX_PATH=${CMAKE_PREFIX_PATH}:/home/encoder/ros2_ws/install/tello_takip:/home/encoder/ros2_ws/install/tello_ros2:/home/encoder/ros2_ws/install/serial_pubsub:/home/encoder/ros2_ws/install/ros2_opencv:/home/encoder/ros2_ws/install/multi_launch:/home/encoder/ros2_ws/install/lidar_mapper:/home/encoder/Desktop/ros2-robot/ros2_ws/install/tello_takip:/home/encoder/Desktop/ros2-robot/ros2_ws/install/tello_ros2:/home/encoder/Desktop/ros2-robot/ros2_ws/install/serial_pubsub:/home/encoder/Desktop/ros2-robot/ros2_ws/install/ros2_opencv:/home/encoder/Desktop/ros2-robot/ros2_ws/install/multi_launch:/home/encoder/Desktop/ros2-robot/ros2_ws/install/lidar_mapper:/opt/ros/humble /usr/bin/cmake --install /home/encoder/Desktop/ros2-robot/ros2_ws/build/ros2_shared
[5.543s] Level 1:colcon.colcon_core.environment:checking '/home/encoder/Desktop/ros2-robot/ros2_ws/install/ros2_shared' for CMake config files
[5.544s] Level 1:colcon.colcon_core.shell:create_environment_hook('ros2_shared', 'cmake_prefix_path')
[5.545s] INFO:colcon.colcon_core.shell:Creating environment hook '/home/encoder/Desktop/ros2-robot/ros2_ws/install/ros2_shared/share/ros2_shared/hook/cmake_prefix_path.ps1'
[5.547s] INFO:colcon.colcon_core.shell:Creating environment descriptor '/home/encoder/Desktop/ros2-robot/ros2_ws/install/ros2_shared/share/ros2_shared/hook/cmake_prefix_path.dsv'
[5.549s] INFO:colcon.colcon_core.shell:Creating environment hook '/home/encoder/Desktop/ros2-robot/ros2_ws/install/ros2_shared/share/ros2_shared/hook/cmake_prefix_path.sh'
[5.552s] Level 1:colcon.colcon_core.environment:checking '/home/encoder/Desktop/ros2-robot/ros2_ws/install/ros2_shared/bin'
[5.552s] Level 1:colcon.colcon_core.environment:checking '/home/encoder/Desktop/ros2-robot/ros2_ws/install/ros2_shared/lib/pkgconfig/ros2_shared.pc'
[5.553s] Level 1:colcon.colcon_core.environment:checking '/home/encoder/Desktop/ros2-robot/ros2_ws/install/ros2_shared/lib/python3.10/site-packages'
[5.554s] Level 1:colcon.colcon_core.environment:checking '/home/encoder/Desktop/ros2-robot/ros2_ws/install/ros2_shared/bin'
[5.555s] INFO:colcon.colcon_core.shell:Creating package script '/home/encoder/Desktop/ros2-robot/ros2_ws/install/ros2_shared/share/ros2_shared/package.ps1'
[5.562s] INFO:colcon.colcon_core.shell:Creating package descriptor '/home/encoder/Desktop/ros2-robot/ros2_ws/install/ros2_shared/share/ros2_shared/package.dsv'
[5.563s] INFO:colcon.colcon_core.shell:Creating package script '/home/encoder/Desktop/ros2-robot/ros2_ws/install/ros2_shared/share/ros2_shared/package.sh'
[5.566s] INFO:colcon.colcon_core.shell:Creating package script '/home/encoder/Desktop/ros2-robot/ros2_ws/install/ros2_shared/share/ros2_shared/package.bash'
[5.569s] INFO:colcon.colcon_core.shell:Creating package script '/home/encoder/Desktop/ros2-robot/ros2_ws/install/ros2_shared/share/ros2_shared/package.zsh'
[5.571s] Level 1:colcon.colcon_core.environment:create_file_with_runtime_dependencies(/home/encoder/Desktop/ros2-robot/ros2_ws/install/ros2_shared/share/colcon-core/packages/ros2_shared)
[5.573s] Level 1:colcon.colcon_core.environment:create_environment_scripts_only(ros2_shared)
[5.574s] Level 1:colcon.colcon_core.environment:checking '/home/encoder/Desktop/ros2-robot/ros2_ws/install/ros2_shared' for CMake module files
[5.575s] Level 1:colcon.colcon_core.environment:checking '/home/encoder/Desktop/ros2-robot/ros2_ws/install/ros2_shared' for CMake config files
[5.576s] Level 1:colcon.colcon_core.shell:create_environment_hook('ros2_shared', 'cmake_prefix_path')
[5.577s] INFO:colcon.colcon_core.shell:Creating environment hook '/home/encoder/Desktop/ros2-robot/ros2_ws/install/ros2_shared/share/ros2_shared/hook/cmake_prefix_path.ps1'
[5.578s] INFO:colcon.colcon_core.shell:Creating environment descriptor '/home/encoder/Desktop/ros2-robot/ros2_ws/install/ros2_shared/share/ros2_shared/hook/cmake_prefix_path.dsv'
[5.580s] INFO:colcon.colcon_core.shell:Creating environment hook '/home/encoder/Desktop/ros2-robot/ros2_ws/install/ros2_shared/share/ros2_shared/hook/cmake_prefix_path.sh'
[5.582s] Level 1:colcon.colcon_core.environment:checking '/home/encoder/Desktop/ros2-robot/ros2_ws/install/ros2_shared/bin'
[5.582s] Level 1:colcon.colcon_core.environment:checking '/home/encoder/Desktop/ros2-robot/ros2_ws/install/ros2_shared/lib/pkgconfig/ros2_shared.pc'
[5.583s] Level 1:colcon.colcon_core.environment:checking '/home/encoder/Desktop/ros2-robot/ros2_ws/install/ros2_shared/lib/python3.10/site-packages'
[5.583s] Level 1:colcon.colcon_core.environment:checking '/home/encoder/Desktop/ros2-robot/ros2_ws/install/ros2_shared/bin'
[5.584s] INFO:colcon.colcon_core.shell:Creating package script '/home/encoder/Desktop/ros2-robot/ros2_ws/install/ros2_shared/share/ros2_shared/package.ps1'
[5.586s] INFO:colcon.colcon_core.shell:Creating package descriptor '/home/encoder/Desktop/ros2-robot/ros2_ws/install/ros2_shared/share/ros2_shared/package.dsv'
[5.588s] INFO:colcon.colcon_core.shell:Creating package script '/home/encoder/Desktop/ros2-robot/ros2_ws/install/ros2_shared/share/ros2_shared/package.sh'
[5.590s] INFO:colcon.colcon_core.shell:Creating package script '/home/encoder/Desktop/ros2-robot/ros2_ws/install/ros2_shared/share/ros2_shared/package.bash'
[5.591s] INFO:colcon.colcon_core.shell:Creating package script '/home/encoder/Desktop/ros2-robot/ros2_ws/install/ros2_shared/share/ros2_shared/package.zsh'
[5.593s] Level 1:colcon.colcon_core.environment:create_file_with_runtime_dependencies(/home/encoder/Desktop/ros2-robot/ros2_ws/install/ros2_shared/share/colcon-core/packages/ros2_shared)
[5.594s] Level 1:colcon.colcon_core.environment:create_environment_scripts_only(rplidar_ros)
[5.594s] Level 1:colcon.colcon_core.environment:checking '/home/encoder/Desktop/ros2-robot/ros2_ws/install/rplidar_ros' for CMake module files
[5.598s] DEBUG:colcon.colcon_core.event_handler.log_command:Invoked command in '/home/encoder/Desktop/ros2-robot/ros2_ws/build/rplidar_ros' returned '0': CMAKE_PREFIX_PATH=${CMAKE_PREFIX_PATH}:/home/encoder/ros2_ws/install/tello_takip:/home/encoder/ros2_ws/install/tello_ros2:/home/encoder/ros2_ws/install/serial_pubsub:/home/encoder/ros2_ws/install/ros2_opencv:/home/encoder/ros2_ws/install/multi_launch:/home/encoder/ros2_ws/install/lidar_mapper:/home/encoder/Desktop/ros2-robot/ros2_ws/install/tello_takip:/home/encoder/Desktop/ros2-robot/ros2_ws/install/tello_ros2:/home/encoder/Desktop/ros2-robot/ros2_ws/install/serial_pubsub:/home/encoder/Desktop/ros2-robot/ros2_ws/install/ros2_opencv:/home/encoder/Desktop/ros2-robot/ros2_ws/install/multi_launch:/home/encoder/Desktop/ros2-robot/ros2_ws/install/lidar_mapper:/opt/ros/humble /usr/bin/cmake --install /home/encoder/Desktop/ros2-robot/ros2_ws/build/rplidar_ros
[5.599s] Level 1:colcon.colcon_core.environment:checking '/home/encoder/Desktop/ros2-robot/ros2_ws/install/rplidar_ros' for CMake config files
[5.600s] Level 1:colcon.colcon_core.shell:create_environment_hook('rplidar_ros', 'cmake_prefix_path')
[5.600s] INFO:colcon.colcon_core.shell:Creating environment hook '/home/encoder/Desktop/ros2-robot/ros2_ws/install/rplidar_ros/share/rplidar_ros/hook/cmake_prefix_path.ps1'
[5.602s] INFO:colcon.colcon_core.shell:Creating environment descriptor '/home/encoder/Desktop/ros2-robot/ros2_ws/install/rplidar_ros/share/rplidar_ros/hook/cmake_prefix_path.dsv'
[5.605s] INFO:colcon.colcon_core.shell:Creating environment hook '/home/encoder/Desktop/ros2-robot/ros2_ws/install/rplidar_ros/share/rplidar_ros/hook/cmake_prefix_path.sh'
[5.612s] Level 1:colcon.colcon_core.environment:checking '/home/encoder/Desktop/ros2-robot/ros2_ws/install/rplidar_ros/lib'
[5.613s] Level 1:colcon.colcon_core.environment:checking '/home/encoder/Desktop/ros2-robot/ros2_ws/install/rplidar_ros/bin'
[5.614s] Level 1:colcon.colcon_core.environment:checking '/home/encoder/Desktop/ros2-robot/ros2_ws/install/rplidar_ros/lib/pkgconfig/rplidar_ros.pc'
[5.615s] Level 1:colcon.colcon_core.environment:checking '/home/encoder/Desktop/ros2-robot/ros2_ws/install/rplidar_ros/lib/python3.10/site-packages'
[5.616s] Level 1:colcon.colcon_core.environment:checking '/home/encoder/Desktop/ros2-robot/ros2_ws/install/rplidar_ros/bin'
[5.618s] INFO:colcon.colcon_core.shell:Creating package script '/home/encoder/Desktop/ros2-robot/ros2_ws/install/rplidar_ros/share/rplidar_ros/package.ps1'
[5.621s] INFO:colcon.colcon_core.shell:Creating package descriptor '/home/encoder/Desktop/ros2-robot/ros2_ws/install/rplidar_ros/share/rplidar_ros/package.dsv'
[5.622s] INFO:colcon.colcon_core.shell:Creating package script '/home/encoder/Desktop/ros2-robot/ros2_ws/install/rplidar_ros/share/rplidar_ros/package.sh'
[5.626s] INFO:colcon.colcon_core.shell:Creating package script '/home/encoder/Desktop/ros2-robot/ros2_ws/install/rplidar_ros/share/rplidar_ros/package.bash'
[5.628s] INFO:colcon.colcon_core.shell:Creating package script '/home/encoder/Desktop/ros2-robot/ros2_ws/install/rplidar_ros/share/rplidar_ros/package.zsh'
[5.630s] Level 1:colcon.colcon_core.environment:create_file_with_runtime_dependencies(/home/encoder/Desktop/ros2-robot/ros2_ws/install/rplidar_ros/share/colcon-core/packages/rplidar_ros)
[5.632s] Level 1:colcon.colcon_core.environment:create_environment_scripts_only(rplidar_ros)
[5.633s] Level 1:colcon.colcon_core.environment:checking '/home/encoder/Desktop/ros2-robot/ros2_ws/install/rplidar_ros' for CMake module files
[5.636s] Level 1:colcon.colcon_core.environment:checking '/home/encoder/Desktop/ros2-robot/ros2_ws/install/rplidar_ros' for CMake config files
[5.637s] Level 1:colcon.colcon_core.shell:create_environment_hook('rplidar_ros', 'cmake_prefix_path')
[5.638s] INFO:colcon.colcon_core.shell:Creating environment hook '/home/encoder/Desktop/ros2-robot/ros2_ws/install/rplidar_ros/share/rplidar_ros/hook/cmake_prefix_path.ps1'
[5.640s] INFO:colcon.colcon_core.shell:Creating environment descriptor '/home/encoder/Desktop/ros2-robot/ros2_ws/install/rplidar_ros/share/rplidar_ros/hook/cmake_prefix_path.dsv'
[5.642s] INFO:colcon.colcon_core.shell:Creating environment hook '/home/encoder/Desktop/ros2-robot/ros2_ws/install/rplidar_ros/share/rplidar_ros/hook/cmake_prefix_path.sh'
[5.645s] Level 1:colcon.colcon_core.environment:checking '/home/encoder/Desktop/ros2-robot/ros2_ws/install/rplidar_ros/lib'
[5.646s] Level 1:colcon.colcon_core.environment:checking '/home/encoder/Desktop/ros2-robot/ros2_ws/install/rplidar_ros/bin'
[5.646s] Level 1:colcon.colcon_core.environment:checking '/home/encoder/Desktop/ros2-robot/ros2_ws/install/rplidar_ros/lib/pkgconfig/rplidar_ros.pc'
[5.647s] Level 1:colcon.colcon_core.environment:checking '/home/encoder/Desktop/ros2-robot/ros2_ws/install/rplidar_ros/lib/python3.10/site-packages'
[5.648s] Level 1:colcon.colcon_core.environment:checking '/home/encoder/Desktop/ros2-robot/ros2_ws/install/rplidar_ros/bin'
[5.650s] INFO:colcon.colcon_core.shell:Creating package script '/home/encoder/Desktop/ros2-robot/ros2_ws/install/rplidar_ros/share/rplidar_ros/package.ps1'
[5.652s] INFO:colcon.colcon_core.shell:Creating package descriptor '/home/encoder/Desktop/ros2-robot/ros2_ws/install/rplidar_ros/share/rplidar_ros/package.dsv'
[5.654s] INFO:colcon.colcon_core.shell:Creating package script '/home/encoder/Desktop/ros2-robot/ros2_ws/install/rplidar_ros/share/rplidar_ros/package.sh'
[5.656s] INFO:colcon.colcon_core.shell:Creating package script '/home/encoder/Desktop/ros2-robot/ros2_ws/install/rplidar_ros/share/rplidar_ros/package.bash'
[5.658s] INFO:colcon.colcon_core.shell:Creating package script '/home/encoder/Desktop/ros2-robot/ros2_ws/install/rplidar_ros/share/rplidar_ros/package.zsh'
[5.661s] Level 1:colcon.colcon_core.environment:create_file_with_runtime_dependencies(/home/encoder/Desktop/ros2-robot/ros2_ws/install/rplidar_ros/share/colcon-core/packages/rplidar_ros)
[6.779s] DEBUG:colcon.colcon_core.event_handler.log_command:Invoking command in '/home/encoder/Desktop/ros2-robot/ros2_ws/src/multi_launch': PYTHONPATH=/home/encoder/Desktop/ros2-robot/ros2_ws/build/multi_launch/prefix_override:/usr/lib/python3/dist-packages/colcon_core/task/python/colcon_distutils_commands:/home/encoder/Desktop/ros2-robot/ros2_ws/install/multi_launch/lib/python3.10/site-packages:${PYTHONPATH} /usr/bin/python3 -W ignore:setup.py install is deprecated -W ignore:easy_install command is deprecated setup.py egg_info --egg-base ../../build/multi_launch build --build-base /home/encoder/Desktop/ros2-robot/ros2_ws/build/multi_launch/build install --record /home/encoder/Desktop/ros2-robot/ros2_ws/build/multi_launch/install.log --single-version-externally-managed install_data
[6.925s] DEBUG:colcon.colcon_core.event_handler.log_command:Invoking command in '/home/encoder/Desktop/ros2-robot/ros2_ws/src/lidar_mapper': PYTHONPATH=/home/encoder/Desktop/ros2-robot/ros2_ws/build/lidar_mapper/prefix_override:/usr/lib/python3/dist-packages/colcon_core/task/python/colcon_distutils_commands:/home/encoder/Desktop/ros2-robot/ros2_ws/install/lidar_mapper/lib/python3.10/site-packages:${PYTHONPATH} /usr/bin/python3 -W ignore:setup.py install is deprecated -W ignore:easy_install command is deprecated setup.py egg_info --egg-base ../../build/lidar_mapper build --build-base /home/encoder/Desktop/ros2-robot/ros2_ws/build/lidar_mapper/build install --record /home/encoder/Desktop/ros2-robot/ros2_ws/build/lidar_mapper/install.log --single-version-externally-managed install_data
[6.939s] DEBUG:colcon.colcon_core.event_handler.log_command:Invoking command in '/home/encoder/Desktop/ros2-robot/ros2_ws/src/ros2_opencv': PYTHONPATH=/home/encoder/Desktop/ros2-robot/ros2_ws/build/ros2_opencv/prefix_override:/usr/lib/python3/dist-packages/colcon_core/task/python/colcon_distutils_commands:/home/encoder/Desktop/ros2-robot/ros2_ws/install/ros2_opencv/lib/python3.10/site-packages:${PYTHONPATH} /usr/bin/python3 -W ignore:setup.py install is deprecated -W ignore:easy_install command is deprecated setup.py egg_info --egg-base ../../build/ros2_opencv build --build-base /home/encoder/Desktop/ros2-robot/ros2_ws/build/ros2_opencv/build install --record /home/encoder/Desktop/ros2-robot/ros2_ws/build/ros2_opencv/install.log --single-version-externally-managed install_data
[6.948s] DEBUG:colcon.colcon_core.event_handler.log_command:Invoking command in '/home/encoder/Desktop/ros2-robot/ros2_ws/src/tello_ros2': PYTHONPATH=/home/encoder/Desktop/ros2-robot/ros2_ws/build/tello_ros2/prefix_override:/usr/lib/python3/dist-packages/colcon_core/task/python/colcon_distutils_commands:/home/encoder/Desktop/ros2-robot/ros2_ws/install/tello_ros2/lib/python3.10/site-packages:${PYTHONPATH} /usr/bin/python3 -W ignore:setup.py install is deprecated -W ignore:easy_install command is deprecated setup.py egg_info --egg-base ../../build/tello_ros2 build --build-base /home/encoder/Desktop/ros2-robot/ros2_ws/build/tello_ros2/build install --record /home/encoder/Desktop/ros2-robot/ros2_ws/build/tello_ros2/install.log --single-version-externally-managed install_data
[6.968s] DEBUG:colcon.colcon_core.event_handler.log_command:Invoking command in '/home/encoder/Desktop/ros2-robot/ros2_ws/src/serial_pubsub': PYTHONPATH=/home/encoder/Desktop/ros2-robot/ros2_ws/build/serial_pubsub/prefix_override:/usr/lib/python3/dist-packages/colcon_core/task/python/colcon_distutils_commands:/home/encoder/Desktop/ros2-robot/ros2_ws/install/serial_pubsub/lib/python3.10/site-packages:${PYTHONPATH} /usr/bin/python3 -W ignore:setup.py install is deprecated -W ignore:easy_install command is deprecated setup.py egg_info --egg-base ../../build/serial_pubsub build --build-base /home/encoder/Desktop/ros2-robot/ros2_ws/build/serial_pubsub/build install --record /home/encoder/Desktop/ros2-robot/ros2_ws/build/serial_pubsub/install.log --single-version-externally-managed install_data
[7.041s] DEBUG:colcon.colcon_core.event_handler.log_command:Invoking command in '/home/encoder/Desktop/ros2-robot/ros2_ws/src/tello_takip': PYTHONPATH=/home/encoder/Desktop/ros2-robot/ros2_ws/build/tello_takip/prefix_override:/usr/lib/python3/dist-packages/colcon_core/task/python/colcon_distutils_commands:/home/encoder/Desktop/ros2-robot/ros2_ws/install/tello_takip/lib/python3.10/site-packages:${PYTHONPATH} /usr/bin/python3 -W ignore:setup.py install is deprecated -W ignore:easy_install command is deprecated setup.py egg_info --egg-base ../../build/tello_takip build --build-base /home/encoder/Desktop/ros2-robot/ros2_ws/build/tello_takip/build install --record /home/encoder/Desktop/ros2-robot/ros2_ws/build/tello_takip/install.log --single-version-externally-managed install_data
[8.243s] Level 1:colcon.colcon_core.environment:checking '/home/encoder/Desktop/ros2-robot/ros2_ws/install/multi_launch' for CMake module files
[8.246s] DEBUG:colcon.colcon_core.event_handler.log_command:Invoked command in '/home/encoder/Desktop/ros2-robot/ros2_ws/src/multi_launch' returned '0': PYTHONPATH=/home/encoder/Desktop/ros2-robot/ros2_ws/build/multi_launch/prefix_override:/usr/lib/python3/dist-packages/colcon_core/task/python/colcon_distutils_commands:/home/encoder/Desktop/ros2-robot/ros2_ws/install/multi_launch/lib/python3.10/site-packages:${PYTHONPATH} /usr/bin/python3 -W ignore:setup.py install is deprecated -W ignore:easy_install command is deprecated setup.py egg_info --egg-base ../../build/multi_launch build --build-base /home/encoder/Desktop/ros2-robot/ros2_ws/build/multi_launch/build install --record /home/encoder/Desktop/ros2-robot/ros2_ws/build/multi_launch/install.log --single-version-externally-managed install_data
[8.252s] Level 1:colcon.colcon_core.environment:checking '/home/encoder/Desktop/ros2-robot/ros2_ws/install/multi_launch' for CMake config files
[8.256s] Level 1:colcon.colcon_core.environment:checking '/home/encoder/Desktop/ros2-robot/ros2_ws/install/multi_launch/lib'
[8.258s] Level 1:colcon.colcon_core.environment:checking '/home/encoder/Desktop/ros2-robot/ros2_ws/install/multi_launch/bin'
[8.263s] Level 1:colcon.colcon_core.environment:checking '/home/encoder/Desktop/ros2-robot/ros2_ws/install/multi_launch/lib/pkgconfig/multi_launch.pc'
[8.265s] Level 1:colcon.colcon_core.environment:checking '/home/encoder/Desktop/ros2-robot/ros2_ws/install/multi_launch/lib/python3.10/site-packages'
[8.266s] Level 1:colcon.colcon_core.shell:create_environment_hook('multi_launch', 'pythonpath')
[8.267s] INFO:colcon.colcon_core.shell:Creating environment hook '/home/encoder/Desktop/ros2-robot/ros2_ws/install/multi_launch/share/multi_launch/hook/pythonpath.ps1'
[8.271s] INFO:colcon.colcon_core.shell:Creating environment descriptor '/home/encoder/Desktop/ros2-robot/ros2_ws/install/multi_launch/share/multi_launch/hook/pythonpath.dsv'
[8.272s] INFO:colcon.colcon_core.shell:Creating environment hook '/home/encoder/Desktop/ros2-robot/ros2_ws/install/multi_launch/share/multi_launch/hook/pythonpath.sh'
[8.276s] Level 1:colcon.colcon_core.environment:checking '/home/encoder/Desktop/ros2-robot/ros2_ws/install/multi_launch/bin'
[8.277s] Level 1:colcon.colcon_core.environment:create_environment_scripts_only(multi_launch)
[8.278s] INFO:colcon.colcon_core.shell:Creating package script '/home/encoder/Desktop/ros2-robot/ros2_ws/install/multi_launch/share/multi_launch/package.ps1'
[8.286s] INFO:colcon.colcon_core.shell:Creating package descriptor '/home/encoder/Desktop/ros2-robot/ros2_ws/install/multi_launch/share/multi_launch/package.dsv'
[8.292s] INFO:colcon.colcon_core.shell:Creating package script '/home/encoder/Desktop/ros2-robot/ros2_ws/install/multi_launch/share/multi_launch/package.sh'
[8.301s] INFO:colcon.colcon_core.shell:Creating package script '/home/encoder/Desktop/ros2-robot/ros2_ws/install/multi_launch/share/multi_launch/package.bash'
[8.304s] INFO:colcon.colcon_core.shell:Creating package script '/home/encoder/Desktop/ros2-robot/ros2_ws/install/multi_launch/share/multi_launch/package.zsh'
[8.306s] Level 1:colcon.colcon_core.environment:create_file_with_runtime_dependencies(/home/encoder/Desktop/ros2-robot/ros2_ws/install/multi_launch/share/colcon-core/packages/multi_launch)
[8.314s] Level 1:colcon.colcon_core.environment:checking '/home/encoder/Desktop/ros2-robot/ros2_ws/install/ros2_opencv' for CMake module files
[8.318s] DEBUG:colcon.colcon_core.event_handler.log_command:Invoked command in '/home/encoder/Desktop/ros2-robot/ros2_ws/src/ros2_opencv' returned '0': PYTHONPATH=/home/encoder/Desktop/ros2-robot/ros2_ws/build/ros2_opencv/prefix_override:/usr/lib/python3/dist-packages/colcon_core/task/python/colcon_distutils_commands:/home/encoder/Desktop/ros2-robot/ros2_ws/install/ros2_opencv/lib/python3.10/site-packages:${PYTHONPATH} /usr/bin/python3 -W ignore:setup.py install is deprecated -W ignore:easy_install command is deprecated setup.py egg_info --egg-base ../../build/ros2_opencv build --build-base /home/encoder/Desktop/ros2-robot/ros2_ws/build/ros2_opencv/build install --record /home/encoder/Desktop/ros2-robot/ros2_ws/build/ros2_opencv/install.log --single-version-externally-managed install_data
[8.319s] Level 1:colcon.colcon_core.environment:checking '/home/encoder/Desktop/ros2-robot/ros2_ws/install/ros2_opencv' for CMake config files
[8.322s] Level 1:colcon.colcon_core.environment:checking '/home/encoder/Desktop/ros2-robot/ros2_ws/install/ros2_opencv/lib'
[8.322s] Level 1:colcon.colcon_core.environment:checking '/home/encoder/Desktop/ros2-robot/ros2_ws/install/ros2_opencv/bin'
[8.323s] Level 1:colcon.colcon_core.environment:checking '/home/encoder/Desktop/ros2-robot/ros2_ws/install/ros2_opencv/lib/pkgconfig/ros2_opencv.pc'
[8.324s] Level 1:colcon.colcon_core.environment:checking '/home/encoder/Desktop/ros2-robot/ros2_ws/install/ros2_opencv/lib/python3.10/site-packages'
[8.325s] Level 1:colcon.colcon_core.shell:create_environment_hook('ros2_opencv', 'pythonpath')
[8.328s] INFO:colcon.colcon_core.shell:Creating environment hook '/home/encoder/Desktop/ros2-robot/ros2_ws/install/ros2_opencv/share/ros2_opencv/hook/pythonpath.ps1'
[8.330s] INFO:colcon.colcon_core.shell:Creating environment descriptor '/home/encoder/Desktop/ros2-robot/ros2_ws/install/ros2_opencv/share/ros2_opencv/hook/pythonpath.dsv'
[8.332s] INFO:colcon.colcon_core.shell:Creating environment hook '/home/encoder/Desktop/ros2-robot/ros2_ws/install/ros2_opencv/share/ros2_opencv/hook/pythonpath.sh'
[8.335s] Level 1:colcon.colcon_core.environment:checking '/home/encoder/Desktop/ros2-robot/ros2_ws/install/ros2_opencv/bin'
[8.335s] Level 1:colcon.colcon_core.environment:create_environment_scripts_only(ros2_opencv)
[8.337s] INFO:colcon.colcon_core.shell:Creating package script '/home/encoder/Desktop/ros2-robot/ros2_ws/install/ros2_opencv/share/ros2_opencv/package.ps1'
[8.340s] INFO:colcon.colcon_core.shell:Creating package descriptor '/home/encoder/Desktop/ros2-robot/ros2_ws/install/ros2_opencv/share/ros2_opencv/package.dsv'
[8.343s] INFO:colcon.colcon_core.shell:Creating package script '/home/encoder/Desktop/ros2-robot/ros2_ws/install/ros2_opencv/share/ros2_opencv/package.sh'
[8.346s] INFO:colcon.colcon_core.shell:Creating package script '/home/encoder/Desktop/ros2-robot/ros2_ws/install/ros2_opencv/share/ros2_opencv/package.bash'
[8.349s] INFO:colcon.colcon_core.shell:Creating package script '/home/encoder/Desktop/ros2-robot/ros2_ws/install/ros2_opencv/share/ros2_opencv/package.zsh'
[8.352s] Level 1:colcon.colcon_core.environment:create_file_with_runtime_dependencies(/home/encoder/Desktop/ros2-robot/ros2_ws/install/ros2_opencv/share/colcon-core/packages/ros2_opencv)
[8.357s] Level 1:colcon.colcon_core.environment:checking '/home/encoder/Desktop/ros2-robot/ros2_ws/install/tello_ros2' for CMake module files
[8.359s] Level 1:colcon.colcon_core.environment:checking '/home/encoder/Desktop/ros2-robot/ros2_ws/install/tello_ros2' for CMake config files
[8.363s] DEBUG:colcon.colcon_core.event_handler.log_command:Invoked command in '/home/encoder/Desktop/ros2-robot/ros2_ws/src/tello_ros2' returned '0': PYTHONPATH=/home/encoder/Desktop/ros2-robot/ros2_ws/build/tello_ros2/prefix_override:/usr/lib/python3/dist-packages/colcon_core/task/python/colcon_distutils_commands:/home/encoder/Desktop/ros2-robot/ros2_ws/install/tello_ros2/lib/python3.10/site-packages:${PYTHONPATH} /usr/bin/python3 -W ignore:setup.py install is deprecated -W ignore:easy_install command is deprecated setup.py egg_info --egg-base ../../build/tello_ros2 build --build-base /home/encoder/Desktop/ros2-robot/ros2_ws/build/tello_ros2/build install --record /home/encoder/Desktop/ros2-robot/ros2_ws/build/tello_ros2/install.log --single-version-externally-managed install_data
[8.366s] Level 1:colcon.colcon_core.environment:checking '/home/encoder/Desktop/ros2-robot/ros2_ws/install/tello_ros2/lib'
[8.366s] Level 1:colcon.colcon_core.environment:checking '/home/encoder/Desktop/ros2-robot/ros2_ws/install/tello_ros2/bin'
[8.367s] Level 1:colcon.colcon_core.shell:create_environment_hook('tello_ros2', 'path')
[8.367s] INFO:colcon.colcon_core.shell:Creating environment hook '/home/encoder/Desktop/ros2-robot/ros2_ws/install/tello_ros2/share/tello_ros2/hook/path.ps1'
[8.370s] INFO:colcon.colcon_core.shell:Creating environment descriptor '/home/encoder/Desktop/ros2-robot/ros2_ws/install/tello_ros2/share/tello_ros2/hook/path.dsv'
[8.371s] INFO:colcon.colcon_core.shell:Creating environment hook '/home/encoder/Desktop/ros2-robot/ros2_ws/install/tello_ros2/share/tello_ros2/hook/path.sh'
[8.373s] Level 1:colcon.colcon_core.environment:checking '/home/encoder/Desktop/ros2-robot/ros2_ws/install/tello_ros2/lib/pkgconfig/tello_ros2.pc'
[8.374s] Level 1:colcon.colcon_core.environment:checking '/home/encoder/Desktop/ros2-robot/ros2_ws/install/tello_ros2/lib/python3.10/site-packages'
[8.374s] Level 1:colcon.colcon_core.shell:create_environment_hook('tello_ros2', 'pythonpath')
[8.375s] INFO:colcon.colcon_core.shell:Creating environment hook '/home/encoder/Desktop/ros2-robot/ros2_ws/install/tello_ros2/share/tello_ros2/hook/pythonpath.ps1'
[8.378s] INFO:colcon.colcon_core.shell:Creating environment descriptor '/home/encoder/Desktop/ros2-robot/ros2_ws/install/tello_ros2/share/tello_ros2/hook/pythonpath.dsv'
[8.379s] INFO:colcon.colcon_core.shell:Creating environment hook '/home/encoder/Desktop/ros2-robot/ros2_ws/install/tello_ros2/share/tello_ros2/hook/pythonpath.sh'
[8.382s] Level 1:colcon.colcon_core.environment:checking '/home/encoder/Desktop/ros2-robot/ros2_ws/install/tello_ros2/bin'
[8.382s] Level 1:colcon.colcon_core.shell:create_environment_hook('tello_ros2', 'pythonscriptspath')
[8.383s] INFO:colcon.colcon_core.shell:Creating environment hook '/home/encoder/Desktop/ros2-robot/ros2_ws/install/tello_ros2/share/tello_ros2/hook/pythonscriptspath.ps1'
[8.385s] INFO:colcon.colcon_core.shell:Creating environment descriptor '/home/encoder/Desktop/ros2-robot/ros2_ws/install/tello_ros2/share/tello_ros2/hook/pythonscriptspath.dsv'
[8.387s] INFO:colcon.colcon_core.shell:Creating environment hook '/home/encoder/Desktop/ros2-robot/ros2_ws/install/tello_ros2/share/tello_ros2/hook/pythonscriptspath.sh'
[8.388s] Level 1:colcon.colcon_core.environment:create_environment_scripts_only(tello_ros2)
[8.390s] INFO:colcon.colcon_core.shell:Creating package script '/home/encoder/Desktop/ros2-robot/ros2_ws/install/tello_ros2/share/tello_ros2/package.ps1'
[8.393s] INFO:colcon.colcon_core.shell:Creating package descriptor '/home/encoder/Desktop/ros2-robot/ros2_ws/install/tello_ros2/share/tello_ros2/package.dsv'
[8.396s] INFO:colcon.colcon_core.shell:Creating package script '/home/encoder/Desktop/ros2-robot/ros2_ws/install/tello_ros2/share/tello_ros2/package.sh'
[8.398s] INFO:colcon.colcon_core.shell:Creating package script '/home/encoder/Desktop/ros2-robot/ros2_ws/install/tello_ros2/share/tello_ros2/package.bash'
[8.399s] INFO:colcon.colcon_core.shell:Creating package script '/home/encoder/Desktop/ros2-robot/ros2_ws/install/tello_ros2/share/tello_ros2/package.zsh'
[8.401s] Level 1:colcon.colcon_core.environment:create_file_with_runtime_dependencies(/home/encoder/Desktop/ros2-robot/ros2_ws/install/tello_ros2/share/colcon-core/packages/tello_ros2)
[8.408s] Level 1:colcon.colcon_core.environment:checking '/home/encoder/Desktop/ros2-robot/ros2_ws/install/lidar_mapper' for CMake module files
[8.412s] DEBUG:colcon.colcon_core.event_handler.log_command:Invoked command in '/home/encoder/Desktop/ros2-robot/ros2_ws/src/lidar_mapper' returned '0': PYTHONPATH=/home/encoder/Desktop/ros2-robot/ros2_ws/build/lidar_mapper/prefix_override:/usr/lib/python3/dist-packages/colcon_core/task/python/colcon_distutils_commands:/home/encoder/Desktop/ros2-robot/ros2_ws/install/lidar_mapper/lib/python3.10/site-packages:${PYTHONPATH} /usr/bin/python3 -W ignore:setup.py install is deprecated -W ignore:easy_install command is deprecated setup.py egg_info --egg-base ../../build/lidar_mapper build --build-base /home/encoder/Desktop/ros2-robot/ros2_ws/build/lidar_mapper/build install --record /home/encoder/Desktop/ros2-robot/ros2_ws/build/lidar_mapper/install.log --single-version-externally-managed install_data
[8.414s] Level 1:colcon.colcon_core.environment:checking '/home/encoder/Desktop/ros2-robot/ros2_ws/install/lidar_mapper' for CMake config files
[8.417s] Level 1:colcon.colcon_core.environment:checking '/home/encoder/Desktop/ros2-robot/ros2_ws/install/lidar_mapper/lib'
[8.418s] Level 1:colcon.colcon_core.environment:checking '/home/encoder/Desktop/ros2-robot/ros2_ws/install/lidar_mapper/bin'
[8.418s] Level 1:colcon.colcon_core.environment:checking '/home/encoder/Desktop/ros2-robot/ros2_ws/install/lidar_mapper/lib/pkgconfig/lidar_mapper.pc'
[8.419s] Level 1:colcon.colcon_core.environment:checking '/home/encoder/Desktop/ros2-robot/ros2_ws/install/lidar_mapper/lib/python3.10/site-packages'
[8.420s] Level 1:colcon.colcon_core.shell:create_environment_hook('lidar_mapper', 'pythonpath')
[8.421s] INFO:colcon.colcon_core.shell:Creating environment hook '/home/encoder/Desktop/ros2-robot/ros2_ws/install/lidar_mapper/share/lidar_mapper/hook/pythonpath.ps1'
[8.423s] INFO:colcon.colcon_core.shell:Creating environment descriptor '/home/encoder/Desktop/ros2-robot/ros2_ws/install/lidar_mapper/share/lidar_mapper/hook/pythonpath.dsv'
[8.425s] INFO:colcon.colcon_core.shell:Creating environment hook '/home/encoder/Desktop/ros2-robot/ros2_ws/install/lidar_mapper/share/lidar_mapper/hook/pythonpath.sh'
[8.426s] Level 1:colcon.colcon_core.environment:checking '/home/encoder/Desktop/ros2-robot/ros2_ws/install/lidar_mapper/bin'
[8.427s] Level 1:colcon.colcon_core.environment:create_environment_scripts_only(lidar_mapper)
[8.428s] INFO:colcon.colcon_core.shell:Creating package script '/home/encoder/Desktop/ros2-robot/ros2_ws/install/lidar_mapper/share/lidar_mapper/package.ps1'
[8.429s] INFO:colcon.colcon_core.shell:Creating package descriptor '/home/encoder/Desktop/ros2-robot/ros2_ws/install/lidar_mapper/share/lidar_mapper/package.dsv'
[8.430s] INFO:colcon.colcon_core.shell:Creating package script '/home/encoder/Desktop/ros2-robot/ros2_ws/install/lidar_mapper/share/lidar_mapper/package.sh'
[8.431s] INFO:colcon.colcon_core.shell:Creating package script '/home/encoder/Desktop/ros2-robot/ros2_ws/install/lidar_mapper/share/lidar_mapper/package.bash'
[8.432s] INFO:colcon.colcon_core.shell:Creating package script '/home/encoder/Desktop/ros2-robot/ros2_ws/install/lidar_mapper/share/lidar_mapper/package.zsh'
[8.433s] Level 1:colcon.colcon_core.environment:create_file_with_runtime_dependencies(/home/encoder/Desktop/ros2-robot/ros2_ws/install/lidar_mapper/share/colcon-core/packages/lidar_mapper)
[8.434s] Level 1:colcon.colcon_core.environment:checking '/home/encoder/Desktop/ros2-robot/ros2_ws/install/serial_pubsub' for CMake module files
[8.437s] Level 1:colcon.colcon_core.environment:checking '/home/encoder/Desktop/ros2-robot/ros2_ws/install/serial_pubsub' for CMake config files
[8.440s] DEBUG:colcon.colcon_core.event_handler.log_command:Invoked command in '/home/encoder/Desktop/ros2-robot/ros2_ws/src/serial_pubsub' returned '0': PYTHONPATH=/home/encoder/Desktop/ros2-robot/ros2_ws/build/serial_pubsub/prefix_override:/usr/lib/python3/dist-packages/colcon_core/task/python/colcon_distutils_commands:/home/encoder/Desktop/ros2-robot/ros2_ws/install/serial_pubsub/lib/python3.10/site-packages:${PYTHONPATH} /usr/bin/python3 -W ignore:setup.py install is deprecated -W ignore:easy_install command is deprecated setup.py egg_info --egg-base ../../build/serial_pubsub build --build-base /home/encoder/Desktop/ros2-robot/ros2_ws/build/serial_pubsub/build install --record /home/encoder/Desktop/ros2-robot/ros2_ws/build/serial_pubsub/install.log --single-version-externally-managed install_data
[8.443s] Level 1:colcon.colcon_core.environment:checking '/home/encoder/Desktop/ros2-robot/ros2_ws/install/serial_pubsub/lib'
[8.444s] Level 1:colcon.colcon_core.environment:checking '/home/encoder/Desktop/ros2-robot/ros2_ws/install/serial_pubsub/bin'
[8.444s] Level 1:colcon.colcon_core.environment:checking '/home/encoder/Desktop/ros2-robot/ros2_ws/install/serial_pubsub/lib/pkgconfig/serial_pubsub.pc'
[8.445s] Level 1:colcon.colcon_core.environment:checking '/home/encoder/Desktop/ros2-robot/ros2_ws/install/serial_pubsub/lib/python3.10/site-packages'
[8.449s] Level 1:colcon.colcon_core.shell:create_environment_hook('serial_pubsub', 'pythonpath')
[8.450s] INFO:colcon.colcon_core.shell:Creating environment hook '/home/encoder/Desktop/ros2-robot/ros2_ws/install/serial_pubsub/share/serial_pubsub/hook/pythonpath.ps1'
[8.453s] INFO:colcon.colcon_core.shell:Creating environment descriptor '/home/encoder/Desktop/ros2-robot/ros2_ws/install/serial_pubsub/share/serial_pubsub/hook/pythonpath.dsv'
[8.455s] INFO:colcon.colcon_core.shell:Creating environment hook '/home/encoder/Desktop/ros2-robot/ros2_ws/install/serial_pubsub/share/serial_pubsub/hook/pythonpath.sh'
[8.457s] Level 1:colcon.colcon_core.environment:checking '/home/encoder/Desktop/ros2-robot/ros2_ws/install/serial_pubsub/bin'
[8.458s] Level 1:colcon.colcon_core.environment:create_environment_scripts_only(serial_pubsub)
[8.459s] INFO:colcon.colcon_core.shell:Creating package script '/home/encoder/Desktop/ros2-robot/ros2_ws/install/serial_pubsub/share/serial_pubsub/package.ps1'
[8.461s] INFO:colcon.colcon_core.shell:Creating package descriptor '/home/encoder/Desktop/ros2-robot/ros2_ws/install/serial_pubsub/share/serial_pubsub/package.dsv'
[8.463s] INFO:colcon.colcon_core.shell:Creating package script '/home/encoder/Desktop/ros2-robot/ros2_ws/install/serial_pubsub/share/serial_pubsub/package.sh'
[8.467s] INFO:colcon.colcon_core.shell:Creating package script '/home/encoder/Desktop/ros2-robot/ros2_ws/install/serial_pubsub/share/serial_pubsub/package.bash'
[8.469s] INFO:colcon.colcon_core.shell:Creating package script '/home/encoder/Desktop/ros2-robot/ros2_ws/install/serial_pubsub/share/serial_pubsub/package.zsh'
[8.471s] Level 1:colcon.colcon_core.environment:create_file_with_runtime_dependencies(/home/encoder/Desktop/ros2-robot/ros2_ws/install/serial_pubsub/share/colcon-core/packages/serial_pubsub)
[8.495s] Level 1:colcon.colcon_core.environment:checking '/home/encoder/Desktop/ros2-robot/ros2_ws/install/tello_takip' for CMake module files
[8.499s] Level 1:colcon.colcon_core.environment:checking '/home/encoder/Desktop/ros2-robot/ros2_ws/install/tello_takip' for CMake config files
[8.497s] DEBUG:colcon.colcon_core.event_handler.log_command:Invoked command in '/home/encoder/Desktop/ros2-robot/ros2_ws/src/tello_takip' returned '0': PYTHONPATH=/home/encoder/Desktop/ros2-robot/ros2_ws/build/tello_takip/prefix_override:/usr/lib/python3/dist-packages/colcon_core/task/python/colcon_distutils_commands:/home/encoder/Desktop/ros2-robot/ros2_ws/install/tello_takip/lib/python3.10/site-packages:${PYTHONPATH} /usr/bin/python3 -W ignore:setup.py install is deprecated -W ignore:easy_install command is deprecated setup.py egg_info --egg-base ../../build/tello_takip build --build-base /home/encoder/Desktop/ros2-robot/ros2_ws/build/tello_takip/build install --record /home/encoder/Desktop/ros2-robot/ros2_ws/build/tello_takip/install.log --single-version-externally-managed install_data
[8.501s] Level 1:colcon.colcon_core.environment:checking '/home/encoder/Desktop/ros2-robot/ros2_ws/install/tello_takip/lib'
[8.502s] Level 1:colcon.colcon_core.environment:checking '/home/encoder/Desktop/ros2-robot/ros2_ws/install/tello_takip/bin'
[8.502s] Level 1:colcon.colcon_core.environment:checking '/home/encoder/Desktop/ros2-robot/ros2_ws/install/tello_takip/lib/pkgconfig/tello_takip.pc'
[8.503s] Level 1:colcon.colcon_core.environment:checking '/home/encoder/Desktop/ros2-robot/ros2_ws/install/tello_takip/lib/python3.10/site-packages'
[8.503s] Level 1:colcon.colcon_core.shell:create_environment_hook('tello_takip', 'pythonpath')
[8.504s] INFO:colcon.colcon_core.shell:Creating environment hook '/home/encoder/Desktop/ros2-robot/ros2_ws/install/tello_takip/share/tello_takip/hook/pythonpath.ps1'
[8.506s] INFO:colcon.colcon_core.shell:Creating environment descriptor '/home/encoder/Desktop/ros2-robot/ros2_ws/install/tello_takip/share/tello_takip/hook/pythonpath.dsv'
[8.507s] INFO:colcon.colcon_core.shell:Creating environment hook '/home/encoder/Desktop/ros2-robot/ros2_ws/install/tello_takip/share/tello_takip/hook/pythonpath.sh'
[8.510s] Level 1:colcon.colcon_core.environment:checking '/home/encoder/Desktop/ros2-robot/ros2_ws/install/tello_takip/bin'
[8.510s] Level 1:colcon.colcon_core.environment:create_environment_scripts_only(tello_takip)
[8.511s] INFO:colcon.colcon_core.shell:Creating package script '/home/encoder/Desktop/ros2-robot/ros2_ws/install/tello_takip/share/tello_takip/package.ps1'
[8.513s] INFO:colcon.colcon_core.shell:Creating package descriptor '/home/encoder/Desktop/ros2-robot/ros2_ws/install/tello_takip/share/tello_takip/package.dsv'
[8.515s] INFO:colcon.colcon_core.shell:Creating package script '/home/encoder/Desktop/ros2-robot/ros2_ws/install/tello_takip/share/tello_takip/package.sh'
[8.517s] INFO:colcon.colcon_core.shell:Creating package script '/home/encoder/Desktop/ros2-robot/ros2_ws/install/tello_takip/share/tello_takip/package.bash'
[8.518s] INFO:colcon.colcon_core.shell:Creating package script '/home/encoder/Desktop/ros2-robot/ros2_ws/install/tello_takip/share/tello_takip/package.zsh'
[8.519s] Level 1:colcon.colcon_core.environment:create_file_with_runtime_dependencies(/home/encoder/Desktop/ros2-robot/ros2_ws/install/tello_takip/share/colcon-core/packages/tello_takip)
[8.520s] DEBUG:colcon.colcon_parallel_executor.executor.parallel:closing loop
[8.521s] DEBUG:colcon.colcon_parallel_executor.executor.parallel:loop closed
[8.521s] DEBUG:colcon.colcon_parallel_executor.executor.parallel:run_until_complete finished with '0'
[8.522s] DEBUG:colcon.colcon_core.event_reactor:joining thread
[8.544s] INFO:colcon.colcon_core.plugin_system:Skipping extension 'colcon_notification.desktop_notification.terminal_notifier': Not used on non-Darwin systems
[8.544s] INFO:colcon.colcon_core.plugin_system:Skipping extension 'colcon_notification.desktop_notification.win32': Not used on non-Windows systems
[8.545s] INFO:colcon.colcon_notification.desktop_notification:Sending desktop notification using 'notify2'
[8.595s] DEBUG:colcon.colcon_core.event_reactor:joined thread
[8.597s] INFO:colcon.colcon_core.shell:Creating prefix script '/home/encoder/Desktop/ros2-robot/ros2_ws/install/local_setup.ps1'
[8.601s] INFO:colcon.colcon_core.shell:Creating prefix util module '/home/encoder/Desktop/ros2-robot/ros2_ws/install/_local_setup_util_ps1.py'
[8.607s] INFO:colcon.colcon_core.shell:Creating prefix chain script '/home/encoder/Desktop/ros2-robot/ros2_ws/install/setup.ps1'
[8.614s] INFO:colcon.colcon_core.shell:Creating prefix script '/home/encoder/Desktop/ros2-robot/ros2_ws/install/local_setup.sh'
[8.617s] INFO:colcon.colcon_core.shell:Creating prefix util module '/home/encoder/Desktop/ros2-robot/ros2_ws/install/_local_setup_util_sh.py'
[8.619s] INFO:colcon.colcon_core.shell:Creating prefix chain script '/home/encoder/Desktop/ros2-robot/ros2_ws/install/setup.sh'
[8.626s] INFO:colcon.colcon_core.shell:Creating prefix script '/home/encoder/Desktop/ros2-robot/ros2_ws/install/local_setup.bash'
[8.628s] INFO:colcon.colcon_core.shell:Creating prefix chain script '/home/encoder/Desktop/ros2-robot/ros2_ws/install/setup.bash'
[8.636s] INFO:colcon.colcon_core.shell:Creating prefix script '/home/encoder/Desktop/ros2-robot/ros2_ws/install/local_setup.zsh'
[8.638s] INFO:colcon.colcon_core.shell:Creating prefix chain script '/home/encoder/Desktop/ros2-robot/ros2_ws/install/setup.zsh'
