[2.900s] Invoking command in '/home/encoder/Desktop/badem-robot/ros2_ws/src/ros2_opencv': PYTHONPATH=/home/encoder/Desktop/badem-robot/ros2_ws/build/ros2_opencv/prefix_override:/usr/lib/python3/dist-packages/colcon_core/task/python/colcon_distutils_commands:/home/encoder/Desktop/badem-robot/ros2_ws/install/ros2_opencv/lib/python3.10/site-packages:${PYTHONPATH} /usr/bin/python3 -W ignore:setup.py install is deprecated -W ignore:easy_install command is deprecated setup.py egg_info --egg-base ../../build/ros2_opencv build --build-base /home/encoder/Desktop/badem-robot/ros2_ws/build/ros2_opencv/build install --record /home/encoder/Desktop/badem-robot/ros2_ws/build/ros2_opencv/install.log --single-version-externally-managed install_data
[3.732s] running egg_info
[3.734s] creating ../../build/ros2_opencv/ros2_opencv.egg-info
[3.734s] writing ../../build/ros2_opencv/ros2_opencv.egg-info/PKG-INFO
[3.735s] writing dependency_links to ../../build/ros2_opencv/ros2_opencv.egg-info/dependency_links.txt
[3.736s] writing entry points to ../../build/ros2_opencv/ros2_opencv.egg-info/entry_points.txt
[3.736s] writing requirements to ../../build/ros2_opencv/ros2_opencv.egg-info/requires.txt
[3.736s] writing top-level names to ../../build/ros2_opencv/ros2_opencv.egg-info/top_level.txt
[3.737s] writing manifest file '../../build/ros2_opencv/ros2_opencv.egg-info/SOURCES.txt'
[3.742s] reading manifest file '../../build/ros2_opencv/ros2_opencv.egg-info/SOURCES.txt'
[3.744s] writing manifest file '../../build/ros2_opencv/ros2_opencv.egg-info/SOURCES.txt'
[3.744s] running build
[3.744s] running build_py
[3.745s] creating /home/encoder/Desktop/badem-robot/ros2_ws/build/ros2_opencv/build
[3.745s] creating /home/encoder/Desktop/badem-robot/ros2_ws/build/ros2_opencv/build/lib
[3.745s] creating /home/encoder/Desktop/badem-robot/ros2_ws/build/ros2_opencv/build/lib/ros2_opencv
[3.746s] copying ros2_opencv/__init__.py -> /home/encoder/Desktop/badem-robot/ros2_ws/build/ros2_opencv/build/lib/ros2_opencv
[3.746s] copying ros2_opencv/subcriberImage.py -> /home/encoder/Desktop/badem-robot/ros2_ws/build/ros2_opencv/build/lib/ros2_opencv
[3.746s] copying ros2_opencv/cameraPublisher.py -> /home/encoder/Desktop/badem-robot/ros2_ws/build/ros2_opencv/build/lib/ros2_opencv
[3.747s] running install
[3.747s] running install_lib
[3.752s] creating /home/encoder/Desktop/badem-robot/ros2_ws/install/ros2_opencv/lib/python3.10/site-packages/ros2_opencv
[3.753s] copying /home/encoder/Desktop/badem-robot/ros2_ws/build/ros2_opencv/build/lib/ros2_opencv/__init__.py -> /home/encoder/Desktop/badem-robot/ros2_ws/install/ros2_opencv/lib/python3.10/site-packages/ros2_opencv
[3.753s] copying /home/encoder/Desktop/badem-robot/ros2_ws/build/ros2_opencv/build/lib/ros2_opencv/subcriberImage.py -> /home/encoder/Desktop/badem-robot/ros2_ws/install/ros2_opencv/lib/python3.10/site-packages/ros2_opencv
[3.753s] copying /home/encoder/Desktop/badem-robot/ros2_ws/build/ros2_opencv/build/lib/ros2_opencv/cameraPublisher.py -> /home/encoder/Desktop/badem-robot/ros2_ws/install/ros2_opencv/lib/python3.10/site-packages/ros2_opencv
[3.755s] byte-compiling /home/encoder/Desktop/badem-robot/ros2_ws/install/ros2_opencv/lib/python3.10/site-packages/ros2_opencv/__init__.py to __init__.cpython-310.pyc
[3.755s] byte-compiling /home/encoder/Desktop/badem-robot/ros2_ws/install/ros2_opencv/lib/python3.10/site-packages/ros2_opencv/subcriberImage.py to subcriberImage.cpython-310.pyc
[3.757s] byte-compiling /home/encoder/Desktop/badem-robot/ros2_ws/install/ros2_opencv/lib/python3.10/site-packages/ros2_opencv/cameraPublisher.py to cameraPublisher.cpython-310.pyc
[3.759s] running install_data
[3.759s] creating /home/encoder/Desktop/badem-robot/ros2_ws/install/ros2_opencv/share/ament_index
[3.759s] creating /home/encoder/Desktop/badem-robot/ros2_ws/install/ros2_opencv/share/ament_index/resource_index
[3.760s] creating /home/encoder/Desktop/badem-robot/ros2_ws/install/ros2_opencv/share/ament_index/resource_index/packages
[3.760s] copying resource/ros2_opencv -> /home/encoder/Desktop/badem-robot/ros2_ws/install/ros2_opencv/share/ament_index/resource_index/packages
[3.760s] copying package.xml -> /home/encoder/Desktop/badem-robot/ros2_ws/install/ros2_opencv/share/ros2_opencv
[3.761s] running install_egg_info
[3.766s] Copying ../../build/ros2_opencv/ros2_opencv.egg-info to /home/encoder/Desktop/badem-robot/ros2_ws/install/ros2_opencv/lib/python3.10/site-packages/ros2_opencv-0.0.0-py3.10.egg-info
[3.769s] running install_scripts
[3.840s] Installing publisher_node script to /home/encoder/Desktop/badem-robot/ros2_ws/install/ros2_opencv/lib/ros2_opencv
[3.841s] Installing subcriber_node script to /home/encoder/Desktop/badem-robot/ros2_ws/install/ros2_opencv/lib/ros2_opencv
[3.841s] writing list of installed files to '/home/encoder/Desktop/badem-robot/ros2_ws/build/ros2_opencv/install.log'
[3.907s] Invoked command in '/home/encoder/Desktop/badem-robot/ros2_ws/src/ros2_opencv' returned '0': PYTHONPATH=/home/encoder/Desktop/badem-robot/ros2_ws/build/ros2_opencv/prefix_override:/usr/lib/python3/dist-packages/colcon_core/task/python/colcon_distutils_commands:/home/encoder/Desktop/badem-robot/ros2_ws/install/ros2_opencv/lib/python3.10/site-packages:${PYTHONPATH} /usr/bin/python3 -W ignore:setup.py install is deprecated -W ignore:easy_install command is deprecated setup.py egg_info --egg-base ../../build/ros2_opencv build --build-base /home/encoder/Desktop/badem-robot/ros2_ws/build/ros2_opencv/build install --record /home/encoder/Desktop/badem-robot/ros2_ws/build/ros2_opencv/install.log --single-version-externally-managed install_data
