[1.552s] Invoking command in '/home/badem-robot/badem/ros2_ws/build/ros2_opencv': PYTHONPATH=/home/badem-robot/badem/ros2_ws/build/ros2_opencv/prefix_override:/usr/lib/python3/dist-packages/colcon_core/task/python/colcon_distutils_commands:/home/badem-robot/badem/ros2_ws/install/ros2_opencv/lib/python3.12/site-packages:${PYTHONPATH} /usr/bin/python3 -W ignore:setup.py install is deprecated -W ignore:easy_install command is deprecated setup.py develop --uninstall --editable --build-directory /home/badem-robot/badem/ros2_ws/build/ros2_opencv/build
[1.970s] running develop
[2.231s] Removing /home/badem-robot/badem/ros2_ws/install/ros2_opencv/lib/python3.12/site-packages/ros2-opencv.egg-link (link to .)
[2.347s] Invoked command in '/home/badem-robot/badem/ros2_ws/build/ros2_opencv' returned '0': PYTHONPATH=/home/badem-robot/badem/ros2_ws/build/ros2_opencv/prefix_override:/usr/lib/python3/dist-packages/colcon_core/task/python/colcon_distutils_commands:/home/badem-robot/badem/ros2_ws/install/ros2_opencv/lib/python3.12/site-packages:${PYTHONPATH} /usr/bin/python3 -W ignore:setup.py install is deprecated -W ignore:easy_install command is deprecated setup.py develop --uninstall --editable --build-directory /home/badem-robot/badem/ros2_ws/build/ros2_opencv/build
[2.349s] Invoking command in '/home/badem-robot/badem/ros2_ws/src/ros2_opencv': PYTHONPATH=/home/badem-robot/badem/ros2_ws/build/ros2_opencv/prefix_override:/usr/lib/python3/dist-packages/colcon_core/task/python/colcon_distutils_commands:/home/badem-robot/badem/ros2_ws/install/ros2_opencv/lib/python3.12/site-packages:${PYTHONPATH} /usr/bin/python3 -W ignore:setup.py install is deprecated -W ignore:easy_install command is deprecated setup.py egg_info --egg-base ../../build/ros2_opencv build --build-base /home/badem-robot/badem/ros2_ws/build/ros2_opencv/build install --record /home/badem-robot/badem/ros2_ws/build/ros2_opencv/install.log --single-version-externally-managed install_data --force
[2.720s] running egg_info
[2.745s] writing ../../build/ros2_opencv/ros2_opencv.egg-info/PKG-INFO
[2.745s] writing dependency_links to ../../build/ros2_opencv/ros2_opencv.egg-info/dependency_links.txt
[2.748s] writing entry points to ../../build/ros2_opencv/ros2_opencv.egg-info/entry_points.txt
[2.748s] writing requirements to ../../build/ros2_opencv/ros2_opencv.egg-info/requires.txt
[2.748s] writing top-level names to ../../build/ros2_opencv/ros2_opencv.egg-info/top_level.txt
[2.800s] reading manifest file '../../build/ros2_opencv/ros2_opencv.egg-info/SOURCES.txt'
[2.801s] writing manifest file '../../build/ros2_opencv/ros2_opencv.egg-info/SOURCES.txt'
[2.801s] running build
[2.801s] running build_py
[2.802s] creating /home/badem-robot/badem/ros2_ws/build/ros2_opencv/build
[2.802s] creating /home/badem-robot/badem/ros2_ws/build/ros2_opencv/build/lib
[2.802s] creating /home/badem-robot/badem/ros2_ws/build/ros2_opencv/build/lib/ros2_opencv
[2.802s] copying ros2_opencv/cameraPublisher.py -> /home/badem-robot/badem/ros2_ws/build/ros2_opencv/build/lib/ros2_opencv
[2.802s] copying ros2_opencv/__init__.py -> /home/badem-robot/badem/ros2_ws/build/ros2_opencv/build/lib/ros2_opencv
[2.802s] copying ros2_opencv/subcriberImage.py -> /home/badem-robot/badem/ros2_ws/build/ros2_opencv/build/lib/ros2_opencv
[2.802s] running install
[2.812s] running install_lib
[2.837s] creating /home/badem-robot/badem/ros2_ws/install/ros2_opencv/lib/python3.12/site-packages/ros2_opencv
[2.838s] copying /home/badem-robot/badem/ros2_ws/build/ros2_opencv/build/lib/ros2_opencv/cameraPublisher.py -> /home/badem-robot/badem/ros2_ws/install/ros2_opencv/lib/python3.12/site-packages/ros2_opencv
[2.838s] copying /home/badem-robot/badem/ros2_ws/build/ros2_opencv/build/lib/ros2_opencv/__init__.py -> /home/badem-robot/badem/ros2_ws/install/ros2_opencv/lib/python3.12/site-packages/ros2_opencv
[2.838s] copying /home/badem-robot/badem/ros2_ws/build/ros2_opencv/build/lib/ros2_opencv/subcriberImage.py -> /home/badem-robot/badem/ros2_ws/install/ros2_opencv/lib/python3.12/site-packages/ros2_opencv
[2.839s] byte-compiling /home/badem-robot/badem/ros2_ws/install/ros2_opencv/lib/python3.12/site-packages/ros2_opencv/cameraPublisher.py to cameraPublisher.cpython-312.pyc
[2.840s] byte-compiling /home/badem-robot/badem/ros2_ws/install/ros2_opencv/lib/python3.12/site-packages/ros2_opencv/__init__.py to __init__.cpython-312.pyc
[2.840s] byte-compiling /home/badem-robot/badem/ros2_ws/install/ros2_opencv/lib/python3.12/site-packages/ros2_opencv/subcriberImage.py to subcriberImage.cpython-312.pyc
[2.841s] running install_data
[2.841s] copying resource/ros2_opencv -> /home/badem-robot/badem/ros2_ws/install/ros2_opencv/share/ament_index/resource_index/packages
[2.841s] copying package.xml -> /home/badem-robot/badem/ros2_ws/install/ros2_opencv/share/ros2_opencv
[2.841s] running install_egg_info
[2.869s] Copying ../../build/ros2_opencv/ros2_opencv.egg-info to /home/badem-robot/badem/ros2_ws/install/ros2_opencv/lib/python3.12/site-packages/ros2_opencv-0.0.0-py3.12.egg-info
[2.870s] running install_scripts
[3.050s] Installing publisher_node script to /home/badem-robot/badem/ros2_ws/install/ros2_opencv/lib/ros2_opencv
[3.051s] Installing subcriber_node script to /home/badem-robot/badem/ros2_ws/install/ros2_opencv/lib/ros2_opencv
[3.053s] writing list of installed files to '/home/badem-robot/badem/ros2_ws/build/ros2_opencv/install.log'
[3.157s] Invoked command in '/home/badem-robot/badem/ros2_ws/src/ros2_opencv' returned '0': PYTHONPATH=/home/badem-robot/badem/ros2_ws/build/ros2_opencv/prefix_override:/usr/lib/python3/dist-packages/colcon_core/task/python/colcon_distutils_commands:/home/badem-robot/badem/ros2_ws/install/ros2_opencv/lib/python3.12/site-packages:${PYTHONPATH} /usr/bin/python3 -W ignore:setup.py install is deprecated -W ignore:easy_install command is deprecated setup.py egg_info --egg-base ../../build/ros2_opencv build --build-base /home/badem-robot/badem/ros2_ws/build/ros2_opencv/build install --record /home/badem-robot/badem/ros2_ws/build/ros2_opencv/install.log --single-version-externally-managed install_data --force
