[1.882s] Invoking command in '/home/encoder/Desktop/badem-robot/ros2_ws/src/serial_pubsub': PYTHONPATH=/home/encoder/Desktop/badem-robot/ros2_ws/build/serial_pubsub/prefix_override:/usr/lib/python3/dist-packages/colcon_core/task/python/colcon_distutils_commands:/home/encoder/Desktop/badem-robot/ros2_ws/install/serial_pubsub/lib/python3.10/site-packages:${PYTHONPATH} /usr/bin/python3 -W ignore:setup.py install is deprecated -W ignore:easy_install command is deprecated setup.py egg_info --egg-base ../../build/serial_pubsub build --build-base /home/encoder/Desktop/badem-robot/ros2_ws/build/serial_pubsub/build install --record /home/encoder/Desktop/badem-robot/ros2_ws/build/serial_pubsub/install.log --single-version-externally-managed install_data
[2.323s] running egg_info
[2.325s] writing ../../build/serial_pubsub/serial_pubsub.egg-info/PKG-INFO
[2.325s] writing dependency_links to ../../build/serial_pubsub/serial_pubsub.egg-info/dependency_links.txt
[2.325s] writing entry points to ../../build/serial_pubsub/serial_pubsub.egg-info/entry_points.txt
[2.326s] writing requirements to ../../build/serial_pubsub/serial_pubsub.egg-info/requires.txt
[2.326s] writing top-level names to ../../build/serial_pubsub/serial_pubsub.egg-info/top_level.txt
[2.328s] reading manifest file '../../build/serial_pubsub/serial_pubsub.egg-info/SOURCES.txt'
[2.329s] adding license file 'LICENSE'
[2.331s] writing manifest file '../../build/serial_pubsub/serial_pubsub.egg-info/SOURCES.txt'
[2.331s] running build
[2.331s] running build_py
[2.332s] copying serial_pubsub/keyboard_subscriber.py -> /home/encoder/Desktop/badem-robot/ros2_ws/build/serial_pubsub/build/lib/serial_pubsub
[2.332s] running install
[2.333s] running install_lib
[2.334s] copying /home/encoder/Desktop/badem-robot/ros2_ws/build/serial_pubsub/build/lib/serial_pubsub/keyboard_subscriber.py -> /home/encoder/Desktop/badem-robot/ros2_ws/install/serial_pubsub/lib/python3.10/site-packages/serial_pubsub
[2.335s] byte-compiling /home/encoder/Desktop/badem-robot/ros2_ws/install/serial_pubsub/lib/python3.10/site-packages/serial_pubsub/keyboard_subscriber.py to keyboard_subscriber.cpython-310.pyc
[2.336s] running install_data
[2.337s] running install_egg_info
[2.340s] removing '/home/encoder/Desktop/badem-robot/ros2_ws/install/serial_pubsub/lib/python3.10/site-packages/serial_pubsub-0.0.0-py3.10.egg-info' (and everything under it)
[2.341s] Copying ../../build/serial_pubsub/serial_pubsub.egg-info to /home/encoder/Desktop/badem-robot/ros2_ws/install/serial_pubsub/lib/python3.10/site-packages/serial_pubsub-0.0.0-py3.10.egg-info
[2.342s] running install_scripts
[2.380s] Installing cPublisher script to /home/encoder/Desktop/badem-robot/ros2_ws/install/serial_pubsub/lib/serial_pubsub
[2.380s] Installing kPublisher script to /home/encoder/Desktop/badem-robot/ros2_ws/install/serial_pubsub/lib/serial_pubsub
[2.381s] Installing kSubscriber script to /home/encoder/Desktop/badem-robot/ros2_ws/install/serial_pubsub/lib/serial_pubsub
[2.381s] writing list of installed files to '/home/encoder/Desktop/badem-robot/ros2_ws/build/serial_pubsub/install.log'
[2.425s] Invoked command in '/home/encoder/Desktop/badem-robot/ros2_ws/src/serial_pubsub' returned '0': PYTHONPATH=/home/encoder/Desktop/badem-robot/ros2_ws/build/serial_pubsub/prefix_override:/usr/lib/python3/dist-packages/colcon_core/task/python/colcon_distutils_commands:/home/encoder/Desktop/badem-robot/ros2_ws/install/serial_pubsub/lib/python3.10/site-packages:${PYTHONPATH} /usr/bin/python3 -W ignore:setup.py install is deprecated -W ignore:easy_install command is deprecated setup.py egg_info --egg-base ../../build/serial_pubsub build --build-base /home/encoder/Desktop/badem-robot/ros2_ws/build/serial_pubsub/build install --record /home/encoder/Desktop/badem-robot/ros2_ws/build/serial_pubsub/install.log --single-version-externally-managed install_data
