[0.043s] Invoking command in '/home/encoder/Desktop/ros2-robot/build/tello_gazebo': AMENT_PREFIX_PATH=/home/encoder/Desktop/ros2-robot/install/tello_msgs:${AMENT_PREFIX_PATH} CMAKE_PREFIX_PATH=/home/encoder/Desktop/ros2-robot/install/tello_msgs:/opt/ros/humble LD_LIBRARY_PATH=/home/encoder/Desktop/ros2-robot/install/tello_msgs/lib:${LD_LIBRARY_PATH} PYTHONPATH=/home/encoder/Desktop/ros2-robot/install/tello_msgs/local/lib/python3.10/dist-packages:${PYTHONPATH} /usr/bin/cmake /home/encoder/Desktop/ros2-robot/ros2_ws/src/tello_ros/tello_gazebo -DCMAKE_INSTALL_PREFIX=/home/encoder/Desktop/ros2-robot/install/tello_gazebo
[0.238s] -- The C compiler identification is GNU 11.4.0
[0.437s] -- The CXX compiler identification is GNU 11.4.0
[0.462s] -- Detecting C compiler ABI info
[0.720s] -- Detecting C compiler ABI info - done
[0.760s] -- Check for working C compiler: /usr/bin/cc - skipped
[0.765s] -- Detecting C compile features
[0.766s] -- Detecting C compile features - done
[0.779s] -- Detecting CXX compiler ABI info
[1.103s] -- Detecting CXX compiler ABI info - done
[1.135s] -- Check for working CXX compiler: /usr/bin/c++ - skipped
[1.139s] -- Detecting CXX compile features
[1.140s] -- Detecting CXX compile features - done
[1.148s] -- Found ament_cmake: 1.3.11 (/opt/ros/humble/share/ament_cmake/cmake)
[1.724s] -- Found Python3: /usr/bin/python3 (found version "3.10.12") found components: Interpreter 
[2.024s] [33mCMake Warning (dev) at /usr/share/cmake-3.22/Modules/FindPackageHandleStandardArgs.cmake:438 (message):
[2.025s]   The package name passed to `find_package_handle_standard_args` (PkgConfig)
[2.025s]   does not match the name of the calling package (gazebo).  This can lead to
[2.025s]   problems in calling code that expects `find_package` result variables
[2.025s]   (e.g., `_FOUND`) to follow a certain pattern.
[2.025s] Call Stack (most recent call first):
[2.025s]   /usr/share/cmake-3.22/Modules/FindPkgConfig.cmake:99 (find_package_handle_standard_args)
[2.026s]   /usr/lib/x86_64-linux-gnu/cmake/gazebo/gazebo-config.cmake:72 (include)
[2.026s]   CMakeLists.txt:27 (find_package)
[2.026s] This warning is for project developers.  Use -Wno-dev to suppress it.
[2.026s] [0m
[2.026s] -- Found PkgConfig: /usr/bin/pkg-config (found version "0.29.2") 
[2.039s] -- Checking for module 'bullet>=2.82'
[2.074s] --   Found bullet, version 3.05
[2.392s] -- Found fcl: /usr/include (found suitable version "0.7.0", minimum required is "0.5.0") 
[2.537s] -- Found assimp: /usr/include (found version "5.2.0") 
[2.602s] -- Found DART: /usr/include (Required is at least version "6.6") found components: dart 
[3.168s] -- Found Boost: /usr/lib/x86_64-linux-gnu/cmake/Boost-1.74.0/BoostConfig.cmake (found suitable version "1.74.0", minimum required is "1.40.0") found components: thread system filesystem program_options regex iostreams date_time 
[3.242s] -- Found Protobuf: /usr/lib/x86_64-linux-gnu/libprotobuf.so (found version "3.12.4") 
[3.267s] -- Looking for ignition-math6 -- found version 6.15.1
[3.307s] -- Searching for dependencies of ignition-math6
[3.313s] -- Looking for OGRE...
[3.315s] -- OGRE_PREFIX_WATCH changed.
[3.331s] -- Checking for module 'OGRE'
[3.374s] --   Found OGRE, version 1.9.0
[3.495s] -- Found Ogre Ghadamon (1.9.0)
[3.536s] -- Found OGRE: optimized;/usr/lib/x86_64-linux-gnu/libOgreMain.so;debug;/usr/lib/x86_64-linux-gnu/libOgreMain.so
[3.569s] -- Looking for OGRE_Paging...
[3.591s] -- Found OGRE_Paging: optimized;/usr/lib/x86_64-linux-gnu/libOgrePaging.so;debug;/usr/lib/x86_64-linux-gnu/libOgrePaging.so
[3.592s] -- Looking for OGRE_Terrain...
[3.615s] -- Found OGRE_Terrain: optimized;/usr/lib/x86_64-linux-gnu/libOgreTerrain.so;debug;/usr/lib/x86_64-linux-gnu/libOgreTerrain.so
[3.616s] -- Looking for OGRE_Property...
[3.634s] -- Found OGRE_Property: optimized;/usr/lib/x86_64-linux-gnu/libOgreProperty.so;debug;/usr/lib/x86_64-linux-gnu/libOgreProperty.so
[3.634s] -- Looking for OGRE_RTShaderSystem...
[3.654s] -- Found OGRE_RTShaderSystem: optimized;/usr/lib/x86_64-linux-gnu/libOgreRTShaderSystem.so;debug;/usr/lib/x86_64-linux-gnu/libOgreRTShaderSystem.so
[3.654s] -- Looking for OGRE_Volume...
[3.680s] -- Found OGRE_Volume: optimized;/usr/lib/x86_64-linux-gnu/libOgreVolume.so;debug;/usr/lib/x86_64-linux-gnu/libOgreVolume.so
[3.681s] -- Looking for OGRE_Overlay...
[3.701s] -- Found OGRE_Overlay: optimized;/usr/lib/x86_64-linux-gnu/libOgreOverlay.so;debug;/usr/lib/x86_64-linux-gnu/libOgreOverlay.so
[4.140s] -- Looking for ignition-math6 -- found version 6.15.1
[4.149s] -- Looking for ignition-transport8 -- found version 8.2.1
[4.154s] -- Searching for dependencies of ignition-transport8
[4.209s] -- Found Protobuf: /usr/lib/x86_64-linux-gnu/libprotobuf.so (found suitable version "3.12.4", minimum required is "3") 
[4.249s] -- Config-file not installed for ZeroMQ -- checking for pkg-config
[4.264s] -- Checking for module 'libzmq >= 4'
[4.313s] --   Found libzmq , version 4.3.4
[4.439s] -- Found ZeroMQ: TRUE (Required is at least version "4") 
[4.461s] -- Checking for module 'uuid'
[4.512s] --   Found uuid, version 2.37.2
[4.629s] -- Found UUID: TRUE  
[4.640s] -- Looking for ignition-msgs5 -- found version 5.8.1
[4.646s] -- Searching for dependencies of ignition-msgs5
[4.712s] -- Looking for ignition-math6 -- found version 6.15.1
[4.733s] -- Checking for module 'tinyxml2'
[4.777s] --   Found tinyxml2, version 9.0.0
[4.895s] -- Looking for ignition-msgs5 -- found version 5.8.1
[4.902s] -- Looking for ignition-common3 -- found version 3.14.0
[4.904s] -- Searching for dependencies of ignition-common3
[4.906s] -- Looking for dlfcn.h - found
[4.910s] -- Looking for libdl - found
[4.915s] -- Found DL: TRUE  
[4.956s] -- Found tinyobjloader: /usr/lib/x86_64-linux-gnu/cmake/tinyobjloader/tinyobjloader-config.cmake (found version "2.0.0") 
[4.959s] -- Searching for <ignition-common3> component [graphics]
[4.970s] -- Looking for ignition-common3-graphics -- found version 3.14.0
[4.970s] -- Searching for dependencies of ignition-common3-graphics
[4.971s] -- Looking for ignition-math6 -- found version 6.15.1
[4.980s] -- Looking for ignition-fuel_tools4 -- found version 4.4.0
[4.982s] -- Searching for dependencies of ignition-fuel_tools4
[5.222s] -- Found CURL: /usr/lib/x86_64-linux-gnu/libcurl.so (found version "7.81.0")  
[5.254s] -- Checking for module 'jsoncpp'
[5.293s] --   Found jsoncpp, version 1.9.5
[5.391s] -- Found JSONCPP: TRUE  
[5.412s] -- Checking for module 'libzip'
[5.452s] --   Found libzip, version 1.7.3
[5.554s] -- Found ZIP: TRUE  
[5.557s] -- Looking for ignition-common3 -- found version 3.14.0
[5.558s] -- Looking for ignition-math6 -- found version 6.15.1
[5.559s] -- Looking for ignition-msgs5 -- found version 5.8.1
[5.581s] -- Found gazebo_dev: 3.9.0 (/opt/ros/humble/share/gazebo_dev/cmake)
[5.582s] -- Gazebo version: 11.10
[5.583s] -- Checking for module 'tbb'
[5.624s] --   Found tbb, version 2021.5.0
[5.729s] -- Found gazebo_ros: 3.9.0 (/opt/ros/humble/share/gazebo_ros/cmake)
[5.858s] -- Found rosidl_generator_c: 3.1.6 (/opt/ros/humble/share/rosidl_generator_c/cmake)
[5.874s] -- Found rosidl_adapter: 3.1.6 (/opt/ros/humble/share/rosidl_adapter/cmake)
[5.898s] -- Found rosidl_generator_cpp: 3.1.6 (/opt/ros/humble/share/rosidl_generator_cpp/cmake)
[5.936s] -- Using all available rosidl_typesupport_c: rosidl_typesupport_fastrtps_c;rosidl_typesupport_introspection_c
[5.984s] -- Using all available rosidl_typesupport_cpp: rosidl_typesupport_fastrtps_cpp;rosidl_typesupport_introspection_cpp
[6.124s] -- Found rmw_implementation_cmake: 6.1.2 (/opt/ros/humble/share/rmw_implementation_cmake/cmake)
[6.131s] -- Found rmw_fastrtps_cpp: 6.2.7 (/opt/ros/humble/share/rmw_fastrtps_cpp/cmake)
[6.408s] -- Found OpenSSL: /usr/lib/x86_64-linux-gnu/libcrypto.so (found version "3.0.2")  
[6.493s] -- Found FastRTPS: /opt/ros/humble/include  
[6.639s] -- Using RMW implementation 'rmw_fastrtps_cpp' as default
[6.669s] -- Found Threads: TRUE  
[6.853s] -- Found geometry_msgs: 4.2.4 (/opt/ros/humble/share/geometry_msgs/cmake)
[6.889s] -- Found sensor_msgs: 4.2.4 (/opt/ros/humble/share/sensor_msgs/cmake)
[6.943s] -- Found tello_msgs: 0.1.0 (/home/encoder/Desktop/ros2-robot/install/tello_msgs/share/tello_msgs/cmake)
[7.219s] -- Configuring done
[7.310s] -- Generating done
[7.329s] -- Build files have been written to: /home/encoder/Desktop/ros2-robot/build/tello_gazebo
