[0.535s] Invoking command in '/home/encoder/Desktop/badem-robot/ros2_ws/build/rplidar_ros': CMAKE_PREFIX_PATH=${CMAKE_PREFIX_PATH}:/home/encoder/Desktop/badem-robot/ros2_ws/install/serial_pubsub:/home/encoder/Desktop/badem-robot/ros2_ws/install/ros2_opencv:/opt/ros/humble /usr/bin/cmake --build /home/encoder/Desktop/badem-robot/ros2_ws/build/rplidar_ros -- -j12 -l12
[0.634s] [35m[1mConsolidate compiler generated dependencies of target rplidar_client[0m
[0.639s] [35m[1mConsolidate compiler generated dependencies of target rplidar_node[0m
[0.641s] [35m[1mConsolidate compiler generated dependencies of target rplidar_composition[0m
[0.682s] [  5%] Built target rplidar_client
[0.726s] [100%] Built target rplidar_node
[0.727s] [100%] Built target rplidar_composition
[1.055s] Invoked command in '/home/encoder/Desktop/badem-robot/ros2_ws/build/rplidar_ros' returned '0': CMAKE_PREFIX_PATH=${CMAKE_PREFIX_PATH}:/home/encoder/Desktop/badem-robot/ros2_ws/install/serial_pubsub:/home/encoder/Desktop/badem-robot/ros2_ws/install/ros2_opencv:/opt/ros/humble /usr/bin/cmake --build /home/encoder/Desktop/badem-robot/ros2_ws/build/rplidar_ros -- -j12 -l12
[1.081s] Invoking command in '/home/encoder/Desktop/badem-robot/ros2_ws/build/rplidar_ros': CMAKE_PREFIX_PATH=${CMAKE_PREFIX_PATH}:/home/encoder/Desktop/badem-robot/ros2_ws/install/serial_pubsub:/home/encoder/Desktop/badem-robot/ros2_ws/install/ros2_opencv:/opt/ros/humble /usr/bin/cmake --install /home/encoder/Desktop/badem-robot/ros2_ws/build/rplidar_ros
[1.100s] -- Install configuration: ""
[1.100s] -- Up-to-date: /home/encoder/Desktop/badem-robot/ros2_ws/install/rplidar_ros/share/rplidar_ros/launch
[1.101s] -- Up-to-date: /home/encoder/Desktop/badem-robot/ros2_ws/install/rplidar_ros/share/rplidar_ros/launch/rplidar_a3_launch.py
[1.101s] -- Up-to-date: /home/encoder/Desktop/badem-robot/ros2_ws/install/rplidar_ros/share/rplidar_ros/launch/rplidar_s1_tcp_launch.py
[1.101s] -- Up-to-date: /home/encoder/Desktop/badem-robot/ros2_ws/install/rplidar_ros/share/rplidar_ros/launch/view_rplidar_s1_tcp_launch.py
[1.102s] -- Up-to-date: /home/encoder/Desktop/badem-robot/ros2_ws/install/rplidar_ros/share/rplidar_ros/launch/view_rplidar_a3_launch.py
[1.102s] -- Up-to-date: /home/encoder/Desktop/badem-robot/ros2_ws/install/rplidar_ros/share/rplidar_ros/launch/view_rplidar_a2m8_launch.py
[1.102s] -- Up-to-date: /home/encoder/Desktop/badem-robot/ros2_ws/install/rplidar_ros/share/rplidar_ros/launch/rplidar_s3_launch.py
[1.103s] -- Up-to-date: /home/encoder/Desktop/badem-robot/ros2_ws/install/rplidar_ros/share/rplidar_ros/launch/rplidar_a1_launch.py
[1.103s] -- Up-to-date: /home/encoder/Desktop/badem-robot/ros2_ws/install/rplidar_ros/share/rplidar_ros/launch/rplidar_s2_launch.py
[1.103s] -- Up-to-date: /home/encoder/Desktop/badem-robot/ros2_ws/install/rplidar_ros/share/rplidar_ros/launch/rplidar_s1_launch.py
[1.104s] -- Up-to-date: /home/encoder/Desktop/badem-robot/ros2_ws/install/rplidar_ros/share/rplidar_ros/launch/rplidar_a2m12_launch.py
[1.104s] -- Up-to-date: /home/encoder/Desktop/badem-robot/ros2_ws/install/rplidar_ros/share/rplidar_ros/launch/view_rplidar_s3_launch.py
[1.104s] -- Up-to-date: /home/encoder/Desktop/badem-robot/ros2_ws/install/rplidar_ros/share/rplidar_ros/launch/view_rplidar_a1_launch.py
[1.105s] -- Up-to-date: /home/encoder/Desktop/badem-robot/ros2_ws/install/rplidar_ros/share/rplidar_ros/launch/rplidar_a2m7_launch.py
[1.105s] -- Up-to-date: /home/encoder/Desktop/badem-robot/ros2_ws/install/rplidar_ros/share/rplidar_ros/launch/view_rplidar_a2m12_launch.py
[1.106s] -- Up-to-date: /home/encoder/Desktop/badem-robot/ros2_ws/install/rplidar_ros/share/rplidar_ros/launch/rplidar_c1_launch.py
[1.106s] -- Up-to-date: /home/encoder/Desktop/badem-robot/ros2_ws/install/rplidar_ros/share/rplidar_ros/launch/rplidar_t1_launch.py
[1.106s] -- Up-to-date: /home/encoder/Desktop/badem-robot/ros2_ws/install/rplidar_ros/share/rplidar_ros/launch/view_rplidar_c1_launch.py
[1.107s] -- Up-to-date: /home/encoder/Desktop/badem-robot/ros2_ws/install/rplidar_ros/share/rplidar_ros/launch/view_rplidar_a2m7_launch.py
[1.107s] -- Up-to-date: /home/encoder/Desktop/badem-robot/ros2_ws/install/rplidar_ros/share/rplidar_ros/launch/rplidar_a2m8_launch.py
[1.107s] -- Up-to-date: /home/encoder/Desktop/badem-robot/ros2_ws/install/rplidar_ros/share/rplidar_ros/launch/view_rplidar_s2e_launch.py
[1.108s] -- Up-to-date: /home/encoder/Desktop/badem-robot/ros2_ws/install/rplidar_ros/share/rplidar_ros/launch/view_rplidar_s1_launch.py
[1.108s] -- Up-to-date: /home/encoder/Desktop/badem-robot/ros2_ws/install/rplidar_ros/share/rplidar_ros/launch/rplidar_s2e_launch.py
[1.108s] -- Up-to-date: /home/encoder/Desktop/badem-robot/ros2_ws/install/rplidar_ros/share/rplidar_ros/launch/view_rplidar_t1_launch.py
[1.108s] -- Up-to-date: /home/encoder/Desktop/badem-robot/ros2_ws/install/rplidar_ros/share/rplidar_ros/launch/view_rplidar_s2_launch.py
[1.109s] -- Up-to-date: /home/encoder/Desktop/badem-robot/ros2_ws/install/rplidar_ros/share/rplidar_ros/rviz
[1.109s] -- Up-to-date: /home/encoder/Desktop/badem-robot/ros2_ws/install/rplidar_ros/share/rplidar_ros/rviz/rplidar_ros.rviz
[1.109s] -- Up-to-date: /home/encoder/Desktop/badem-robot/ros2_ws/install/rplidar_ros/lib/rplidar_ros/rplidar_node
[1.110s] -- Up-to-date: /home/encoder/Desktop/badem-robot/ros2_ws/install/rplidar_ros/lib/rplidar_ros/rplidar_composition
[1.110s] -- Up-to-date: /home/encoder/Desktop/badem-robot/ros2_ws/install/rplidar_ros/lib/rplidar_ros/rplidar_client
[1.111s] -- Up-to-date: /home/encoder/Desktop/badem-robot/ros2_ws/install/rplidar_ros/share/ament_index/resource_index/package_run_dependencies/rplidar_ros
[1.111s] -- Up-to-date: /home/encoder/Desktop/badem-robot/ros2_ws/install/rplidar_ros/share/ament_index/resource_index/parent_prefix_path/rplidar_ros
[1.112s] -- Up-to-date: /home/encoder/Desktop/badem-robot/ros2_ws/install/rplidar_ros/share/rplidar_ros/environment/ament_prefix_path.sh
[1.112s] -- Up-to-date: /home/encoder/Desktop/badem-robot/ros2_ws/install/rplidar_ros/share/rplidar_ros/environment/ament_prefix_path.dsv
[1.112s] -- Up-to-date: /home/encoder/Desktop/badem-robot/ros2_ws/install/rplidar_ros/share/rplidar_ros/environment/path.sh
[1.114s] -- Up-to-date: /home/encoder/Desktop/badem-robot/ros2_ws/install/rplidar_ros/share/rplidar_ros/environment/path.dsv
[1.115s] -- Up-to-date: /home/encoder/Desktop/badem-robot/ros2_ws/install/rplidar_ros/share/rplidar_ros/local_setup.bash
[1.115s] -- Up-to-date: /home/encoder/Desktop/badem-robot/ros2_ws/install/rplidar_ros/share/rplidar_ros/local_setup.sh
[1.115s] -- Up-to-date: /home/encoder/Desktop/badem-robot/ros2_ws/install/rplidar_ros/share/rplidar_ros/local_setup.zsh
[1.115s] -- Up-to-date: /home/encoder/Desktop/badem-robot/ros2_ws/install/rplidar_ros/share/rplidar_ros/local_setup.dsv
[1.116s] -- Installing: /home/encoder/Desktop/badem-robot/ros2_ws/install/rplidar_ros/share/rplidar_ros/package.dsv
[1.116s] -- Up-to-date: /home/encoder/Desktop/badem-robot/ros2_ws/install/rplidar_ros/share/ament_index/resource_index/packages/rplidar_ros
[1.116s] -- Up-to-date: /home/encoder/Desktop/badem-robot/ros2_ws/install/rplidar_ros/share/rplidar_ros/cmake/ament_cmake_export_dependencies-extras.cmake
[1.116s] -- Up-to-date: /home/encoder/Desktop/badem-robot/ros2_ws/install/rplidar_ros/share/rplidar_ros/cmake/ament_cmake_export_include_directories-extras.cmake
[1.117s] -- Up-to-date: /home/encoder/Desktop/badem-robot/ros2_ws/install/rplidar_ros/share/rplidar_ros/cmake/rplidar_rosConfig.cmake
[1.117s] -- Up-to-date: /home/encoder/Desktop/badem-robot/ros2_ws/install/rplidar_ros/share/rplidar_ros/cmake/rplidar_rosConfig-version.cmake
[1.117s] -- Up-to-date: /home/encoder/Desktop/badem-robot/ros2_ws/install/rplidar_ros/share/rplidar_ros/package.xml
[1.117s] Invoked command in '/home/encoder/Desktop/badem-robot/ros2_ws/build/rplidar_ros' returned '0': CMAKE_PREFIX_PATH=${CMAKE_PREFIX_PATH}:/home/encoder/Desktop/badem-robot/ros2_ws/install/serial_pubsub:/home/encoder/Desktop/badem-robot/ros2_ws/install/ros2_opencv:/opt/ros/humble /usr/bin/cmake --install /home/encoder/Desktop/badem-robot/ros2_ws/build/rplidar_ros
