[0.105s] Invoking command in '/home/encoder/Desktop/ros2-robot/build/tello_msgs': CMAKE_PREFIX_PATH=/opt/ros/humble /usr/bin/cmake --build /home/encoder/Desktop/ros2-robot/build/tello_msgs -- -j12 -l12
[2.599s] [35m[1mConsolidate compiler generated dependencies of target tello_msgs__rosidl_generator_c[0m
[2.600s] [  2%] Built target tello_msgs__cpp
[2.602s] [ 12%] Built target tello_msgs__rosidl_generator_c
[2.603s] [ 12%] Built target ament_cmake_python_copy_tello_msgs
[2.605s] [35m[1mConsolidate compiler generated dependencies of target tello_msgs__rosidl_typesupport_cpp[0m
[2.606s] [35m[1mConsolidate compiler generated dependencies of target tello_msgs__rosidl_typesupport_introspection_cpp[0m
[2.606s] [35m[1mConsolidate compiler generated dependencies of target tello_msgs__rosidl_typesupport_fastrtps_cpp[0m
[2.607s] [35m[1mConsolidate compiler generated dependencies of target tello_msgs__rosidl_typesupport_introspection_c[0m
[2.608s] [35m[1mConsolidate compiler generated dependencies of target tello_msgs__rosidl_typesupport_c[0m
[2.608s] [35m[1mConsolidate compiler generated dependencies of target tello_msgs__rosidl_typesupport_fastrtps_c[0m
[2.609s] [ 23%] Built target tello_msgs__rosidl_typesupport_cpp
[2.609s] [ 34%] Built target tello_msgs__rosidl_typesupport_c
[2.609s] [ 44%] Built target tello_msgs__rosidl_typesupport_introspection_cpp
[2.609s] [ 55%] Built target tello_msgs__rosidl_typesupport_fastrtps_cpp
[2.610s] [ 65%] Built target tello_msgs__rosidl_typesupport_introspection_c
[2.610s] [ 76%] Built target tello_msgs__rosidl_typesupport_fastrtps_c
[2.610s] [ 76%] Built target tello_msgs
[2.610s] [ 78%] Built target tello_msgs__py
[2.611s] [35m[1mConsolidate compiler generated dependencies of target tello_msgs__rosidl_generator_py[0m
[2.611s] [ 87%] Built target tello_msgs__rosidl_generator_py
[2.612s] [35m[1mConsolidate compiler generated dependencies of target tello_msgs__rosidl_typesupport_fastrtps_c__pyext[0m
[2.612s] [35m[1mConsolidate compiler generated dependencies of target tello_msgs__rosidl_typesupport_c__pyext[0m
[2.612s] [35m[1mConsolidate compiler generated dependencies of target tello_msgs__rosidl_typesupport_introspection_c__pyext[0m
[2.612s] [ 91%] Built target tello_msgs__rosidl_typesupport_fastrtps_c__pyext
[2.613s] [ 95%] Built target tello_msgs__rosidl_typesupport_c__pyext
[2.613s] [100%] Built target tello_msgs__rosidl_typesupport_introspection_c__pyext
[2.613s] running egg_info
[2.613s] writing tello_msgs.egg-info/PKG-INFO
[2.614s] writing dependency_links to tello_msgs.egg-info/dependency_links.txt
[2.614s] writing top-level names to tello_msgs.egg-info/top_level.txt
[2.614s] reading manifest file 'tello_msgs.egg-info/SOURCES.txt'
[2.615s] writing manifest file 'tello_msgs.egg-info/SOURCES.txt'
[2.615s] [100%] Built target ament_cmake_python_build_tello_msgs_egg
[2.633s] Invoked command in '/home/encoder/Desktop/ros2-robot/build/tello_msgs' returned '0': CMAKE_PREFIX_PATH=/opt/ros/humble /usr/bin/cmake --build /home/encoder/Desktop/ros2-robot/build/tello_msgs -- -j12 -l12
[2.638s] Invoking command in '/home/encoder/Desktop/ros2-robot/build/tello_msgs': CMAKE_PREFIX_PATH=/opt/ros/humble /usr/bin/cmake --install /home/encoder/Desktop/ros2-robot/build/tello_msgs
[2.693s] -- Install configuration: ""
[2.693s] -- Up-to-date: /home/encoder/Desktop/ros2-robot/install/tello_msgs/share/ament_index/resource_index/rosidl_interfaces/tello_msgs
[2.694s] -- Up-to-date: /home/encoder/Desktop/ros2-robot/install/tello_msgs/include/tello_msgs/tello_msgs
[2.694s] -- Up-to-date: /home/encoder/Desktop/ros2-robot/install/tello_msgs/include/tello_msgs/tello_msgs/srv
[2.694s] -- Up-to-date: /home/encoder/Desktop/ros2-robot/install/tello_msgs/include/tello_msgs/tello_msgs/srv/detail
[2.695s] -- Up-to-date: /home/encoder/Desktop/ros2-robot/install/tello_msgs/include/tello_msgs/tello_msgs/srv/detail/tello_action__struct.h
[2.695s] -- Up-to-date: /home/encoder/Desktop/ros2-robot/install/tello_msgs/include/tello_msgs/tello_msgs/srv/detail/tello_action__functions.h
[2.700s] -- Up-to-date: /home/encoder/Desktop/ros2-robot/install/tello_msgs/include/tello_msgs/tello_msgs/srv/detail/tello_action__functions.c
[2.701s] -- Up-to-date: /home/encoder/Desktop/ros2-robot/install/tello_msgs/include/tello_msgs/tello_msgs/srv/detail/tello_action__type_support.h
[2.701s] -- Up-to-date: /home/encoder/Desktop/ros2-robot/install/tello_msgs/include/tello_msgs/tello_msgs/srv/tello_action.h
[2.701s] -- Up-to-date: /home/encoder/Desktop/ros2-robot/install/tello_msgs/include/tello_msgs/tello_msgs/msg
[2.702s] -- Up-to-date: /home/encoder/Desktop/ros2-robot/install/tello_msgs/include/tello_msgs/tello_msgs/msg/detail
[2.702s] -- Up-to-date: /home/encoder/Desktop/ros2-robot/install/tello_msgs/include/tello_msgs/tello_msgs/msg/detail/tello_response__type_support.h
[2.702s] -- Up-to-date: /home/encoder/Desktop/ros2-robot/install/tello_msgs/include/tello_msgs/tello_msgs/msg/detail/tello_response__functions.c
[2.702s] -- Up-to-date: /home/encoder/Desktop/ros2-robot/install/tello_msgs/include/tello_msgs/tello_msgs/msg/detail/flight_data__type_support.h
[2.703s] -- Up-to-date: /home/encoder/Desktop/ros2-robot/install/tello_msgs/include/tello_msgs/tello_msgs/msg/detail/flight_data__functions.h
[2.703s] -- Up-to-date: /home/encoder/Desktop/ros2-robot/install/tello_msgs/include/tello_msgs/tello_msgs/msg/detail/flight_data__functions.c
[2.703s] -- Up-to-date: /home/encoder/Desktop/ros2-robot/install/tello_msgs/include/tello_msgs/tello_msgs/msg/detail/tello_response__struct.h
[2.703s] -- Up-to-date: /home/encoder/Desktop/ros2-robot/install/tello_msgs/include/tello_msgs/tello_msgs/msg/detail/tello_response__functions.h
[2.711s] -- Up-to-date: /home/encoder/Desktop/ros2-robot/install/tello_msgs/include/tello_msgs/tello_msgs/msg/detail/flight_data__struct.h
[2.712s] -- Up-to-date: /home/encoder/Desktop/ros2-robot/install/tello_msgs/include/tello_msgs/tello_msgs/msg/tello_response.h
[2.712s] -- Up-to-date: /home/encoder/Desktop/ros2-robot/install/tello_msgs/include/tello_msgs/tello_msgs/msg/flight_data.h
[2.712s] -- Up-to-date: /home/encoder/Desktop/ros2-robot/install/tello_msgs/include/tello_msgs/tello_msgs/msg/rosidl_generator_c__visibility_control.h
[2.712s] -- Up-to-date: /home/encoder/Desktop/ros2-robot/install/tello_msgs/share/tello_msgs/environment/library_path.sh
[2.713s] -- Up-to-date: /home/encoder/Desktop/ros2-robot/install/tello_msgs/share/tello_msgs/environment/library_path.dsv
[2.713s] -- Up-to-date: /home/encoder/Desktop/ros2-robot/install/tello_msgs/lib/libtello_msgs__rosidl_generator_c.so
[2.730s] -- Up-to-date: /home/encoder/Desktop/ros2-robot/install/tello_msgs/include/tello_msgs/tello_msgs
[2.738s] -- Up-to-date: /home/encoder/Desktop/ros2-robot/install/tello_msgs/include/tello_msgs/tello_msgs/srv
[2.739s] -- Up-to-date: /home/encoder/Desktop/ros2-robot/install/tello_msgs/include/tello_msgs/tello_msgs/srv/detail
[2.739s] -- Up-to-date: /home/encoder/Desktop/ros2-robot/install/tello_msgs/include/tello_msgs/tello_msgs/srv/detail/tello_action__rosidl_typesupport_fastrtps_c.h
[2.739s] -- Up-to-date: /home/encoder/Desktop/ros2-robot/install/tello_msgs/include/tello_msgs/tello_msgs/msg
[2.739s] -- Up-to-date: /home/encoder/Desktop/ros2-robot/install/tello_msgs/include/tello_msgs/tello_msgs/msg/detail
[2.739s] -- Up-to-date: /home/encoder/Desktop/ros2-robot/install/tello_msgs/include/tello_msgs/tello_msgs/msg/detail/tello_response__rosidl_typesupport_fastrtps_c.h
[2.742s] -- Up-to-date: /home/encoder/Desktop/ros2-robot/install/tello_msgs/include/tello_msgs/tello_msgs/msg/detail/flight_data__rosidl_typesupport_fastrtps_c.h
[2.742s] -- Up-to-date: /home/encoder/Desktop/ros2-robot/install/tello_msgs/include/tello_msgs/tello_msgs/msg/rosidl_typesupport_fastrtps_c__visibility_control.h
[2.742s] -- Up-to-date: /home/encoder/Desktop/ros2-robot/install/tello_msgs/lib/libtello_msgs__rosidl_typesupport_fastrtps_c.so
[2.743s] -- Up-to-date: /home/encoder/Desktop/ros2-robot/install/tello_msgs/include/tello_msgs/tello_msgs
[2.749s] -- Up-to-date: /home/encoder/Desktop/ros2-robot/install/tello_msgs/include/tello_msgs/tello_msgs/srv
[2.749s] -- Up-to-date: /home/encoder/Desktop/ros2-robot/install/tello_msgs/include/tello_msgs/tello_msgs/srv/detail
[2.749s] -- Up-to-date: /home/encoder/Desktop/ros2-robot/install/tello_msgs/include/tello_msgs/tello_msgs/srv/detail/tello_action__type_support.c
[2.749s] -- Up-to-date: /home/encoder/Desktop/ros2-robot/install/tello_msgs/include/tello_msgs/tello_msgs/srv/detail/tello_action__rosidl_typesupport_introspection_c.h
[2.750s] -- Up-to-date: /home/encoder/Desktop/ros2-robot/install/tello_msgs/include/tello_msgs/tello_msgs/msg
[2.750s] -- Up-to-date: /home/encoder/Desktop/ros2-robot/install/tello_msgs/include/tello_msgs/tello_msgs/msg/detail
[2.750s] -- Up-to-date: /home/encoder/Desktop/ros2-robot/install/tello_msgs/include/tello_msgs/tello_msgs/msg/detail/tello_response__type_support.c
[2.750s] -- Up-to-date: /home/encoder/Desktop/ros2-robot/install/tello_msgs/include/tello_msgs/tello_msgs/msg/detail/flight_data__type_support.c
[2.750s] -- Up-to-date: /home/encoder/Desktop/ros2-robot/install/tello_msgs/include/tello_msgs/tello_msgs/msg/detail/tello_response__rosidl_typesupport_introspection_c.h
[2.751s] -- Up-to-date: /home/encoder/Desktop/ros2-robot/install/tello_msgs/include/tello_msgs/tello_msgs/msg/detail/flight_data__rosidl_typesupport_introspection_c.h
[2.751s] -- Up-to-date: /home/encoder/Desktop/ros2-robot/install/tello_msgs/include/tello_msgs/tello_msgs/msg/rosidl_typesupport_introspection_c__visibility_control.h
[2.751s] -- Up-to-date: /home/encoder/Desktop/ros2-robot/install/tello_msgs/lib/libtello_msgs__rosidl_typesupport_introspection_c.so
[2.751s] -- Up-to-date: /home/encoder/Desktop/ros2-robot/install/tello_msgs/lib/libtello_msgs__rosidl_typesupport_c.so
[2.751s] -- Up-to-date: /home/encoder/Desktop/ros2-robot/install/tello_msgs/include/tello_msgs/tello_msgs
[2.761s] -- Up-to-date: /home/encoder/Desktop/ros2-robot/install/tello_msgs/include/tello_msgs/tello_msgs/srv
[2.761s] -- Up-to-date: /home/encoder/Desktop/ros2-robot/install/tello_msgs/include/tello_msgs/tello_msgs/srv/detail
[2.761s] -- Up-to-date: /home/encoder/Desktop/ros2-robot/install/tello_msgs/include/tello_msgs/tello_msgs/srv/detail/tello_action__type_support.hpp
[2.762s] -- Up-to-date: /home/encoder/Desktop/ros2-robot/install/tello_msgs/include/tello_msgs/tello_msgs/srv/detail/tello_action__builder.hpp
[2.763s] -- Up-to-date: /home/encoder/Desktop/ros2-robot/install/tello_msgs/include/tello_msgs/tello_msgs/srv/detail/tello_action__traits.hpp
[2.764s] -- Up-to-date: /home/encoder/Desktop/ros2-robot/install/tello_msgs/include/tello_msgs/tello_msgs/srv/detail/tello_action__struct.hpp
[2.764s] -- Up-to-date: /home/encoder/Desktop/ros2-robot/install/tello_msgs/include/tello_msgs/tello_msgs/srv/tello_action.hpp
[2.764s] -- Up-to-date: /home/encoder/Desktop/ros2-robot/install/tello_msgs/include/tello_msgs/tello_msgs/msg
[2.764s] -- Up-to-date: /home/encoder/Desktop/ros2-robot/install/tello_msgs/include/tello_msgs/tello_msgs/msg/detail
[2.765s] -- Up-to-date: /home/encoder/Desktop/ros2-robot/install/tello_msgs/include/tello_msgs/tello_msgs/msg/detail/flight_data__builder.hpp
[2.765s] -- Up-to-date: /home/encoder/Desktop/ros2-robot/install/tello_msgs/include/tello_msgs/tello_msgs/msg/detail/flight_data__struct.hpp
[2.765s] -- Up-to-date: /home/encoder/Desktop/ros2-robot/install/tello_msgs/include/tello_msgs/tello_msgs/msg/detail/flight_data__traits.hpp
[2.765s] -- Up-to-date: /home/encoder/Desktop/ros2-robot/install/tello_msgs/include/tello_msgs/tello_msgs/msg/detail/tello_response__builder.hpp
[2.765s] -- Up-to-date: /home/encoder/Desktop/ros2-robot/install/tello_msgs/include/tello_msgs/tello_msgs/msg/detail/tello_response__struct.hpp
[2.766s] -- Up-to-date: /home/encoder/Desktop/ros2-robot/install/tello_msgs/include/tello_msgs/tello_msgs/msg/detail/tello_response__type_support.hpp
[2.766s] -- Up-to-date: /home/encoder/Desktop/ros2-robot/install/tello_msgs/include/tello_msgs/tello_msgs/msg/detail/tello_response__traits.hpp
[2.766s] -- Up-to-date: /home/encoder/Desktop/ros2-robot/install/tello_msgs/include/tello_msgs/tello_msgs/msg/detail/flight_data__type_support.hpp
[2.766s] -- Up-to-date: /home/encoder/Desktop/ros2-robot/install/tello_msgs/include/tello_msgs/tello_msgs/msg/rosidl_generator_cpp__visibility_control.hpp
[2.766s] -- Up-to-date: /home/encoder/Desktop/ros2-robot/install/tello_msgs/include/tello_msgs/tello_msgs/msg/flight_data.hpp
[2.771s] -- Up-to-date: /home/encoder/Desktop/ros2-robot/install/tello_msgs/include/tello_msgs/tello_msgs/msg/tello_response.hpp
[2.772s] -- Up-to-date: /home/encoder/Desktop/ros2-robot/install/tello_msgs/include/tello_msgs/tello_msgs
[2.772s] -- Up-to-date: /home/encoder/Desktop/ros2-robot/install/tello_msgs/include/tello_msgs/tello_msgs/srv
[2.772s] -- Up-to-date: /home/encoder/Desktop/ros2-robot/install/tello_msgs/include/tello_msgs/tello_msgs/srv/detail
[2.773s] -- Up-to-date: /home/encoder/Desktop/ros2-robot/install/tello_msgs/include/tello_msgs/tello_msgs/srv/detail/dds_fastrtps
[2.773s] -- Up-to-date: /home/encoder/Desktop/ros2-robot/install/tello_msgs/include/tello_msgs/tello_msgs/srv/detail/tello_action__rosidl_typesupport_fastrtps_cpp.hpp
[2.773s] -- Up-to-date: /home/encoder/Desktop/ros2-robot/install/tello_msgs/include/tello_msgs/tello_msgs/msg
[2.773s] -- Up-to-date: /home/encoder/Desktop/ros2-robot/install/tello_msgs/include/tello_msgs/tello_msgs/msg/detail
[2.773s] -- Up-to-date: /home/encoder/Desktop/ros2-robot/install/tello_msgs/include/tello_msgs/tello_msgs/msg/detail/tello_response__rosidl_typesupport_fastrtps_cpp.hpp
[2.774s] -- Up-to-date: /home/encoder/Desktop/ros2-robot/install/tello_msgs/include/tello_msgs/tello_msgs/msg/detail/dds_fastrtps
[2.774s] -- Up-to-date: /home/encoder/Desktop/ros2-robot/install/tello_msgs/include/tello_msgs/tello_msgs/msg/detail/flight_data__rosidl_typesupport_fastrtps_cpp.hpp
[2.782s] -- Up-to-date: /home/encoder/Desktop/ros2-robot/install/tello_msgs/include/tello_msgs/tello_msgs/msg/rosidl_typesupport_fastrtps_cpp__visibility_control.h
[2.784s] -- Up-to-date: /home/encoder/Desktop/ros2-robot/install/tello_msgs/lib/libtello_msgs__rosidl_typesupport_fastrtps_cpp.so
[2.790s] -- Up-to-date: /home/encoder/Desktop/ros2-robot/install/tello_msgs/include/tello_msgs/tello_msgs
[2.792s] -- Up-to-date: /home/encoder/Desktop/ros2-robot/install/tello_msgs/include/tello_msgs/tello_msgs/srv
[2.792s] -- Up-to-date: /home/encoder/Desktop/ros2-robot/install/tello_msgs/include/tello_msgs/tello_msgs/srv/detail
[2.793s] -- Up-to-date: /home/encoder/Desktop/ros2-robot/install/tello_msgs/include/tello_msgs/tello_msgs/srv/detail/tello_action__type_support.cpp
[2.793s] -- Up-to-date: /home/encoder/Desktop/ros2-robot/install/tello_msgs/include/tello_msgs/tello_msgs/srv/detail/tello_action__rosidl_typesupport_introspection_cpp.hpp
[2.793s] -- Up-to-date: /home/encoder/Desktop/ros2-robot/install/tello_msgs/include/tello_msgs/tello_msgs/msg
[2.793s] -- Up-to-date: /home/encoder/Desktop/ros2-robot/install/tello_msgs/include/tello_msgs/tello_msgs/msg/detail
[2.794s] -- Up-to-date: /home/encoder/Desktop/ros2-robot/install/tello_msgs/include/tello_msgs/tello_msgs/msg/detail/tello_response__type_support.cpp
[2.794s] -- Up-to-date: /home/encoder/Desktop/ros2-robot/install/tello_msgs/include/tello_msgs/tello_msgs/msg/detail/tello_response__rosidl_typesupport_introspection_cpp.hpp
[2.794s] -- Up-to-date: /home/encoder/Desktop/ros2-robot/install/tello_msgs/include/tello_msgs/tello_msgs/msg/detail/flight_data__type_support.cpp
[2.794s] -- Up-to-date: /home/encoder/Desktop/ros2-robot/install/tello_msgs/include/tello_msgs/tello_msgs/msg/detail/flight_data__rosidl_typesupport_introspection_cpp.hpp
[2.795s] -- Up-to-date: /home/encoder/Desktop/ros2-robot/install/tello_msgs/lib/libtello_msgs__rosidl_typesupport_introspection_cpp.so
[2.795s] -- Up-to-date: /home/encoder/Desktop/ros2-robot/install/tello_msgs/lib/libtello_msgs__rosidl_typesupport_cpp.so
[2.795s] -- Up-to-date: /home/encoder/Desktop/ros2-robot/install/tello_msgs/share/tello_msgs/environment/pythonpath.sh
[2.795s] -- Up-to-date: /home/encoder/Desktop/ros2-robot/install/tello_msgs/share/tello_msgs/environment/pythonpath.dsv
[2.795s] -- Up-to-date: /home/encoder/Desktop/ros2-robot/install/tello_msgs/local/lib/python3.10/dist-packages/tello_msgs-0.1.0-py3.10.egg-info
[2.801s] -- Installing: /home/encoder/Desktop/ros2-robot/install/tello_msgs/local/lib/python3.10/dist-packages/tello_msgs-0.1.0-py3.10.egg-info/top_level.txt
[2.802s] -- Installing: /home/encoder/Desktop/ros2-robot/install/tello_msgs/local/lib/python3.10/dist-packages/tello_msgs-0.1.0-py3.10.egg-info/PKG-INFO
[2.802s] -- Installing: /home/encoder/Desktop/ros2-robot/install/tello_msgs/local/lib/python3.10/dist-packages/tello_msgs-0.1.0-py3.10.egg-info/SOURCES.txt
[2.802s] -- Installing: /home/encoder/Desktop/ros2-robot/install/tello_msgs/local/lib/python3.10/dist-packages/tello_msgs-0.1.0-py3.10.egg-info/dependency_links.txt
[2.802s] -- Up-to-date: /home/encoder/Desktop/ros2-robot/install/tello_msgs/local/lib/python3.10/dist-packages/tello_msgs
[2.803s] -- Up-to-date: /home/encoder/Desktop/ros2-robot/install/tello_msgs/local/lib/python3.10/dist-packages/tello_msgs/tello_msgs_s__rosidl_typesupport_c.cpython-310-x86_64-linux-gnu.so
[2.803s] -- Up-to-date: /home/encoder/Desktop/ros2-robot/install/tello_msgs/local/lib/python3.10/dist-packages/tello_msgs/libtello_msgs__rosidl_generator_py.so
[2.803s] -- Up-to-date: /home/encoder/Desktop/ros2-robot/install/tello_msgs/local/lib/python3.10/dist-packages/tello_msgs/_tello_msgs_s.ep.rosidl_typesupport_introspection_c.c
[2.803s] -- Up-to-date: /home/encoder/Desktop/ros2-robot/install/tello_msgs/local/lib/python3.10/dist-packages/tello_msgs/_tello_msgs_s.ep.rosidl_typesupport_fastrtps_c.c
[2.804s] -- Up-to-date: /home/encoder/Desktop/ros2-robot/install/tello_msgs/local/lib/python3.10/dist-packages/tello_msgs/_tello_msgs_s.ep.rosidl_typesupport_c.c
[2.804s] -- Up-to-date: /home/encoder/Desktop/ros2-robot/install/tello_msgs/local/lib/python3.10/dist-packages/tello_msgs/srv
[2.804s] -- Up-to-date: /home/encoder/Desktop/ros2-robot/install/tello_msgs/local/lib/python3.10/dist-packages/tello_msgs/srv/_tello_action_s.c
[2.804s] -- Up-to-date: /home/encoder/Desktop/ros2-robot/install/tello_msgs/local/lib/python3.10/dist-packages/tello_msgs/srv/_tello_action.py
[2.809s] -- Up-to-date: /home/encoder/Desktop/ros2-robot/install/tello_msgs/local/lib/python3.10/dist-packages/tello_msgs/srv/__init__.py
[2.810s] -- Up-to-date: /home/encoder/Desktop/ros2-robot/install/tello_msgs/local/lib/python3.10/dist-packages/tello_msgs/tello_msgs_s__rosidl_typesupport_fastrtps_c.cpython-310-x86_64-linux-gnu.so
[2.810s] -- Up-to-date: /home/encoder/Desktop/ros2-robot/install/tello_msgs/local/lib/python3.10/dist-packages/tello_msgs/msg
[2.813s] -- Up-to-date: /home/encoder/Desktop/ros2-robot/install/tello_msgs/local/lib/python3.10/dist-packages/tello_msgs/msg/_flight_data.py
[2.815s] -- Up-to-date: /home/encoder/Desktop/ros2-robot/install/tello_msgs/local/lib/python3.10/dist-packages/tello_msgs/msg/_tello_response_s.c
[2.815s] -- Up-to-date: /home/encoder/Desktop/ros2-robot/install/tello_msgs/local/lib/python3.10/dist-packages/tello_msgs/msg/__init__.py
[2.815s] -- Up-to-date: /home/encoder/Desktop/ros2-robot/install/tello_msgs/local/lib/python3.10/dist-packages/tello_msgs/msg/_tello_response.py
[2.816s] -- Up-to-date: /home/encoder/Desktop/ros2-robot/install/tello_msgs/local/lib/python3.10/dist-packages/tello_msgs/msg/_flight_data_s.c
[2.816s] -- Up-to-date: /home/encoder/Desktop/ros2-robot/install/tello_msgs/local/lib/python3.10/dist-packages/tello_msgs/tello_msgs_s__rosidl_typesupport_introspection_c.cpython-310-x86_64-linux-gnu.so
[2.816s] -- Up-to-date: /home/encoder/Desktop/ros2-robot/install/tello_msgs/local/lib/python3.10/dist-packages/tello_msgs/__init__.py
[2.886s] Listing '/home/encoder/Desktop/ros2-robot/install/tello_msgs/local/lib/python3.10/dist-packages/tello_msgs'...
[2.887s] Listing '/home/encoder/Desktop/ros2-robot/install/tello_msgs/local/lib/python3.10/dist-packages/tello_msgs/msg'...
[2.887s] Listing '/home/encoder/Desktop/ros2-robot/install/tello_msgs/local/lib/python3.10/dist-packages/tello_msgs/srv'...
[2.901s] -- Up-to-date: /home/encoder/Desktop/ros2-robot/install/tello_msgs/local/lib/python3.10/dist-packages/tello_msgs/tello_msgs_s__rosidl_typesupport_fastrtps_c.cpython-310-x86_64-linux-gnu.so
[2.905s] -- Up-to-date: /home/encoder/Desktop/ros2-robot/install/tello_msgs/local/lib/python3.10/dist-packages/tello_msgs/tello_msgs_s__rosidl_typesupport_introspection_c.cpython-310-x86_64-linux-gnu.so
[2.918s] -- Up-to-date: /home/encoder/Desktop/ros2-robot/install/tello_msgs/local/lib/python3.10/dist-packages/tello_msgs/tello_msgs_s__rosidl_typesupport_c.cpython-310-x86_64-linux-gnu.so
[2.918s] -- Up-to-date: /home/encoder/Desktop/ros2-robot/install/tello_msgs/lib/libtello_msgs__rosidl_generator_py.so
[2.918s] -- Up-to-date: /home/encoder/Desktop/ros2-robot/install/tello_msgs/share/tello_msgs/msg/FlightData.idl
[2.919s] -- Up-to-date: /home/encoder/Desktop/ros2-robot/install/tello_msgs/share/tello_msgs/msg/TelloResponse.idl
[2.919s] -- Up-to-date: /home/encoder/Desktop/ros2-robot/install/tello_msgs/share/tello_msgs/srv/TelloAction.idl
[2.919s] -- Up-to-date: /home/encoder/Desktop/ros2-robot/install/tello_msgs/share/tello_msgs/msg/FlightData.msg
[2.922s] -- Up-to-date: /home/encoder/Desktop/ros2-robot/install/tello_msgs/share/tello_msgs/msg/TelloResponse.msg
[2.925s] -- Up-to-date: /home/encoder/Desktop/ros2-robot/install/tello_msgs/share/tello_msgs/srv/TelloAction.srv
[2.925s] -- Up-to-date: /home/encoder/Desktop/ros2-robot/install/tello_msgs/share/tello_msgs/srv/TelloAction_Request.msg
[2.925s] -- Up-to-date: /home/encoder/Desktop/ros2-robot/install/tello_msgs/share/tello_msgs/srv/TelloAction_Response.msg
[2.925s] -- Up-to-date: /home/encoder/Desktop/ros2-robot/install/tello_msgs/share/ament_index/resource_index/package_run_dependencies/tello_msgs
[2.926s] -- Up-to-date: /home/encoder/Desktop/ros2-robot/install/tello_msgs/share/ament_index/resource_index/parent_prefix_path/tello_msgs
[2.930s] -- Up-to-date: /home/encoder/Desktop/ros2-robot/install/tello_msgs/share/tello_msgs/environment/ament_prefix_path.sh
[2.930s] -- Up-to-date: /home/encoder/Desktop/ros2-robot/install/tello_msgs/share/tello_msgs/environment/ament_prefix_path.dsv
[2.930s] -- Up-to-date: /home/encoder/Desktop/ros2-robot/install/tello_msgs/share/tello_msgs/environment/path.sh
[2.930s] -- Up-to-date: /home/encoder/Desktop/ros2-robot/install/tello_msgs/share/tello_msgs/environment/path.dsv
[2.931s] -- Up-to-date: /home/encoder/Desktop/ros2-robot/install/tello_msgs/share/tello_msgs/local_setup.bash
[2.931s] -- Up-to-date: /home/encoder/Desktop/ros2-robot/install/tello_msgs/share/tello_msgs/local_setup.sh
[2.931s] -- Up-to-date: /home/encoder/Desktop/ros2-robot/install/tello_msgs/share/tello_msgs/local_setup.zsh
[2.932s] -- Up-to-date: /home/encoder/Desktop/ros2-robot/install/tello_msgs/share/tello_msgs/local_setup.dsv
[2.932s] -- Installing: /home/encoder/Desktop/ros2-robot/install/tello_msgs/share/tello_msgs/package.dsv
[2.932s] -- Up-to-date: /home/encoder/Desktop/ros2-robot/install/tello_msgs/share/ament_index/resource_index/packages/tello_msgs
[2.932s] -- Up-to-date: /home/encoder/Desktop/ros2-robot/install/tello_msgs/share/tello_msgs/cmake/export_tello_msgs__rosidl_generator_cExport.cmake
[2.932s] -- Up-to-date: /home/encoder/Desktop/ros2-robot/install/tello_msgs/share/tello_msgs/cmake/export_tello_msgs__rosidl_generator_cExport-noconfig.cmake
[2.942s] -- Up-to-date: /home/encoder/Desktop/ros2-robot/install/tello_msgs/share/tello_msgs/cmake/export_tello_msgs__rosidl_typesupport_fastrtps_cExport.cmake
[2.943s] -- Up-to-date: /home/encoder/Desktop/ros2-robot/install/tello_msgs/share/tello_msgs/cmake/export_tello_msgs__rosidl_typesupport_fastrtps_cExport-noconfig.cmake
[2.943s] -- Up-to-date: /home/encoder/Desktop/ros2-robot/install/tello_msgs/share/tello_msgs/cmake/tello_msgs__rosidl_typesupport_introspection_cExport.cmake
[2.943s] -- Up-to-date: /home/encoder/Desktop/ros2-robot/install/tello_msgs/share/tello_msgs/cmake/tello_msgs__rosidl_typesupport_introspection_cExport-noconfig.cmake
[2.944s] -- Up-to-date: /home/encoder/Desktop/ros2-robot/install/tello_msgs/share/tello_msgs/cmake/tello_msgs__rosidl_typesupport_cExport.cmake
[2.944s] -- Up-to-date: /home/encoder/Desktop/ros2-robot/install/tello_msgs/share/tello_msgs/cmake/tello_msgs__rosidl_typesupport_cExport-noconfig.cmake
[2.944s] -- Up-to-date: /home/encoder/Desktop/ros2-robot/install/tello_msgs/share/tello_msgs/cmake/export_tello_msgs__rosidl_generator_cppExport.cmake
[2.944s] -- Up-to-date: /home/encoder/Desktop/ros2-robot/install/tello_msgs/share/tello_msgs/cmake/export_tello_msgs__rosidl_typesupport_fastrtps_cppExport.cmake
[2.945s] -- Up-to-date: /home/encoder/Desktop/ros2-robot/install/tello_msgs/share/tello_msgs/cmake/export_tello_msgs__rosidl_typesupport_fastrtps_cppExport-noconfig.cmake
[2.945s] -- Up-to-date: /home/encoder/Desktop/ros2-robot/install/tello_msgs/share/tello_msgs/cmake/tello_msgs__rosidl_typesupport_introspection_cppExport.cmake
[2.945s] -- Up-to-date: /home/encoder/Desktop/ros2-robot/install/tello_msgs/share/tello_msgs/cmake/tello_msgs__rosidl_typesupport_introspection_cppExport-noconfig.cmake
[2.945s] -- Up-to-date: /home/encoder/Desktop/ros2-robot/install/tello_msgs/share/tello_msgs/cmake/tello_msgs__rosidl_typesupport_cppExport.cmake
[2.946s] -- Up-to-date: /home/encoder/Desktop/ros2-robot/install/tello_msgs/share/tello_msgs/cmake/tello_msgs__rosidl_typesupport_cppExport-noconfig.cmake
[2.946s] -- Up-to-date: /home/encoder/Desktop/ros2-robot/install/tello_msgs/share/tello_msgs/cmake/export_tello_msgs__rosidl_generator_pyExport.cmake
[2.946s] -- Up-to-date: /home/encoder/Desktop/ros2-robot/install/tello_msgs/share/tello_msgs/cmake/export_tello_msgs__rosidl_generator_pyExport-noconfig.cmake
[2.946s] -- Up-to-date: /home/encoder/Desktop/ros2-robot/install/tello_msgs/share/tello_msgs/cmake/rosidl_cmake-extras.cmake
[2.946s] -- Up-to-date: /home/encoder/Desktop/ros2-robot/install/tello_msgs/share/tello_msgs/cmake/ament_cmake_export_dependencies-extras.cmake
[2.947s] -- Up-to-date: /home/encoder/Desktop/ros2-robot/install/tello_msgs/share/tello_msgs/cmake/ament_cmake_export_include_directories-extras.cmake
[2.947s] -- Up-to-date: /home/encoder/Desktop/ros2-robot/install/tello_msgs/share/tello_msgs/cmake/ament_cmake_export_libraries-extras.cmake
[2.947s] -- Up-to-date: /home/encoder/Desktop/ros2-robot/install/tello_msgs/share/tello_msgs/cmake/ament_cmake_export_targets-extras.cmake
[2.947s] -- Up-to-date: /home/encoder/Desktop/ros2-robot/install/tello_msgs/share/tello_msgs/cmake/rosidl_cmake_export_typesupport_targets-extras.cmake
[2.947s] -- Up-to-date: /home/encoder/Desktop/ros2-robot/install/tello_msgs/share/tello_msgs/cmake/rosidl_cmake_export_typesupport_libraries-extras.cmake
[2.948s] -- Up-to-date: /home/encoder/Desktop/ros2-robot/install/tello_msgs/share/tello_msgs/cmake/tello_msgsConfig.cmake
[2.948s] -- Up-to-date: /home/encoder/Desktop/ros2-robot/install/tello_msgs/share/tello_msgs/cmake/tello_msgsConfig-version.cmake
[2.948s] -- Up-to-date: /home/encoder/Desktop/ros2-robot/install/tello_msgs/share/tello_msgs/package.xml
[2.995s] Invoked command in '/home/encoder/Desktop/ros2-robot/build/tello_msgs' returned '0': CMAKE_PREFIX_PATH=/opt/ros/humble /usr/bin/cmake --install /home/encoder/Desktop/ros2-robot/build/tello_msgs
