[7.077s] Invoking command in '/home/encoder/Desktop/ros2-robot/ros2_ws/src/multi_launch': PYTHONPATH=/home/encoder/Desktop/ros2-robot/ros2_ws/build/multi_launch/prefix_override:/usr/lib/python3/dist-packages/colcon_core/task/python/colcon_distutils_commands:/home/encoder/Desktop/ros2-robot/ros2_ws/install/multi_launch/lib/python3.10/site-packages:${PYTHONPATH} /usr/bin/python3 -W ignore:setup.py install is deprecated -W ignore:easy_install command is deprecated setup.py egg_info --egg-base ../../build/multi_launch build --build-base /home/encoder/Desktop/ros2-robot/ros2_ws/build/multi_launch/build install --record /home/encoder/Desktop/ros2-robot/ros2_ws/build/multi_launch/install.log --single-version-externally-managed install_data
[8.469s] running egg_info
[8.470s] writing ../../build/multi_launch/multi_launch.egg-info/PKG-INFO
[8.470s] writing dependency_links to ../../build/multi_launch/multi_launch.egg-info/dependency_links.txt
[8.477s] writing entry points to ../../build/multi_launch/multi_launch.egg-info/entry_points.txt
[8.482s] writing requirements to ../../build/multi_launch/multi_launch.egg-info/requires.txt
[8.490s] writing top-level names to ../../build/multi_launch/multi_launch.egg-info/top_level.txt
[8.501s] reading manifest file '../../build/multi_launch/multi_launch.egg-info/SOURCES.txt'
[8.502s] writing manifest file '../../build/multi_launch/multi_launch.egg-info/SOURCES.txt'
[8.502s] running build
[8.503s] running build_py
[8.504s] running install
[8.515s] running install_lib
[8.520s] running install_data
[8.523s] copying launch/pcLaunch.py -> /home/encoder/Desktop/ros2-robot/ros2_ws/install/multi_launch/share/multi_launch
[8.523s] running install_egg_info
[8.525s] removing '/home/encoder/Desktop/ros2-robot/ros2_ws/install/multi_launch/lib/python3.10/site-packages/multi_launch-0.0.0-py3.10.egg-info' (and everything under it)
[8.525s] Copying ../../build/multi_launch/multi_launch.egg-info to /home/encoder/Desktop/ros2-robot/ros2_ws/install/multi_launch/lib/python3.10/site-packages/multi_launch-0.0.0-py3.10.egg-info
[8.525s] running install_scripts
[8.619s] writing list of installed files to '/home/encoder/Desktop/ros2-robot/ros2_ws/build/multi_launch/install.log'
[8.810s] Invoked command in '/home/encoder/Desktop/ros2-robot/ros2_ws/src/multi_launch' returned '0': PYTHONPATH=/home/encoder/Desktop/ros2-robot/ros2_ws/build/multi_launch/prefix_override:/usr/lib/python3/dist-packages/colcon_core/task/python/colcon_distutils_commands:/home/encoder/Desktop/ros2-robot/ros2_ws/install/multi_launch/lib/python3.10/site-packages:${PYTHONPATH} /usr/bin/python3 -W ignore:setup.py install is deprecated -W ignore:easy_install command is deprecated setup.py egg_info --egg-base ../../build/multi_launch build --build-base /home/encoder/Desktop/ros2-robot/ros2_ws/build/multi_launch/build install --record /home/encoder/Desktop/ros2-robot/ros2_ws/build/multi_launch/install.log --single-version-externally-managed install_data
