/home/encoder/Desktop/ros2-robot/install/serial_pubsub/lib/python3.10/site-packages/serial_pubsub/keyboard_subscriber.py
/home/encoder/Desktop/ros2-robot/install/serial_pubsub/lib/python3.10/site-packages/serial_pubsub/keyboard_publisher.py
/home/encoder/Desktop/ros2-robot/install/serial_pubsub/lib/python3.10/site-packages/serial_pubsub/__init__.py
/home/encoder/Desktop/ros2-robot/install/serial_pubsub/lib/python3.10/site-packages/serial_pubsub/controller_publisher.py
/home/encoder/Desktop/ros2-robot/install/serial_pubsub/lib/python3.10/site-packages/serial_pubsub/__pycache__/keyboard_subscriber.cpython-310.pyc
/home/encoder/Desktop/ros2-robot/install/serial_pubsub/lib/python3.10/site-packages/serial_pubsub/__pycache__/keyboard_publisher.cpython-310.pyc
/home/encoder/Desktop/ros2-robot/install/serial_pubsub/lib/python3.10/site-packages/serial_pubsub/__pycache__/__init__.cpython-310.pyc
/home/encoder/Desktop/ros2-robot/install/serial_pubsub/lib/python3.10/site-packages/serial_pubsub/__pycache__/controller_publisher.cpython-310.pyc
/home/encoder/Desktop/ros2-robot/install/serial_pubsub/share/ament_index/resource_index/packages/serial_pubsub
/home/encoder/Desktop/ros2-robot/install/serial_pubsub/share/serial_pubsub/package.xml
/home/encoder/Desktop/ros2-robot/install/serial_pubsub/lib/python3.10/site-packages/serial_pubsub-0.0.0-py3.10.egg-info/top_level.txt
/home/encoder/Desktop/ros2-robot/install/serial_pubsub/lib/python3.10/site-packages/serial_pubsub-0.0.0-py3.10.egg-info/zip-safe
/home/encoder/Desktop/ros2-robot/install/serial_pubsub/lib/python3.10/site-packages/serial_pubsub-0.0.0-py3.10.egg-info/PKG-INFO
/home/encoder/Desktop/ros2-robot/install/serial_pubsub/lib/python3.10/site-packages/serial_pubsub-0.0.0-py3.10.egg-info/SOURCES.txt
/home/encoder/Desktop/ros2-robot/install/serial_pubsub/lib/python3.10/site-packages/serial_pubsub-0.0.0-py3.10.egg-info/entry_points.txt
/home/encoder/Desktop/ros2-robot/install/serial_pubsub/lib/python3.10/site-packages/serial_pubsub-0.0.0-py3.10.egg-info/dependency_links.txt
/home/encoder/Desktop/ros2-robot/install/serial_pubsub/lib/python3.10/site-packages/serial_pubsub-0.0.0-py3.10.egg-info/requires.txt
/home/encoder/Desktop/ros2-robot/install/serial_pubsub/lib/serial_pubsub/cPublisher
/home/encoder/Desktop/ros2-robot/install/serial_pubsub/lib/serial_pubsub/kPublisher
/home/encoder/Desktop/ros2-robot/install/serial_pubsub/lib/serial_pubsub/kSubscriber
