[2.841s] Invoking command in '/home/encoder/Desktop/ros2-robot/ros2_ws/build/ros2_shared': CMAKE_PREFIX_PATH=/opt/ros/humble /usr/bin/cmake /home/encoder/Desktop/ros2-robot/ros2_ws/src/ros2_shared -DCMAKE_INSTALL_PREFIX=/home/encoder/Desktop/ros2-robot/ros2_ws/install/ros2_shared
[5.541s] -- The C compiler identification is GNU 11.4.0
[5.542s] -- The CXX compiler identification is GNU 11.4.0
[5.542s] -- Detecting C compiler ABI info
[5.542s] -- Detecting C compiler ABI info - done
[5.542s] -- Check for working C compiler: /usr/bin/cc - skipped
[5.543s] -- Detecting C compile features
[5.543s] -- Detecting C compile features - done
[5.543s] -- Detecting CXX compiler ABI info
[5.543s] -- Detecting CXX compiler ABI info - done
[5.543s] -- Check for working CXX compiler: /usr/bin/c++ - skipped
[5.544s] -- Detecting CXX compile features
[5.548s] -- Detecting CXX compile features - done
[5.548s] -- Found ament_cmake: 1.3.11 (/opt/ros/humble/share/ament_cmake/cmake)
[5.548s] -- Found Python3: /usr/bin/python3 (found version "3.10.12") found components: Interpreter 
[5.549s] -- Found rclcpp: 16.0.12 (/opt/ros/humble/share/rclcpp/cmake)
[5.549s] -- Found rosidl_generator_c: 3.1.6 (/opt/ros/humble/share/rosidl_generator_c/cmake)
[5.549s] -- Found rosidl_adapter: 3.1.6 (/opt/ros/humble/share/rosidl_adapter/cmake)
[5.550s] -- Found rosidl_generator_cpp: 3.1.6 (/opt/ros/humble/share/rosidl_generator_cpp/cmake)
[5.550s] -- Using all available rosidl_typesupport_c: rosidl_typesupport_fastrtps_c;rosidl_typesupport_introspection_c
[5.550s] -- Using all available rosidl_typesupport_cpp: rosidl_typesupport_fastrtps_cpp;rosidl_typesupport_introspection_cpp
[5.550s] -- Found rmw_implementation_cmake: 6.1.2 (/opt/ros/humble/share/rmw_implementation_cmake/cmake)
[5.551s] -- Found rmw_fastrtps_cpp: 6.2.7 (/opt/ros/humble/share/rmw_fastrtps_cpp/cmake)
[5.649s] -- Found OpenSSL: /usr/lib/x86_64-linux-gnu/libcrypto.so (found version "3.0.2")  
[5.746s] -- Found FastRTPS: /opt/ros/humble/include  
[5.855s] -- Using RMW implementation 'rmw_fastrtps_cpp' as default
[5.876s] -- Looking for pthread.h
[6.065s] -- Looking for pthread.h - found
[6.066s] -- Performing Test CMAKE_HAVE_LIBC_PTHREAD
[6.280s] -- Performing Test CMAKE_HAVE_LIBC_PTHREAD - Success
[6.283s] -- Found Threads: TRUE  
[6.682s] -- Configuring done
[6.691s] -- Generating done
[6.698s] -- Build files have been written to: /home/encoder/Desktop/ros2-robot/ros2_ws/build/ros2_shared
