[0.951s] Invoking command in '/home/encoder/Desktop/badem-robot/ros2_ws/src/serial_pubsub': PYTHONPATH=/home/encoder/Desktop/badem-robot/ros2_ws/build/serial_pubsub/prefix_override:/usr/lib/python3/dist-packages/colcon_core/task/python/colcon_distutils_commands:/home/encoder/Desktop/badem-robot/ros2_ws/install/serial_pubsub/lib/python3.10/site-packages:${PYTHONPATH} /usr/bin/python3 -W ignore:setup.py install is deprecated -W ignore:easy_install command is deprecated setup.py egg_info --egg-base ../../build/serial_pubsub build --build-base /home/encoder/Desktop/badem-robot/ros2_ws/build/serial_pubsub/build install --record /home/encoder/Desktop/badem-robot/ros2_ws/build/serial_pubsub/install.log --single-version-externally-managed install_data
[1.263s] running egg_info
[1.263s] creating ../../build/serial_pubsub/serial_pubsub.egg-info
[1.264s] writing ../../build/serial_pubsub/serial_pubsub.egg-info/PKG-INFO
[1.264s] writing dependency_links to ../../build/serial_pubsub/serial_pubsub.egg-info/dependency_links.txt
[1.264s] writing entry points to ../../build/serial_pubsub/serial_pubsub.egg-info/entry_points.txt
[1.264s] writing requirements to ../../build/serial_pubsub/serial_pubsub.egg-info/requires.txt
[1.264s] writing top-level names to ../../build/serial_pubsub/serial_pubsub.egg-info/top_level.txt
[1.265s] writing manifest file '../../build/serial_pubsub/serial_pubsub.egg-info/SOURCES.txt'
[1.266s] reading manifest file '../../build/serial_pubsub/serial_pubsub.egg-info/SOURCES.txt'
[1.266s] adding license file 'LICENSE'
[1.267s] writing manifest file '../../build/serial_pubsub/serial_pubsub.egg-info/SOURCES.txt'
[1.268s] running build
[1.268s] running build_py
[1.268s] creating /home/encoder/Desktop/badem-robot/ros2_ws/build/serial_pubsub/build
[1.268s] creating /home/encoder/Desktop/badem-robot/ros2_ws/build/serial_pubsub/build/lib
[1.268s] creating /home/encoder/Desktop/badem-robot/ros2_ws/build/serial_pubsub/build/lib/serial_pubsub
[1.268s] copying serial_pubsub/__init__.py -> /home/encoder/Desktop/badem-robot/ros2_ws/build/serial_pubsub/build/lib/serial_pubsub
[1.269s] copying serial_pubsub/controller_publisher.py -> /home/encoder/Desktop/badem-robot/ros2_ws/build/serial_pubsub/build/lib/serial_pubsub
[1.269s] copying serial_pubsub/keyboard_subscriber.py -> /home/encoder/Desktop/badem-robot/ros2_ws/build/serial_pubsub/build/lib/serial_pubsub
[1.269s] copying serial_pubsub/keyboard_publisher.py -> /home/encoder/Desktop/badem-robot/ros2_ws/build/serial_pubsub/build/lib/serial_pubsub
[1.269s] running install
[1.269s] running install_lib
[1.270s] creating /home/encoder/Desktop/badem-robot/ros2_ws/install/serial_pubsub/lib/python3.10/site-packages/serial_pubsub
[1.270s] copying /home/encoder/Desktop/badem-robot/ros2_ws/build/serial_pubsub/build/lib/serial_pubsub/__init__.py -> /home/encoder/Desktop/badem-robot/ros2_ws/install/serial_pubsub/lib/python3.10/site-packages/serial_pubsub
[1.270s] copying /home/encoder/Desktop/badem-robot/ros2_ws/build/serial_pubsub/build/lib/serial_pubsub/controller_publisher.py -> /home/encoder/Desktop/badem-robot/ros2_ws/install/serial_pubsub/lib/python3.10/site-packages/serial_pubsub
[1.270s] copying /home/encoder/Desktop/badem-robot/ros2_ws/build/serial_pubsub/build/lib/serial_pubsub/keyboard_subscriber.py -> /home/encoder/Desktop/badem-robot/ros2_ws/install/serial_pubsub/lib/python3.10/site-packages/serial_pubsub
[1.271s] copying /home/encoder/Desktop/badem-robot/ros2_ws/build/serial_pubsub/build/lib/serial_pubsub/keyboard_publisher.py -> /home/encoder/Desktop/badem-robot/ros2_ws/install/serial_pubsub/lib/python3.10/site-packages/serial_pubsub
[1.271s] byte-compiling /home/encoder/Desktop/badem-robot/ros2_ws/install/serial_pubsub/lib/python3.10/site-packages/serial_pubsub/__init__.py to __init__.cpython-310.pyc
[1.271s] byte-compiling /home/encoder/Desktop/badem-robot/ros2_ws/install/serial_pubsub/lib/python3.10/site-packages/serial_pubsub/controller_publisher.py to controller_publisher.cpython-310.pyc
[1.273s] byte-compiling /home/encoder/Desktop/badem-robot/ros2_ws/install/serial_pubsub/lib/python3.10/site-packages/serial_pubsub/keyboard_subscriber.py to keyboard_subscriber.cpython-310.pyc
[1.273s] byte-compiling /home/encoder/Desktop/badem-robot/ros2_ws/install/serial_pubsub/lib/python3.10/site-packages/serial_pubsub/keyboard_publisher.py to keyboard_publisher.cpython-310.pyc
[1.274s] running install_data
[1.274s] creating /home/encoder/Desktop/badem-robot/ros2_ws/install/serial_pubsub/share/ament_index
[1.275s] creating /home/encoder/Desktop/badem-robot/ros2_ws/install/serial_pubsub/share/ament_index/resource_index
[1.275s] creating /home/encoder/Desktop/badem-robot/ros2_ws/install/serial_pubsub/share/ament_index/resource_index/packages
[1.275s] copying resource/serial_pubsub -> /home/encoder/Desktop/badem-robot/ros2_ws/install/serial_pubsub/share/ament_index/resource_index/packages
[1.275s] copying package.xml -> /home/encoder/Desktop/badem-robot/ros2_ws/install/serial_pubsub/share/serial_pubsub
[1.275s] running install_egg_info
[1.278s] Copying ../../build/serial_pubsub/serial_pubsub.egg-info to /home/encoder/Desktop/badem-robot/ros2_ws/install/serial_pubsub/lib/python3.10/site-packages/serial_pubsub-0.0.0-py3.10.egg-info
[1.279s] running install_scripts
[1.312s] writing list of installed files to '/home/encoder/Desktop/badem-robot/ros2_ws/build/serial_pubsub/install.log'
[1.386s] Invoked command in '/home/encoder/Desktop/badem-robot/ros2_ws/src/serial_pubsub' returned '0': PYTHONPATH=/home/encoder/Desktop/badem-robot/ros2_ws/build/serial_pubsub/prefix_override:/usr/lib/python3/dist-packages/colcon_core/task/python/colcon_distutils_commands:/home/encoder/Desktop/badem-robot/ros2_ws/install/serial_pubsub/lib/python3.10/site-packages:${PYTHONPATH} /usr/bin/python3 -W ignore:setup.py install is deprecated -W ignore:easy_install command is deprecated setup.py egg_info --egg-base ../../build/serial_pubsub build --build-base /home/encoder/Desktop/badem-robot/ros2_ws/build/serial_pubsub/build install --record /home/encoder/Desktop/badem-robot/ros2_ws/build/serial_pubsub/install.log --single-version-externally-managed install_data
