[4.829s] Invoking command in '/home/encoder/Desktop/ros2-robot/ros2_ws/src/ros2_opencv': PYTHONPATH=/home/encoder/Desktop/ros2-robot/build/ros2_opencv/prefix_override:/usr/lib/python3/dist-packages/colcon_core/task/python/colcon_distutils_commands:/home/encoder/Desktop/ros2-robot/install/ros2_opencv/lib/python3.10/site-packages:${PYTHONPATH} /usr/bin/python3 -W ignore:setup.py install is deprecated -W ignore:easy_install command is deprecated setup.py egg_info --egg-base ../../../build/ros2_opencv build --build-base /home/encoder/Desktop/ros2-robot/build/ros2_opencv/build install --record /home/encoder/Desktop/ros2-robot/build/ros2_opencv/install.log --single-version-externally-managed install_data
[8.251s] running egg_info
[8.252s] writing ../../../build/ros2_opencv/ros2_opencv.egg-info/PKG-INFO
[8.253s] writing dependency_links to ../../../build/ros2_opencv/ros2_opencv.egg-info/dependency_links.txt
[8.253s] writing entry points to ../../../build/ros2_opencv/ros2_opencv.egg-info/entry_points.txt
[8.260s] writing requirements to ../../../build/ros2_opencv/ros2_opencv.egg-info/requires.txt
[8.262s] writing top-level names to ../../../build/ros2_opencv/ros2_opencv.egg-info/top_level.txt
[8.265s] reading manifest file '../../../build/ros2_opencv/ros2_opencv.egg-info/SOURCES.txt'
[8.283s] writing manifest file '../../../build/ros2_opencv/ros2_opencv.egg-info/SOURCES.txt'
[8.287s] running build
[8.290s] running build_py
[8.290s] running install
[8.296s] running install_lib
[8.313s] running install_data
[8.315s] running install_egg_info
[8.323s] removing '/home/encoder/Desktop/ros2-robot/install/ros2_opencv/lib/python3.10/site-packages/ros2_opencv-0.0.0-py3.10.egg-info' (and everything under it)
[8.324s] Copying ../../../build/ros2_opencv/ros2_opencv.egg-info to /home/encoder/Desktop/ros2-robot/install/ros2_opencv/lib/python3.10/site-packages/ros2_opencv-0.0.0-py3.10.egg-info
[8.330s] running install_scripts
[8.433s] Installing publisher_node script to /home/encoder/Desktop/ros2-robot/install/ros2_opencv/lib/ros2_opencv
[8.434s] Installing subcriber_node script to /home/encoder/Desktop/ros2-robot/install/ros2_opencv/lib/ros2_opencv
[8.439s] writing list of installed files to '/home/encoder/Desktop/ros2-robot/build/ros2_opencv/install.log'
[8.553s] Invoked command in '/home/encoder/Desktop/ros2-robot/ros2_ws/src/ros2_opencv' returned '0': PYTHONPATH=/home/encoder/Desktop/ros2-robot/build/ros2_opencv/prefix_override:/usr/lib/python3/dist-packages/colcon_core/task/python/colcon_distutils_commands:/home/encoder/Desktop/ros2-robot/install/ros2_opencv/lib/python3.10/site-packages:${PYTHONPATH} /usr/bin/python3 -W ignore:setup.py install is deprecated -W ignore:easy_install command is deprecated setup.py egg_info --egg-base ../../../build/ros2_opencv build --build-base /home/encoder/Desktop/ros2-robot/build/ros2_opencv/build install --record /home/encoder/Desktop/ros2-robot/build/ros2_opencv/install.log --single-version-externally-managed install_data
