running egg_info
writing ../../build/3d_display_node/3d_display_node.egg-info/PKG-INFO
writing dependency_links to ../../build/3d_display_node/3d_display_node.egg-info/dependency_links.txt
writing entry points to ../../build/3d_display_node/3d_display_node.egg-info/entry_points.txt
writing requirements to ../../build/3d_display_node/3d_display_node.egg-info/requires.txt
writing top-level names to ../../build/3d_display_node/3d_display_node.egg-info/top_level.txt
reading manifest file '../../build/3d_display_node/3d_display_node.egg-info/SOURCES.txt'
writing manifest file '../../build/3d_display_node/3d_display_node.egg-info/SOURCES.txt'
running build
running build_py
copying 3d_display_node/camera_lidar_mapper.py -> /home/encoder/Desktop/ros2-robot/ros2_ws/build/3d_display_node/build/lib/3d_display_node
running install
running install_lib
copying /home/encoder/Desktop/ros2-robot/ros2_ws/build/3d_display_node/build/lib/3d_display_node/camera_lidar_mapper.py -> /home/encoder/Desktop/ros2-robot/ros2_ws/install/3d_display_node/lib/python3.10/site-packages/3d_display_node
byte-compiling /home/encoder/Desktop/ros2-robot/ros2_ws/install/3d_display_node/lib/python3.10/site-packages/3d_display_node/camera_lidar_mapper.py to camera_lidar_mapper.cpython-310.pyc
running install_data
running install_egg_info
removing '/home/encoder/Desktop/ros2-robot/ros2_ws/install/3d_display_node/lib/python3.10/site-packages/3d_display_node-0.0.0-py3.10.egg-info' (and everything under it)
Copying ../../build/3d_display_node/3d_display_node.egg-info to /home/encoder/Desktop/ros2-robot/ros2_ws/install/3d_display_node/lib/python3.10/site-packages/3d_display_node-0.0.0-py3.10.egg-info
running install_scripts
Installing camera_lidar_mapper script to /home/encoder/Desktop/ros2-robot/ros2_ws/install/3d_display_node/lib/3d_display_node
writing list of installed files to '/home/encoder/Desktop/ros2-robot/ros2_ws/build/3d_display_node/install.log'
