running develop
running egg_info
creating ros2_opencv.egg-info
writing ros2_opencv.egg-info/PKG-INFO
writing dependency_links to ros2_opencv.egg-info/dependency_links.txt
writing entry points to ros2_opencv.egg-info/entry_points.txt
writing requirements to ros2_opencv.egg-info/requires.txt
writing top-level names to ros2_opencv.egg-info/top_level.txt
writing manifest file 'ros2_opencv.egg-info/SOURCES.txt'
reading manifest file 'ros2_opencv.egg-info/SOURCES.txt'
writing manifest file 'ros2_opencv.egg-info/SOURCES.txt'
running build_ext
Creating /home/badem-robot/badem/ros2_ws/install/ros2_opencv/lib/python3.12/site-packages/ros2-opencv.egg-link (link to .)
Installing publisher_node script to /home/badem-robot/badem/ros2_ws/install/ros2_opencv/lib/ros2_opencv
Installing subcriber_node script to /home/badem-robot/badem/ros2_ws/install/ros2_opencv/lib/ros2_opencv

Installed /home/badem-robot/badem/ros2_ws/build/ros2_opencv
running symlink_data
creating /home/badem-robot/badem/ros2_ws/install/ros2_opencv/share/ament_index
creating /home/badem-robot/badem/ros2_ws/install/ros2_opencv/share/ament_index/resource_index
creating /home/badem-robot/badem/ros2_ws/install/ros2_opencv/share/ament_index/resource_index/packages
symbolically linking /home/badem-robot/badem/ros2_ws/build/ros2_opencv/resource/ros2_opencv -> /home/badem-robot/badem/ros2_ws/install/ros2_opencv/share/ament_index/resource_index/packages
symbolically linking /home/badem-robot/badem/ros2_ws/build/ros2_opencv/package.xml -> /home/badem-robot/badem/ros2_ws/install/ros2_opencv/share/ros2_opencv
