[9.119s] Invoking command in '/home/encoder/Desktop/ros2-robot/ros2_ws/src/tello_ros2': PYTHONPATH=/home/encoder/Desktop/ros2-robot/ros2_ws/build/tello_ros2/prefix_override:/usr/lib/python3/dist-packages/colcon_core/task/python/colcon_distutils_commands:/home/encoder/Desktop/ros2-robot/ros2_ws/install/tello_ros2/lib/python3.10/site-packages:${PYTHONPATH} /usr/bin/python3 -W ignore:setup.py install is deprecated -W ignore:easy_install command is deprecated setup.py egg_info --egg-base ../../build/tello_ros2 build --build-base /home/encoder/Desktop/ros2-robot/ros2_ws/build/tello_ros2/build install --record /home/encoder/Desktop/ros2-robot/ros2_ws/build/tello_ros2/install.log --single-version-externally-managed install_data
[10.644s] running egg_info
[10.647s] writing ../../build/tello_ros2/tello_ros2.egg-info/PKG-INFO
[10.648s] writing dependency_links to ../../build/tello_ros2/tello_ros2.egg-info/dependency_links.txt
[10.648s] writing entry points to ../../build/tello_ros2/tello_ros2.egg-info/entry_points.txt
[10.650s] writing requirements to ../../build/tello_ros2/tello_ros2.egg-info/requires.txt
[10.651s] writing top-level names to ../../build/tello_ros2/tello_ros2.egg-info/top_level.txt
[10.659s] reading manifest file '../../build/tello_ros2/tello_ros2.egg-info/SOURCES.txt'
[10.662s] writing manifest file '../../build/tello_ros2/tello_ros2.egg-info/SOURCES.txt'
[10.663s] running build
[10.664s] running build_py
[10.667s] running install
[10.668s] running install_lib
[10.674s] running install_data
[10.675s] running install_egg_info
[10.684s] removing '/home/encoder/Desktop/ros2-robot/ros2_ws/install/tello_ros2/lib/python3.10/site-packages/tello_ros2-0.1.0-py3.10.egg-info' (and everything under it)
[10.685s] Copying ../../build/tello_ros2/tello_ros2.egg-info to /home/encoder/Desktop/ros2-robot/ros2_ws/install/tello_ros2/lib/python3.10/site-packages/tello_ros2-0.1.0-py3.10.egg-info
[10.692s] running install_scripts
[10.803s] Installing tello_node script to /home/encoder/Desktop/ros2-robot/ros2_ws/install/tello_ros2/lib/tello_ros2
[10.803s] writing list of installed files to '/home/encoder/Desktop/ros2-robot/ros2_ws/build/tello_ros2/install.log'
