[2.728s] Invoking command in '/home/encoder/Desktop/ros2-robot/build/tello_description': CMAKE_PREFIX_PATH=${CMAKE_PREFIX_PATH}:/home/encoder/Desktop/ros2-robot/ros2_ws/install/serial_pubsub:/home/encoder/Desktop/ros2-robot/ros2_ws/install/ros2_opencv:/home/encoder/Desktop/ros2-robot/ros2_ws/install/lidar_mapper:/home/encoder/Desktop/ros2-robot/install/serial_pubsub:/home/encoder/Desktop/ros2-robot/install/ros2_opencv:/home/encoder/Desktop/ros2-robot/install/lidar_mapper:/opt/ros/humble /usr/bin/cmake --build /home/encoder/Desktop/ros2-robot/build/tello_description -- -j12 -l12
[2.981s] [ 11%] Built target generate_urdf
[2.981s] [ 22%] Built target generate_urdf_3
[2.981s] [ 33%] Built target generate_urdf_1
[2.981s] [ 44%] Built target generate_urdf_8
[2.981s] [ 55%] Built target generate_urdf_5
[2.988s] [ 66%] Built target generate_urdf_7
[2.990s] [ 77%] Built target generate_urdf_6
[3.004s] [ 88%] Built target generate_urdf_4
[3.013s] [100%] Built target generate_urdf_2
[3.147s] Invoked command in '/home/encoder/Desktop/ros2-robot/build/tello_description' returned '0': CMAKE_PREFIX_PATH=${CMAKE_PREFIX_PATH}:/home/encoder/Desktop/ros2-robot/ros2_ws/install/serial_pubsub:/home/encoder/Desktop/ros2-robot/ros2_ws/install/ros2_opencv:/home/encoder/Desktop/ros2-robot/ros2_ws/install/lidar_mapper:/home/encoder/Desktop/ros2-robot/install/serial_pubsub:/home/encoder/Desktop/ros2-robot/install/ros2_opencv:/home/encoder/Desktop/ros2-robot/install/lidar_mapper:/opt/ros/humble /usr/bin/cmake --build /home/encoder/Desktop/ros2-robot/build/tello_description -- -j12 -l12
[3.154s] Invoking command in '/home/encoder/Desktop/ros2-robot/build/tello_description': CMAKE_PREFIX_PATH=${CMAKE_PREFIX_PATH}:/home/encoder/Desktop/ros2-robot/ros2_ws/install/serial_pubsub:/home/encoder/Desktop/ros2-robot/ros2_ws/install/ros2_opencv:/home/encoder/Desktop/ros2-robot/ros2_ws/install/lidar_mapper:/home/encoder/Desktop/ros2-robot/install/serial_pubsub:/home/encoder/Desktop/ros2-robot/install/ros2_opencv:/home/encoder/Desktop/ros2-robot/install/lidar_mapper:/opt/ros/humble /usr/bin/cmake --install /home/encoder/Desktop/ros2-robot/build/tello_description
[3.235s] -- Install configuration: ""
[3.235s] -- Up-to-date: /home/encoder/Desktop/ros2-robot/install/tello_description/share/tello_description/urdf
[3.235s] -- Up-to-date: /home/encoder/Desktop/ros2-robot/install/tello_description/share/tello_description/urdf/tello_8.urdf
[3.236s] -- Up-to-date: /home/encoder/Desktop/ros2-robot/install/tello_description/share/tello_description/urdf/tello_7.urdf
[3.236s] -- Up-to-date: /home/encoder/Desktop/ros2-robot/install/tello_description/share/tello_description/urdf/tello_4.urdf
[3.236s] -- Up-to-date: /home/encoder/Desktop/ros2-robot/install/tello_description/share/tello_description/urdf/tello_6.urdf
[3.237s] -- Up-to-date: /home/encoder/Desktop/ros2-robot/install/tello_description/share/tello_description/urdf/tello.urdf
[3.237s] -- Up-to-date: /home/encoder/Desktop/ros2-robot/install/tello_description/share/tello_description/urdf/tello_5.urdf
[3.237s] -- Up-to-date: /home/encoder/Desktop/ros2-robot/install/tello_description/share/tello_description/urdf/tello_2.urdf
[3.237s] -- Up-to-date: /home/encoder/Desktop/ros2-robot/install/tello_description/share/tello_description/urdf/tello_3.urdf
[3.237s] -- Up-to-date: /home/encoder/Desktop/ros2-robot/install/tello_description/share/tello_description/urdf/tello_1.urdf
[3.238s] -- Up-to-date: /home/encoder/Desktop/ros2-robot/install/tello_description/share/ament_index/resource_index/package_run_dependencies/tello_description
[3.238s] -- Up-to-date: /home/encoder/Desktop/ros2-robot/install/tello_description/share/ament_index/resource_index/parent_prefix_path/tello_description
[3.238s] -- Up-to-date: /home/encoder/Desktop/ros2-robot/install/tello_description/share/tello_description/environment/ament_prefix_path.sh
[3.238s] -- Up-to-date: /home/encoder/Desktop/ros2-robot/install/tello_description/share/tello_description/environment/ament_prefix_path.dsv
[3.239s] -- Up-to-date: /home/encoder/Desktop/ros2-robot/install/tello_description/share/tello_description/environment/path.sh
[3.244s] -- Up-to-date: /home/encoder/Desktop/ros2-robot/install/tello_description/share/tello_description/environment/path.dsv
[3.244s] -- Up-to-date: /home/encoder/Desktop/ros2-robot/install/tello_description/share/tello_description/local_setup.bash
[3.244s] -- Up-to-date: /home/encoder/Desktop/ros2-robot/install/tello_description/share/tello_description/local_setup.sh
[3.244s] -- Up-to-date: /home/encoder/Desktop/ros2-robot/install/tello_description/share/tello_description/local_setup.zsh
[3.245s] -- Up-to-date: /home/encoder/Desktop/ros2-robot/install/tello_description/share/tello_description/local_setup.dsv
[3.245s] -- Installing: /home/encoder/Desktop/ros2-robot/install/tello_description/share/tello_description/package.dsv
[3.245s] -- Up-to-date: /home/encoder/Desktop/ros2-robot/install/tello_description/share/ament_index/resource_index/packages/tello_description
[3.245s] -- Up-to-date: /home/encoder/Desktop/ros2-robot/install/tello_description/share/tello_description/cmake/tello_descriptionConfig.cmake
[3.246s] -- Up-to-date: /home/encoder/Desktop/ros2-robot/install/tello_description/share/tello_description/cmake/tello_descriptionConfig-version.cmake
[3.246s] -- Up-to-date: /home/encoder/Desktop/ros2-robot/install/tello_description/share/tello_description/package.xml
[3.311s] Invoked command in '/home/encoder/Desktop/ros2-robot/build/tello_description' returned '0': CMAKE_PREFIX_PATH=${CMAKE_PREFIX_PATH}:/home/encoder/Desktop/ros2-robot/ros2_ws/install/serial_pubsub:/home/encoder/Desktop/ros2-robot/ros2_ws/install/ros2_opencv:/home/encoder/Desktop/ros2-robot/ros2_ws/install/lidar_mapper:/home/encoder/Desktop/ros2-robot/install/serial_pubsub:/home/encoder/Desktop/ros2-robot/install/ros2_opencv:/home/encoder/Desktop/ros2-robot/install/lidar_mapper:/opt/ros/humble /usr/bin/cmake --install /home/encoder/Desktop/ros2-robot/build/tello_description
