[0.113s] DEBUG:colcon:Command line arguments: ['/usr/bin/colcon', 'build']
[0.113s] DEBUG:colcon:Parsed command line arguments: Namespace(log_base=None, log_level=None, verb_name='build', build_base='build', install_base='install', merge_install=False, symlink_install=False, test_result_base=None, continue_on_error=False, executor='parallel', parallel_workers=12, event_handlers=None, ignore_user_meta=False, metas=['./colcon.meta'], base_paths=['.'], packages_ignore=None, packages_ignore_regex=None, paths=None, packages_up_to=None, packages_up_to_regex=None, packages_above=None, packages_above_and_dependencies=None, packages_above_depth=None, packages_select_by_dep=None, packages_skip_by_dep=None, packages_skip_up_to=None, packages_select_build_failed=False, packages_skip_build_finished=False, packages_select_test_failures=False, packages_skip_test_passed=False, packages_select=None, packages_skip=None, packages_select_regex=None, packages_skip_regex=None, packages_start=None, packages_end=None, allow_overriding=[], cmake_args=None, cmake_target=None, cmake_target_skip_unavailable=False, cmake_clean_cache=False, cmake_clean_first=False, cmake_force_configure=False, ament_cmake_args=None, catkin_cmake_args=None, catkin_skip_building_tests=False, mixin_files=None, mixin=None, verb_parser=<colcon_mixin.mixin.mixin_argument.MixinArgumentDecorator object at 0x7ba836e65600>, verb_extension=<colcon_core.verb.build.BuildVerb object at 0x7ba836fe7520>, main=<bound method BuildVerb.main of <colcon_core.verb.build.BuildVerb object at 0x7ba836fe7520>>, mixin_verb=('build',))
[0.335s] Level 1:colcon.colcon_core.package_discovery:discover_packages(colcon_meta) check parameters
[0.335s] Level 1:colcon.colcon_core.package_discovery:discover_packages(recursive) check parameters
[0.335s] Level 1:colcon.colcon_core.package_discovery:discover_packages(ignore) check parameters
[0.335s] Level 1:colcon.colcon_core.package_discovery:discover_packages(path) check parameters
[0.335s] Level 1:colcon.colcon_core.package_discovery:discover_packages(colcon_meta) discover
[0.335s] Level 1:colcon.colcon_core.package_discovery:discover_packages(recursive) discover
[0.335s] INFO:colcon.colcon_core.package_discovery:Crawling recursively for packages in '/home/encoder/Desktop/badem-robot/ros2_ws'
[0.336s] Level 1:colcon.colcon_core.package_identification:_identify(.) by extensions ['ignore', 'ignore_ament_install']
[0.336s] Level 1:colcon.colcon_core.package_identification:_identify(.) by extension 'ignore'
[0.336s] Level 1:colcon.colcon_core.package_identification:_identify(.) by extension 'ignore_ament_install'
[0.336s] Level 1:colcon.colcon_core.package_identification:_identify(.) by extensions ['colcon_pkg']
[0.336s] Level 1:colcon.colcon_core.package_identification:_identify(.) by extension 'colcon_pkg'
[0.336s] Level 1:colcon.colcon_core.package_identification:_identify(.) by extensions ['colcon_meta']
[0.336s] Level 1:colcon.colcon_core.package_identification:_identify(.) by extension 'colcon_meta'
[0.336s] Level 1:colcon.colcon_core.package_identification:_identify(.) by extensions ['ros']
[0.336s] Level 1:colcon.colcon_core.package_identification:_identify(.) by extension 'ros'
[0.356s] Level 1:colcon.colcon_core.package_identification:_identify(.) by extensions ['cmake', 'python']
[0.356s] Level 1:colcon.colcon_core.package_identification:_identify(.) by extension 'cmake'
[0.357s] Level 1:colcon.colcon_core.package_identification:_identify(.) by extension 'python'
[0.357s] Level 1:colcon.colcon_core.package_identification:_identify(.) by extensions ['python_setup_py']
[0.357s] Level 1:colcon.colcon_core.package_identification:_identify(.) by extension 'python_setup_py'
[0.357s] Level 1:colcon.colcon_core.package_identification:_identify(build) by extensions ['ignore', 'ignore_ament_install']
[0.357s] Level 1:colcon.colcon_core.package_identification:_identify(build) by extension 'ignore'
[0.357s] Level 1:colcon.colcon_core.package_identification:_identify(build) ignored
[0.357s] Level 1:colcon.colcon_core.package_identification:_identify(install) by extensions ['ignore', 'ignore_ament_install']
[0.358s] Level 1:colcon.colcon_core.package_identification:_identify(install) by extension 'ignore'
[0.358s] Level 1:colcon.colcon_core.package_identification:_identify(install) ignored
[0.358s] Level 1:colcon.colcon_core.package_identification:_identify(log) by extensions ['ignore', 'ignore_ament_install']
[0.358s] Level 1:colcon.colcon_core.package_identification:_identify(log) by extension 'ignore'
[0.358s] Level 1:colcon.colcon_core.package_identification:_identify(log) ignored
[0.358s] Level 1:colcon.colcon_core.package_identification:_identify(src) by extensions ['ignore', 'ignore_ament_install']
[0.358s] Level 1:colcon.colcon_core.package_identification:_identify(src) by extension 'ignore'
[0.359s] Level 1:colcon.colcon_core.package_identification:_identify(src) by extension 'ignore_ament_install'
[0.359s] Level 1:colcon.colcon_core.package_identification:_identify(src) by extensions ['colcon_pkg']
[0.359s] Level 1:colcon.colcon_core.package_identification:_identify(src) by extension 'colcon_pkg'
[0.359s] Level 1:colcon.colcon_core.package_identification:_identify(src) by extensions ['colcon_meta']
[0.359s] Level 1:colcon.colcon_core.package_identification:_identify(src) by extension 'colcon_meta'
[0.359s] Level 1:colcon.colcon_core.package_identification:_identify(src) by extensions ['ros']
[0.359s] Level 1:colcon.colcon_core.package_identification:_identify(src) by extension 'ros'
[0.359s] Level 1:colcon.colcon_core.package_identification:_identify(src) by extensions ['cmake', 'python']
[0.359s] Level 1:colcon.colcon_core.package_identification:_identify(src) by extension 'cmake'
[0.359s] Level 1:colcon.colcon_core.package_identification:_identify(src) by extension 'python'
[0.359s] Level 1:colcon.colcon_core.package_identification:_identify(src) by extensions ['python_setup_py']
[0.359s] Level 1:colcon.colcon_core.package_identification:_identify(src) by extension 'python_setup_py'
[0.359s] Level 1:colcon.colcon_core.package_identification:_identify(src/ros2_opencv) by extensions ['ignore', 'ignore_ament_install']
[0.360s] Level 1:colcon.colcon_core.package_identification:_identify(src/ros2_opencv) by extension 'ignore'
[0.360s] Level 1:colcon.colcon_core.package_identification:_identify(src/ros2_opencv) by extension 'ignore_ament_install'
[0.360s] Level 1:colcon.colcon_core.package_identification:_identify(src/ros2_opencv) by extensions ['colcon_pkg']
[0.360s] Level 1:colcon.colcon_core.package_identification:_identify(src/ros2_opencv) by extension 'colcon_pkg'
[0.360s] Level 1:colcon.colcon_core.package_identification:_identify(src/ros2_opencv) by extensions ['colcon_meta']
[0.360s] Level 1:colcon.colcon_core.package_identification:_identify(src/ros2_opencv) by extension 'colcon_meta'
[0.360s] Level 1:colcon.colcon_core.package_identification:_identify(src/ros2_opencv) by extensions ['ros']
[0.360s] Level 1:colcon.colcon_core.package_identification:_identify(src/ros2_opencv) by extension 'ros'
[0.366s] DEBUG:colcon.colcon_core.package_identification:Package 'src/ros2_opencv' with type 'ros.ament_python' and name 'ros2_opencv'
[0.366s] Level 1:colcon.colcon_core.package_identification:_identify(src/rplidar_ros) by extensions ['ignore', 'ignore_ament_install']
[0.367s] Level 1:colcon.colcon_core.package_identification:_identify(src/rplidar_ros) by extension 'ignore'
[0.367s] Level 1:colcon.colcon_core.package_identification:_identify(src/rplidar_ros) by extension 'ignore_ament_install'
[0.367s] Level 1:colcon.colcon_core.package_identification:_identify(src/rplidar_ros) by extensions ['colcon_pkg']
[0.367s] Level 1:colcon.colcon_core.package_identification:_identify(src/rplidar_ros) by extension 'colcon_pkg'
[0.367s] Level 1:colcon.colcon_core.package_identification:_identify(src/rplidar_ros) by extensions ['colcon_meta']
[0.367s] Level 1:colcon.colcon_core.package_identification:_identify(src/rplidar_ros) by extension 'colcon_meta'
[0.368s] Level 1:colcon.colcon_core.package_identification:_identify(src/rplidar_ros) by extensions ['ros']
[0.368s] Level 1:colcon.colcon_core.package_identification:_identify(src/rplidar_ros) by extension 'ros'
[0.370s] DEBUG:colcon.colcon_core.package_identification:Package 'src/rplidar_ros' with type 'ros.ament_cmake' and name 'rplidar_ros'
[0.371s] Level 1:colcon.colcon_core.package_identification:_identify(src/serial_pubsub) by extensions ['ignore', 'ignore_ament_install']
[0.371s] Level 1:colcon.colcon_core.package_identification:_identify(src/serial_pubsub) by extension 'ignore'
[0.371s] Level 1:colcon.colcon_core.package_identification:_identify(src/serial_pubsub) by extension 'ignore_ament_install'
[0.371s] Level 1:colcon.colcon_core.package_identification:_identify(src/serial_pubsub) by extensions ['colcon_pkg']
[0.371s] Level 1:colcon.colcon_core.package_identification:_identify(src/serial_pubsub) by extension 'colcon_pkg'
[0.372s] Level 1:colcon.colcon_core.package_identification:_identify(src/serial_pubsub) by extensions ['colcon_meta']
[0.372s] Level 1:colcon.colcon_core.package_identification:_identify(src/serial_pubsub) by extension 'colcon_meta'
[0.372s] Level 1:colcon.colcon_core.package_identification:_identify(src/serial_pubsub) by extensions ['ros']
[0.372s] Level 1:colcon.colcon_core.package_identification:_identify(src/serial_pubsub) by extension 'ros'
[0.375s] DEBUG:colcon.colcon_core.package_identification:Package 'src/serial_pubsub' with type 'ros.ament_python' and name 'serial_pubsub'
[0.375s] Level 1:colcon.colcon_core.package_discovery:discover_packages(recursive) using defaults
[0.375s] Level 1:colcon.colcon_core.package_discovery:discover_packages(ignore) discover
[0.375s] Level 1:colcon.colcon_core.package_discovery:discover_packages(ignore) using defaults
[0.375s] Level 1:colcon.colcon_core.package_discovery:discover_packages(path) discover
[0.375s] Level 1:colcon.colcon_core.package_discovery:discover_packages(path) using defaults
[0.464s] Level 1:colcon.colcon_core.package_discovery:discover_packages(prefix_path) check parameters
[0.464s] Level 1:colcon.colcon_core.package_discovery:discover_packages(prefix_path) discover
[0.469s] DEBUG:colcon.colcon_installed_package_information.package_discovery:Found 271 installed packages in /opt/ros/humble
[0.471s] Level 1:colcon.colcon_core.package_discovery:discover_packages(prefix_path) using defaults
[0.603s] Level 5:colcon.colcon_core.verb:set package 'ros2_opencv' build argument 'cmake_args' from command line to 'None'
[0.603s] Level 5:colcon.colcon_core.verb:set package 'ros2_opencv' build argument 'cmake_target' from command line to 'None'
[0.603s] Level 5:colcon.colcon_core.verb:set package 'ros2_opencv' build argument 'cmake_target_skip_unavailable' from command line to 'False'
[0.603s] Level 5:colcon.colcon_core.verb:set package 'ros2_opencv' build argument 'cmake_clean_cache' from command line to 'False'
[0.603s] Level 5:colcon.colcon_core.verb:set package 'ros2_opencv' build argument 'cmake_clean_first' from command line to 'False'
[0.603s] Level 5:colcon.colcon_core.verb:set package 'ros2_opencv' build argument 'cmake_force_configure' from command line to 'False'
[0.603s] Level 5:colcon.colcon_core.verb:set package 'ros2_opencv' build argument 'ament_cmake_args' from command line to 'None'
[0.604s] Level 5:colcon.colcon_core.verb:set package 'ros2_opencv' build argument 'catkin_cmake_args' from command line to 'None'
[0.604s] Level 5:colcon.colcon_core.verb:set package 'ros2_opencv' build argument 'catkin_skip_building_tests' from command line to 'False'
[0.604s] DEBUG:colcon.colcon_core.verb:Building package 'ros2_opencv' with the following arguments: {'ament_cmake_args': None, 'build_base': '/home/encoder/Desktop/badem-robot/ros2_ws/build/ros2_opencv', 'catkin_cmake_args': None, 'catkin_skip_building_tests': False, 'cmake_args': None, 'cmake_clean_cache': False, 'cmake_clean_first': False, 'cmake_force_configure': False, 'cmake_target': None, 'cmake_target_skip_unavailable': False, 'install_base': '/home/encoder/Desktop/badem-robot/ros2_ws/install/ros2_opencv', 'merge_install': False, 'path': '/home/encoder/Desktop/badem-robot/ros2_ws/src/ros2_opencv', 'symlink_install': False, 'test_result_base': None}
[0.606s] Level 5:colcon.colcon_core.verb:set package 'rplidar_ros' build argument 'cmake_args' from command line to 'None'
[0.606s] Level 5:colcon.colcon_core.verb:set package 'rplidar_ros' build argument 'cmake_target' from command line to 'None'
[0.606s] Level 5:colcon.colcon_core.verb:set package 'rplidar_ros' build argument 'cmake_target_skip_unavailable' from command line to 'False'
[0.606s] Level 5:colcon.colcon_core.verb:set package 'rplidar_ros' build argument 'cmake_clean_cache' from command line to 'False'
[0.606s] Level 5:colcon.colcon_core.verb:set package 'rplidar_ros' build argument 'cmake_clean_first' from command line to 'False'
[0.606s] Level 5:colcon.colcon_core.verb:set package 'rplidar_ros' build argument 'cmake_force_configure' from command line to 'False'
[0.606s] Level 5:colcon.colcon_core.verb:set package 'rplidar_ros' build argument 'ament_cmake_args' from command line to 'None'
[0.606s] Level 5:colcon.colcon_core.verb:set package 'rplidar_ros' build argument 'catkin_cmake_args' from command line to 'None'
[0.607s] Level 5:colcon.colcon_core.verb:set package 'rplidar_ros' build argument 'catkin_skip_building_tests' from command line to 'False'
[0.607s] DEBUG:colcon.colcon_core.verb:Building package 'rplidar_ros' with the following arguments: {'ament_cmake_args': None, 'build_base': '/home/encoder/Desktop/badem-robot/ros2_ws/build/rplidar_ros', 'catkin_cmake_args': None, 'catkin_skip_building_tests': False, 'cmake_args': None, 'cmake_clean_cache': False, 'cmake_clean_first': False, 'cmake_force_configure': False, 'cmake_target': None, 'cmake_target_skip_unavailable': False, 'install_base': '/home/encoder/Desktop/badem-robot/ros2_ws/install/rplidar_ros', 'merge_install': False, 'path': '/home/encoder/Desktop/badem-robot/ros2_ws/src/rplidar_ros', 'symlink_install': False, 'test_result_base': None}
[0.608s] Level 5:colcon.colcon_core.verb:set package 'serial_pubsub' build argument 'cmake_args' from command line to 'None'
[0.608s] Level 5:colcon.colcon_core.verb:set package 'serial_pubsub' build argument 'cmake_target' from command line to 'None'
[0.608s] Level 5:colcon.colcon_core.verb:set package 'serial_pubsub' build argument 'cmake_target_skip_unavailable' from command line to 'False'
[0.608s] Level 5:colcon.colcon_core.verb:set package 'serial_pubsub' build argument 'cmake_clean_cache' from command line to 'False'
[0.608s] Level 5:colcon.colcon_core.verb:set package 'serial_pubsub' build argument 'cmake_clean_first' from command line to 'False'
[0.608s] Level 5:colcon.colcon_core.verb:set package 'serial_pubsub' build argument 'cmake_force_configure' from command line to 'False'
[0.608s] Level 5:colcon.colcon_core.verb:set package 'serial_pubsub' build argument 'ament_cmake_args' from command line to 'None'
[0.609s] Level 5:colcon.colcon_core.verb:set package 'serial_pubsub' build argument 'catkin_cmake_args' from command line to 'None'
[0.609s] Level 5:colcon.colcon_core.verb:set package 'serial_pubsub' build argument 'catkin_skip_building_tests' from command line to 'False'
[0.609s] DEBUG:colcon.colcon_core.verb:Building package 'serial_pubsub' with the following arguments: {'ament_cmake_args': None, 'build_base': '/home/encoder/Desktop/badem-robot/ros2_ws/build/serial_pubsub', 'catkin_cmake_args': None, 'catkin_skip_building_tests': False, 'cmake_args': None, 'cmake_clean_cache': False, 'cmake_clean_first': False, 'cmake_force_configure': False, 'cmake_target': None, 'cmake_target_skip_unavailable': False, 'install_base': '/home/encoder/Desktop/badem-robot/ros2_ws/install/serial_pubsub', 'merge_install': False, 'path': '/home/encoder/Desktop/badem-robot/ros2_ws/src/serial_pubsub', 'symlink_install': False, 'test_result_base': None}
[0.609s] INFO:colcon.colcon_core.executor:Executing jobs using 'parallel' executor
[0.612s] DEBUG:colcon.colcon_parallel_executor.executor.parallel:run_until_complete
[0.613s] INFO:colcon.colcon_ros.task.ament_python.build:Building ROS package in '/home/encoder/Desktop/badem-robot/ros2_ws/src/ros2_opencv' with build type 'ament_python'
[0.615s] Level 1:colcon.colcon_core.shell:create_environment_hook('ros2_opencv', 'ament_prefix_path')
[0.623s] INFO:colcon.colcon_core.plugin_system:Skipping extension 'colcon_core.shell.bat': Not used on non-Windows systems
[0.624s] INFO:colcon.colcon_core.shell:Creating environment hook '/home/encoder/Desktop/badem-robot/ros2_ws/install/ros2_opencv/share/ros2_opencv/hook/ament_prefix_path.ps1'
[0.627s] INFO:colcon.colcon_core.shell:Creating environment descriptor '/home/encoder/Desktop/badem-robot/ros2_ws/install/ros2_opencv/share/ros2_opencv/hook/ament_prefix_path.dsv'
[0.629s] INFO:colcon.colcon_core.shell:Creating environment hook '/home/encoder/Desktop/badem-robot/ros2_ws/install/ros2_opencv/share/ros2_opencv/hook/ament_prefix_path.sh'
[0.632s] INFO:colcon.colcon_core.shell:Skip shell extension 'powershell' for command environment: Not usable outside of PowerShell
[0.633s] DEBUG:colcon.colcon_core.shell:Skip shell extension 'dsv' for command environment
[0.642s] INFO:colcon.colcon_ros.task.ament_cmake.build:Building ROS package in '/home/encoder/Desktop/badem-robot/ros2_ws/src/rplidar_ros' with build type 'ament_cmake'
[0.643s] INFO:colcon.colcon_cmake.task.cmake.build:Building CMake package in '/home/encoder/Desktop/badem-robot/ros2_ws/src/rplidar_ros'
[0.644s] INFO:colcon.colcon_core.shell:Skip shell extension 'powershell' for command environment: Not usable outside of PowerShell
[0.644s] DEBUG:colcon.colcon_core.shell:Skip shell extension 'dsv' for command environment
[0.654s] INFO:colcon.colcon_ros.task.ament_python.build:Building ROS package in '/home/encoder/Desktop/badem-robot/ros2_ws/src/serial_pubsub' with build type 'ament_python'
[0.654s] Level 1:colcon.colcon_core.shell:create_environment_hook('serial_pubsub', 'ament_prefix_path')
[0.655s] INFO:colcon.colcon_core.shell:Creating environment hook '/home/encoder/Desktop/badem-robot/ros2_ws/install/serial_pubsub/share/serial_pubsub/hook/ament_prefix_path.ps1'
[0.657s] INFO:colcon.colcon_core.shell:Creating environment descriptor '/home/encoder/Desktop/badem-robot/ros2_ws/install/serial_pubsub/share/serial_pubsub/hook/ament_prefix_path.dsv'
[0.659s] INFO:colcon.colcon_core.shell:Creating environment hook '/home/encoder/Desktop/badem-robot/ros2_ws/install/serial_pubsub/share/serial_pubsub/hook/ament_prefix_path.sh'
[0.661s] INFO:colcon.colcon_core.shell:Skip shell extension 'powershell' for command environment: Not usable outside of PowerShell
[0.661s] DEBUG:colcon.colcon_core.shell:Skip shell extension 'dsv' for command environment
[1.503s] INFO:colcon.colcon_core.task.python.build:Building Python package in '/home/encoder/Desktop/badem-robot/ros2_ws/src/ros2_opencv'
[1.504s] INFO:colcon.colcon_core.shell:Skip shell extension 'powershell' for command environment: Not usable outside of PowerShell
[1.505s] DEBUG:colcon.colcon_core.shell:Skip shell extension 'dsv' for command environment
[1.526s] DEBUG:colcon.colcon_core.event_handler.log_command:Invoking command in '/home/encoder/Desktop/badem-robot/ros2_ws/build/rplidar_ros': CMAKE_PREFIX_PATH=/opt/ros/humble /usr/bin/cmake /home/encoder/Desktop/badem-robot/ros2_ws/src/rplidar_ros -DCMAKE_INSTALL_PREFIX=/home/encoder/Desktop/badem-robot/ros2_ws/install/rplidar_ros
[2.168s] INFO:colcon.colcon_core.task.python.build:Building Python package in '/home/encoder/Desktop/badem-robot/ros2_ws/src/serial_pubsub'
[2.169s] INFO:colcon.colcon_core.shell:Skip shell extension 'powershell' for command environment: Not usable outside of PowerShell
[2.169s] DEBUG:colcon.colcon_core.shell:Skip shell extension 'dsv' for command environment
[3.272s] DEBUG:colcon.colcon_core.event_handler.log_command:Invoking command in '/home/encoder/Desktop/badem-robot/ros2_ws/src/serial_pubsub': PYTHONPATH=/home/encoder/Desktop/badem-robot/ros2_ws/build/serial_pubsub/prefix_override:/usr/lib/python3/dist-packages/colcon_core/task/python/colcon_distutils_commands:/home/encoder/Desktop/badem-robot/ros2_ws/install/serial_pubsub/lib/python3.10/site-packages:${PYTHONPATH} /usr/bin/python3 -W ignore:setup.py install is deprecated -W ignore:easy_install command is deprecated setup.py egg_info --egg-base ../../build/serial_pubsub build --build-base /home/encoder/Desktop/badem-robot/ros2_ws/build/serial_pubsub/build install --record /home/encoder/Desktop/badem-robot/ros2_ws/build/serial_pubsub/install.log --single-version-externally-managed install_data
[3.514s] DEBUG:colcon.colcon_core.event_handler.log_command:Invoking command in '/home/encoder/Desktop/badem-robot/ros2_ws/src/ros2_opencv': PYTHONPATH=/home/encoder/Desktop/badem-robot/ros2_ws/build/ros2_opencv/prefix_override:/usr/lib/python3/dist-packages/colcon_core/task/python/colcon_distutils_commands:/home/encoder/Desktop/badem-robot/ros2_ws/install/ros2_opencv/lib/python3.10/site-packages:${PYTHONPATH} /usr/bin/python3 -W ignore:setup.py install is deprecated -W ignore:easy_install command is deprecated setup.py egg_info --egg-base ../../build/ros2_opencv build --build-base /home/encoder/Desktop/badem-robot/ros2_ws/build/ros2_opencv/build install --record /home/encoder/Desktop/badem-robot/ros2_ws/build/ros2_opencv/install.log --single-version-externally-managed install_data
[4.148s] DEBUG:colcon.colcon_core.event_handler.log_command:Invoked command in '/home/encoder/Desktop/badem-robot/ros2_ws/src/serial_pubsub' returned '0': PYTHONPATH=/home/encoder/Desktop/badem-robot/ros2_ws/build/serial_pubsub/prefix_override:/usr/lib/python3/dist-packages/colcon_core/task/python/colcon_distutils_commands:/home/encoder/Desktop/badem-robot/ros2_ws/install/serial_pubsub/lib/python3.10/site-packages:${PYTHONPATH} /usr/bin/python3 -W ignore:setup.py install is deprecated -W ignore:easy_install command is deprecated setup.py egg_info --egg-base ../../build/serial_pubsub build --build-base /home/encoder/Desktop/badem-robot/ros2_ws/build/serial_pubsub/build install --record /home/encoder/Desktop/badem-robot/ros2_ws/build/serial_pubsub/install.log --single-version-externally-managed install_data
[4.157s] Level 1:colcon.colcon_core.environment:checking '/home/encoder/Desktop/badem-robot/ros2_ws/install/serial_pubsub' for CMake module files
[4.159s] Level 1:colcon.colcon_core.environment:checking '/home/encoder/Desktop/badem-robot/ros2_ws/install/serial_pubsub' for CMake config files
[4.162s] Level 1:colcon.colcon_core.environment:checking '/home/encoder/Desktop/badem-robot/ros2_ws/install/serial_pubsub/lib'
[4.163s] Level 1:colcon.colcon_core.environment:checking '/home/encoder/Desktop/badem-robot/ros2_ws/install/serial_pubsub/bin'
[4.164s] Level 1:colcon.colcon_core.environment:checking '/home/encoder/Desktop/badem-robot/ros2_ws/install/serial_pubsub/lib/pkgconfig/serial_pubsub.pc'
[4.165s] Level 1:colcon.colcon_core.environment:checking '/home/encoder/Desktop/badem-robot/ros2_ws/install/serial_pubsub/lib/python3.10/site-packages'
[4.165s] Level 1:colcon.colcon_core.shell:create_environment_hook('serial_pubsub', 'pythonpath')
[4.166s] INFO:colcon.colcon_core.shell:Creating environment hook '/home/encoder/Desktop/badem-robot/ros2_ws/install/serial_pubsub/share/serial_pubsub/hook/pythonpath.ps1'
[4.168s] INFO:colcon.colcon_core.shell:Creating environment descriptor '/home/encoder/Desktop/badem-robot/ros2_ws/install/serial_pubsub/share/serial_pubsub/hook/pythonpath.dsv'
[4.170s] INFO:colcon.colcon_core.shell:Creating environment hook '/home/encoder/Desktop/badem-robot/ros2_ws/install/serial_pubsub/share/serial_pubsub/hook/pythonpath.sh'
[4.173s] Level 1:colcon.colcon_core.environment:checking '/home/encoder/Desktop/badem-robot/ros2_ws/install/serial_pubsub/bin'
[4.174s] Level 1:colcon.colcon_core.environment:create_environment_scripts_only(serial_pubsub)
[4.175s] INFO:colcon.colcon_core.shell:Creating package script '/home/encoder/Desktop/badem-robot/ros2_ws/install/serial_pubsub/share/serial_pubsub/package.ps1'
[4.178s] INFO:colcon.colcon_core.shell:Creating package descriptor '/home/encoder/Desktop/badem-robot/ros2_ws/install/serial_pubsub/share/serial_pubsub/package.dsv'
[4.181s] INFO:colcon.colcon_core.shell:Creating package script '/home/encoder/Desktop/badem-robot/ros2_ws/install/serial_pubsub/share/serial_pubsub/package.sh'
[4.185s] INFO:colcon.colcon_core.shell:Creating package script '/home/encoder/Desktop/badem-robot/ros2_ws/install/serial_pubsub/share/serial_pubsub/package.bash'
[4.188s] INFO:colcon.colcon_core.shell:Creating package script '/home/encoder/Desktop/badem-robot/ros2_ws/install/serial_pubsub/share/serial_pubsub/package.zsh'
[4.190s] Level 1:colcon.colcon_core.environment:create_file_with_runtime_dependencies(/home/encoder/Desktop/badem-robot/ros2_ws/install/serial_pubsub/share/colcon-core/packages/serial_pubsub)
[4.520s] Level 1:colcon.colcon_core.environment:checking '/home/encoder/Desktop/badem-robot/ros2_ws/install/ros2_opencv' for CMake module files
[4.522s] DEBUG:colcon.colcon_core.event_handler.log_command:Invoked command in '/home/encoder/Desktop/badem-robot/ros2_ws/src/ros2_opencv' returned '0': PYTHONPATH=/home/encoder/Desktop/badem-robot/ros2_ws/build/ros2_opencv/prefix_override:/usr/lib/python3/dist-packages/colcon_core/task/python/colcon_distutils_commands:/home/encoder/Desktop/badem-robot/ros2_ws/install/ros2_opencv/lib/python3.10/site-packages:${PYTHONPATH} /usr/bin/python3 -W ignore:setup.py install is deprecated -W ignore:easy_install command is deprecated setup.py egg_info --egg-base ../../build/ros2_opencv build --build-base /home/encoder/Desktop/badem-robot/ros2_ws/build/ros2_opencv/build install --record /home/encoder/Desktop/badem-robot/ros2_ws/build/ros2_opencv/install.log --single-version-externally-managed install_data
[4.523s] Level 1:colcon.colcon_core.environment:checking '/home/encoder/Desktop/badem-robot/ros2_ws/install/ros2_opencv' for CMake config files
[4.525s] Level 1:colcon.colcon_core.environment:checking '/home/encoder/Desktop/badem-robot/ros2_ws/install/ros2_opencv/lib'
[4.525s] Level 1:colcon.colcon_core.environment:checking '/home/encoder/Desktop/badem-robot/ros2_ws/install/ros2_opencv/bin'
[4.526s] Level 1:colcon.colcon_core.environment:checking '/home/encoder/Desktop/badem-robot/ros2_ws/install/ros2_opencv/lib/pkgconfig/ros2_opencv.pc'
[4.527s] Level 1:colcon.colcon_core.environment:checking '/home/encoder/Desktop/badem-robot/ros2_ws/install/ros2_opencv/lib/python3.10/site-packages'
[4.527s] Level 1:colcon.colcon_core.shell:create_environment_hook('ros2_opencv', 'pythonpath')
[4.528s] INFO:colcon.colcon_core.shell:Creating environment hook '/home/encoder/Desktop/badem-robot/ros2_ws/install/ros2_opencv/share/ros2_opencv/hook/pythonpath.ps1'
[4.529s] INFO:colcon.colcon_core.shell:Creating environment descriptor '/home/encoder/Desktop/badem-robot/ros2_ws/install/ros2_opencv/share/ros2_opencv/hook/pythonpath.dsv'
[4.530s] INFO:colcon.colcon_core.shell:Creating environment hook '/home/encoder/Desktop/badem-robot/ros2_ws/install/ros2_opencv/share/ros2_opencv/hook/pythonpath.sh'
[4.532s] Level 1:colcon.colcon_core.environment:checking '/home/encoder/Desktop/badem-robot/ros2_ws/install/ros2_opencv/bin'
[4.533s] Level 1:colcon.colcon_core.environment:create_environment_scripts_only(ros2_opencv)
[4.534s] INFO:colcon.colcon_core.shell:Creating package script '/home/encoder/Desktop/badem-robot/ros2_ws/install/ros2_opencv/share/ros2_opencv/package.ps1'
[4.535s] INFO:colcon.colcon_core.shell:Creating package descriptor '/home/encoder/Desktop/badem-robot/ros2_ws/install/ros2_opencv/share/ros2_opencv/package.dsv'
[4.536s] INFO:colcon.colcon_core.shell:Creating package script '/home/encoder/Desktop/badem-robot/ros2_ws/install/ros2_opencv/share/ros2_opencv/package.sh'
[4.538s] INFO:colcon.colcon_core.shell:Creating package script '/home/encoder/Desktop/badem-robot/ros2_ws/install/ros2_opencv/share/ros2_opencv/package.bash'
[4.539s] INFO:colcon.colcon_core.shell:Creating package script '/home/encoder/Desktop/badem-robot/ros2_ws/install/ros2_opencv/share/ros2_opencv/package.zsh'
[4.540s] Level 1:colcon.colcon_core.environment:create_file_with_runtime_dependencies(/home/encoder/Desktop/badem-robot/ros2_ws/install/ros2_opencv/share/colcon-core/packages/ros2_opencv)
[5.233s] DEBUG:colcon.colcon_core.event_handler.log_command:Invoked command in '/home/encoder/Desktop/badem-robot/ros2_ws/build/rplidar_ros' returned '0': CMAKE_PREFIX_PATH=/opt/ros/humble /usr/bin/cmake /home/encoder/Desktop/badem-robot/ros2_ws/src/rplidar_ros -DCMAKE_INSTALL_PREFIX=/home/encoder/Desktop/badem-robot/ros2_ws/install/rplidar_ros
[5.246s] DEBUG:colcon.colcon_core.event_handler.log_command:Invoking command in '/home/encoder/Desktop/badem-robot/ros2_ws/build/rplidar_ros': CMAKE_PREFIX_PATH=/opt/ros/humble /usr/bin/cmake --build /home/encoder/Desktop/badem-robot/ros2_ws/build/rplidar_ros -- -j12 -l12
[28.214s] DEBUG:colcon.colcon_core.event_handler.log_command:Invoked command in '/home/encoder/Desktop/badem-robot/ros2_ws/build/rplidar_ros' returned '0': CMAKE_PREFIX_PATH=/opt/ros/humble /usr/bin/cmake --build /home/encoder/Desktop/badem-robot/ros2_ws/build/rplidar_ros -- -j12 -l12
[28.234s] DEBUG:colcon.colcon_core.event_handler.log_command:Invoking command in '/home/encoder/Desktop/badem-robot/ros2_ws/build/rplidar_ros': CMAKE_PREFIX_PATH=/opt/ros/humble /usr/bin/cmake --install /home/encoder/Desktop/badem-robot/ros2_ws/build/rplidar_ros
[28.275s] Level 1:colcon.colcon_core.environment:create_environment_scripts_only(rplidar_ros)
[28.276s] Level 1:colcon.colcon_core.environment:checking '/home/encoder/Desktop/badem-robot/ros2_ws/install/rplidar_ros' for CMake module files
[28.278s] DEBUG:colcon.colcon_core.event_handler.log_command:Invoked command in '/home/encoder/Desktop/badem-robot/ros2_ws/build/rplidar_ros' returned '0': CMAKE_PREFIX_PATH=/opt/ros/humble /usr/bin/cmake --install /home/encoder/Desktop/badem-robot/ros2_ws/build/rplidar_ros
[28.279s] Level 1:colcon.colcon_core.environment:checking '/home/encoder/Desktop/badem-robot/ros2_ws/install/rplidar_ros' for CMake config files
[28.279s] Level 1:colcon.colcon_core.shell:create_environment_hook('rplidar_ros', 'cmake_prefix_path')
[28.280s] INFO:colcon.colcon_core.shell:Creating environment hook '/home/encoder/Desktop/badem-robot/ros2_ws/install/rplidar_ros/share/rplidar_ros/hook/cmake_prefix_path.ps1'
[28.281s] INFO:colcon.colcon_core.shell:Creating environment descriptor '/home/encoder/Desktop/badem-robot/ros2_ws/install/rplidar_ros/share/rplidar_ros/hook/cmake_prefix_path.dsv'
[28.282s] INFO:colcon.colcon_core.shell:Creating environment hook '/home/encoder/Desktop/badem-robot/ros2_ws/install/rplidar_ros/share/rplidar_ros/hook/cmake_prefix_path.sh'
[28.283s] Level 1:colcon.colcon_core.environment:checking '/home/encoder/Desktop/badem-robot/ros2_ws/install/rplidar_ros/lib'
[28.283s] Level 1:colcon.colcon_core.environment:checking '/home/encoder/Desktop/badem-robot/ros2_ws/install/rplidar_ros/bin'
[28.283s] Level 1:colcon.colcon_core.environment:checking '/home/encoder/Desktop/badem-robot/ros2_ws/install/rplidar_ros/lib/pkgconfig/rplidar_ros.pc'
[28.284s] Level 1:colcon.colcon_core.environment:checking '/home/encoder/Desktop/badem-robot/ros2_ws/install/rplidar_ros/lib/python3.10/site-packages'
[28.284s] Level 1:colcon.colcon_core.environment:checking '/home/encoder/Desktop/badem-robot/ros2_ws/install/rplidar_ros/bin'
[28.285s] INFO:colcon.colcon_core.shell:Creating package script '/home/encoder/Desktop/badem-robot/ros2_ws/install/rplidar_ros/share/rplidar_ros/package.ps1'
[28.286s] INFO:colcon.colcon_core.shell:Creating package descriptor '/home/encoder/Desktop/badem-robot/ros2_ws/install/rplidar_ros/share/rplidar_ros/package.dsv'
[28.286s] INFO:colcon.colcon_core.shell:Creating package script '/home/encoder/Desktop/badem-robot/ros2_ws/install/rplidar_ros/share/rplidar_ros/package.sh'
[28.287s] INFO:colcon.colcon_core.shell:Creating package script '/home/encoder/Desktop/badem-robot/ros2_ws/install/rplidar_ros/share/rplidar_ros/package.bash'
[28.288s] INFO:colcon.colcon_core.shell:Creating package script '/home/encoder/Desktop/badem-robot/ros2_ws/install/rplidar_ros/share/rplidar_ros/package.zsh'
[28.289s] Level 1:colcon.colcon_core.environment:create_file_with_runtime_dependencies(/home/encoder/Desktop/badem-robot/ros2_ws/install/rplidar_ros/share/colcon-core/packages/rplidar_ros)
[28.290s] Level 1:colcon.colcon_core.environment:create_environment_scripts_only(rplidar_ros)
[28.291s] Level 1:colcon.colcon_core.environment:checking '/home/encoder/Desktop/badem-robot/ros2_ws/install/rplidar_ros' for CMake module files
[28.292s] Level 1:colcon.colcon_core.environment:checking '/home/encoder/Desktop/badem-robot/ros2_ws/install/rplidar_ros' for CMake config files
[28.292s] Level 1:colcon.colcon_core.shell:create_environment_hook('rplidar_ros', 'cmake_prefix_path')
[28.293s] INFO:colcon.colcon_core.shell:Creating environment hook '/home/encoder/Desktop/badem-robot/ros2_ws/install/rplidar_ros/share/rplidar_ros/hook/cmake_prefix_path.ps1'
[28.294s] INFO:colcon.colcon_core.shell:Creating environment descriptor '/home/encoder/Desktop/badem-robot/ros2_ws/install/rplidar_ros/share/rplidar_ros/hook/cmake_prefix_path.dsv'
[28.295s] INFO:colcon.colcon_core.shell:Creating environment hook '/home/encoder/Desktop/badem-robot/ros2_ws/install/rplidar_ros/share/rplidar_ros/hook/cmake_prefix_path.sh'
[28.296s] Level 1:colcon.colcon_core.environment:checking '/home/encoder/Desktop/badem-robot/ros2_ws/install/rplidar_ros/lib'
[28.296s] Level 1:colcon.colcon_core.environment:checking '/home/encoder/Desktop/badem-robot/ros2_ws/install/rplidar_ros/bin'
[28.296s] Level 1:colcon.colcon_core.environment:checking '/home/encoder/Desktop/badem-robot/ros2_ws/install/rplidar_ros/lib/pkgconfig/rplidar_ros.pc'
[28.297s] Level 1:colcon.colcon_core.environment:checking '/home/encoder/Desktop/badem-robot/ros2_ws/install/rplidar_ros/lib/python3.10/site-packages'
[28.297s] Level 1:colcon.colcon_core.environment:checking '/home/encoder/Desktop/badem-robot/ros2_ws/install/rplidar_ros/bin'
[28.298s] INFO:colcon.colcon_core.shell:Creating package script '/home/encoder/Desktop/badem-robot/ros2_ws/install/rplidar_ros/share/rplidar_ros/package.ps1'
[28.300s] INFO:colcon.colcon_core.shell:Creating package descriptor '/home/encoder/Desktop/badem-robot/ros2_ws/install/rplidar_ros/share/rplidar_ros/package.dsv'
[28.301s] INFO:colcon.colcon_core.shell:Creating package script '/home/encoder/Desktop/badem-robot/ros2_ws/install/rplidar_ros/share/rplidar_ros/package.sh'
[28.301s] INFO:colcon.colcon_core.shell:Creating package script '/home/encoder/Desktop/badem-robot/ros2_ws/install/rplidar_ros/share/rplidar_ros/package.bash'
[28.302s] INFO:colcon.colcon_core.shell:Creating package script '/home/encoder/Desktop/badem-robot/ros2_ws/install/rplidar_ros/share/rplidar_ros/package.zsh'
[28.303s] Level 1:colcon.colcon_core.environment:create_file_with_runtime_dependencies(/home/encoder/Desktop/badem-robot/ros2_ws/install/rplidar_ros/share/colcon-core/packages/rplidar_ros)
[28.303s] DEBUG:colcon.colcon_parallel_executor.executor.parallel:closing loop
[28.304s] DEBUG:colcon.colcon_parallel_executor.executor.parallel:loop closed
[28.304s] DEBUG:colcon.colcon_parallel_executor.executor.parallel:run_until_complete finished with '0'
[28.304s] DEBUG:colcon.colcon_core.event_reactor:joining thread
[28.355s] INFO:colcon.colcon_core.plugin_system:Skipping extension 'colcon_notification.desktop_notification.terminal_notifier': Not used on non-Darwin systems
[28.355s] INFO:colcon.colcon_core.plugin_system:Skipping extension 'colcon_notification.desktop_notification.win32': Not used on non-Windows systems
[28.355s] INFO:colcon.colcon_notification.desktop_notification:Sending desktop notification using 'notify2'
[28.391s] DEBUG:colcon.colcon_core.event_reactor:joined thread
[28.392s] INFO:colcon.colcon_core.shell:Creating prefix script '/home/encoder/Desktop/badem-robot/ros2_ws/install/local_setup.ps1'
[28.395s] INFO:colcon.colcon_core.shell:Creating prefix util module '/home/encoder/Desktop/badem-robot/ros2_ws/install/_local_setup_util_ps1.py'
[28.398s] INFO:colcon.colcon_core.shell:Creating prefix chain script '/home/encoder/Desktop/badem-robot/ros2_ws/install/setup.ps1'
[28.400s] INFO:colcon.colcon_core.shell:Creating prefix script '/home/encoder/Desktop/badem-robot/ros2_ws/install/local_setup.sh'
[28.401s] INFO:colcon.colcon_core.shell:Creating prefix util module '/home/encoder/Desktop/badem-robot/ros2_ws/install/_local_setup_util_sh.py'
[28.402s] INFO:colcon.colcon_core.shell:Creating prefix chain script '/home/encoder/Desktop/badem-robot/ros2_ws/install/setup.sh'
[28.404s] INFO:colcon.colcon_core.shell:Creating prefix script '/home/encoder/Desktop/badem-robot/ros2_ws/install/local_setup.bash'
[28.406s] INFO:colcon.colcon_core.shell:Creating prefix chain script '/home/encoder/Desktop/badem-robot/ros2_ws/install/setup.bash'
[28.408s] INFO:colcon.colcon_core.shell:Creating prefix script '/home/encoder/Desktop/badem-robot/ros2_ws/install/local_setup.zsh'
[28.409s] INFO:colcon.colcon_core.shell:Creating prefix chain script '/home/encoder/Desktop/badem-robot/ros2_ws/install/setup.zsh'
