[5.554s] Invoking command in '/home/encoder/Desktop/ros2-robot/ros2_ws/src/3d_display_node': PYTHONPATH=/home/encoder/Desktop/ros2-robot/ros2_ws/build/3d_display_node/prefix_override:/usr/lib/python3/dist-packages/colcon_core/task/python/colcon_distutils_commands:/home/encoder/Desktop/ros2-robot/ros2_ws/install/3d_display_node/lib/python3.10/site-packages:${PYTHONPATH} /usr/bin/python3 -W ignore:setup.py install is deprecated -W ignore:easy_install command is deprecated setup.py egg_info --egg-base ../../build/3d_display_node build --build-base /home/encoder/Desktop/ros2-robot/ros2_ws/build/3d_display_node/build install --record /home/encoder/Desktop/ros2-robot/ros2_ws/build/3d_display_node/install.log --single-version-externally-managed install_data
[6.206s] running egg_info
[6.209s] writing ../../build/3d_display_node/3d_display_node.egg-info/PKG-INFO
[6.210s] writing dependency_links to ../../build/3d_display_node/3d_display_node.egg-info/dependency_links.txt
[6.214s] writing entry points to ../../build/3d_display_node/3d_display_node.egg-info/entry_points.txt
[6.215s] writing requirements to ../../build/3d_display_node/3d_display_node.egg-info/requires.txt
[6.215s] writing top-level names to ../../build/3d_display_node/3d_display_node.egg-info/top_level.txt
[6.217s] reading manifest file '../../build/3d_display_node/3d_display_node.egg-info/SOURCES.txt'
[6.221s] writing manifest file '../../build/3d_display_node/3d_display_node.egg-info/SOURCES.txt'
[6.221s] running build
[6.222s] running build_py
[6.226s] running install
[6.227s] running install_lib
[6.227s] running install_data
[6.227s] running install_egg_info
[6.234s] removing '/home/encoder/Desktop/ros2-robot/ros2_ws/install/3d_display_node/lib/python3.10/site-packages/3d_display_node-0.0.0-py3.10.egg-info' (and everything under it)
[6.235s] Copying ../../build/3d_display_node/3d_display_node.egg-info to /home/encoder/Desktop/ros2-robot/ros2_ws/install/3d_display_node/lib/python3.10/site-packages/3d_display_node-0.0.0-py3.10.egg-info
[6.238s] running install_scripts
[6.305s] Installing camera_lidar_mapper script to /home/encoder/Desktop/ros2-robot/ros2_ws/install/3d_display_node/lib/3d_display_node
[6.306s] writing list of installed files to '/home/encoder/Desktop/ros2-robot/ros2_ws/build/3d_display_node/install.log'
[6.445s] Invoked command in '/home/encoder/Desktop/ros2-robot/ros2_ws/src/3d_display_node' returned '0': PYTHONPATH=/home/encoder/Desktop/ros2-robot/ros2_ws/build/3d_display_node/prefix_override:/usr/lib/python3/dist-packages/colcon_core/task/python/colcon_distutils_commands:/home/encoder/Desktop/ros2-robot/ros2_ws/install/3d_display_node/lib/python3.10/site-packages:${PYTHONPATH} /usr/bin/python3 -W ignore:setup.py install is deprecated -W ignore:easy_install command is deprecated setup.py egg_info --egg-base ../../build/3d_display_node build --build-base /home/encoder/Desktop/ros2-robot/ros2_ws/build/3d_display_node/build install --record /home/encoder/Desktop/ros2-robot/ros2_ws/build/3d_display_node/install.log --single-version-externally-managed install_data
