[6.894s] Invoking command in '/home/encoder/Desktop/ros2-robot/ros2_ws/src/ros2_opencv': PYTHONPATH=/home/encoder/Desktop/ros2-robot/ros2_ws/build/ros2_opencv/prefix_override:/usr/lib/python3/dist-packages/colcon_core/task/python/colcon_distutils_commands:/home/encoder/Desktop/ros2-robot/ros2_ws/install/ros2_opencv/lib/python3.10/site-packages:${PYTHONPATH} /usr/bin/python3 -W ignore:setup.py install is deprecated -W ignore:easy_install command is deprecated setup.py egg_info --egg-base ../../build/ros2_opencv build --build-base /home/encoder/Desktop/ros2-robot/ros2_ws/build/ros2_opencv/build install --record /home/encoder/Desktop/ros2-robot/ros2_ws/build/ros2_opencv/install.log --single-version-externally-managed install_data
[8.379s] running egg_info
[8.380s] writing ../../build/ros2_opencv/ros2_opencv.egg-info/PKG-INFO
[8.380s] writing dependency_links to ../../build/ros2_opencv/ros2_opencv.egg-info/dependency_links.txt
[8.380s] writing entry points to ../../build/ros2_opencv/ros2_opencv.egg-info/entry_points.txt
[8.381s] writing requirements to ../../build/ros2_opencv/ros2_opencv.egg-info/requires.txt
[8.388s] writing top-level names to ../../build/ros2_opencv/ros2_opencv.egg-info/top_level.txt
[8.390s] reading manifest file '../../build/ros2_opencv/ros2_opencv.egg-info/SOURCES.txt'
[8.393s] writing manifest file '../../build/ros2_opencv/ros2_opencv.egg-info/SOURCES.txt'
[8.407s] running build
[8.408s] running build_py
[8.408s] running install
[8.408s] running install_lib
[8.409s] running install_data
[8.409s] running install_egg_info
[8.411s] removing '/home/encoder/Desktop/ros2-robot/ros2_ws/install/ros2_opencv/lib/python3.10/site-packages/ros2_opencv-0.0.0-py3.10.egg-info' (and everything under it)
[8.412s] Copying ../../build/ros2_opencv/ros2_opencv.egg-info to /home/encoder/Desktop/ros2-robot/ros2_ws/install/ros2_opencv/lib/python3.10/site-packages/ros2_opencv-0.0.0-py3.10.egg-info
[8.412s] running install_scripts
[8.515s] Installing publisher_node script to /home/encoder/Desktop/ros2-robot/ros2_ws/install/ros2_opencv/lib/ros2_opencv
[8.515s] Installing subcriber_node script to /home/encoder/Desktop/ros2-robot/ros2_ws/install/ros2_opencv/lib/ros2_opencv
[8.515s] writing list of installed files to '/home/encoder/Desktop/ros2-robot/ros2_ws/build/ros2_opencv/install.log'
[8.655s] Invoked command in '/home/encoder/Desktop/ros2-robot/ros2_ws/src/ros2_opencv' returned '0': PYTHONPATH=/home/encoder/Desktop/ros2-robot/ros2_ws/build/ros2_opencv/prefix_override:/usr/lib/python3/dist-packages/colcon_core/task/python/colcon_distutils_commands:/home/encoder/Desktop/ros2-robot/ros2_ws/install/ros2_opencv/lib/python3.10/site-packages:${PYTHONPATH} /usr/bin/python3 -W ignore:setup.py install is deprecated -W ignore:easy_install command is deprecated setup.py egg_info --egg-base ../../build/ros2_opencv build --build-base /home/encoder/Desktop/ros2-robot/ros2_ws/build/ros2_opencv/build install --record /home/encoder/Desktop/ros2-robot/ros2_ws/build/ros2_opencv/install.log --single-version-externally-managed install_data
