[6.984s] Invoking command in '/home/encoder/Desktop/ros2-robot/ros2_ws/src/tello_ros2': PYTHONPATH=/home/encoder/Desktop/ros2-robot/ros2_ws/build/tello_ros2/prefix_override:/usr/lib/python3/dist-packages/colcon_core/task/python/colcon_distutils_commands:/home/encoder/Desktop/ros2-robot/ros2_ws/install/tello_ros2/lib/python3.10/site-packages:${PYTHONPATH} /usr/bin/python3 -W ignore:setup.py install is deprecated -W ignore:easy_install command is deprecated setup.py egg_info --egg-base ../../build/tello_ros2 build --build-base /home/encoder/Desktop/ros2-robot/ros2_ws/build/tello_ros2/build install --record /home/encoder/Desktop/ros2-robot/ros2_ws/build/tello_ros2/install.log --single-version-externally-managed install_data
[8.118s] running egg_info
[8.119s] writing ../../build/tello_ros2/tello_ros2.egg-info/PKG-INFO
[8.120s] writing dependency_links to ../../build/tello_ros2/tello_ros2.egg-info/dependency_links.txt
[8.120s] writing entry points to ../../build/tello_ros2/tello_ros2.egg-info/entry_points.txt
[8.121s] writing requirements to ../../build/tello_ros2/tello_ros2.egg-info/requires.txt
[8.121s] writing top-level names to ../../build/tello_ros2/tello_ros2.egg-info/top_level.txt
[8.130s] reading manifest file '../../build/tello_ros2/tello_ros2.egg-info/SOURCES.txt'
[8.136s] writing manifest file '../../build/tello_ros2/tello_ros2.egg-info/SOURCES.txt'
[8.142s] running build
[8.143s] running build_py
[8.143s] running install
[8.144s] running install_lib
[8.148s] running install_data
[8.148s] running install_egg_info
[8.159s] removing '/home/encoder/Desktop/ros2-robot/ros2_ws/install/tello_ros2/lib/python3.10/site-packages/tello_ros2-0.1.0-py3.10.egg-info' (and everything under it)
[8.160s] Copying ../../build/tello_ros2/tello_ros2.egg-info to /home/encoder/Desktop/ros2-robot/ros2_ws/install/tello_ros2/lib/python3.10/site-packages/tello_ros2-0.1.0-py3.10.egg-info
[8.162s] running install_scripts
[8.282s] Installing tello_node script to /home/encoder/Desktop/ros2-robot/ros2_ws/install/tello_ros2/lib/tello_ros2
[8.286s] writing list of installed files to '/home/encoder/Desktop/ros2-robot/ros2_ws/build/tello_ros2/install.log'
[8.444s] Invoked command in '/home/encoder/Desktop/ros2-robot/ros2_ws/src/tello_ros2' returned '0': PYTHONPATH=/home/encoder/Desktop/ros2-robot/ros2_ws/build/tello_ros2/prefix_override:/usr/lib/python3/dist-packages/colcon_core/task/python/colcon_distutils_commands:/home/encoder/Desktop/ros2-robot/ros2_ws/install/tello_ros2/lib/python3.10/site-packages:${PYTHONPATH} /usr/bin/python3 -W ignore:setup.py install is deprecated -W ignore:easy_install command is deprecated setup.py egg_info --egg-base ../../build/tello_ros2 build --build-base /home/encoder/Desktop/ros2-robot/ros2_ws/build/tello_ros2/build install --record /home/encoder/Desktop/ros2-robot/ros2_ws/build/tello_ros2/install.log --single-version-externally-managed install_data
