[7.682s] Invoking command in '/home/encoder/Desktop/ros2-robot/ros2_ws/src/multi_launch': PYTHONPATH=/home/encoder/Desktop/ros2-robot/ros2_ws/build/multi_launch/prefix_override:/usr/lib/python3/dist-packages/colcon_core/task/python/colcon_distutils_commands:/home/encoder/Desktop/ros2-robot/ros2_ws/install/multi_launch/lib/python3.10/site-packages:${PYTHONPATH} /usr/bin/python3 -W ignore:setup.py install is deprecated -W ignore:easy_install command is deprecated setup.py egg_info --egg-base ../../build/multi_launch build --build-base /home/encoder/Desktop/ros2-robot/ros2_ws/build/multi_launch/build install --record /home/encoder/Desktop/ros2-robot/ros2_ws/build/multi_launch/install.log --single-version-externally-managed install_data
[9.156s] running egg_info
[9.158s] writing ../../build/multi_launch/multi_launch.egg-info/PKG-INFO
[9.159s] writing dependency_links to ../../build/multi_launch/multi_launch.egg-info/dependency_links.txt
[9.160s] writing entry points to ../../build/multi_launch/multi_launch.egg-info/entry_points.txt
[9.161s] writing requirements to ../../build/multi_launch/multi_launch.egg-info/requires.txt
[9.161s] writing top-level names to ../../build/multi_launch/multi_launch.egg-info/top_level.txt
[9.169s] reading manifest file '../../build/multi_launch/multi_launch.egg-info/SOURCES.txt'
[9.174s] writing manifest file '../../build/multi_launch/multi_launch.egg-info/SOURCES.txt'
[9.177s] running build
[9.179s] running build_py
[9.181s] running install
[9.181s] running install_lib
[9.186s] running install_data
[9.186s] copying launch/multi_launch.py -> /home/encoder/Desktop/ros2-robot/ros2_ws/install/multi_launch/share/multi_launch
[9.187s] running install_egg_info
[9.195s] removing '/home/encoder/Desktop/ros2-robot/ros2_ws/install/multi_launch/lib/python3.10/site-packages/multi_launch-0.0.0-py3.10.egg-info' (and everything under it)
[9.197s] Copying ../../build/multi_launch/multi_launch.egg-info to /home/encoder/Desktop/ros2-robot/ros2_ws/install/multi_launch/lib/python3.10/site-packages/multi_launch-0.0.0-py3.10.egg-info
[9.201s] running install_scripts
[9.290s] writing list of installed files to '/home/encoder/Desktop/ros2-robot/ros2_ws/build/multi_launch/install.log'
[9.391s] Invoked command in '/home/encoder/Desktop/ros2-robot/ros2_ws/src/multi_launch' returned '0': PYTHONPATH=/home/encoder/Desktop/ros2-robot/ros2_ws/build/multi_launch/prefix_override:/usr/lib/python3/dist-packages/colcon_core/task/python/colcon_distutils_commands:/home/encoder/Desktop/ros2-robot/ros2_ws/install/multi_launch/lib/python3.10/site-packages:${PYTHONPATH} /usr/bin/python3 -W ignore:setup.py install is deprecated -W ignore:easy_install command is deprecated setup.py egg_info --egg-base ../../build/multi_launch build --build-base /home/encoder/Desktop/ros2-robot/ros2_ws/build/multi_launch/build install --record /home/encoder/Desktop/ros2-robot/ros2_ws/build/multi_launch/install.log --single-version-externally-managed install_data
