[1.940s] Invoking command in '/home/encoder/Desktop/ros2-robot/build/rplidar_ros': CMAKE_PREFIX_PATH=${CMAKE_PREFIX_PATH}:/home/encoder/Desktop/ros2-robot/ros2_ws/install/serial_pubsub:/home/encoder/Desktop/ros2-robot/ros2_ws/install/ros2_opencv:/home/encoder/Desktop/ros2-robot/ros2_ws/install/lidar_mapper:/home/encoder/Desktop/ros2-robot/install/serial_pubsub:/home/encoder/Desktop/ros2-robot/install/ros2_opencv:/home/encoder/Desktop/ros2-robot/install/lidar_mapper:/opt/ros/humble /usr/bin/cmake --build /home/encoder/Desktop/ros2-robot/build/rplidar_ros -- -j12 -l12
[2.765s] [  5%] Built target rplidar_client
[2.766s] [ 52%] Built target rplidar_composition
[2.766s] [100%] Built target rplidar_node
[2.825s] Invoked command in '/home/encoder/Desktop/ros2-robot/build/rplidar_ros' returned '0': CMAKE_PREFIX_PATH=${CMAKE_PREFIX_PATH}:/home/encoder/Desktop/ros2-robot/ros2_ws/install/serial_pubsub:/home/encoder/Desktop/ros2-robot/ros2_ws/install/ros2_opencv:/home/encoder/Desktop/ros2-robot/ros2_ws/install/lidar_mapper:/home/encoder/Desktop/ros2-robot/install/serial_pubsub:/home/encoder/Desktop/ros2-robot/install/ros2_opencv:/home/encoder/Desktop/ros2-robot/install/lidar_mapper:/opt/ros/humble /usr/bin/cmake --build /home/encoder/Desktop/ros2-robot/build/rplidar_ros -- -j12 -l12
[2.833s] Invoking command in '/home/encoder/Desktop/ros2-robot/build/rplidar_ros': CMAKE_PREFIX_PATH=${CMAKE_PREFIX_PATH}:/home/encoder/Desktop/ros2-robot/ros2_ws/install/serial_pubsub:/home/encoder/Desktop/ros2-robot/ros2_ws/install/ros2_opencv:/home/encoder/Desktop/ros2-robot/ros2_ws/install/lidar_mapper:/home/encoder/Desktop/ros2-robot/install/serial_pubsub:/home/encoder/Desktop/ros2-robot/install/ros2_opencv:/home/encoder/Desktop/ros2-robot/install/lidar_mapper:/opt/ros/humble /usr/bin/cmake --install /home/encoder/Desktop/ros2-robot/build/rplidar_ros
[2.910s] -- Install configuration: ""
[2.911s] -- Up-to-date: /home/encoder/Desktop/ros2-robot/install/rplidar_ros/share/rplidar_ros/launch
[2.934s] -- Up-to-date: /home/encoder/Desktop/ros2-robot/install/rplidar_ros/share/rplidar_ros/launch/view_rplidar_a2m8_launch.py
[2.934s] -- Up-to-date: /home/encoder/Desktop/ros2-robot/install/rplidar_ros/share/rplidar_ros/launch/view_rplidar_c1_launch.py
[2.935s] -- Up-to-date: /home/encoder/Desktop/ros2-robot/install/rplidar_ros/share/rplidar_ros/launch/rplidar_a2m8_launch.py
[2.935s] -- Up-to-date: /home/encoder/Desktop/ros2-robot/install/rplidar_ros/share/rplidar_ros/launch/rplidar_t1_launch.py
[2.935s] -- Up-to-date: /home/encoder/Desktop/ros2-robot/install/rplidar_ros/share/rplidar_ros/launch/rplidar_s2e_launch.py
[2.935s] -- Up-to-date: /home/encoder/Desktop/ros2-robot/install/rplidar_ros/share/rplidar_ros/launch/view_rplidar_s3_launch.py
[2.935s] -- Up-to-date: /home/encoder/Desktop/ros2-robot/install/rplidar_ros/share/rplidar_ros/launch/rplidar_s1_launch.py
[2.961s] -- Up-to-date: /home/encoder/Desktop/ros2-robot/install/rplidar_ros/share/rplidar_ros/launch/rplidar_a1_launch.py
[2.961s] -- Up-to-date: /home/encoder/Desktop/ros2-robot/install/rplidar_ros/share/rplidar_ros/launch/view_rplidar_s2_launch.py
[2.962s] -- Up-to-date: /home/encoder/Desktop/ros2-robot/install/rplidar_ros/share/rplidar_ros/launch/rplidar_c1_launch.py
[2.962s] -- Up-to-date: /home/encoder/Desktop/ros2-robot/install/rplidar_ros/share/rplidar_ros/launch/view_rplidar_a2m7_launch.py
[2.962s] -- Up-to-date: /home/encoder/Desktop/ros2-robot/install/rplidar_ros/share/rplidar_ros/launch/view_rplidar_s1_tcp_launch.py
[2.962s] -- Up-to-date: /home/encoder/Desktop/ros2-robot/install/rplidar_ros/share/rplidar_ros/launch/rplidar_s2_launch.py
[2.963s] -- Up-to-date: /home/encoder/Desktop/ros2-robot/install/rplidar_ros/share/rplidar_ros/launch/rplidar_a2m7_launch.py
[2.978s] -- Up-to-date: /home/encoder/Desktop/ros2-robot/install/rplidar_ros/share/rplidar_ros/launch/view_rplidar_s2e_launch.py
[2.978s] -- Up-to-date: /home/encoder/Desktop/ros2-robot/install/rplidar_ros/share/rplidar_ros/launch/view_rplidar_a2m12_launch.py
[2.978s] -- Up-to-date: /home/encoder/Desktop/ros2-robot/install/rplidar_ros/share/rplidar_ros/launch/view_rplidar_t1_launch.py
[2.980s] -- Up-to-date: /home/encoder/Desktop/ros2-robot/install/rplidar_ros/share/rplidar_ros/launch/view_rplidar_s1_launch.py
[2.980s] -- Up-to-date: /home/encoder/Desktop/ros2-robot/install/rplidar_ros/share/rplidar_ros/launch/rplidar_a3_launch.py
[2.981s] -- Up-to-date: /home/encoder/Desktop/ros2-robot/install/rplidar_ros/share/rplidar_ros/launch/rplidar_s1_tcp_launch.py
[2.981s] -- Up-to-date: /home/encoder/Desktop/ros2-robot/install/rplidar_ros/share/rplidar_ros/launch/rplidar_a2m12_launch.py
[2.981s] -- Up-to-date: /home/encoder/Desktop/ros2-robot/install/rplidar_ros/share/rplidar_ros/launch/rplidar_s3_launch.py
[2.981s] -- Up-to-date: /home/encoder/Desktop/ros2-robot/install/rplidar_ros/share/rplidar_ros/launch/view_rplidar_a3_launch.py
[2.981s] -- Up-to-date: /home/encoder/Desktop/ros2-robot/install/rplidar_ros/share/rplidar_ros/launch/view_rplidar_a1_launch.py
[2.982s] -- Up-to-date: /home/encoder/Desktop/ros2-robot/install/rplidar_ros/share/rplidar_ros/rviz
[2.982s] -- Up-to-date: /home/encoder/Desktop/ros2-robot/install/rplidar_ros/share/rplidar_ros/rviz/rplidar_ros.rviz
[2.983s] -- Up-to-date: /home/encoder/Desktop/ros2-robot/install/rplidar_ros/lib/rplidar_ros/rplidar_node
[2.984s] -- Up-to-date: /home/encoder/Desktop/ros2-robot/install/rplidar_ros/lib/rplidar_ros/rplidar_composition
[2.984s] -- Up-to-date: /home/encoder/Desktop/ros2-robot/install/rplidar_ros/lib/rplidar_ros/rplidar_client
[2.984s] -- Up-to-date: /home/encoder/Desktop/ros2-robot/install/rplidar_ros/share/ament_index/resource_index/package_run_dependencies/rplidar_ros
[2.984s] -- Up-to-date: /home/encoder/Desktop/ros2-robot/install/rplidar_ros/share/ament_index/resource_index/parent_prefix_path/rplidar_ros
[2.984s] -- Up-to-date: /home/encoder/Desktop/ros2-robot/install/rplidar_ros/share/rplidar_ros/environment/ament_prefix_path.sh
[2.985s] -- Up-to-date: /home/encoder/Desktop/ros2-robot/install/rplidar_ros/share/rplidar_ros/environment/ament_prefix_path.dsv
[2.998s] -- Up-to-date: /home/encoder/Desktop/ros2-robot/install/rplidar_ros/share/rplidar_ros/environment/path.sh
[2.999s] -- Up-to-date: /home/encoder/Desktop/ros2-robot/install/rplidar_ros/share/rplidar_ros/environment/path.dsv
[2.999s] -- Up-to-date: /home/encoder/Desktop/ros2-robot/install/rplidar_ros/share/rplidar_ros/local_setup.bash
[2.999s] -- Up-to-date: /home/encoder/Desktop/ros2-robot/install/rplidar_ros/share/rplidar_ros/local_setup.sh
[2.999s] -- Up-to-date: /home/encoder/Desktop/ros2-robot/install/rplidar_ros/share/rplidar_ros/local_setup.zsh
[3.008s] -- Up-to-date: /home/encoder/Desktop/ros2-robot/install/rplidar_ros/share/rplidar_ros/local_setup.dsv
[3.009s] -- Installing: /home/encoder/Desktop/ros2-robot/install/rplidar_ros/share/rplidar_ros/package.dsv
[3.009s] -- Up-to-date: /home/encoder/Desktop/ros2-robot/install/rplidar_ros/share/ament_index/resource_index/packages/rplidar_ros
[3.009s] -- Up-to-date: /home/encoder/Desktop/ros2-robot/install/rplidar_ros/share/rplidar_ros/cmake/ament_cmake_export_dependencies-extras.cmake
[3.009s] -- Up-to-date: /home/encoder/Desktop/ros2-robot/install/rplidar_ros/share/rplidar_ros/cmake/ament_cmake_export_include_directories-extras.cmake
[3.009s] -- Up-to-date: /home/encoder/Desktop/ros2-robot/install/rplidar_ros/share/rplidar_ros/cmake/rplidar_rosConfig.cmake
[3.010s] -- Up-to-date: /home/encoder/Desktop/ros2-robot/install/rplidar_ros/share/rplidar_ros/cmake/rplidar_rosConfig-version.cmake
[3.010s] -- Up-to-date: /home/encoder/Desktop/ros2-robot/install/rplidar_ros/share/rplidar_ros/package.xml
[3.096s] Invoked command in '/home/encoder/Desktop/ros2-robot/build/rplidar_ros' returned '0': CMAKE_PREFIX_PATH=${CMAKE_PREFIX_PATH}:/home/encoder/Desktop/ros2-robot/ros2_ws/install/serial_pubsub:/home/encoder/Desktop/ros2-robot/ros2_ws/install/ros2_opencv:/home/encoder/Desktop/ros2-robot/ros2_ws/install/lidar_mapper:/home/encoder/Desktop/ros2-robot/install/serial_pubsub:/home/encoder/Desktop/ros2-robot/install/ros2_opencv:/home/encoder/Desktop/ros2-robot/install/lidar_mapper:/opt/ros/humble /usr/bin/cmake --install /home/encoder/Desktop/ros2-robot/build/rplidar_ros
