running egg_info
creating ../../build/serial_pubsub/serial_pubsub.egg-info
writing ../../build/serial_pubsub/serial_pubsub.egg-info/PKG-INFO
writing dependency_links to ../../build/serial_pubsub/serial_pubsub.egg-info/dependency_links.txt
writing entry points to ../../build/serial_pubsub/serial_pubsub.egg-info/entry_points.txt
writing requirements to ../../build/serial_pubsub/serial_pubsub.egg-info/requires.txt
writing top-level names to ../../build/serial_pubsub/serial_pubsub.egg-info/top_level.txt
writing manifest file '../../build/serial_pubsub/serial_pubsub.egg-info/SOURCES.txt'
reading manifest file '../../build/serial_pubsub/serial_pubsub.egg-info/SOURCES.txt'
adding license file 'LICENSE'
writing manifest file '../../build/serial_pubsub/serial_pubsub.egg-info/SOURCES.txt'
running build
running build_py
creating /home/encoder/Desktop/ros2-robot/ros2_ws/build/serial_pubsub/build
creating /home/encoder/Desktop/ros2-robot/ros2_ws/build/serial_pubsub/build/lib
creating /home/encoder/Desktop/ros2-robot/ros2_ws/build/serial_pubsub/build/lib/serial_pubsub
copying serial_pubsub/keyboard_subscriber.py -> /home/encoder/Desktop/ros2-robot/ros2_ws/build/serial_pubsub/build/lib/serial_pubsub
copying serial_pubsub/keyboard_publisher.py -> /home/encoder/Desktop/ros2-robot/ros2_ws/build/serial_pubsub/build/lib/serial_pubsub
copying serial_pubsub/__init__.py -> /home/encoder/Desktop/ros2-robot/ros2_ws/build/serial_pubsub/build/lib/serial_pubsub
copying serial_pubsub/controller_publisher.py -> /home/encoder/Desktop/ros2-robot/ros2_ws/build/serial_pubsub/build/lib/serial_pubsub
running install
running install_lib
creating /home/encoder/Desktop/ros2-robot/ros2_ws/install/serial_pubsub/lib/python3.10/site-packages/serial_pubsub
copying /home/encoder/Desktop/ros2-robot/ros2_ws/build/serial_pubsub/build/lib/serial_pubsub/keyboard_subscriber.py -> /home/encoder/Desktop/ros2-robot/ros2_ws/install/serial_pubsub/lib/python3.10/site-packages/serial_pubsub
copying /home/encoder/Desktop/ros2-robot/ros2_ws/build/serial_pubsub/build/lib/serial_pubsub/keyboard_publisher.py -> /home/encoder/Desktop/ros2-robot/ros2_ws/install/serial_pubsub/lib/python3.10/site-packages/serial_pubsub
copying /home/encoder/Desktop/ros2-robot/ros2_ws/build/serial_pubsub/build/lib/serial_pubsub/__init__.py -> /home/encoder/Desktop/ros2-robot/ros2_ws/install/serial_pubsub/lib/python3.10/site-packages/serial_pubsub
copying /home/encoder/Desktop/ros2-robot/ros2_ws/build/serial_pubsub/build/lib/serial_pubsub/controller_publisher.py -> /home/encoder/Desktop/ros2-robot/ros2_ws/install/serial_pubsub/lib/python3.10/site-packages/serial_pubsub
byte-compiling /home/encoder/Desktop/ros2-robot/ros2_ws/install/serial_pubsub/lib/python3.10/site-packages/serial_pubsub/keyboard_subscriber.py to keyboard_subscriber.cpython-310.pyc
byte-compiling /home/encoder/Desktop/ros2-robot/ros2_ws/install/serial_pubsub/lib/python3.10/site-packages/serial_pubsub/keyboard_publisher.py to keyboard_publisher.cpython-310.pyc
byte-compiling /home/encoder/Desktop/ros2-robot/ros2_ws/install/serial_pubsub/lib/python3.10/site-packages/serial_pubsub/__init__.py to __init__.cpython-310.pyc
byte-compiling /home/encoder/Desktop/ros2-robot/ros2_ws/install/serial_pubsub/lib/python3.10/site-packages/serial_pubsub/controller_publisher.py to controller_publisher.cpython-310.pyc
running install_data
running install_egg_info
Copying ../../build/serial_pubsub/serial_pubsub.egg-info to /home/encoder/Desktop/ros2-robot/ros2_ws/install/serial_pubsub/lib/python3.10/site-packages/serial_pubsub-0.0.0-py3.10.egg-info
running install_scripts
Installing cPublisher script to /home/encoder/Desktop/ros2-robot/ros2_ws/install/serial_pubsub/lib/serial_pubsub
Installing kPublisher script to /home/encoder/Desktop/ros2-robot/ros2_ws/install/serial_pubsub/lib/serial_pubsub
Installing kSubscriber script to /home/encoder/Desktop/ros2-robot/ros2_ws/install/serial_pubsub/lib/serial_pubsub
writing list of installed files to '/home/encoder/Desktop/ros2-robot/ros2_ws/build/serial_pubsub/install.log'
