[3.916s] Invoking command in '/home/encoder/Desktop/ros2-robot/ros2_ws/src/tello_takip': PYTHONPATH=/home/encoder/Desktop/ros2-robot/ros2_ws/build/tello_takip/prefix_override:/usr/lib/python3/dist-packages/colcon_core/task/python/colcon_distutils_commands:/home/encoder/Desktop/ros2-robot/ros2_ws/install/tello_takip/lib/python3.10/site-packages:${PYTHONPATH} /usr/bin/python3 -W ignore:setup.py install is deprecated -W ignore:easy_install command is deprecated setup.py egg_info --egg-base ../../build/tello_takip build --build-base /home/encoder/Desktop/ros2-robot/ros2_ws/build/tello_takip/build install --record /home/encoder/Desktop/ros2-robot/ros2_ws/build/tello_takip/install.log --single-version-externally-managed install_data
[4.509s] running egg_info
[4.510s] writing ../../build/tello_takip/tello_takip.egg-info/PKG-INFO
[4.511s] writing dependency_links to ../../build/tello_takip/tello_takip.egg-info/dependency_links.txt
[4.511s] writing entry points to ../../build/tello_takip/tello_takip.egg-info/entry_points.txt
[4.511s] writing requirements to ../../build/tello_takip/tello_takip.egg-info/requires.txt
[4.512s] writing top-level names to ../../build/tello_takip/tello_takip.egg-info/top_level.txt
[4.514s] reading manifest file '../../build/tello_takip/tello_takip.egg-info/SOURCES.txt'
[4.515s] writing manifest file '../../build/tello_takip/tello_takip.egg-info/SOURCES.txt'
[4.516s] running build
[4.516s] running build_py
[4.516s] running install
[4.517s] running install_lib
[4.518s] running install_data
[4.519s] copying tello_takip/best3.pt -> /home/encoder/Desktop/ros2-robot/ros2_ws/install/tello_takip/share/tello_takip
[4.965s] running install_egg_info
[4.969s] removing '/home/encoder/Desktop/ros2-robot/ros2_ws/install/tello_takip/lib/python3.10/site-packages/tello_takip-0.0.1-py3.10.egg-info' (and everything under it)
[4.969s] Copying ../../build/tello_takip/tello_takip.egg-info to /home/encoder/Desktop/ros2-robot/ros2_ws/install/tello_takip/lib/python3.10/site-packages/tello_takip-0.0.1-py3.10.egg-info
[4.971s] running install_scripts
[5.006s] Installing tello_nesne_tespit script to /home/encoder/Desktop/ros2-robot/ros2_ws/install/tello_takip/lib/tello_takip
[5.007s] writing list of installed files to '/home/encoder/Desktop/ros2-robot/ros2_ws/build/tello_takip/install.log'
[5.045s] Invoked command in '/home/encoder/Desktop/ros2-robot/ros2_ws/src/tello_takip' returned '0': PYTHONPATH=/home/encoder/Desktop/ros2-robot/ros2_ws/build/tello_takip/prefix_override:/usr/lib/python3/dist-packages/colcon_core/task/python/colcon_distutils_commands:/home/encoder/Desktop/ros2-robot/ros2_ws/install/tello_takip/lib/python3.10/site-packages:${PYTHONPATH} /usr/bin/python3 -W ignore:setup.py install is deprecated -W ignore:easy_install command is deprecated setup.py egg_info --egg-base ../../build/tello_takip build --build-base /home/encoder/Desktop/ros2-robot/ros2_ws/build/tello_takip/build install --record /home/encoder/Desktop/ros2-robot/ros2_ws/build/tello_takip/install.log --single-version-externally-managed install_data
