[5.128s] Invoking command in '/home/encoder/Desktop/ros2-robot/ros2_ws/src/tello_ros2': PYTHONPATH=/home/encoder/Desktop/ros2-robot/ros2_ws/build/tello_ros2/prefix_override:/usr/lib/python3/dist-packages/colcon_core/task/python/colcon_distutils_commands:/home/encoder/Desktop/ros2-robot/ros2_ws/install/tello_ros2/lib/python3.10/site-packages:${PYTHONPATH} /usr/bin/python3 -W ignore:setup.py install is deprecated -W ignore:easy_install command is deprecated setup.py egg_info --egg-base ../../build/tello_ros2 build --build-base /home/encoder/Desktop/ros2-robot/ros2_ws/build/tello_ros2/build install --record /home/encoder/Desktop/ros2-robot/ros2_ws/build/tello_ros2/install.log --single-version-externally-managed install_data
[6.228s] running egg_info
[6.234s] writing ../../build/tello_ros2/tello_ros2.egg-info/PKG-INFO
[6.238s] writing dependency_links to ../../build/tello_ros2/tello_ros2.egg-info/dependency_links.txt
[6.239s] writing entry points to ../../build/tello_ros2/tello_ros2.egg-info/entry_points.txt
[6.240s] writing requirements to ../../build/tello_ros2/tello_ros2.egg-info/requires.txt
[6.240s] writing top-level names to ../../build/tello_ros2/tello_ros2.egg-info/top_level.txt
[6.246s] reading manifest file '../../build/tello_ros2/tello_ros2.egg-info/SOURCES.txt'
[6.253s] writing manifest file '../../build/tello_ros2/tello_ros2.egg-info/SOURCES.txt'
[6.253s] running build
[6.253s] running build_py
[6.253s] running install
[6.256s] running install_lib
[6.265s] running install_data
[6.265s] running install_egg_info
[6.275s] removing '/home/encoder/Desktop/ros2-robot/ros2_ws/install/tello_ros2/lib/python3.10/site-packages/tello_ros2-0.1.0-py3.10.egg-info' (and everything under it)
[6.275s] Copying ../../build/tello_ros2/tello_ros2.egg-info to /home/encoder/Desktop/ros2-robot/ros2_ws/install/tello_ros2/lib/python3.10/site-packages/tello_ros2-0.1.0-py3.10.egg-info
[6.276s] running install_scripts
[6.401s] Installing tello_node script to /home/encoder/Desktop/ros2-robot/ros2_ws/install/tello_ros2/bin
[6.410s] writing list of installed files to '/home/encoder/Desktop/ros2-robot/ros2_ws/build/tello_ros2/install.log'
[6.575s] Invoked command in '/home/encoder/Desktop/ros2-robot/ros2_ws/src/tello_ros2' returned '0': PYTHONPATH=/home/encoder/Desktop/ros2-robot/ros2_ws/build/tello_ros2/prefix_override:/usr/lib/python3/dist-packages/colcon_core/task/python/colcon_distutils_commands:/home/encoder/Desktop/ros2-robot/ros2_ws/install/tello_ros2/lib/python3.10/site-packages:${PYTHONPATH} /usr/bin/python3 -W ignore:setup.py install is deprecated -W ignore:easy_install command is deprecated setup.py egg_info --egg-base ../../build/tello_ros2 build --build-base /home/encoder/Desktop/ros2-robot/ros2_ws/build/tello_ros2/build install --record /home/encoder/Desktop/ros2-robot/ros2_ws/build/tello_ros2/install.log --single-version-externally-managed install_data
