[1.952s] Invoking command in '/home/encoder/Desktop/ros2-robot/ros2_ws/build/ros2_shared': CMAKE_PREFIX_PATH=/opt/ros/humble /usr/bin/cmake --build /home/encoder/Desktop/ros2-robot/ros2_ws/build/ros2_shared -- -j12 -l12
[3.948s] Invoked command in '/home/encoder/Desktop/ros2-robot/ros2_ws/build/ros2_shared' returned '0': CMAKE_PREFIX_PATH=/opt/ros/humble /usr/bin/cmake --build /home/encoder/Desktop/ros2-robot/ros2_ws/build/ros2_shared -- -j12 -l12
[3.965s] Invoking command in '/home/encoder/Desktop/ros2-robot/ros2_ws/build/ros2_shared': CMAKE_PREFIX_PATH=/opt/ros/humble /usr/bin/cmake --install /home/encoder/Desktop/ros2-robot/ros2_ws/build/ros2_shared
[3.981s] -- Install configuration: ""
[3.984s] -- Up-to-date: /home/encoder/Desktop/ros2-robot/ros2_ws/install/ros2_shared/include
[3.985s] -- Up-to-date: /home/encoder/Desktop/ros2-robot/ros2_ws/install/ros2_shared/include/ros2_shared
[3.985s] -- Up-to-date: /home/encoder/Desktop/ros2-robot/ros2_ws/install/ros2_shared/include/ros2_shared/context_macros.hpp
[4.004s] -- Up-to-date: /home/encoder/Desktop/ros2-robot/ros2_ws/install/ros2_shared/include/ros2_shared/string_printf.hpp
[4.004s] -- Up-to-date: /home/encoder/Desktop/ros2-robot/ros2_ws/install/ros2_shared/include/ros2_shared/param_macros.hpp
[4.004s] -- Up-to-date: /home/encoder/Desktop/ros2-robot/ros2_ws/install/ros2_shared/share/ament_index/resource_index/package_run_dependencies/ros2_shared
[4.004s] -- Up-to-date: /home/encoder/Desktop/ros2-robot/ros2_ws/install/ros2_shared/share/ament_index/resource_index/parent_prefix_path/ros2_shared
[4.005s] -- Up-to-date: /home/encoder/Desktop/ros2-robot/ros2_ws/install/ros2_shared/share/ros2_shared/environment/ament_prefix_path.sh
[4.005s] -- Up-to-date: /home/encoder/Desktop/ros2-robot/ros2_ws/install/ros2_shared/share/ros2_shared/environment/ament_prefix_path.dsv
[4.005s] -- Up-to-date: /home/encoder/Desktop/ros2-robot/ros2_ws/install/ros2_shared/share/ros2_shared/environment/path.sh
[4.005s] -- Up-to-date: /home/encoder/Desktop/ros2-robot/ros2_ws/install/ros2_shared/share/ros2_shared/environment/path.dsv
[4.005s] -- Up-to-date: /home/encoder/Desktop/ros2-robot/ros2_ws/install/ros2_shared/share/ros2_shared/local_setup.bash
[4.005s] -- Up-to-date: /home/encoder/Desktop/ros2-robot/ros2_ws/install/ros2_shared/share/ros2_shared/local_setup.sh
[4.006s] -- Up-to-date: /home/encoder/Desktop/ros2-robot/ros2_ws/install/ros2_shared/share/ros2_shared/local_setup.zsh
[4.006s] -- Up-to-date: /home/encoder/Desktop/ros2-robot/ros2_ws/install/ros2_shared/share/ros2_shared/local_setup.dsv
[4.006s] -- Installing: /home/encoder/Desktop/ros2-robot/ros2_ws/install/ros2_shared/share/ros2_shared/package.dsv
[4.006s] -- Up-to-date: /home/encoder/Desktop/ros2-robot/ros2_ws/install/ros2_shared/share/ament_index/resource_index/packages/ros2_shared
[4.006s] -- Up-to-date: /home/encoder/Desktop/ros2-robot/ros2_ws/install/ros2_shared/share/ros2_shared/cmake/ros2_shared_targetsExport.cmake
[4.007s] -- Up-to-date: /home/encoder/Desktop/ros2-robot/ros2_ws/install/ros2_shared/share/ros2_shared/cmake/ament_cmake_export_targets-extras.cmake
[4.007s] -- Up-to-date: /home/encoder/Desktop/ros2-robot/ros2_ws/install/ros2_shared/share/ros2_shared/cmake/ament_cmake_export_dependencies-extras.cmake
[4.013s] -- Up-to-date: /home/encoder/Desktop/ros2-robot/ros2_ws/install/ros2_shared/share/ros2_shared/cmake/ros2_sharedConfig.cmake
[4.014s] -- Up-to-date: /home/encoder/Desktop/ros2-robot/ros2_ws/install/ros2_shared/share/ros2_shared/cmake/ros2_sharedConfig-version.cmake
[4.016s] -- Up-to-date: /home/encoder/Desktop/ros2-robot/ros2_ws/install/ros2_shared/share/ros2_shared/package.xml
[4.098s] Invoked command in '/home/encoder/Desktop/ros2-robot/ros2_ws/build/ros2_shared' returned '0': CMAKE_PREFIX_PATH=/opt/ros/humble /usr/bin/cmake --install /home/encoder/Desktop/ros2-robot/ros2_ws/build/ros2_shared
