[5.192s] Invoking command in '/home/encoder/Desktop/ros2-robot/ros2_ws/src/serial_pubsub': PYTHONPATH=/home/encoder/Desktop/ros2-robot/build/serial_pubsub/prefix_override:/usr/lib/python3/dist-packages/colcon_core/task/python/colcon_distutils_commands:/home/encoder/Desktop/ros2-robot/install/serial_pubsub/lib/python3.10/site-packages:${PYTHONPATH} /usr/bin/python3 -W ignore:setup.py install is deprecated -W ignore:easy_install command is deprecated setup.py egg_info --egg-base ../../../build/serial_pubsub build --build-base /home/encoder/Desktop/ros2-robot/build/serial_pubsub/build install --record /home/encoder/Desktop/ros2-robot/build/serial_pubsub/install.log --single-version-externally-managed install_data
[6.385s] running egg_info
[6.386s] creating ../../../build/serial_pubsub/serial_pubsub.egg-info
[6.386s] writing ../../../build/serial_pubsub/serial_pubsub.egg-info/PKG-INFO
[6.387s] writing dependency_links to ../../../build/serial_pubsub/serial_pubsub.egg-info/dependency_links.txt
[6.391s] writing entry points to ../../../build/serial_pubsub/serial_pubsub.egg-info/entry_points.txt
[6.393s] writing requirements to ../../../build/serial_pubsub/serial_pubsub.egg-info/requires.txt
[6.394s] writing top-level names to ../../../build/serial_pubsub/serial_pubsub.egg-info/top_level.txt
[6.394s] writing manifest file '../../../build/serial_pubsub/serial_pubsub.egg-info/SOURCES.txt'
[6.394s] reading manifest file '../../../build/serial_pubsub/serial_pubsub.egg-info/SOURCES.txt'
[6.395s] adding license file 'LICENSE'
[6.400s] writing manifest file '../../../build/serial_pubsub/serial_pubsub.egg-info/SOURCES.txt'
[6.400s] running build
[6.400s] running build_py
[6.401s] creating /home/encoder/Desktop/ros2-robot/build/serial_pubsub/build
[6.401s] creating /home/encoder/Desktop/ros2-robot/build/serial_pubsub/build/lib
[6.401s] creating /home/encoder/Desktop/ros2-robot/build/serial_pubsub/build/lib/serial_pubsub
[6.402s] copying serial_pubsub/keyboard_subscriber.py -> /home/encoder/Desktop/ros2-robot/build/serial_pubsub/build/lib/serial_pubsub
[6.402s] copying serial_pubsub/keyboard_publisher.py -> /home/encoder/Desktop/ros2-robot/build/serial_pubsub/build/lib/serial_pubsub
[6.404s] copying serial_pubsub/__init__.py -> /home/encoder/Desktop/ros2-robot/build/serial_pubsub/build/lib/serial_pubsub
[6.405s] copying serial_pubsub/controller_publisher.py -> /home/encoder/Desktop/ros2-robot/build/serial_pubsub/build/lib/serial_pubsub
[6.405s] running install
[6.405s] running install_lib
[6.410s] creating /home/encoder/Desktop/ros2-robot/install/serial_pubsub/lib/python3.10/site-packages/serial_pubsub
[6.410s] copying /home/encoder/Desktop/ros2-robot/build/serial_pubsub/build/lib/serial_pubsub/keyboard_subscriber.py -> /home/encoder/Desktop/ros2-robot/install/serial_pubsub/lib/python3.10/site-packages/serial_pubsub
[6.411s] copying /home/encoder/Desktop/ros2-robot/build/serial_pubsub/build/lib/serial_pubsub/keyboard_publisher.py -> /home/encoder/Desktop/ros2-robot/install/serial_pubsub/lib/python3.10/site-packages/serial_pubsub
[6.411s] copying /home/encoder/Desktop/ros2-robot/build/serial_pubsub/build/lib/serial_pubsub/__init__.py -> /home/encoder/Desktop/ros2-robot/install/serial_pubsub/lib/python3.10/site-packages/serial_pubsub
[6.411s] copying /home/encoder/Desktop/ros2-robot/build/serial_pubsub/build/lib/serial_pubsub/controller_publisher.py -> /home/encoder/Desktop/ros2-robot/install/serial_pubsub/lib/python3.10/site-packages/serial_pubsub
[6.413s] byte-compiling /home/encoder/Desktop/ros2-robot/install/serial_pubsub/lib/python3.10/site-packages/serial_pubsub/keyboard_subscriber.py to keyboard_subscriber.cpython-310.pyc
[6.415s] byte-compiling /home/encoder/Desktop/ros2-robot/install/serial_pubsub/lib/python3.10/site-packages/serial_pubsub/keyboard_publisher.py to keyboard_publisher.cpython-310.pyc
[6.417s] byte-compiling /home/encoder/Desktop/ros2-robot/install/serial_pubsub/lib/python3.10/site-packages/serial_pubsub/__init__.py to __init__.cpython-310.pyc
[6.419s] byte-compiling /home/encoder/Desktop/ros2-robot/install/serial_pubsub/lib/python3.10/site-packages/serial_pubsub/controller_publisher.py to controller_publisher.cpython-310.pyc
[6.421s] running install_data
[6.423s] creating /home/encoder/Desktop/ros2-robot/install/serial_pubsub/share/ament_index
[6.424s] creating /home/encoder/Desktop/ros2-robot/install/serial_pubsub/share/ament_index/resource_index
[6.424s] creating /home/encoder/Desktop/ros2-robot/install/serial_pubsub/share/ament_index/resource_index/packages
[6.425s] copying resource/serial_pubsub -> /home/encoder/Desktop/ros2-robot/install/serial_pubsub/share/ament_index/resource_index/packages
[6.425s] copying package.xml -> /home/encoder/Desktop/ros2-robot/install/serial_pubsub/share/serial_pubsub
[6.425s] running install_egg_info
[6.434s] Copying ../../../build/serial_pubsub/serial_pubsub.egg-info to /home/encoder/Desktop/ros2-robot/install/serial_pubsub/lib/python3.10/site-packages/serial_pubsub-0.0.0-py3.10.egg-info
[6.436s] running install_scripts
[6.538s] Installing cPublisher script to /home/encoder/Desktop/ros2-robot/install/serial_pubsub/lib/serial_pubsub
[6.539s] Installing kPublisher script to /home/encoder/Desktop/ros2-robot/install/serial_pubsub/lib/serial_pubsub
[6.539s] Installing kSubscriber script to /home/encoder/Desktop/ros2-robot/install/serial_pubsub/lib/serial_pubsub
[6.540s] writing list of installed files to '/home/encoder/Desktop/ros2-robot/build/serial_pubsub/install.log'
[6.776s] Invoked command in '/home/encoder/Desktop/ros2-robot/ros2_ws/src/serial_pubsub' returned '0': PYTHONPATH=/home/encoder/Desktop/ros2-robot/build/serial_pubsub/prefix_override:/usr/lib/python3/dist-packages/colcon_core/task/python/colcon_distutils_commands:/home/encoder/Desktop/ros2-robot/install/serial_pubsub/lib/python3.10/site-packages:${PYTHONPATH} /usr/bin/python3 -W ignore:setup.py install is deprecated -W ignore:easy_install command is deprecated setup.py egg_info --egg-base ../../../build/serial_pubsub build --build-base /home/encoder/Desktop/ros2-robot/build/serial_pubsub/build install --record /home/encoder/Desktop/ros2-robot/build/serial_pubsub/install.log --single-version-externally-managed install_data
