[9.111s] Invoking command in '/home/encoder/Desktop/ros2-robot/ros2_ws/src/tello_takip': PYTHONPATH=/home/encoder/Desktop/ros2-robot/ros2_ws/build/tello_takip/prefix_override:/usr/lib/python3/dist-packages/colcon_core/task/python/colcon_distutils_commands:/home/encoder/Desktop/ros2-robot/ros2_ws/install/tello_takip/lib/python3.10/site-packages:${PYTHONPATH} /usr/bin/python3 -W ignore:setup.py install is deprecated -W ignore:easy_install command is deprecated setup.py egg_info --egg-base ../../build/tello_takip build --build-base /home/encoder/Desktop/ros2-robot/ros2_ws/build/tello_takip/build install --record /home/encoder/Desktop/ros2-robot/ros2_ws/build/tello_takip/install.log --single-version-externally-managed install_data
[10.507s] running egg_info
[10.508s] writing ../../build/tello_takip/tello_takip.egg-info/PKG-INFO
[10.511s] writing dependency_links to ../../build/tello_takip/tello_takip.egg-info/dependency_links.txt
[10.511s] writing entry points to ../../build/tello_takip/tello_takip.egg-info/entry_points.txt
[10.518s] writing requirements to ../../build/tello_takip/tello_takip.egg-info/requires.txt
[10.518s] writing top-level names to ../../build/tello_takip/tello_takip.egg-info/top_level.txt
[10.526s] reading manifest file '../../build/tello_takip/tello_takip.egg-info/SOURCES.txt'
[10.534s] writing manifest file '../../build/tello_takip/tello_takip.egg-info/SOURCES.txt'
[10.534s] running build
[10.534s] running build_py
[10.544s] running install
[10.544s] running install_lib
[10.545s] running install_data
[10.545s] running install_egg_info
[10.555s] removing '/home/encoder/Desktop/ros2-robot/ros2_ws/install/tello_takip/lib/python3.10/site-packages/tello_takip-0.0.1-py3.10.egg-info' (and everything under it)
[10.557s] Copying ../../build/tello_takip/tello_takip.egg-info to /home/encoder/Desktop/ros2-robot/ros2_ws/install/tello_takip/lib/python3.10/site-packages/tello_takip-0.0.1-py3.10.egg-info
[10.567s] running install_scripts
[10.658s] Installing tello_nesne_tespit script to /home/encoder/Desktop/ros2-robot/ros2_ws/install/tello_takip/lib/tello_takip
[10.660s] writing list of installed files to '/home/encoder/Desktop/ros2-robot/ros2_ws/build/tello_takip/install.log'
