running egg_info
creating ../../build/usb_camera_node/usb_camera_node.egg-info
writing ../../build/usb_camera_node/usb_camera_node.egg-info/PKG-INFO
writing dependency_links to ../../build/usb_camera_node/usb_camera_node.egg-info/dependency_links.txt
writing entry points to ../../build/usb_camera_node/usb_camera_node.egg-info/entry_points.txt
writing requirements to ../../build/usb_camera_node/usb_camera_node.egg-info/requires.txt
writing top-level names to ../../build/usb_camera_node/usb_camera_node.egg-info/top_level.txt
writing manifest file '../../build/usb_camera_node/usb_camera_node.egg-info/SOURCES.txt'
reading manifest file '../../build/usb_camera_node/usb_camera_node.egg-info/SOURCES.txt'
writing manifest file '../../build/usb_camera_node/usb_camera_node.egg-info/SOURCES.txt'
running build
running build_py
creating /home/encoder/Desktop/ros2-robot/ros2_ws/build/usb_camera_node/build
creating /home/encoder/Desktop/ros2-robot/ros2_ws/build/usb_camera_node/build/lib
creating /home/encoder/Desktop/ros2-robot/ros2_ws/build/usb_camera_node/build/lib/usb_camera_node
copying usb_camera_node/usb_camera_publisher.py -> /home/encoder/Desktop/ros2-robot/ros2_ws/build/usb_camera_node/build/lib/usb_camera_node
copying usb_camera_node/__init__.py -> /home/encoder/Desktop/ros2-robot/ros2_ws/build/usb_camera_node/build/lib/usb_camera_node
running install
running install_lib
creating /home/encoder/Desktop/ros2-robot/ros2_ws/install/usb_camera_node/lib/python3.10/site-packages/usb_camera_node
copying /home/encoder/Desktop/ros2-robot/ros2_ws/build/usb_camera_node/build/lib/usb_camera_node/usb_camera_publisher.py -> /home/encoder/Desktop/ros2-robot/ros2_ws/install/usb_camera_node/lib/python3.10/site-packages/usb_camera_node
copying /home/encoder/Desktop/ros2-robot/ros2_ws/build/usb_camera_node/build/lib/usb_camera_node/__init__.py -> /home/encoder/Desktop/ros2-robot/ros2_ws/install/usb_camera_node/lib/python3.10/site-packages/usb_camera_node
byte-compiling /home/encoder/Desktop/ros2-robot/ros2_ws/install/usb_camera_node/lib/python3.10/site-packages/usb_camera_node/usb_camera_publisher.py to usb_camera_publisher.cpython-310.pyc
byte-compiling /home/encoder/Desktop/ros2-robot/ros2_ws/install/usb_camera_node/lib/python3.10/site-packages/usb_camera_node/__init__.py to __init__.cpython-310.pyc
running install_data
creating /home/encoder/Desktop/ros2-robot/ros2_ws/install/usb_camera_node/share/ament_index
creating /home/encoder/Desktop/ros2-robot/ros2_ws/install/usb_camera_node/share/ament_index/resource_index
creating /home/encoder/Desktop/ros2-robot/ros2_ws/install/usb_camera_node/share/ament_index/resource_index/packages
copying resource/usb_camera_node -> /home/encoder/Desktop/ros2-robot/ros2_ws/install/usb_camera_node/share/ament_index/resource_index/packages
copying package.xml -> /home/encoder/Desktop/ros2-robot/ros2_ws/install/usb_camera_node/share/usb_camera_node
running install_egg_info
Copying ../../build/usb_camera_node/usb_camera_node.egg-info to /home/encoder/Desktop/ros2-robot/ros2_ws/install/usb_camera_node/lib/python3.10/site-packages/usb_camera_node-0.0.1-py3.10.egg-info
running install_scripts
Installing usb_camera_publisher script to /home/encoder/Desktop/ros2-robot/ros2_ws/install/usb_camera_node/lib/usb_camera_node
writing list of installed files to '/home/encoder/Desktop/ros2-robot/ros2_ws/build/usb_camera_node/install.log'
