[15.090s] Invoking command in '/home/encoder/Desktop/ros2-robot/ros2_ws/src/usb_camera_node': PYTHONPATH=/home/encoder/Desktop/ros2-robot/ros2_ws/build/usb_camera_node/prefix_override:/usr/lib/python3/dist-packages/colcon_core/task/python/colcon_distutils_commands:/home/encoder/Desktop/ros2-robot/ros2_ws/install/usb_camera_node/lib/python3.10/site-packages:${PYTHONPATH} /usr/bin/python3 -W ignore:setup.py install is deprecated -W ignore:easy_install command is deprecated setup.py egg_info --egg-base ../../build/usb_camera_node build --build-base /home/encoder/Desktop/ros2-robot/ros2_ws/build/usb_camera_node/build install --record /home/encoder/Desktop/ros2-robot/ros2_ws/build/usb_camera_node/install.log --single-version-externally-managed install_data
[19.385s] running egg_info
[19.389s] creating ../../build/usb_camera_node/usb_camera_node.egg-info
[19.392s] writing ../../build/usb_camera_node/usb_camera_node.egg-info/PKG-INFO
[19.399s] writing dependency_links to ../../build/usb_camera_node/usb_camera_node.egg-info/dependency_links.txt
[19.405s] writing entry points to ../../build/usb_camera_node/usb_camera_node.egg-info/entry_points.txt
[19.408s] writing requirements to ../../build/usb_camera_node/usb_camera_node.egg-info/requires.txt
[19.409s] writing top-level names to ../../build/usb_camera_node/usb_camera_node.egg-info/top_level.txt
[19.415s] writing manifest file '../../build/usb_camera_node/usb_camera_node.egg-info/SOURCES.txt'
[19.429s] reading manifest file '../../build/usb_camera_node/usb_camera_node.egg-info/SOURCES.txt'
[19.435s] writing manifest file '../../build/usb_camera_node/usb_camera_node.egg-info/SOURCES.txt'
[19.440s] running build
[19.441s] running build_py
[19.441s] creating /home/encoder/Desktop/ros2-robot/ros2_ws/build/usb_camera_node/build
[19.442s] creating /home/encoder/Desktop/ros2-robot/ros2_ws/build/usb_camera_node/build/lib
[19.442s] creating /home/encoder/Desktop/ros2-robot/ros2_ws/build/usb_camera_node/build/lib/usb_camera_node
[19.443s] copying usb_camera_node/usb_camera_publisher.py -> /home/encoder/Desktop/ros2-robot/ros2_ws/build/usb_camera_node/build/lib/usb_camera_node
[19.445s] copying usb_camera_node/__init__.py -> /home/encoder/Desktop/ros2-robot/ros2_ws/build/usb_camera_node/build/lib/usb_camera_node
[19.447s] running install
[19.452s] running install_lib
[19.461s] creating /home/encoder/Desktop/ros2-robot/ros2_ws/install/usb_camera_node/lib/python3.10/site-packages/usb_camera_node
[19.464s] copying /home/encoder/Desktop/ros2-robot/ros2_ws/build/usb_camera_node/build/lib/usb_camera_node/usb_camera_publisher.py -> /home/encoder/Desktop/ros2-robot/ros2_ws/install/usb_camera_node/lib/python3.10/site-packages/usb_camera_node
[19.465s] copying /home/encoder/Desktop/ros2-robot/ros2_ws/build/usb_camera_node/build/lib/usb_camera_node/__init__.py -> /home/encoder/Desktop/ros2-robot/ros2_ws/install/usb_camera_node/lib/python3.10/site-packages/usb_camera_node
[19.468s] byte-compiling /home/encoder/Desktop/ros2-robot/ros2_ws/install/usb_camera_node/lib/python3.10/site-packages/usb_camera_node/usb_camera_publisher.py to usb_camera_publisher.cpython-310.pyc
[19.473s] byte-compiling /home/encoder/Desktop/ros2-robot/ros2_ws/install/usb_camera_node/lib/python3.10/site-packages/usb_camera_node/__init__.py to __init__.cpython-310.pyc
[19.474s] running install_data
[19.479s] creating /home/encoder/Desktop/ros2-robot/ros2_ws/install/usb_camera_node/share/ament_index
[19.480s] creating /home/encoder/Desktop/ros2-robot/ros2_ws/install/usb_camera_node/share/ament_index/resource_index
[19.480s] creating /home/encoder/Desktop/ros2-robot/ros2_ws/install/usb_camera_node/share/ament_index/resource_index/packages
[19.480s] copying resource/usb_camera_node -> /home/encoder/Desktop/ros2-robot/ros2_ws/install/usb_camera_node/share/ament_index/resource_index/packages
[19.481s] copying package.xml -> /home/encoder/Desktop/ros2-robot/ros2_ws/install/usb_camera_node/share/usb_camera_node
[19.481s] running install_egg_info
[19.494s] Copying ../../build/usb_camera_node/usb_camera_node.egg-info to /home/encoder/Desktop/ros2-robot/ros2_ws/install/usb_camera_node/lib/python3.10/site-packages/usb_camera_node-0.0.1-py3.10.egg-info
[19.505s] running install_scripts
[19.604s] Installing usb_camera_publisher script to /home/encoder/Desktop/ros2-robot/ros2_ws/install/usb_camera_node/lib/usb_camera_node
[19.612s] writing list of installed files to '/home/encoder/Desktop/ros2-robot/ros2_ws/build/usb_camera_node/install.log'
[19.856s] Invoked command in '/home/encoder/Desktop/ros2-robot/ros2_ws/src/usb_camera_node' returned '0': PYTHONPATH=/home/encoder/Desktop/ros2-robot/ros2_ws/build/usb_camera_node/prefix_override:/usr/lib/python3/dist-packages/colcon_core/task/python/colcon_distutils_commands:/home/encoder/Desktop/ros2-robot/ros2_ws/install/usb_camera_node/lib/python3.10/site-packages:${PYTHONPATH} /usr/bin/python3 -W ignore:setup.py install is deprecated -W ignore:easy_install command is deprecated setup.py egg_info --egg-base ../../build/usb_camera_node build --build-base /home/encoder/Desktop/ros2-robot/ros2_ws/build/usb_camera_node/build install --record /home/encoder/Desktop/ros2-robot/ros2_ws/build/usb_camera_node/install.log --single-version-externally-managed install_data
