running develop
Removing /home/badem-robot/badem/ros2_ws/install/serial_pubsub/lib/python3.12/site-packages/serial-pubsub.egg-link (link to .)
running egg_info
writing ../../build/serial_pubsub/serial_pubsub.egg-info/PKG-INFO
writing dependency_links to ../../build/serial_pubsub/serial_pubsub.egg-info/dependency_links.txt
writing entry points to ../../build/serial_pubsub/serial_pubsub.egg-info/entry_points.txt
writing requirements to ../../build/serial_pubsub/serial_pubsub.egg-info/requires.txt
writing top-level names to ../../build/serial_pubsub/serial_pubsub.egg-info/top_level.txt
reading manifest file '../../build/serial_pubsub/serial_pubsub.egg-info/SOURCES.txt'
adding license file 'LICENSE'
writing manifest file '../../build/serial_pubsub/serial_pubsub.egg-info/SOURCES.txt'
running build
running build_py
creating /home/badem-robot/badem/ros2_ws/build/serial_pubsub/build
creating /home/badem-robot/badem/ros2_ws/build/serial_pubsub/build/lib
creating /home/badem-robot/badem/ros2_ws/build/serial_pubsub/build/lib/serial_pubsub
copying serial_pubsub/keyboard_publisher.py -> /home/badem-robot/badem/ros2_ws/build/serial_pubsub/build/lib/serial_pubsub
copying serial_pubsub/keyboard_subscriber.py -> /home/badem-robot/badem/ros2_ws/build/serial_pubsub/build/lib/serial_pubsub
copying serial_pubsub/__init__.py -> /home/badem-robot/badem/ros2_ws/build/serial_pubsub/build/lib/serial_pubsub
copying serial_pubsub/controller_publisher.py -> /home/badem-robot/badem/ros2_ws/build/serial_pubsub/build/lib/serial_pubsub
running install
running install_lib
creating /home/badem-robot/badem/ros2_ws/install/serial_pubsub/lib/python3.12/site-packages/serial_pubsub
copying /home/badem-robot/badem/ros2_ws/build/serial_pubsub/build/lib/serial_pubsub/keyboard_publisher.py -> /home/badem-robot/badem/ros2_ws/install/serial_pubsub/lib/python3.12/site-packages/serial_pubsub
copying /home/badem-robot/badem/ros2_ws/build/serial_pubsub/build/lib/serial_pubsub/keyboard_subscriber.py -> /home/badem-robot/badem/ros2_ws/install/serial_pubsub/lib/python3.12/site-packages/serial_pubsub
copying /home/badem-robot/badem/ros2_ws/build/serial_pubsub/build/lib/serial_pubsub/__init__.py -> /home/badem-robot/badem/ros2_ws/install/serial_pubsub/lib/python3.12/site-packages/serial_pubsub
copying /home/badem-robot/badem/ros2_ws/build/serial_pubsub/build/lib/serial_pubsub/controller_publisher.py -> /home/badem-robot/badem/ros2_ws/install/serial_pubsub/lib/python3.12/site-packages/serial_pubsub
byte-compiling /home/badem-robot/badem/ros2_ws/install/serial_pubsub/lib/python3.12/site-packages/serial_pubsub/keyboard_publisher.py to keyboard_publisher.cpython-312.pyc
byte-compiling /home/badem-robot/badem/ros2_ws/install/serial_pubsub/lib/python3.12/site-packages/serial_pubsub/keyboard_subscriber.py to keyboard_subscriber.cpython-312.pyc
byte-compiling /home/badem-robot/badem/ros2_ws/install/serial_pubsub/lib/python3.12/site-packages/serial_pubsub/__init__.py to __init__.cpython-312.pyc
byte-compiling /home/badem-robot/badem/ros2_ws/install/serial_pubsub/lib/python3.12/site-packages/serial_pubsub/controller_publisher.py to controller_publisher.cpython-312.pyc
running install_data
copying resource/serial_pubsub -> /home/badem-robot/badem/ros2_ws/install/serial_pubsub/share/ament_index/resource_index/packages
copying package.xml -> /home/badem-robot/badem/ros2_ws/install/serial_pubsub/share/serial_pubsub
running install_egg_info
Copying ../../build/serial_pubsub/serial_pubsub.egg-info to /home/badem-robot/badem/ros2_ws/install/serial_pubsub/lib/python3.12/site-packages/serial_pubsub-0.0.0-py3.12.egg-info
running install_scripts
Installing cPublisher script to /home/badem-robot/badem/ros2_ws/install/serial_pubsub/lib/serial_pubsub
Installing kPublisher script to /home/badem-robot/badem/ros2_ws/install/serial_pubsub/lib/serial_pubsub
Installing kSubscriber script to /home/badem-robot/badem/ros2_ws/install/serial_pubsub/lib/serial_pubsub
writing list of installed files to '/home/badem-robot/badem/ros2_ws/build/serial_pubsub/install.log'
