[1.535s] Invoking command in '/home/badem-robot/badem/ros2_ws/build/serial_pubsub': PYTHONPATH=/home/badem-robot/badem/ros2_ws/build/serial_pubsub/prefix_override:/usr/lib/python3/dist-packages/colcon_core/task/python/colcon_distutils_commands:/home/badem-robot/badem/ros2_ws/install/serial_pubsub/lib/python3.12/site-packages:${PYTHONPATH} /usr/bin/python3 -W ignore:setup.py install is deprecated -W ignore:easy_install command is deprecated setup.py develop --uninstall --editable --build-directory /home/badem-robot/badem/ros2_ws/build/serial_pubsub/build
[1.972s] running develop
[2.238s] Removing /home/badem-robot/badem/ros2_ws/install/serial_pubsub/lib/python3.12/site-packages/serial-pubsub.egg-link (link to .)
[2.359s] Invoked command in '/home/badem-robot/badem/ros2_ws/build/serial_pubsub' returned '0': PYTHONPATH=/home/badem-robot/badem/ros2_ws/build/serial_pubsub/prefix_override:/usr/lib/python3/dist-packages/colcon_core/task/python/colcon_distutils_commands:/home/badem-robot/badem/ros2_ws/install/serial_pubsub/lib/python3.12/site-packages:${PYTHONPATH} /usr/bin/python3 -W ignore:setup.py install is deprecated -W ignore:easy_install command is deprecated setup.py develop --uninstall --editable --build-directory /home/badem-robot/badem/ros2_ws/build/serial_pubsub/build
[2.361s] Invoking command in '/home/badem-robot/badem/ros2_ws/src/serial_pubsub': PYTHONPATH=/home/badem-robot/badem/ros2_ws/build/serial_pubsub/prefix_override:/usr/lib/python3/dist-packages/colcon_core/task/python/colcon_distutils_commands:/home/badem-robot/badem/ros2_ws/install/serial_pubsub/lib/python3.12/site-packages:${PYTHONPATH} /usr/bin/python3 -W ignore:setup.py install is deprecated -W ignore:easy_install command is deprecated setup.py egg_info --egg-base ../../build/serial_pubsub build --build-base /home/badem-robot/badem/ros2_ws/build/serial_pubsub/build install --record /home/badem-robot/badem/ros2_ws/build/serial_pubsub/install.log --single-version-externally-managed install_data --force
[2.727s] running egg_info
[2.752s] writing ../../build/serial_pubsub/serial_pubsub.egg-info/PKG-INFO
[2.752s] writing dependency_links to ../../build/serial_pubsub/serial_pubsub.egg-info/dependency_links.txt
[2.753s] writing entry points to ../../build/serial_pubsub/serial_pubsub.egg-info/entry_points.txt
[2.753s] writing requirements to ../../build/serial_pubsub/serial_pubsub.egg-info/requires.txt
[2.753s] writing top-level names to ../../build/serial_pubsub/serial_pubsub.egg-info/top_level.txt
[2.805s] reading manifest file '../../build/serial_pubsub/serial_pubsub.egg-info/SOURCES.txt'
[2.805s] adding license file 'LICENSE'
[2.806s] writing manifest file '../../build/serial_pubsub/serial_pubsub.egg-info/SOURCES.txt'
[2.806s] running build
[2.806s] running build_py
[2.806s] creating /home/badem-robot/badem/ros2_ws/build/serial_pubsub/build
[2.806s] creating /home/badem-robot/badem/ros2_ws/build/serial_pubsub/build/lib
[2.807s] creating /home/badem-robot/badem/ros2_ws/build/serial_pubsub/build/lib/serial_pubsub
[2.807s] copying serial_pubsub/keyboard_publisher.py -> /home/badem-robot/badem/ros2_ws/build/serial_pubsub/build/lib/serial_pubsub
[2.807s] copying serial_pubsub/keyboard_subscriber.py -> /home/badem-robot/badem/ros2_ws/build/serial_pubsub/build/lib/serial_pubsub
[2.807s] copying serial_pubsub/__init__.py -> /home/badem-robot/badem/ros2_ws/build/serial_pubsub/build/lib/serial_pubsub
[2.807s] copying serial_pubsub/controller_publisher.py -> /home/badem-robot/badem/ros2_ws/build/serial_pubsub/build/lib/serial_pubsub
[2.807s] running install
[2.817s] running install_lib
[2.842s] creating /home/badem-robot/badem/ros2_ws/install/serial_pubsub/lib/python3.12/site-packages/serial_pubsub
[2.843s] copying /home/badem-robot/badem/ros2_ws/build/serial_pubsub/build/lib/serial_pubsub/keyboard_publisher.py -> /home/badem-robot/badem/ros2_ws/install/serial_pubsub/lib/python3.12/site-packages/serial_pubsub
[2.843s] copying /home/badem-robot/badem/ros2_ws/build/serial_pubsub/build/lib/serial_pubsub/keyboard_subscriber.py -> /home/badem-robot/badem/ros2_ws/install/serial_pubsub/lib/python3.12/site-packages/serial_pubsub
[2.843s] copying /home/badem-robot/badem/ros2_ws/build/serial_pubsub/build/lib/serial_pubsub/__init__.py -> /home/badem-robot/badem/ros2_ws/install/serial_pubsub/lib/python3.12/site-packages/serial_pubsub
[2.843s] copying /home/badem-robot/badem/ros2_ws/build/serial_pubsub/build/lib/serial_pubsub/controller_publisher.py -> /home/badem-robot/badem/ros2_ws/install/serial_pubsub/lib/python3.12/site-packages/serial_pubsub
[2.844s] byte-compiling /home/badem-robot/badem/ros2_ws/install/serial_pubsub/lib/python3.12/site-packages/serial_pubsub/keyboard_publisher.py to keyboard_publisher.cpython-312.pyc
[2.845s] byte-compiling /home/badem-robot/badem/ros2_ws/install/serial_pubsub/lib/python3.12/site-packages/serial_pubsub/keyboard_subscriber.py to keyboard_subscriber.cpython-312.pyc
[2.846s] byte-compiling /home/badem-robot/badem/ros2_ws/install/serial_pubsub/lib/python3.12/site-packages/serial_pubsub/__init__.py to __init__.cpython-312.pyc
[2.846s] byte-compiling /home/badem-robot/badem/ros2_ws/install/serial_pubsub/lib/python3.12/site-packages/serial_pubsub/controller_publisher.py to controller_publisher.cpython-312.pyc
[2.847s] running install_data
[2.847s] copying resource/serial_pubsub -> /home/badem-robot/badem/ros2_ws/install/serial_pubsub/share/ament_index/resource_index/packages
[2.847s] copying package.xml -> /home/badem-robot/badem/ros2_ws/install/serial_pubsub/share/serial_pubsub
[2.847s] running install_egg_info
[2.875s] Copying ../../build/serial_pubsub/serial_pubsub.egg-info to /home/badem-robot/badem/ros2_ws/install/serial_pubsub/lib/python3.12/site-packages/serial_pubsub-0.0.0-py3.12.egg-info
[2.876s] running install_scripts
[3.059s] Installing cPublisher script to /home/badem-robot/badem/ros2_ws/install/serial_pubsub/lib/serial_pubsub
[3.059s] Installing kPublisher script to /home/badem-robot/badem/ros2_ws/install/serial_pubsub/lib/serial_pubsub
[3.059s] Installing kSubscriber script to /home/badem-robot/badem/ros2_ws/install/serial_pubsub/lib/serial_pubsub
[3.060s] writing list of installed files to '/home/badem-robot/badem/ros2_ws/build/serial_pubsub/install.log'
[3.166s] Invoked command in '/home/badem-robot/badem/ros2_ws/src/serial_pubsub' returned '0': PYTHONPATH=/home/badem-robot/badem/ros2_ws/build/serial_pubsub/prefix_override:/usr/lib/python3/dist-packages/colcon_core/task/python/colcon_distutils_commands:/home/badem-robot/badem/ros2_ws/install/serial_pubsub/lib/python3.12/site-packages:${PYTHONPATH} /usr/bin/python3 -W ignore:setup.py install is deprecated -W ignore:easy_install command is deprecated setup.py egg_info --egg-base ../../build/serial_pubsub build --build-base /home/badem-robot/badem/ros2_ws/build/serial_pubsub/build install --record /home/badem-robot/badem/ros2_ws/build/serial_pubsub/install.log --single-version-externally-managed install_data --force
