[0.670s] Invoking command in '/home/encoder/Desktop/ros2-robot/ros2_ws/src/ros2_opencv': PYTHONPATH=/home/encoder/Desktop/ros2-robot/build/ros2_opencv/prefix_override:/usr/lib/python3/dist-packages/colcon_core/task/python/colcon_distutils_commands:/home/encoder/Desktop/ros2-robot/install/ros2_opencv/lib/python3.10/site-packages:${PYTHONPATH} /usr/bin/python3 -W ignore:setup.py install is deprecated -W ignore:easy_install command is deprecated setup.py egg_info --egg-base ../../../build/ros2_opencv build --build-base /home/encoder/Desktop/ros2-robot/build/ros2_opencv/build install --record /home/encoder/Desktop/ros2-robot/build/ros2_opencv/install.log --single-version-externally-managed install_data
[0.886s] running egg_info
[0.886s] creating ../../../build/ros2_opencv/ros2_opencv.egg-info
[0.886s] writing ../../../build/ros2_opencv/ros2_opencv.egg-info/PKG-INFO
[0.886s] writing dependency_links to ../../../build/ros2_opencv/ros2_opencv.egg-info/dependency_links.txt
[0.886s] writing entry points to ../../../build/ros2_opencv/ros2_opencv.egg-info/entry_points.txt
[0.887s] writing requirements to ../../../build/ros2_opencv/ros2_opencv.egg-info/requires.txt
[0.887s] writing top-level names to ../../../build/ros2_opencv/ros2_opencv.egg-info/top_level.txt
[0.887s] writing manifest file '../../../build/ros2_opencv/ros2_opencv.egg-info/SOURCES.txt'
[0.888s] reading manifest file '../../../build/ros2_opencv/ros2_opencv.egg-info/SOURCES.txt'
[0.889s] writing manifest file '../../../build/ros2_opencv/ros2_opencv.egg-info/SOURCES.txt'
[0.889s] running build
[0.889s] running build_py
[0.890s] creating /home/encoder/Desktop/ros2-robot/build/ros2_opencv/build
[0.890s] creating /home/encoder/Desktop/ros2-robot/build/ros2_opencv/build/lib
[0.890s] creating /home/encoder/Desktop/ros2-robot/build/ros2_opencv/build/lib/ros2_opencv
[0.890s] copying ros2_opencv/subcriberImage copy.py -> /home/encoder/Desktop/ros2-robot/build/ros2_opencv/build/lib/ros2_opencv
[0.890s] copying ros2_opencv/subcriberImage.py -> /home/encoder/Desktop/ros2-robot/build/ros2_opencv/build/lib/ros2_opencv
[0.890s] copying ros2_opencv/cameraPublisher.py -> /home/encoder/Desktop/ros2-robot/build/ros2_opencv/build/lib/ros2_opencv
[0.890s] copying ros2_opencv/__init__.py -> /home/encoder/Desktop/ros2-robot/build/ros2_opencv/build/lib/ros2_opencv
[0.890s] running install
[0.890s] running install_lib
[0.891s] creating /home/encoder/Desktop/ros2-robot/install/ros2_opencv/lib/python3.10/site-packages/ros2_opencv
[0.891s] copying /home/encoder/Desktop/ros2-robot/build/ros2_opencv/build/lib/ros2_opencv/subcriberImage copy.py -> /home/encoder/Desktop/ros2-robot/install/ros2_opencv/lib/python3.10/site-packages/ros2_opencv
[0.891s] copying /home/encoder/Desktop/ros2-robot/build/ros2_opencv/build/lib/ros2_opencv/subcriberImage.py -> /home/encoder/Desktop/ros2-robot/install/ros2_opencv/lib/python3.10/site-packages/ros2_opencv
[0.891s] copying /home/encoder/Desktop/ros2-robot/build/ros2_opencv/build/lib/ros2_opencv/cameraPublisher.py -> /home/encoder/Desktop/ros2-robot/install/ros2_opencv/lib/python3.10/site-packages/ros2_opencv
[0.891s] copying /home/encoder/Desktop/ros2-robot/build/ros2_opencv/build/lib/ros2_opencv/__init__.py -> /home/encoder/Desktop/ros2-robot/install/ros2_opencv/lib/python3.10/site-packages/ros2_opencv
[0.892s] byte-compiling /home/encoder/Desktop/ros2-robot/install/ros2_opencv/lib/python3.10/site-packages/ros2_opencv/subcriberImage copy.py to subcriberImage copy.cpython-310.pyc
[0.892s] byte-compiling /home/encoder/Desktop/ros2-robot/install/ros2_opencv/lib/python3.10/site-packages/ros2_opencv/subcriberImage.py to subcriberImage.cpython-310.pyc
[0.893s] byte-compiling /home/encoder/Desktop/ros2-robot/install/ros2_opencv/lib/python3.10/site-packages/ros2_opencv/cameraPublisher.py to cameraPublisher.cpython-310.pyc
[0.893s] byte-compiling /home/encoder/Desktop/ros2-robot/install/ros2_opencv/lib/python3.10/site-packages/ros2_opencv/__init__.py to __init__.cpython-310.pyc
[0.893s] running install_data
[0.893s] creating /home/encoder/Desktop/ros2-robot/install/ros2_opencv/share/ament_index
[0.894s] creating /home/encoder/Desktop/ros2-robot/install/ros2_opencv/share/ament_index/resource_index
[0.894s] creating /home/encoder/Desktop/ros2-robot/install/ros2_opencv/share/ament_index/resource_index/packages
[0.894s] copying resource/ros2_opencv -> /home/encoder/Desktop/ros2-robot/install/ros2_opencv/share/ament_index/resource_index/packages
[0.894s] copying package.xml -> /home/encoder/Desktop/ros2-robot/install/ros2_opencv/share/ros2_opencv
[0.894s] running install_egg_info
[0.895s] Copying ../../../build/ros2_opencv/ros2_opencv.egg-info to /home/encoder/Desktop/ros2-robot/install/ros2_opencv/lib/python3.10/site-packages/ros2_opencv-0.0.0-py3.10.egg-info
[0.896s] running install_scripts
[0.914s] Installing publisher_node script to /home/encoder/Desktop/ros2-robot/install/ros2_opencv/lib/ros2_opencv
[0.914s] Installing subcriber_node script to /home/encoder/Desktop/ros2-robot/install/ros2_opencv/lib/ros2_opencv
[0.914s] writing list of installed files to '/home/encoder/Desktop/ros2-robot/build/ros2_opencv/install.log'
[0.937s] Invoked command in '/home/encoder/Desktop/ros2-robot/ros2_ws/src/ros2_opencv' returned '0': PYTHONPATH=/home/encoder/Desktop/ros2-robot/build/ros2_opencv/prefix_override:/usr/lib/python3/dist-packages/colcon_core/task/python/colcon_distutils_commands:/home/encoder/Desktop/ros2-robot/install/ros2_opencv/lib/python3.10/site-packages:${PYTHONPATH} /usr/bin/python3 -W ignore:setup.py install is deprecated -W ignore:easy_install command is deprecated setup.py egg_info --egg-base ../../../build/ros2_opencv build --build-base /home/encoder/Desktop/ros2-robot/build/ros2_opencv/build install --record /home/encoder/Desktop/ros2-robot/build/ros2_opencv/install.log --single-version-externally-managed install_data
