[0.193s] DEBUG:colcon:Command line arguments: ['/usr/bin/colcon', 'build', '--packages-select', 'tello_ros2']
[0.193s] DEBUG:colcon:Parsed command line arguments: Namespace(log_base=None, log_level=None, verb_name='build', build_base='build', install_base='install', merge_install=False, symlink_install=False, test_result_base=None, continue_on_error=False, executor='parallel', parallel_workers=12, event_handlers=None, ignore_user_meta=False, metas=['./colcon.meta'], base_paths=['.'], packages_ignore=None, packages_ignore_regex=None, paths=None, packages_up_to=None, packages_up_to_regex=None, packages_above=None, packages_above_and_dependencies=None, packages_above_depth=None, packages_select_by_dep=None, packages_skip_by_dep=None, packages_skip_up_to=None, packages_select_build_failed=False, packages_skip_build_finished=False, packages_select_test_failures=False, packages_skip_test_passed=False, packages_select=['tello_ros2'], packages_skip=None, packages_select_regex=None, packages_skip_regex=None, packages_start=None, packages_end=None, allow_overriding=[], cmake_args=None, cmake_target=None, cmake_target_skip_unavailable=False, cmake_clean_cache=False, cmake_clean_first=False, cmake_force_configure=False, ament_cmake_args=None, catkin_cmake_args=None, catkin_skip_building_tests=False, mixin_files=None, mixin=None, verb_parser=<colcon_mixin.mixin.mixin_argument.MixinArgumentDecorator object at 0x7c7b8a453a00>, verb_extension=<colcon_core.verb.build.BuildVerb object at 0x7c7b8a40d420>, main=<bound method BuildVerb.main of <colcon_core.verb.build.BuildVerb object at 0x7c7b8a40d420>>, mixin_verb=('build',))
[0.456s] Level 1:colcon.colcon_core.package_discovery:discover_packages(colcon_meta) check parameters
[0.457s] Level 1:colcon.colcon_core.package_discovery:discover_packages(recursive) check parameters
[0.457s] Level 1:colcon.colcon_core.package_discovery:discover_packages(ignore) check parameters
[0.457s] Level 1:colcon.colcon_core.package_discovery:discover_packages(path) check parameters
[0.457s] Level 1:colcon.colcon_core.package_discovery:discover_packages(colcon_meta) discover
[0.457s] Level 1:colcon.colcon_core.package_discovery:discover_packages(recursive) discover
[0.457s] INFO:colcon.colcon_core.package_discovery:Crawling recursively for packages in '/home/encoder/Desktop/ros2-robot/ros2_ws'
[0.457s] Level 1:colcon.colcon_core.package_identification:_identify(.) by extensions ['ignore', 'ignore_ament_install']
[0.457s] Level 1:colcon.colcon_core.package_identification:_identify(.) by extension 'ignore'
[0.458s] Level 1:colcon.colcon_core.package_identification:_identify(.) by extension 'ignore_ament_install'
[0.458s] Level 1:colcon.colcon_core.package_identification:_identify(.) by extensions ['colcon_pkg']
[0.458s] Level 1:colcon.colcon_core.package_identification:_identify(.) by extension 'colcon_pkg'
[0.458s] Level 1:colcon.colcon_core.package_identification:_identify(.) by extensions ['colcon_meta']
[0.458s] Level 1:colcon.colcon_core.package_identification:_identify(.) by extension 'colcon_meta'
[0.458s] Level 1:colcon.colcon_core.package_identification:_identify(.) by extensions ['ros']
[0.458s] Level 1:colcon.colcon_core.package_identification:_identify(.) by extension 'ros'
[0.485s] Level 1:colcon.colcon_core.package_identification:_identify(.) by extensions ['cmake', 'python']
[0.485s] Level 1:colcon.colcon_core.package_identification:_identify(.) by extension 'cmake'
[0.485s] Level 1:colcon.colcon_core.package_identification:_identify(.) by extension 'python'
[0.485s] Level 1:colcon.colcon_core.package_identification:_identify(.) by extensions ['python_setup_py']
[0.485s] Level 1:colcon.colcon_core.package_identification:_identify(.) by extension 'python_setup_py'
[0.486s] Level 1:colcon.colcon_core.package_identification:_identify(build) by extensions ['ignore', 'ignore_ament_install']
[0.486s] Level 1:colcon.colcon_core.package_identification:_identify(build) by extension 'ignore'
[0.486s] Level 1:colcon.colcon_core.package_identification:_identify(build) ignored
[0.486s] Level 1:colcon.colcon_core.package_identification:_identify(install) by extensions ['ignore', 'ignore_ament_install']
[0.487s] Level 1:colcon.colcon_core.package_identification:_identify(install) by extension 'ignore'
[0.487s] Level 1:colcon.colcon_core.package_identification:_identify(install) ignored
[0.487s] Level 1:colcon.colcon_core.package_identification:_identify(log) by extensions ['ignore', 'ignore_ament_install']
[0.487s] Level 1:colcon.colcon_core.package_identification:_identify(log) by extension 'ignore'
[0.487s] Level 1:colcon.colcon_core.package_identification:_identify(log) ignored
[0.488s] Level 1:colcon.colcon_core.package_identification:_identify(src) by extensions ['ignore', 'ignore_ament_install']
[0.488s] Level 1:colcon.colcon_core.package_identification:_identify(src) by extension 'ignore'
[0.488s] Level 1:colcon.colcon_core.package_identification:_identify(src) by extension 'ignore_ament_install'
[0.488s] Level 1:colcon.colcon_core.package_identification:_identify(src) by extensions ['colcon_pkg']
[0.488s] Level 1:colcon.colcon_core.package_identification:_identify(src) by extension 'colcon_pkg'
[0.488s] Level 1:colcon.colcon_core.package_identification:_identify(src) by extensions ['colcon_meta']
[0.488s] Level 1:colcon.colcon_core.package_identification:_identify(src) by extension 'colcon_meta'
[0.488s] Level 1:colcon.colcon_core.package_identification:_identify(src) by extensions ['ros']
[0.489s] Level 1:colcon.colcon_core.package_identification:_identify(src) by extension 'ros'
[0.489s] Level 1:colcon.colcon_core.package_identification:_identify(src) by extensions ['cmake', 'python']
[0.489s] Level 1:colcon.colcon_core.package_identification:_identify(src) by extension 'cmake'
[0.489s] Level 1:colcon.colcon_core.package_identification:_identify(src) by extension 'python'
[0.489s] Level 1:colcon.colcon_core.package_identification:_identify(src) by extensions ['python_setup_py']
[0.489s] Level 1:colcon.colcon_core.package_identification:_identify(src) by extension 'python_setup_py'
[0.489s] Level 1:colcon.colcon_core.package_identification:_identify(src/lidar_mapper) by extensions ['ignore', 'ignore_ament_install']
[0.490s] Level 1:colcon.colcon_core.package_identification:_identify(src/lidar_mapper) by extension 'ignore'
[0.490s] Level 1:colcon.colcon_core.package_identification:_identify(src/lidar_mapper) by extension 'ignore_ament_install'
[0.490s] Level 1:colcon.colcon_core.package_identification:_identify(src/lidar_mapper) by extensions ['colcon_pkg']
[0.490s] Level 1:colcon.colcon_core.package_identification:_identify(src/lidar_mapper) by extension 'colcon_pkg'
[0.490s] Level 1:colcon.colcon_core.package_identification:_identify(src/lidar_mapper) by extensions ['colcon_meta']
[0.490s] Level 1:colcon.colcon_core.package_identification:_identify(src/lidar_mapper) by extension 'colcon_meta'
[0.490s] Level 1:colcon.colcon_core.package_identification:_identify(src/lidar_mapper) by extensions ['ros']
[0.490s] Level 1:colcon.colcon_core.package_identification:_identify(src/lidar_mapper) by extension 'ros'
[0.500s] DEBUG:colcon.colcon_core.package_identification:Package 'src/lidar_mapper' with type 'ros.ament_python' and name 'lidar_mapper'
[0.501s] Level 1:colcon.colcon_core.package_identification:_identify(src/ros2_opencv) by extensions ['ignore', 'ignore_ament_install']
[0.501s] Level 1:colcon.colcon_core.package_identification:_identify(src/ros2_opencv) by extension 'ignore'
[0.502s] Level 1:colcon.colcon_core.package_identification:_identify(src/ros2_opencv) by extension 'ignore_ament_install'
[0.502s] Level 1:colcon.colcon_core.package_identification:_identify(src/ros2_opencv) by extensions ['colcon_pkg']
[0.502s] Level 1:colcon.colcon_core.package_identification:_identify(src/ros2_opencv) by extension 'colcon_pkg'
[0.502s] Level 1:colcon.colcon_core.package_identification:_identify(src/ros2_opencv) by extensions ['colcon_meta']
[0.502s] Level 1:colcon.colcon_core.package_identification:_identify(src/ros2_opencv) by extension 'colcon_meta'
[0.502s] Level 1:colcon.colcon_core.package_identification:_identify(src/ros2_opencv) by extensions ['ros']
[0.503s] Level 1:colcon.colcon_core.package_identification:_identify(src/ros2_opencv) by extension 'ros'
[0.506s] DEBUG:colcon.colcon_core.package_identification:Package 'src/ros2_opencv' with type 'ros.ament_python' and name 'ros2_opencv'
[0.507s] Level 1:colcon.colcon_core.package_identification:_identify(src/ros2_shared) by extensions ['ignore', 'ignore_ament_install']
[0.507s] Level 1:colcon.colcon_core.package_identification:_identify(src/ros2_shared) by extension 'ignore'
[0.507s] Level 1:colcon.colcon_core.package_identification:_identify(src/ros2_shared) by extension 'ignore_ament_install'
[0.508s] Level 1:colcon.colcon_core.package_identification:_identify(src/ros2_shared) by extensions ['colcon_pkg']
[0.508s] Level 1:colcon.colcon_core.package_identification:_identify(src/ros2_shared) by extension 'colcon_pkg'
[0.508s] Level 1:colcon.colcon_core.package_identification:_identify(src/ros2_shared) by extensions ['colcon_meta']
[0.508s] Level 1:colcon.colcon_core.package_identification:_identify(src/ros2_shared) by extension 'colcon_meta'
[0.508s] Level 1:colcon.colcon_core.package_identification:_identify(src/ros2_shared) by extensions ['ros']
[0.508s] Level 1:colcon.colcon_core.package_identification:_identify(src/ros2_shared) by extension 'ros'
[0.510s] DEBUG:colcon.colcon_core.package_identification:Package 'src/ros2_shared' with type 'ros.ament_cmake' and name 'ros2_shared'
[0.511s] Level 1:colcon.colcon_core.package_identification:_identify(src/rplidar_ros) by extensions ['ignore', 'ignore_ament_install']
[0.511s] Level 1:colcon.colcon_core.package_identification:_identify(src/rplidar_ros) by extension 'ignore'
[0.512s] Level 1:colcon.colcon_core.package_identification:_identify(src/rplidar_ros) by extension 'ignore_ament_install'
[0.512s] Level 1:colcon.colcon_core.package_identification:_identify(src/rplidar_ros) by extensions ['colcon_pkg']
[0.512s] Level 1:colcon.colcon_core.package_identification:_identify(src/rplidar_ros) by extension 'colcon_pkg'
[0.512s] Level 1:colcon.colcon_core.package_identification:_identify(src/rplidar_ros) by extensions ['colcon_meta']
[0.512s] Level 1:colcon.colcon_core.package_identification:_identify(src/rplidar_ros) by extension 'colcon_meta'
[0.512s] Level 1:colcon.colcon_core.package_identification:_identify(src/rplidar_ros) by extensions ['ros']
[0.512s] Level 1:colcon.colcon_core.package_identification:_identify(src/rplidar_ros) by extension 'ros'
[0.518s] DEBUG:colcon.colcon_core.package_identification:Package 'src/rplidar_ros' with type 'ros.ament_cmake' and name 'rplidar_ros'
[0.519s] Level 1:colcon.colcon_core.package_identification:_identify(src/serial_pubsub) by extensions ['ignore', 'ignore_ament_install']
[0.519s] Level 1:colcon.colcon_core.package_identification:_identify(src/serial_pubsub) by extension 'ignore'
[0.519s] Level 1:colcon.colcon_core.package_identification:_identify(src/serial_pubsub) by extension 'ignore_ament_install'
[0.519s] Level 1:colcon.colcon_core.package_identification:_identify(src/serial_pubsub) by extensions ['colcon_pkg']
[0.519s] Level 1:colcon.colcon_core.package_identification:_identify(src/serial_pubsub) by extension 'colcon_pkg'
[0.519s] Level 1:colcon.colcon_core.package_identification:_identify(src/serial_pubsub) by extensions ['colcon_meta']
[0.519s] Level 1:colcon.colcon_core.package_identification:_identify(src/serial_pubsub) by extension 'colcon_meta'
[0.520s] Level 1:colcon.colcon_core.package_identification:_identify(src/serial_pubsub) by extensions ['ros']
[0.520s] Level 1:colcon.colcon_core.package_identification:_identify(src/serial_pubsub) by extension 'ros'
[0.522s] DEBUG:colcon.colcon_core.package_identification:Package 'src/serial_pubsub' with type 'ros.ament_python' and name 'serial_pubsub'
[0.522s] Level 1:colcon.colcon_core.package_identification:_identify(src/tello_ros2) by extensions ['ignore', 'ignore_ament_install']
[0.522s] Level 1:colcon.colcon_core.package_identification:_identify(src/tello_ros2) by extension 'ignore'
[0.522s] Level 1:colcon.colcon_core.package_identification:_identify(src/tello_ros2) by extension 'ignore_ament_install'
[0.523s] Level 1:colcon.colcon_core.package_identification:_identify(src/tello_ros2) by extensions ['colcon_pkg']
[0.523s] Level 1:colcon.colcon_core.package_identification:_identify(src/tello_ros2) by extension 'colcon_pkg'
[0.523s] Level 1:colcon.colcon_core.package_identification:_identify(src/tello_ros2) by extensions ['colcon_meta']
[0.523s] Level 1:colcon.colcon_core.package_identification:_identify(src/tello_ros2) by extension 'colcon_meta'
[0.523s] Level 1:colcon.colcon_core.package_identification:_identify(src/tello_ros2) by extensions ['ros']
[0.523s] Level 1:colcon.colcon_core.package_identification:_identify(src/tello_ros2) by extension 'ros'
[0.527s] DEBUG:colcon.colcon_core.package_identification:Package 'src/tello_ros2' with type 'ros.ament_python' and name 'tello_ros2'
[0.527s] Level 1:colcon.colcon_core.package_discovery:discover_packages(recursive) using defaults
[0.527s] Level 1:colcon.colcon_core.package_discovery:discover_packages(ignore) discover
[0.527s] Level 1:colcon.colcon_core.package_discovery:discover_packages(ignore) using defaults
[0.527s] Level 1:colcon.colcon_core.package_discovery:discover_packages(path) discover
[0.527s] Level 1:colcon.colcon_core.package_discovery:discover_packages(path) using defaults
[0.635s] INFO:colcon.colcon_core.package_selection:Skipping not selected package 'lidar_mapper' in 'src/lidar_mapper'
[0.635s] INFO:colcon.colcon_core.package_selection:Skipping not selected package 'ros2_opencv' in 'src/ros2_opencv'
[0.635s] INFO:colcon.colcon_core.package_selection:Skipping not selected package 'ros2_shared' in 'src/ros2_shared'
[0.635s] INFO:colcon.colcon_core.package_selection:Skipping not selected package 'rplidar_ros' in 'src/rplidar_ros'
[0.635s] INFO:colcon.colcon_core.package_selection:Skipping not selected package 'serial_pubsub' in 'src/serial_pubsub'
[0.637s] Level 1:colcon.colcon_core.package_discovery:discover_packages(prefix_path) check parameters
[0.637s] Level 1:colcon.colcon_core.package_discovery:discover_packages(prefix_path) discover
[0.642s] WARNING:colcon.colcon_ros.prefix_path.ament:The path '/home/encoder/Desktop/ros2-robot/ros2_ws/install/tello_msgs' in the environment variable AMENT_PREFIX_PATH doesn't exist
[0.643s] WARNING:colcon.colcon_ros.prefix_path.ament:The path '/home/encoder/Desktop/ros2-robot/ros2_ws/install/tello_description' in the environment variable AMENT_PREFIX_PATH doesn't exist
[0.643s] WARNING:colcon.colcon_ros.prefix_path.ament:The path '/home/encoder/Desktop/ros2-robot/ros2_ws/install/serial_pubsub' in the environment variable AMENT_PREFIX_PATH doesn't exist
[0.643s] WARNING:colcon.colcon_ros.prefix_path.ament:The path '/home/encoder/Desktop/ros2-robot/ros2_ws/install/rplidar_ros' in the environment variable AMENT_PREFIX_PATH doesn't exist
[0.643s] WARNING:colcon.colcon_ros.prefix_path.ament:The path '/home/encoder/Desktop/ros2-robot/ros2_ws/install/ros2_shared' in the environment variable AMENT_PREFIX_PATH doesn't exist
[0.644s] WARNING:colcon.colcon_ros.prefix_path.ament:The path '/home/encoder/Desktop/ros2-robot/ros2_ws/install/ros2_opencv' in the environment variable AMENT_PREFIX_PATH doesn't exist
[0.644s] WARNING:colcon.colcon_ros.prefix_path.ament:The path '/home/encoder/Desktop/ros2-robot/ros2_ws/install/lidar_mapper' in the environment variable AMENT_PREFIX_PATH doesn't exist
[0.646s] WARNING:colcon.colcon_ros.prefix_path.catkin:The path '/home/encoder/Desktop/ros2-robot/ros2_ws/install/tello_msgs' in the environment variable CMAKE_PREFIX_PATH doesn't exist
[0.646s] WARNING:colcon.colcon_ros.prefix_path.catkin:The path '/home/encoder/Desktop/ros2-robot/ros2_ws/install/tello_description' in the environment variable CMAKE_PREFIX_PATH doesn't exist
[0.647s] WARNING:colcon.colcon_ros.prefix_path.catkin:The path '/home/encoder/Desktop/ros2-robot/ros2_ws/install/rplidar_ros' in the environment variable CMAKE_PREFIX_PATH doesn't exist
[0.647s] WARNING:colcon.colcon_ros.prefix_path.catkin:The path '/home/encoder/Desktop/ros2-robot/ros2_ws/install/ros2_shared' in the environment variable CMAKE_PREFIX_PATH doesn't exist
[0.650s] DEBUG:colcon.colcon_installed_package_information.package_discovery:Found 1 installed packages in /home/encoder/Desktop/ros2-robot/ros2_ws/install
[0.653s] DEBUG:colcon.colcon_installed_package_information.package_discovery:Found 9 installed packages in /home/encoder/Desktop/ros2-robot/install
[0.660s] DEBUG:colcon.colcon_installed_package_information.package_discovery:Found 318 installed packages in /opt/ros/humble
[0.667s] Level 1:colcon.colcon_core.package_discovery:discover_packages(prefix_path) using defaults
[0.848s] Level 5:colcon.colcon_core.verb:set package 'tello_ros2' build argument 'cmake_args' from command line to 'None'
[0.848s] Level 5:colcon.colcon_core.verb:set package 'tello_ros2' build argument 'cmake_target' from command line to 'None'
[0.848s] Level 5:colcon.colcon_core.verb:set package 'tello_ros2' build argument 'cmake_target_skip_unavailable' from command line to 'False'
[0.849s] Level 5:colcon.colcon_core.verb:set package 'tello_ros2' build argument 'cmake_clean_cache' from command line to 'False'
[0.849s] Level 5:colcon.colcon_core.verb:set package 'tello_ros2' build argument 'cmake_clean_first' from command line to 'False'
[0.849s] Level 5:colcon.colcon_core.verb:set package 'tello_ros2' build argument 'cmake_force_configure' from command line to 'False'
[0.849s] Level 5:colcon.colcon_core.verb:set package 'tello_ros2' build argument 'ament_cmake_args' from command line to 'None'
[0.849s] Level 5:colcon.colcon_core.verb:set package 'tello_ros2' build argument 'catkin_cmake_args' from command line to 'None'
[0.849s] Level 5:colcon.colcon_core.verb:set package 'tello_ros2' build argument 'catkin_skip_building_tests' from command line to 'False'
[0.849s] DEBUG:colcon.colcon_core.verb:Building package 'tello_ros2' with the following arguments: {'ament_cmake_args': None, 'build_base': '/home/encoder/Desktop/ros2-robot/ros2_ws/build/tello_ros2', 'catkin_cmake_args': None, 'catkin_skip_building_tests': False, 'cmake_args': None, 'cmake_clean_cache': False, 'cmake_clean_first': False, 'cmake_force_configure': False, 'cmake_target': None, 'cmake_target_skip_unavailable': False, 'install_base': '/home/encoder/Desktop/ros2-robot/ros2_ws/install/tello_ros2', 'merge_install': False, 'path': '/home/encoder/Desktop/ros2-robot/ros2_ws/src/tello_ros2', 'symlink_install': False, 'test_result_base': None}
[0.850s] INFO:colcon.colcon_core.executor:Executing jobs using 'parallel' executor
[0.853s] DEBUG:colcon.colcon_parallel_executor.executor.parallel:run_until_complete
[0.854s] INFO:colcon.colcon_ros.task.ament_python.build:Building ROS package in '/home/encoder/Desktop/ros2-robot/ros2_ws/src/tello_ros2' with build type 'ament_python'
[0.855s] Level 1:colcon.colcon_core.shell:create_environment_hook('tello_ros2', 'ament_prefix_path')
[0.862s] INFO:colcon.colcon_core.plugin_system:Skipping extension 'colcon_core.shell.bat': Not used on non-Windows systems
[0.863s] INFO:colcon.colcon_core.shell:Creating environment hook '/home/encoder/Desktop/ros2-robot/ros2_ws/install/tello_ros2/share/tello_ros2/hook/ament_prefix_path.ps1'
[0.865s] INFO:colcon.colcon_core.shell:Creating environment descriptor '/home/encoder/Desktop/ros2-robot/ros2_ws/install/tello_ros2/share/tello_ros2/hook/ament_prefix_path.dsv'
[0.867s] INFO:colcon.colcon_core.shell:Creating environment hook '/home/encoder/Desktop/ros2-robot/ros2_ws/install/tello_ros2/share/tello_ros2/hook/ament_prefix_path.sh'
[0.870s] INFO:colcon.colcon_core.shell:Skip shell extension 'powershell' for command environment: Not usable outside of PowerShell
[0.870s] DEBUG:colcon.colcon_core.shell:Skip shell extension 'dsv' for command environment
[1.800s] INFO:colcon.colcon_core.task.python.build:Building Python package in '/home/encoder/Desktop/ros2-robot/ros2_ws/src/tello_ros2'
[1.801s] INFO:colcon.colcon_core.shell:Skip shell extension 'powershell' for command environment: Not usable outside of PowerShell
[1.801s] DEBUG:colcon.colcon_core.shell:Skip shell extension 'dsv' for command environment
[2.907s] DEBUG:colcon.colcon_core.event_handler.log_command:Invoking command in '/home/encoder/Desktop/ros2-robot/ros2_ws/src/tello_ros2': PYTHONPATH=/home/encoder/Desktop/ros2-robot/ros2_ws/build/tello_ros2/prefix_override:/usr/lib/python3/dist-packages/colcon_core/task/python/colcon_distutils_commands:/home/encoder/Desktop/ros2-robot/ros2_ws/install/tello_ros2/lib/python3.10/site-packages:${PYTHONPATH} /usr/bin/python3 -W ignore:setup.py install is deprecated -W ignore:easy_install command is deprecated setup.py egg_info --egg-base ../../build/tello_ros2 build --build-base /home/encoder/Desktop/ros2-robot/ros2_ws/build/tello_ros2/build install --record /home/encoder/Desktop/ros2-robot/ros2_ws/build/tello_ros2/install.log --single-version-externally-managed install_data
[3.940s] DEBUG:colcon.colcon_core.event_handler.log_command:Invoked command in '/home/encoder/Desktop/ros2-robot/ros2_ws/src/tello_ros2' returned '0': PYTHONPATH=/home/encoder/Desktop/ros2-robot/ros2_ws/build/tello_ros2/prefix_override:/usr/lib/python3/dist-packages/colcon_core/task/python/colcon_distutils_commands:/home/encoder/Desktop/ros2-robot/ros2_ws/install/tello_ros2/lib/python3.10/site-packages:${PYTHONPATH} /usr/bin/python3 -W ignore:setup.py install is deprecated -W ignore:easy_install command is deprecated setup.py egg_info --egg-base ../../build/tello_ros2 build --build-base /home/encoder/Desktop/ros2-robot/ros2_ws/build/tello_ros2/build install --record /home/encoder/Desktop/ros2-robot/ros2_ws/build/tello_ros2/install.log --single-version-externally-managed install_data
[3.946s] Level 1:colcon.colcon_core.environment:checking '/home/encoder/Desktop/ros2-robot/ros2_ws/install/tello_ros2' for CMake module files
[3.948s] Level 1:colcon.colcon_core.environment:checking '/home/encoder/Desktop/ros2-robot/ros2_ws/install/tello_ros2' for CMake config files
[3.950s] Level 1:colcon.colcon_core.environment:checking '/home/encoder/Desktop/ros2-robot/ros2_ws/install/tello_ros2/lib'
[3.951s] Level 1:colcon.colcon_core.environment:checking '/home/encoder/Desktop/ros2-robot/ros2_ws/install/tello_ros2/bin'
[3.951s] Level 1:colcon.colcon_core.shell:create_environment_hook('tello_ros2', 'path')
[3.952s] INFO:colcon.colcon_core.shell:Creating environment hook '/home/encoder/Desktop/ros2-robot/ros2_ws/install/tello_ros2/share/tello_ros2/hook/path.ps1'
[3.954s] INFO:colcon.colcon_core.shell:Creating environment descriptor '/home/encoder/Desktop/ros2-robot/ros2_ws/install/tello_ros2/share/tello_ros2/hook/path.dsv'
[3.956s] INFO:colcon.colcon_core.shell:Creating environment hook '/home/encoder/Desktop/ros2-robot/ros2_ws/install/tello_ros2/share/tello_ros2/hook/path.sh'
[3.958s] Level 1:colcon.colcon_core.environment:checking '/home/encoder/Desktop/ros2-robot/ros2_ws/install/tello_ros2/lib/pkgconfig/tello_ros2.pc'
[3.959s] Level 1:colcon.colcon_core.environment:checking '/home/encoder/Desktop/ros2-robot/ros2_ws/install/tello_ros2/lib/python3.10/site-packages'
[3.959s] Level 1:colcon.colcon_core.shell:create_environment_hook('tello_ros2', 'pythonpath')
[3.960s] INFO:colcon.colcon_core.shell:Creating environment hook '/home/encoder/Desktop/ros2-robot/ros2_ws/install/tello_ros2/share/tello_ros2/hook/pythonpath.ps1'
[3.963s] INFO:colcon.colcon_core.shell:Creating environment descriptor '/home/encoder/Desktop/ros2-robot/ros2_ws/install/tello_ros2/share/tello_ros2/hook/pythonpath.dsv'
[3.964s] INFO:colcon.colcon_core.shell:Creating environment hook '/home/encoder/Desktop/ros2-robot/ros2_ws/install/tello_ros2/share/tello_ros2/hook/pythonpath.sh'
[3.967s] Level 1:colcon.colcon_core.environment:checking '/home/encoder/Desktop/ros2-robot/ros2_ws/install/tello_ros2/bin'
[3.967s] Level 1:colcon.colcon_core.shell:create_environment_hook('tello_ros2', 'pythonscriptspath')
[3.968s] INFO:colcon.colcon_core.shell:Creating environment hook '/home/encoder/Desktop/ros2-robot/ros2_ws/install/tello_ros2/share/tello_ros2/hook/pythonscriptspath.ps1'
[3.969s] INFO:colcon.colcon_core.shell:Creating environment descriptor '/home/encoder/Desktop/ros2-robot/ros2_ws/install/tello_ros2/share/tello_ros2/hook/pythonscriptspath.dsv'
[3.971s] INFO:colcon.colcon_core.shell:Creating environment hook '/home/encoder/Desktop/ros2-robot/ros2_ws/install/tello_ros2/share/tello_ros2/hook/pythonscriptspath.sh'
[3.972s] Level 1:colcon.colcon_core.environment:create_environment_scripts_only(tello_ros2)
[3.974s] INFO:colcon.colcon_core.shell:Creating package script '/home/encoder/Desktop/ros2-robot/ros2_ws/install/tello_ros2/share/tello_ros2/package.ps1'
[3.977s] INFO:colcon.colcon_core.shell:Creating package descriptor '/home/encoder/Desktop/ros2-robot/ros2_ws/install/tello_ros2/share/tello_ros2/package.dsv'
[3.979s] INFO:colcon.colcon_core.shell:Creating package script '/home/encoder/Desktop/ros2-robot/ros2_ws/install/tello_ros2/share/tello_ros2/package.sh'
[3.983s] INFO:colcon.colcon_core.shell:Creating package script '/home/encoder/Desktop/ros2-robot/ros2_ws/install/tello_ros2/share/tello_ros2/package.bash'
[3.985s] INFO:colcon.colcon_core.shell:Creating package script '/home/encoder/Desktop/ros2-robot/ros2_ws/install/tello_ros2/share/tello_ros2/package.zsh'
[3.988s] Level 1:colcon.colcon_core.environment:create_file_with_runtime_dependencies(/home/encoder/Desktop/ros2-robot/ros2_ws/install/tello_ros2/share/colcon-core/packages/tello_ros2)
[3.989s] DEBUG:colcon.colcon_parallel_executor.executor.parallel:closing loop
[3.991s] DEBUG:colcon.colcon_parallel_executor.executor.parallel:loop closed
[3.991s] DEBUG:colcon.colcon_parallel_executor.executor.parallel:run_until_complete finished with '0'
[3.992s] DEBUG:colcon.colcon_core.event_reactor:joining thread
[4.009s] INFO:colcon.colcon_core.plugin_system:Skipping extension 'colcon_notification.desktop_notification.terminal_notifier': Not used on non-Darwin systems
[4.010s] INFO:colcon.colcon_core.plugin_system:Skipping extension 'colcon_notification.desktop_notification.win32': Not used on non-Windows systems
[4.010s] INFO:colcon.colcon_notification.desktop_notification:Sending desktop notification using 'notify2'
[4.055s] DEBUG:colcon.colcon_core.event_reactor:joined thread
[4.056s] INFO:colcon.colcon_core.shell:Creating prefix script '/home/encoder/Desktop/ros2-robot/ros2_ws/install/local_setup.ps1'
[4.060s] INFO:colcon.colcon_core.shell:Creating prefix util module '/home/encoder/Desktop/ros2-robot/ros2_ws/install/_local_setup_util_ps1.py'
[4.065s] INFO:colcon.colcon_core.shell:Creating prefix chain script '/home/encoder/Desktop/ros2-robot/ros2_ws/install/setup.ps1'
[4.071s] INFO:colcon.colcon_core.shell:Creating prefix script '/home/encoder/Desktop/ros2-robot/ros2_ws/install/local_setup.sh'
[4.073s] INFO:colcon.colcon_core.shell:Creating prefix util module '/home/encoder/Desktop/ros2-robot/ros2_ws/install/_local_setup_util_sh.py'
[4.076s] INFO:colcon.colcon_core.shell:Creating prefix chain script '/home/encoder/Desktop/ros2-robot/ros2_ws/install/setup.sh'
[4.082s] INFO:colcon.colcon_core.shell:Creating prefix script '/home/encoder/Desktop/ros2-robot/ros2_ws/install/local_setup.bash'
[4.084s] INFO:colcon.colcon_core.shell:Creating prefix chain script '/home/encoder/Desktop/ros2-robot/ros2_ws/install/setup.bash'
[4.089s] INFO:colcon.colcon_core.shell:Creating prefix script '/home/encoder/Desktop/ros2-robot/ros2_ws/install/local_setup.zsh'
[4.091s] INFO:colcon.colcon_core.shell:Creating prefix chain script '/home/encoder/Desktop/ros2-robot/ros2_ws/install/setup.zsh'
