[4.847s] Invoking command in '/home/encoder/Desktop/ros2-robot/ros2_ws/src/serial_pubsub': PYTHONPATH=/home/encoder/Desktop/ros2-robot/build/serial_pubsub/prefix_override:/usr/lib/python3/dist-packages/colcon_core/task/python/colcon_distutils_commands:/home/encoder/Desktop/ros2-robot/install/serial_pubsub/lib/python3.10/site-packages:${PYTHONPATH} /usr/bin/python3 -W ignore:setup.py install is deprecated -W ignore:easy_install command is deprecated setup.py egg_info --egg-base ../../../build/serial_pubsub build --build-base /home/encoder/Desktop/ros2-robot/build/serial_pubsub/build install --record /home/encoder/Desktop/ros2-robot/build/serial_pubsub/install.log --single-version-externally-managed install_data
[5.901s] running egg_info
[5.910s] writing ../../../build/serial_pubsub/serial_pubsub.egg-info/PKG-INFO
[5.910s] writing dependency_links to ../../../build/serial_pubsub/serial_pubsub.egg-info/dependency_links.txt
[5.916s] writing entry points to ../../../build/serial_pubsub/serial_pubsub.egg-info/entry_points.txt
[5.919s] writing requirements to ../../../build/serial_pubsub/serial_pubsub.egg-info/requires.txt
[5.923s] writing top-level names to ../../../build/serial_pubsub/serial_pubsub.egg-info/top_level.txt
[5.924s] reading manifest file '../../../build/serial_pubsub/serial_pubsub.egg-info/SOURCES.txt'
[5.924s] adding license file 'LICENSE'
[5.924s] writing manifest file '../../../build/serial_pubsub/serial_pubsub.egg-info/SOURCES.txt'
[5.929s] running build
[5.930s] running build_py
[5.930s] running install
[5.930s] running install_lib
[5.931s] running install_data
[5.932s] running install_egg_info
[5.932s] removing '/home/encoder/Desktop/ros2-robot/install/serial_pubsub/lib/python3.10/site-packages/serial_pubsub-0.0.0-py3.10.egg-info' (and everything under it)
[5.934s] Copying ../../../build/serial_pubsub/serial_pubsub.egg-info to /home/encoder/Desktop/ros2-robot/install/serial_pubsub/lib/python3.10/site-packages/serial_pubsub-0.0.0-py3.10.egg-info
[5.935s] running install_scripts
[6.026s] Installing cPublisher script to /home/encoder/Desktop/ros2-robot/install/serial_pubsub/lib/serial_pubsub
[6.027s] Installing kPublisher script to /home/encoder/Desktop/ros2-robot/install/serial_pubsub/lib/serial_pubsub
[6.027s] Installing kSubscriber script to /home/encoder/Desktop/ros2-robot/install/serial_pubsub/lib/serial_pubsub
[6.028s] writing list of installed files to '/home/encoder/Desktop/ros2-robot/build/serial_pubsub/install.log'
[6.137s] Invoked command in '/home/encoder/Desktop/ros2-robot/ros2_ws/src/serial_pubsub' returned '0': PYTHONPATH=/home/encoder/Desktop/ros2-robot/build/serial_pubsub/prefix_override:/usr/lib/python3/dist-packages/colcon_core/task/python/colcon_distutils_commands:/home/encoder/Desktop/ros2-robot/install/serial_pubsub/lib/python3.10/site-packages:${PYTHONPATH} /usr/bin/python3 -W ignore:setup.py install is deprecated -W ignore:easy_install command is deprecated setup.py egg_info --egg-base ../../../build/serial_pubsub build --build-base /home/encoder/Desktop/ros2-robot/build/serial_pubsub/build install --record /home/encoder/Desktop/ros2-robot/build/serial_pubsub/install.log --single-version-externally-managed install_data
