[0.205s] DEBUG:colcon:Command line arguments: ['/usr/bin/colcon', 'build']
[0.206s] DEBUG:colcon:Parsed command line arguments: Namespace(log_base=None, log_level=None, verb_name='build', build_base='build', install_base='install', merge_install=False, symlink_install=False, test_result_base=None, continue_on_error=False, executor='parallel', parallel_workers=12, event_handlers=None, ignore_user_meta=False, metas=['./colcon.meta'], base_paths=['.'], packages_ignore=None, packages_ignore_regex=None, paths=None, packages_up_to=None, packages_up_to_regex=None, packages_above=None, packages_above_and_dependencies=None, packages_above_depth=None, packages_select_by_dep=None, packages_skip_by_dep=None, packages_skip_up_to=None, packages_select_build_failed=False, packages_skip_build_finished=False, packages_select_test_failures=False, packages_skip_test_passed=False, packages_select=None, packages_skip=None, packages_select_regex=None, packages_skip_regex=None, packages_start=None, packages_end=None, allow_overriding=[], cmake_args=None, cmake_target=None, cmake_target_skip_unavailable=False, cmake_clean_cache=False, cmake_clean_first=False, cmake_force_configure=False, ament_cmake_args=None, catkin_cmake_args=None, catkin_skip_building_tests=False, mixin_files=None, mixin=None, verb_parser=<colcon_mixin.mixin.mixin_argument.MixinArgumentDecorator object at 0x746ac2e63430>, verb_extension=<colcon_core.verb.build.BuildVerb object at 0x746ac2e20e50>, main=<bound method BuildVerb.main of <colcon_core.verb.build.BuildVerb object at 0x746ac2e20e50>>, mixin_verb=('build',))
[0.546s] Level 1:colcon.colcon_core.package_discovery:discover_packages(colcon_meta) check parameters
[0.546s] Level 1:colcon.colcon_core.package_discovery:discover_packages(recursive) check parameters
[0.546s] Level 1:colcon.colcon_core.package_discovery:discover_packages(ignore) check parameters
[0.546s] Level 1:colcon.colcon_core.package_discovery:discover_packages(path) check parameters
[0.547s] Level 1:colcon.colcon_core.package_discovery:discover_packages(colcon_meta) discover
[0.547s] Level 1:colcon.colcon_core.package_discovery:discover_packages(recursive) discover
[0.547s] INFO:colcon.colcon_core.package_discovery:Crawling recursively for packages in '/home/encoder/Desktop/ros2-robot/ros2_ws'
[0.547s] Level 1:colcon.colcon_core.package_identification:_identify(.) by extensions ['ignore', 'ignore_ament_install']
[0.547s] Level 1:colcon.colcon_core.package_identification:_identify(.) by extension 'ignore'
[0.547s] Level 1:colcon.colcon_core.package_identification:_identify(.) by extension 'ignore_ament_install'
[0.547s] Level 1:colcon.colcon_core.package_identification:_identify(.) by extensions ['colcon_pkg']
[0.547s] Level 1:colcon.colcon_core.package_identification:_identify(.) by extension 'colcon_pkg'
[0.547s] Level 1:colcon.colcon_core.package_identification:_identify(.) by extensions ['colcon_meta']
[0.547s] Level 1:colcon.colcon_core.package_identification:_identify(.) by extension 'colcon_meta'
[0.547s] Level 1:colcon.colcon_core.package_identification:_identify(.) by extensions ['ros']
[0.547s] Level 1:colcon.colcon_core.package_identification:_identify(.) by extension 'ros'
[0.564s] Level 1:colcon.colcon_core.package_identification:_identify(.) by extensions ['cmake', 'python']
[0.565s] Level 1:colcon.colcon_core.package_identification:_identify(.) by extension 'cmake'
[0.565s] Level 1:colcon.colcon_core.package_identification:_identify(.) by extension 'python'
[0.565s] Level 1:colcon.colcon_core.package_identification:_identify(.) by extensions ['python_setup_py']
[0.565s] Level 1:colcon.colcon_core.package_identification:_identify(.) by extension 'python_setup_py'
[0.565s] Level 1:colcon.colcon_core.package_identification:_identify(build) by extensions ['ignore', 'ignore_ament_install']
[0.565s] Level 1:colcon.colcon_core.package_identification:_identify(build) by extension 'ignore'
[0.565s] Level 1:colcon.colcon_core.package_identification:_identify(build) ignored
[0.566s] Level 1:colcon.colcon_core.package_identification:_identify(install) by extensions ['ignore', 'ignore_ament_install']
[0.566s] Level 1:colcon.colcon_core.package_identification:_identify(install) by extension 'ignore'
[0.566s] Level 1:colcon.colcon_core.package_identification:_identify(install) ignored
[0.566s] Level 1:colcon.colcon_core.package_identification:_identify(log) by extensions ['ignore', 'ignore_ament_install']
[0.566s] Level 1:colcon.colcon_core.package_identification:_identify(log) by extension 'ignore'
[0.566s] Level 1:colcon.colcon_core.package_identification:_identify(log) ignored
[0.566s] Level 1:colcon.colcon_core.package_identification:_identify(src) by extensions ['ignore', 'ignore_ament_install']
[0.566s] Level 1:colcon.colcon_core.package_identification:_identify(src) by extension 'ignore'
[0.566s] Level 1:colcon.colcon_core.package_identification:_identify(src) by extension 'ignore_ament_install'
[0.566s] Level 1:colcon.colcon_core.package_identification:_identify(src) by extensions ['colcon_pkg']
[0.566s] Level 1:colcon.colcon_core.package_identification:_identify(src) by extension 'colcon_pkg'
[0.567s] Level 1:colcon.colcon_core.package_identification:_identify(src) by extensions ['colcon_meta']
[0.567s] Level 1:colcon.colcon_core.package_identification:_identify(src) by extension 'colcon_meta'
[0.567s] Level 1:colcon.colcon_core.package_identification:_identify(src) by extensions ['ros']
[0.567s] Level 1:colcon.colcon_core.package_identification:_identify(src) by extension 'ros'
[0.567s] Level 1:colcon.colcon_core.package_identification:_identify(src) by extensions ['cmake', 'python']
[0.567s] Level 1:colcon.colcon_core.package_identification:_identify(src) by extension 'cmake'
[0.567s] Level 1:colcon.colcon_core.package_identification:_identify(src) by extension 'python'
[0.567s] Level 1:colcon.colcon_core.package_identification:_identify(src) by extensions ['python_setup_py']
[0.567s] Level 1:colcon.colcon_core.package_identification:_identify(src) by extension 'python_setup_py'
[0.567s] Level 1:colcon.colcon_core.package_identification:_identify(src/lidar_mapper) by extensions ['ignore', 'ignore_ament_install']
[0.567s] Level 1:colcon.colcon_core.package_identification:_identify(src/lidar_mapper) by extension 'ignore'
[0.567s] Level 1:colcon.colcon_core.package_identification:_identify(src/lidar_mapper) by extension 'ignore_ament_install'
[0.567s] Level 1:colcon.colcon_core.package_identification:_identify(src/lidar_mapper) by extensions ['colcon_pkg']
[0.567s] Level 1:colcon.colcon_core.package_identification:_identify(src/lidar_mapper) by extension 'colcon_pkg'
[0.568s] Level 1:colcon.colcon_core.package_identification:_identify(src/lidar_mapper) by extensions ['colcon_meta']
[0.568s] Level 1:colcon.colcon_core.package_identification:_identify(src/lidar_mapper) by extension 'colcon_meta'
[0.568s] Level 1:colcon.colcon_core.package_identification:_identify(src/lidar_mapper) by extensions ['ros']
[0.568s] Level 1:colcon.colcon_core.package_identification:_identify(src/lidar_mapper) by extension 'ros'
[0.573s] DEBUG:colcon.colcon_core.package_identification:Package 'src/lidar_mapper' with type 'ros.ament_python' and name 'lidar_mapper'
[0.573s] Level 1:colcon.colcon_core.package_identification:_identify(src/multi_launch) by extensions ['ignore', 'ignore_ament_install']
[0.573s] Level 1:colcon.colcon_core.package_identification:_identify(src/multi_launch) by extension 'ignore'
[0.573s] Level 1:colcon.colcon_core.package_identification:_identify(src/multi_launch) by extension 'ignore_ament_install'
[0.573s] Level 1:colcon.colcon_core.package_identification:_identify(src/multi_launch) by extensions ['colcon_pkg']
[0.574s] Level 1:colcon.colcon_core.package_identification:_identify(src/multi_launch) by extension 'colcon_pkg'
[0.574s] Level 1:colcon.colcon_core.package_identification:_identify(src/multi_launch) by extensions ['colcon_meta']
[0.574s] Level 1:colcon.colcon_core.package_identification:_identify(src/multi_launch) by extension 'colcon_meta'
[0.574s] Level 1:colcon.colcon_core.package_identification:_identify(src/multi_launch) by extensions ['ros']
[0.574s] Level 1:colcon.colcon_core.package_identification:_identify(src/multi_launch) by extension 'ros'
[0.575s] DEBUG:colcon.colcon_core.package_identification:Package 'src/multi_launch' with type 'ros.ament_python' and name 'multi_launch'
[0.575s] Level 1:colcon.colcon_core.package_identification:_identify(src/ros2_opencv) by extensions ['ignore', 'ignore_ament_install']
[0.575s] Level 1:colcon.colcon_core.package_identification:_identify(src/ros2_opencv) by extension 'ignore'
[0.576s] Level 1:colcon.colcon_core.package_identification:_identify(src/ros2_opencv) by extension 'ignore_ament_install'
[0.576s] Level 1:colcon.colcon_core.package_identification:_identify(src/ros2_opencv) by extensions ['colcon_pkg']
[0.576s] Level 1:colcon.colcon_core.package_identification:_identify(src/ros2_opencv) by extension 'colcon_pkg'
[0.576s] Level 1:colcon.colcon_core.package_identification:_identify(src/ros2_opencv) by extensions ['colcon_meta']
[0.576s] Level 1:colcon.colcon_core.package_identification:_identify(src/ros2_opencv) by extension 'colcon_meta'
[0.576s] Level 1:colcon.colcon_core.package_identification:_identify(src/ros2_opencv) by extensions ['ros']
[0.576s] Level 1:colcon.colcon_core.package_identification:_identify(src/ros2_opencv) by extension 'ros'
[0.577s] DEBUG:colcon.colcon_core.package_identification:Package 'src/ros2_opencv' with type 'ros.ament_python' and name 'ros2_opencv'
[0.578s] Level 1:colcon.colcon_core.package_identification:_identify(src/ros2_shared) by extensions ['ignore', 'ignore_ament_install']
[0.578s] Level 1:colcon.colcon_core.package_identification:_identify(src/ros2_shared) by extension 'ignore'
[0.578s] Level 1:colcon.colcon_core.package_identification:_identify(src/ros2_shared) by extension 'ignore_ament_install'
[0.578s] Level 1:colcon.colcon_core.package_identification:_identify(src/ros2_shared) by extensions ['colcon_pkg']
[0.578s] Level 1:colcon.colcon_core.package_identification:_identify(src/ros2_shared) by extension 'colcon_pkg'
[0.578s] Level 1:colcon.colcon_core.package_identification:_identify(src/ros2_shared) by extensions ['colcon_meta']
[0.578s] Level 1:colcon.colcon_core.package_identification:_identify(src/ros2_shared) by extension 'colcon_meta'
[0.578s] Level 1:colcon.colcon_core.package_identification:_identify(src/ros2_shared) by extensions ['ros']
[0.578s] Level 1:colcon.colcon_core.package_identification:_identify(src/ros2_shared) by extension 'ros'
[0.579s] DEBUG:colcon.colcon_core.package_identification:Package 'src/ros2_shared' with type 'ros.ament_cmake' and name 'ros2_shared'
[0.579s] Level 1:colcon.colcon_core.package_identification:_identify(src/rplidar_ros) by extensions ['ignore', 'ignore_ament_install']
[0.579s] Level 1:colcon.colcon_core.package_identification:_identify(src/rplidar_ros) by extension 'ignore'
[0.579s] Level 1:colcon.colcon_core.package_identification:_identify(src/rplidar_ros) by extension 'ignore_ament_install'
[0.580s] Level 1:colcon.colcon_core.package_identification:_identify(src/rplidar_ros) by extensions ['colcon_pkg']
[0.580s] Level 1:colcon.colcon_core.package_identification:_identify(src/rplidar_ros) by extension 'colcon_pkg'
[0.580s] Level 1:colcon.colcon_core.package_identification:_identify(src/rplidar_ros) by extensions ['colcon_meta']
[0.580s] Level 1:colcon.colcon_core.package_identification:_identify(src/rplidar_ros) by extension 'colcon_meta'
[0.580s] Level 1:colcon.colcon_core.package_identification:_identify(src/rplidar_ros) by extensions ['ros']
[0.580s] Level 1:colcon.colcon_core.package_identification:_identify(src/rplidar_ros) by extension 'ros'
[0.581s] DEBUG:colcon.colcon_core.package_identification:Package 'src/rplidar_ros' with type 'ros.ament_cmake' and name 'rplidar_ros'
[0.581s] Level 1:colcon.colcon_core.package_identification:_identify(src/serial_pubsub) by extensions ['ignore', 'ignore_ament_install']
[0.581s] Level 1:colcon.colcon_core.package_identification:_identify(src/serial_pubsub) by extension 'ignore'
[0.581s] Level 1:colcon.colcon_core.package_identification:_identify(src/serial_pubsub) by extension 'ignore_ament_install'
[0.581s] Level 1:colcon.colcon_core.package_identification:_identify(src/serial_pubsub) by extensions ['colcon_pkg']
[0.581s] Level 1:colcon.colcon_core.package_identification:_identify(src/serial_pubsub) by extension 'colcon_pkg'
[0.581s] Level 1:colcon.colcon_core.package_identification:_identify(src/serial_pubsub) by extensions ['colcon_meta']
[0.581s] Level 1:colcon.colcon_core.package_identification:_identify(src/serial_pubsub) by extension 'colcon_meta'
[0.581s] Level 1:colcon.colcon_core.package_identification:_identify(src/serial_pubsub) by extensions ['ros']
[0.581s] Level 1:colcon.colcon_core.package_identification:_identify(src/serial_pubsub) by extension 'ros'
[0.582s] DEBUG:colcon.colcon_core.package_identification:Package 'src/serial_pubsub' with type 'ros.ament_python' and name 'serial_pubsub'
[0.582s] Level 1:colcon.colcon_core.package_identification:_identify(src/tello_ros2) by extensions ['ignore', 'ignore_ament_install']
[0.583s] Level 1:colcon.colcon_core.package_identification:_identify(src/tello_ros2) by extension 'ignore'
[0.583s] Level 1:colcon.colcon_core.package_identification:_identify(src/tello_ros2) by extension 'ignore_ament_install'
[0.583s] Level 1:colcon.colcon_core.package_identification:_identify(src/tello_ros2) by extensions ['colcon_pkg']
[0.583s] Level 1:colcon.colcon_core.package_identification:_identify(src/tello_ros2) by extension 'colcon_pkg'
[0.583s] Level 1:colcon.colcon_core.package_identification:_identify(src/tello_ros2) by extensions ['colcon_meta']
[0.583s] Level 1:colcon.colcon_core.package_identification:_identify(src/tello_ros2) by extension 'colcon_meta'
[0.583s] Level 1:colcon.colcon_core.package_identification:_identify(src/tello_ros2) by extensions ['ros']
[0.583s] Level 1:colcon.colcon_core.package_identification:_identify(src/tello_ros2) by extension 'ros'
[0.586s] DEBUG:colcon.colcon_core.package_identification:Package 'src/tello_ros2' with type 'ros.ament_python' and name 'tello_ros2'
[0.586s] Level 1:colcon.colcon_core.package_identification:_identify(src/tello_takip) by extensions ['ignore', 'ignore_ament_install']
[0.587s] Level 1:colcon.colcon_core.package_identification:_identify(src/tello_takip) by extension 'ignore'
[0.587s] Level 1:colcon.colcon_core.package_identification:_identify(src/tello_takip) by extension 'ignore_ament_install'
[0.587s] Level 1:colcon.colcon_core.package_identification:_identify(src/tello_takip) by extensions ['colcon_pkg']
[0.587s] Level 1:colcon.colcon_core.package_identification:_identify(src/tello_takip) by extension 'colcon_pkg'
[0.587s] Level 1:colcon.colcon_core.package_identification:_identify(src/tello_takip) by extensions ['colcon_meta']
[0.587s] Level 1:colcon.colcon_core.package_identification:_identify(src/tello_takip) by extension 'colcon_meta'
[0.587s] Level 1:colcon.colcon_core.package_identification:_identify(src/tello_takip) by extensions ['ros']
[0.587s] Level 1:colcon.colcon_core.package_identification:_identify(src/tello_takip) by extension 'ros'
[0.588s] DEBUG:colcon.colcon_core.package_identification:Package 'src/tello_takip' with type 'ros.ament_python' and name 'tello_takip'
[0.588s] Level 1:colcon.colcon_core.package_discovery:discover_packages(recursive) using defaults
[0.588s] Level 1:colcon.colcon_core.package_discovery:discover_packages(ignore) discover
[0.588s] Level 1:colcon.colcon_core.package_discovery:discover_packages(ignore) using defaults
[0.588s] Level 1:colcon.colcon_core.package_discovery:discover_packages(path) discover
[0.588s] Level 1:colcon.colcon_core.package_discovery:discover_packages(path) using defaults
[0.659s] Level 1:colcon.colcon_core.package_discovery:discover_packages(prefix_path) check parameters
[0.660s] Level 1:colcon.colcon_core.package_discovery:discover_packages(prefix_path) discover
[0.666s] DEBUG:colcon.colcon_installed_package_information.package_discovery:Found 8 installed packages in /home/encoder/Desktop/ros2-robot/ros2_ws/install
[0.669s] DEBUG:colcon.colcon_installed_package_information.package_discovery:Found 318 installed packages in /opt/ros/humble
[0.672s] Level 1:colcon.colcon_core.package_discovery:discover_packages(prefix_path) using defaults
[0.729s] Level 5:colcon.colcon_core.verb:set package 'lidar_mapper' build argument 'cmake_args' from command line to 'None'
[0.729s] Level 5:colcon.colcon_core.verb:set package 'lidar_mapper' build argument 'cmake_target' from command line to 'None'
[0.729s] Level 5:colcon.colcon_core.verb:set package 'lidar_mapper' build argument 'cmake_target_skip_unavailable' from command line to 'False'
[0.729s] Level 5:colcon.colcon_core.verb:set package 'lidar_mapper' build argument 'cmake_clean_cache' from command line to 'False'
[0.729s] Level 5:colcon.colcon_core.verb:set package 'lidar_mapper' build argument 'cmake_clean_first' from command line to 'False'
[0.729s] Level 5:colcon.colcon_core.verb:set package 'lidar_mapper' build argument 'cmake_force_configure' from command line to 'False'
[0.729s] Level 5:colcon.colcon_core.verb:set package 'lidar_mapper' build argument 'ament_cmake_args' from command line to 'None'
[0.729s] Level 5:colcon.colcon_core.verb:set package 'lidar_mapper' build argument 'catkin_cmake_args' from command line to 'None'
[0.729s] Level 5:colcon.colcon_core.verb:set package 'lidar_mapper' build argument 'catkin_skip_building_tests' from command line to 'False'
[0.729s] DEBUG:colcon.colcon_core.verb:Building package 'lidar_mapper' with the following arguments: {'ament_cmake_args': None, 'build_base': '/home/encoder/Desktop/ros2-robot/ros2_ws/build/lidar_mapper', 'catkin_cmake_args': None, 'catkin_skip_building_tests': False, 'cmake_args': None, 'cmake_clean_cache': False, 'cmake_clean_first': False, 'cmake_force_configure': False, 'cmake_target': None, 'cmake_target_skip_unavailable': False, 'install_base': '/home/encoder/Desktop/ros2-robot/ros2_ws/install/lidar_mapper', 'merge_install': False, 'path': '/home/encoder/Desktop/ros2-robot/ros2_ws/src/lidar_mapper', 'symlink_install': False, 'test_result_base': None}
[0.730s] Level 5:colcon.colcon_core.verb:set package 'multi_launch' build argument 'cmake_args' from command line to 'None'
[0.730s] Level 5:colcon.colcon_core.verb:set package 'multi_launch' build argument 'cmake_target' from command line to 'None'
[0.730s] Level 5:colcon.colcon_core.verb:set package 'multi_launch' build argument 'cmake_target_skip_unavailable' from command line to 'False'
[0.730s] Level 5:colcon.colcon_core.verb:set package 'multi_launch' build argument 'cmake_clean_cache' from command line to 'False'
[0.730s] Level 5:colcon.colcon_core.verb:set package 'multi_launch' build argument 'cmake_clean_first' from command line to 'False'
[0.730s] Level 5:colcon.colcon_core.verb:set package 'multi_launch' build argument 'cmake_force_configure' from command line to 'False'
[0.730s] Level 5:colcon.colcon_core.verb:set package 'multi_launch' build argument 'ament_cmake_args' from command line to 'None'
[0.730s] Level 5:colcon.colcon_core.verb:set package 'multi_launch' build argument 'catkin_cmake_args' from command line to 'None'
[0.730s] Level 5:colcon.colcon_core.verb:set package 'multi_launch' build argument 'catkin_skip_building_tests' from command line to 'False'
[0.730s] DEBUG:colcon.colcon_core.verb:Building package 'multi_launch' with the following arguments: {'ament_cmake_args': None, 'build_base': '/home/encoder/Desktop/ros2-robot/ros2_ws/build/multi_launch', 'catkin_cmake_args': None, 'catkin_skip_building_tests': False, 'cmake_args': None, 'cmake_clean_cache': False, 'cmake_clean_first': False, 'cmake_force_configure': False, 'cmake_target': None, 'cmake_target_skip_unavailable': False, 'install_base': '/home/encoder/Desktop/ros2-robot/ros2_ws/install/multi_launch', 'merge_install': False, 'path': '/home/encoder/Desktop/ros2-robot/ros2_ws/src/multi_launch', 'symlink_install': False, 'test_result_base': None}
[0.731s] Level 5:colcon.colcon_core.verb:set package 'ros2_opencv' build argument 'cmake_args' from command line to 'None'
[0.731s] Level 5:colcon.colcon_core.verb:set package 'ros2_opencv' build argument 'cmake_target' from command line to 'None'
[0.731s] Level 5:colcon.colcon_core.verb:set package 'ros2_opencv' build argument 'cmake_target_skip_unavailable' from command line to 'False'
[0.731s] Level 5:colcon.colcon_core.verb:set package 'ros2_opencv' build argument 'cmake_clean_cache' from command line to 'False'
[0.731s] Level 5:colcon.colcon_core.verb:set package 'ros2_opencv' build argument 'cmake_clean_first' from command line to 'False'
[0.731s] Level 5:colcon.colcon_core.verb:set package 'ros2_opencv' build argument 'cmake_force_configure' from command line to 'False'
[0.731s] Level 5:colcon.colcon_core.verb:set package 'ros2_opencv' build argument 'ament_cmake_args' from command line to 'None'
[0.731s] Level 5:colcon.colcon_core.verb:set package 'ros2_opencv' build argument 'catkin_cmake_args' from command line to 'None'
[0.731s] Level 5:colcon.colcon_core.verb:set package 'ros2_opencv' build argument 'catkin_skip_building_tests' from command line to 'False'
[0.731s] DEBUG:colcon.colcon_core.verb:Building package 'ros2_opencv' with the following arguments: {'ament_cmake_args': None, 'build_base': '/home/encoder/Desktop/ros2-robot/ros2_ws/build/ros2_opencv', 'catkin_cmake_args': None, 'catkin_skip_building_tests': False, 'cmake_args': None, 'cmake_clean_cache': False, 'cmake_clean_first': False, 'cmake_force_configure': False, 'cmake_target': None, 'cmake_target_skip_unavailable': False, 'install_base': '/home/encoder/Desktop/ros2-robot/ros2_ws/install/ros2_opencv', 'merge_install': False, 'path': '/home/encoder/Desktop/ros2-robot/ros2_ws/src/ros2_opencv', 'symlink_install': False, 'test_result_base': None}
[0.731s] Level 5:colcon.colcon_core.verb:set package 'ros2_shared' build argument 'cmake_args' from command line to 'None'
[0.731s] Level 5:colcon.colcon_core.verb:set package 'ros2_shared' build argument 'cmake_target' from command line to 'None'
[0.731s] Level 5:colcon.colcon_core.verb:set package 'ros2_shared' build argument 'cmake_target_skip_unavailable' from command line to 'False'
[0.731s] Level 5:colcon.colcon_core.verb:set package 'ros2_shared' build argument 'cmake_clean_cache' from command line to 'False'
[0.731s] Level 5:colcon.colcon_core.verb:set package 'ros2_shared' build argument 'cmake_clean_first' from command line to 'False'
[0.732s] Level 5:colcon.colcon_core.verb:set package 'ros2_shared' build argument 'cmake_force_configure' from command line to 'False'
[0.732s] Level 5:colcon.colcon_core.verb:set package 'ros2_shared' build argument 'ament_cmake_args' from command line to 'None'
[0.732s] Level 5:colcon.colcon_core.verb:set package 'ros2_shared' build argument 'catkin_cmake_args' from command line to 'None'
[0.732s] Level 5:colcon.colcon_core.verb:set package 'ros2_shared' build argument 'catkin_skip_building_tests' from command line to 'False'
[0.732s] DEBUG:colcon.colcon_core.verb:Building package 'ros2_shared' with the following arguments: {'ament_cmake_args': None, 'build_base': '/home/encoder/Desktop/ros2-robot/ros2_ws/build/ros2_shared', 'catkin_cmake_args': None, 'catkin_skip_building_tests': False, 'cmake_args': None, 'cmake_clean_cache': False, 'cmake_clean_first': False, 'cmake_force_configure': False, 'cmake_target': None, 'cmake_target_skip_unavailable': False, 'install_base': '/home/encoder/Desktop/ros2-robot/ros2_ws/install/ros2_shared', 'merge_install': False, 'path': '/home/encoder/Desktop/ros2-robot/ros2_ws/src/ros2_shared', 'symlink_install': False, 'test_result_base': None}
[0.732s] Level 5:colcon.colcon_core.verb:set package 'rplidar_ros' build argument 'cmake_args' from command line to 'None'
[0.732s] Level 5:colcon.colcon_core.verb:set package 'rplidar_ros' build argument 'cmake_target' from command line to 'None'
[0.732s] Level 5:colcon.colcon_core.verb:set package 'rplidar_ros' build argument 'cmake_target_skip_unavailable' from command line to 'False'
[0.732s] Level 5:colcon.colcon_core.verb:set package 'rplidar_ros' build argument 'cmake_clean_cache' from command line to 'False'
[0.732s] Level 5:colcon.colcon_core.verb:set package 'rplidar_ros' build argument 'cmake_clean_first' from command line to 'False'
[0.732s] Level 5:colcon.colcon_core.verb:set package 'rplidar_ros' build argument 'cmake_force_configure' from command line to 'False'
[0.732s] Level 5:colcon.colcon_core.verb:set package 'rplidar_ros' build argument 'ament_cmake_args' from command line to 'None'
[0.732s] Level 5:colcon.colcon_core.verb:set package 'rplidar_ros' build argument 'catkin_cmake_args' from command line to 'None'
[0.732s] Level 5:colcon.colcon_core.verb:set package 'rplidar_ros' build argument 'catkin_skip_building_tests' from command line to 'False'
[0.732s] DEBUG:colcon.colcon_core.verb:Building package 'rplidar_ros' with the following arguments: {'ament_cmake_args': None, 'build_base': '/home/encoder/Desktop/ros2-robot/ros2_ws/build/rplidar_ros', 'catkin_cmake_args': None, 'catkin_skip_building_tests': False, 'cmake_args': None, 'cmake_clean_cache': False, 'cmake_clean_first': False, 'cmake_force_configure': False, 'cmake_target': None, 'cmake_target_skip_unavailable': False, 'install_base': '/home/encoder/Desktop/ros2-robot/ros2_ws/install/rplidar_ros', 'merge_install': False, 'path': '/home/encoder/Desktop/ros2-robot/ros2_ws/src/rplidar_ros', 'symlink_install': False, 'test_result_base': None}
[0.733s] Level 5:colcon.colcon_core.verb:set package 'serial_pubsub' build argument 'cmake_args' from command line to 'None'
[0.733s] Level 5:colcon.colcon_core.verb:set package 'serial_pubsub' build argument 'cmake_target' from command line to 'None'
[0.733s] Level 5:colcon.colcon_core.verb:set package 'serial_pubsub' build argument 'cmake_target_skip_unavailable' from command line to 'False'
[0.733s] Level 5:colcon.colcon_core.verb:set package 'serial_pubsub' build argument 'cmake_clean_cache' from command line to 'False'
[0.733s] Level 5:colcon.colcon_core.verb:set package 'serial_pubsub' build argument 'cmake_clean_first' from command line to 'False'
[0.733s] Level 5:colcon.colcon_core.verb:set package 'serial_pubsub' build argument 'cmake_force_configure' from command line to 'False'
[0.733s] Level 5:colcon.colcon_core.verb:set package 'serial_pubsub' build argument 'ament_cmake_args' from command line to 'None'
[0.733s] Level 5:colcon.colcon_core.verb:set package 'serial_pubsub' build argument 'catkin_cmake_args' from command line to 'None'
[0.733s] Level 5:colcon.colcon_core.verb:set package 'serial_pubsub' build argument 'catkin_skip_building_tests' from command line to 'False'
[0.733s] DEBUG:colcon.colcon_core.verb:Building package 'serial_pubsub' with the following arguments: {'ament_cmake_args': None, 'build_base': '/home/encoder/Desktop/ros2-robot/ros2_ws/build/serial_pubsub', 'catkin_cmake_args': None, 'catkin_skip_building_tests': False, 'cmake_args': None, 'cmake_clean_cache': False, 'cmake_clean_first': False, 'cmake_force_configure': False, 'cmake_target': None, 'cmake_target_skip_unavailable': False, 'install_base': '/home/encoder/Desktop/ros2-robot/ros2_ws/install/serial_pubsub', 'merge_install': False, 'path': '/home/encoder/Desktop/ros2-robot/ros2_ws/src/serial_pubsub', 'symlink_install': False, 'test_result_base': None}
[0.733s] Level 5:colcon.colcon_core.verb:set package 'tello_ros2' build argument 'cmake_args' from command line to 'None'
[0.733s] Level 5:colcon.colcon_core.verb:set package 'tello_ros2' build argument 'cmake_target' from command line to 'None'
[0.734s] Level 5:colcon.colcon_core.verb:set package 'tello_ros2' build argument 'cmake_target_skip_unavailable' from command line to 'False'
[0.734s] Level 5:colcon.colcon_core.verb:set package 'tello_ros2' build argument 'cmake_clean_cache' from command line to 'False'
[0.734s] Level 5:colcon.colcon_core.verb:set package 'tello_ros2' build argument 'cmake_clean_first' from command line to 'False'
[0.734s] Level 5:colcon.colcon_core.verb:set package 'tello_ros2' build argument 'cmake_force_configure' from command line to 'False'
[0.734s] Level 5:colcon.colcon_core.verb:set package 'tello_ros2' build argument 'ament_cmake_args' from command line to 'None'
[0.734s] Level 5:colcon.colcon_core.verb:set package 'tello_ros2' build argument 'catkin_cmake_args' from command line to 'None'
[0.734s] Level 5:colcon.colcon_core.verb:set package 'tello_ros2' build argument 'catkin_skip_building_tests' from command line to 'False'
[0.734s] DEBUG:colcon.colcon_core.verb:Building package 'tello_ros2' with the following arguments: {'ament_cmake_args': None, 'build_base': '/home/encoder/Desktop/ros2-robot/ros2_ws/build/tello_ros2', 'catkin_cmake_args': None, 'catkin_skip_building_tests': False, 'cmake_args': None, 'cmake_clean_cache': False, 'cmake_clean_first': False, 'cmake_force_configure': False, 'cmake_target': None, 'cmake_target_skip_unavailable': False, 'install_base': '/home/encoder/Desktop/ros2-robot/ros2_ws/install/tello_ros2', 'merge_install': False, 'path': '/home/encoder/Desktop/ros2-robot/ros2_ws/src/tello_ros2', 'symlink_install': False, 'test_result_base': None}
[0.734s] Level 5:colcon.colcon_core.verb:set package 'tello_takip' build argument 'cmake_args' from command line to 'None'
[0.734s] Level 5:colcon.colcon_core.verb:set package 'tello_takip' build argument 'cmake_target' from command line to 'None'
[0.734s] Level 5:colcon.colcon_core.verb:set package 'tello_takip' build argument 'cmake_target_skip_unavailable' from command line to 'False'
[0.734s] Level 5:colcon.colcon_core.verb:set package 'tello_takip' build argument 'cmake_clean_cache' from command line to 'False'
[0.734s] Level 5:colcon.colcon_core.verb:set package 'tello_takip' build argument 'cmake_clean_first' from command line to 'False'
[0.734s] Level 5:colcon.colcon_core.verb:set package 'tello_takip' build argument 'cmake_force_configure' from command line to 'False'
[0.734s] Level 5:colcon.colcon_core.verb:set package 'tello_takip' build argument 'ament_cmake_args' from command line to 'None'
[0.734s] Level 5:colcon.colcon_core.verb:set package 'tello_takip' build argument 'catkin_cmake_args' from command line to 'None'
[0.734s] Level 5:colcon.colcon_core.verb:set package 'tello_takip' build argument 'catkin_skip_building_tests' from command line to 'False'
[0.734s] DEBUG:colcon.colcon_core.verb:Building package 'tello_takip' with the following arguments: {'ament_cmake_args': None, 'build_base': '/home/encoder/Desktop/ros2-robot/ros2_ws/build/tello_takip', 'catkin_cmake_args': None, 'catkin_skip_building_tests': False, 'cmake_args': None, 'cmake_clean_cache': False, 'cmake_clean_first': False, 'cmake_force_configure': False, 'cmake_target': None, 'cmake_target_skip_unavailable': False, 'install_base': '/home/encoder/Desktop/ros2-robot/ros2_ws/install/tello_takip', 'merge_install': False, 'path': '/home/encoder/Desktop/ros2-robot/ros2_ws/src/tello_takip', 'symlink_install': False, 'test_result_base': None}
[0.735s] INFO:colcon.colcon_core.executor:Executing jobs using 'parallel' executor
[0.736s] DEBUG:colcon.colcon_parallel_executor.executor.parallel:run_until_complete
[0.737s] INFO:colcon.colcon_ros.task.ament_python.build:Building ROS package in '/home/encoder/Desktop/ros2-robot/ros2_ws/src/lidar_mapper' with build type 'ament_python'
[0.737s] Level 1:colcon.colcon_core.shell:create_environment_hook('lidar_mapper', 'ament_prefix_path')
[0.741s] INFO:colcon.colcon_core.plugin_system:Skipping extension 'colcon_core.shell.bat': Not used on non-Windows systems
[0.741s] INFO:colcon.colcon_core.shell:Creating environment hook '/home/encoder/Desktop/ros2-robot/ros2_ws/install/lidar_mapper/share/lidar_mapper/hook/ament_prefix_path.ps1'
[0.742s] INFO:colcon.colcon_core.shell:Creating environment descriptor '/home/encoder/Desktop/ros2-robot/ros2_ws/install/lidar_mapper/share/lidar_mapper/hook/ament_prefix_path.dsv'
[0.743s] INFO:colcon.colcon_core.shell:Creating environment hook '/home/encoder/Desktop/ros2-robot/ros2_ws/install/lidar_mapper/share/lidar_mapper/hook/ament_prefix_path.sh'
[0.744s] INFO:colcon.colcon_core.shell:Skip shell extension 'powershell' for command environment: Not usable outside of PowerShell
[0.744s] DEBUG:colcon.colcon_core.shell:Skip shell extension 'dsv' for command environment
[0.750s] INFO:colcon.colcon_ros.task.ament_python.build:Building ROS package in '/home/encoder/Desktop/ros2-robot/ros2_ws/src/multi_launch' with build type 'ament_python'
[0.750s] Level 1:colcon.colcon_core.shell:create_environment_hook('multi_launch', 'ament_prefix_path')
[0.751s] INFO:colcon.colcon_core.shell:Creating environment hook '/home/encoder/Desktop/ros2-robot/ros2_ws/install/multi_launch/share/multi_launch/hook/ament_prefix_path.ps1'
[0.752s] INFO:colcon.colcon_core.shell:Creating environment descriptor '/home/encoder/Desktop/ros2-robot/ros2_ws/install/multi_launch/share/multi_launch/hook/ament_prefix_path.dsv'
[0.755s] INFO:colcon.colcon_core.shell:Creating environment hook '/home/encoder/Desktop/ros2-robot/ros2_ws/install/multi_launch/share/multi_launch/hook/ament_prefix_path.sh'
[0.757s] INFO:colcon.colcon_core.shell:Skip shell extension 'powershell' for command environment: Not usable outside of PowerShell
[0.757s] DEBUG:colcon.colcon_core.shell:Skip shell extension 'dsv' for command environment
[0.770s] INFO:colcon.colcon_ros.task.ament_python.build:Building ROS package in '/home/encoder/Desktop/ros2-robot/ros2_ws/src/ros2_opencv' with build type 'ament_python'
[0.772s] Level 1:colcon.colcon_core.shell:create_environment_hook('ros2_opencv', 'ament_prefix_path')
[0.773s] INFO:colcon.colcon_core.shell:Creating environment hook '/home/encoder/Desktop/ros2-robot/ros2_ws/install/ros2_opencv/share/ros2_opencv/hook/ament_prefix_path.ps1'
[0.776s] INFO:colcon.colcon_core.shell:Creating environment descriptor '/home/encoder/Desktop/ros2-robot/ros2_ws/install/ros2_opencv/share/ros2_opencv/hook/ament_prefix_path.dsv'
[0.777s] INFO:colcon.colcon_core.shell:Creating environment hook '/home/encoder/Desktop/ros2-robot/ros2_ws/install/ros2_opencv/share/ros2_opencv/hook/ament_prefix_path.sh'
[0.780s] INFO:colcon.colcon_core.shell:Skip shell extension 'powershell' for command environment: Not usable outside of PowerShell
[0.780s] DEBUG:colcon.colcon_core.shell:Skip shell extension 'dsv' for command environment
[0.794s] INFO:colcon.colcon_ros.task.ament_cmake.build:Building ROS package in '/home/encoder/Desktop/ros2-robot/ros2_ws/src/ros2_shared' with build type 'ament_cmake'
[0.794s] INFO:colcon.colcon_cmake.task.cmake.build:Building CMake package in '/home/encoder/Desktop/ros2-robot/ros2_ws/src/ros2_shared'
[0.795s] INFO:colcon.colcon_core.shell:Skip shell extension 'powershell' for command environment: Not usable outside of PowerShell
[0.796s] DEBUG:colcon.colcon_core.shell:Skip shell extension 'dsv' for command environment
[0.814s] INFO:colcon.colcon_ros.task.ament_cmake.build:Building ROS package in '/home/encoder/Desktop/ros2-robot/ros2_ws/src/rplidar_ros' with build type 'ament_cmake'
[0.815s] INFO:colcon.colcon_cmake.task.cmake.build:Building CMake package in '/home/encoder/Desktop/ros2-robot/ros2_ws/src/rplidar_ros'
[0.816s] INFO:colcon.colcon_core.shell:Skip shell extension 'powershell' for command environment: Not usable outside of PowerShell
[0.816s] DEBUG:colcon.colcon_core.shell:Skip shell extension 'dsv' for command environment
[0.833s] INFO:colcon.colcon_ros.task.ament_python.build:Building ROS package in '/home/encoder/Desktop/ros2-robot/ros2_ws/src/serial_pubsub' with build type 'ament_python'
[0.834s] Level 1:colcon.colcon_core.shell:create_environment_hook('serial_pubsub', 'ament_prefix_path')
[0.835s] INFO:colcon.colcon_core.shell:Creating environment hook '/home/encoder/Desktop/ros2-robot/ros2_ws/install/serial_pubsub/share/serial_pubsub/hook/ament_prefix_path.ps1'
[0.839s] INFO:colcon.colcon_core.shell:Creating environment descriptor '/home/encoder/Desktop/ros2-robot/ros2_ws/install/serial_pubsub/share/serial_pubsub/hook/ament_prefix_path.dsv'
[0.840s] INFO:colcon.colcon_core.shell:Creating environment hook '/home/encoder/Desktop/ros2-robot/ros2_ws/install/serial_pubsub/share/serial_pubsub/hook/ament_prefix_path.sh'
[0.842s] INFO:colcon.colcon_core.shell:Skip shell extension 'powershell' for command environment: Not usable outside of PowerShell
[0.843s] DEBUG:colcon.colcon_core.shell:Skip shell extension 'dsv' for command environment
[0.857s] INFO:colcon.colcon_ros.task.ament_python.build:Building ROS package in '/home/encoder/Desktop/ros2-robot/ros2_ws/src/tello_ros2' with build type 'ament_python'
[0.857s] Level 1:colcon.colcon_core.shell:create_environment_hook('tello_ros2', 'ament_prefix_path')
[0.858s] INFO:colcon.colcon_core.shell:Creating environment hook '/home/encoder/Desktop/ros2-robot/ros2_ws/install/tello_ros2/share/tello_ros2/hook/ament_prefix_path.ps1'
[0.860s] INFO:colcon.colcon_core.shell:Creating environment descriptor '/home/encoder/Desktop/ros2-robot/ros2_ws/install/tello_ros2/share/tello_ros2/hook/ament_prefix_path.dsv'
[0.863s] INFO:colcon.colcon_core.shell:Creating environment hook '/home/encoder/Desktop/ros2-robot/ros2_ws/install/tello_ros2/share/tello_ros2/hook/ament_prefix_path.sh'
[0.866s] INFO:colcon.colcon_core.shell:Skip shell extension 'powershell' for command environment: Not usable outside of PowerShell
[0.866s] DEBUG:colcon.colcon_core.shell:Skip shell extension 'dsv' for command environment
[0.878s] INFO:colcon.colcon_ros.task.ament_python.build:Building ROS package in '/home/encoder/Desktop/ros2-robot/ros2_ws/src/tello_takip' with build type 'ament_python'
[0.879s] Level 1:colcon.colcon_core.shell:create_environment_hook('tello_takip', 'ament_prefix_path')
[0.881s] INFO:colcon.colcon_core.shell:Creating environment hook '/home/encoder/Desktop/ros2-robot/ros2_ws/install/tello_takip/share/tello_takip/hook/ament_prefix_path.ps1'
[0.884s] INFO:colcon.colcon_core.shell:Creating environment descriptor '/home/encoder/Desktop/ros2-robot/ros2_ws/install/tello_takip/share/tello_takip/hook/ament_prefix_path.dsv'
[0.887s] INFO:colcon.colcon_core.shell:Creating environment hook '/home/encoder/Desktop/ros2-robot/ros2_ws/install/tello_takip/share/tello_takip/hook/ament_prefix_path.sh'
[0.891s] INFO:colcon.colcon_core.shell:Skip shell extension 'powershell' for command environment: Not usable outside of PowerShell
[0.891s] DEBUG:colcon.colcon_core.shell:Skip shell extension 'dsv' for command environment
[2.065s] INFO:colcon.colcon_core.task.python.build:Building Python package in '/home/encoder/Desktop/ros2-robot/ros2_ws/src/lidar_mapper'
[2.067s] INFO:colcon.colcon_core.shell:Skip shell extension 'powershell' for command environment: Not usable outside of PowerShell
[2.067s] DEBUG:colcon.colcon_core.shell:Skip shell extension 'dsv' for command environment
[3.290s] INFO:colcon.colcon_core.task.python.build:Building Python package in '/home/encoder/Desktop/ros2-robot/ros2_ws/src/multi_launch'
[3.292s] INFO:colcon.colcon_core.shell:Skip shell extension 'powershell' for command environment: Not usable outside of PowerShell
[3.292s] DEBUG:colcon.colcon_core.shell:Skip shell extension 'dsv' for command environment
[4.549s] INFO:colcon.colcon_core.task.python.build:Building Python package in '/home/encoder/Desktop/ros2-robot/ros2_ws/src/ros2_opencv'
[4.549s] INFO:colcon.colcon_core.shell:Skip shell extension 'powershell' for command environment: Not usable outside of PowerShell
[4.550s] DEBUG:colcon.colcon_core.shell:Skip shell extension 'dsv' for command environment
[4.585s] DEBUG:colcon.colcon_core.event_handler.log_command:Invoking command in '/home/encoder/Desktop/ros2-robot/ros2_ws/build/ros2_shared': CMAKE_PREFIX_PATH=${CMAKE_PREFIX_PATH}:/home/encoder/Desktop/ros2-robot/ros2_ws/install/tello_takip:/home/encoder/Desktop/ros2-robot/ros2_ws/install/tello_ros2:/home/encoder/Desktop/ros2-robot/ros2_ws/install/serial_pubsub:/home/encoder/Desktop/ros2-robot/ros2_ws/install/ros2_opencv:/home/encoder/Desktop/ros2-robot/ros2_ws/install/multi_launch:/home/encoder/Desktop/ros2-robot/ros2_ws/install/lidar_mapper:/opt/ros/humble /usr/bin/cmake --build /home/encoder/Desktop/ros2-robot/ros2_ws/build/ros2_shared -- -j12 -l12
[4.601s] DEBUG:colcon.colcon_core.event_handler.log_command:Invoking command in '/home/encoder/Desktop/ros2-robot/ros2_ws/build/rplidar_ros': CMAKE_PREFIX_PATH=${CMAKE_PREFIX_PATH}:/home/encoder/Desktop/ros2-robot/ros2_ws/install/tello_takip:/home/encoder/Desktop/ros2-robot/ros2_ws/install/tello_ros2:/home/encoder/Desktop/ros2-robot/ros2_ws/install/serial_pubsub:/home/encoder/Desktop/ros2-robot/ros2_ws/install/ros2_opencv:/home/encoder/Desktop/ros2-robot/ros2_ws/install/multi_launch:/home/encoder/Desktop/ros2-robot/ros2_ws/install/lidar_mapper:/opt/ros/humble /usr/bin/cmake --build /home/encoder/Desktop/ros2-robot/ros2_ws/build/rplidar_ros -- -j12 -l12
[5.765s] INFO:colcon.colcon_core.task.python.build:Building Python package in '/home/encoder/Desktop/ros2-robot/ros2_ws/src/serial_pubsub'
[5.767s] INFO:colcon.colcon_core.shell:Skip shell extension 'powershell' for command environment: Not usable outside of PowerShell
[5.767s] DEBUG:colcon.colcon_core.shell:Skip shell extension 'dsv' for command environment
[6.761s] INFO:colcon.colcon_core.task.python.build:Building Python package in '/home/encoder/Desktop/ros2-robot/ros2_ws/src/tello_ros2'
[6.763s] INFO:colcon.colcon_core.shell:Skip shell extension 'powershell' for command environment: Not usable outside of PowerShell
[6.763s] DEBUG:colcon.colcon_core.shell:Skip shell extension 'dsv' for command environment
[7.976s] INFO:colcon.colcon_core.task.python.build:Building Python package in '/home/encoder/Desktop/ros2-robot/ros2_ws/src/tello_takip'
[7.977s] INFO:colcon.colcon_core.shell:Skip shell extension 'powershell' for command environment: Not usable outside of PowerShell
[7.977s] DEBUG:colcon.colcon_core.shell:Skip shell extension 'dsv' for command environment
[7.997s] DEBUG:colcon.colcon_core.event_handler.log_command:Invoked command in '/home/encoder/Desktop/ros2-robot/ros2_ws/build/rplidar_ros' returned '0': CMAKE_PREFIX_PATH=${CMAKE_PREFIX_PATH}:/home/encoder/Desktop/ros2-robot/ros2_ws/install/tello_takip:/home/encoder/Desktop/ros2-robot/ros2_ws/install/tello_ros2:/home/encoder/Desktop/ros2-robot/ros2_ws/install/serial_pubsub:/home/encoder/Desktop/ros2-robot/ros2_ws/install/ros2_opencv:/home/encoder/Desktop/ros2-robot/ros2_ws/install/multi_launch:/home/encoder/Desktop/ros2-robot/ros2_ws/install/lidar_mapper:/opt/ros/humble /usr/bin/cmake --build /home/encoder/Desktop/ros2-robot/ros2_ws/build/rplidar_ros -- -j12 -l12
[8.032s] DEBUG:colcon.colcon_core.event_handler.log_command:Invoking command in '/home/encoder/Desktop/ros2-robot/ros2_ws/build/rplidar_ros': CMAKE_PREFIX_PATH=${CMAKE_PREFIX_PATH}:/home/encoder/Desktop/ros2-robot/ros2_ws/install/tello_takip:/home/encoder/Desktop/ros2-robot/ros2_ws/install/tello_ros2:/home/encoder/Desktop/ros2-robot/ros2_ws/install/serial_pubsub:/home/encoder/Desktop/ros2-robot/ros2_ws/install/ros2_opencv:/home/encoder/Desktop/ros2-robot/ros2_ws/install/multi_launch:/home/encoder/Desktop/ros2-robot/ros2_ws/install/lidar_mapper:/opt/ros/humble /usr/bin/cmake --install /home/encoder/Desktop/ros2-robot/ros2_ws/build/rplidar_ros
[8.035s] DEBUG:colcon.colcon_core.event_handler.log_command:Invoked command in '/home/encoder/Desktop/ros2-robot/ros2_ws/build/ros2_shared' returned '0': CMAKE_PREFIX_PATH=${CMAKE_PREFIX_PATH}:/home/encoder/Desktop/ros2-robot/ros2_ws/install/tello_takip:/home/encoder/Desktop/ros2-robot/ros2_ws/install/tello_ros2:/home/encoder/Desktop/ros2-robot/ros2_ws/install/serial_pubsub:/home/encoder/Desktop/ros2-robot/ros2_ws/install/ros2_opencv:/home/encoder/Desktop/ros2-robot/ros2_ws/install/multi_launch:/home/encoder/Desktop/ros2-robot/ros2_ws/install/lidar_mapper:/opt/ros/humble /usr/bin/cmake --build /home/encoder/Desktop/ros2-robot/ros2_ws/build/ros2_shared -- -j12 -l12
[8.047s] DEBUG:colcon.colcon_core.event_handler.log_command:Invoking command in '/home/encoder/Desktop/ros2-robot/ros2_ws/build/ros2_shared': CMAKE_PREFIX_PATH=${CMAKE_PREFIX_PATH}:/home/encoder/Desktop/ros2-robot/ros2_ws/install/tello_takip:/home/encoder/Desktop/ros2-robot/ros2_ws/install/tello_ros2:/home/encoder/Desktop/ros2-robot/ros2_ws/install/serial_pubsub:/home/encoder/Desktop/ros2-robot/ros2_ws/install/ros2_opencv:/home/encoder/Desktop/ros2-robot/ros2_ws/install/multi_launch:/home/encoder/Desktop/ros2-robot/ros2_ws/install/lidar_mapper:/opt/ros/humble /usr/bin/cmake --install /home/encoder/Desktop/ros2-robot/ros2_ws/build/ros2_shared
[8.167s] Level 1:colcon.colcon_core.environment:create_environment_scripts_only(ros2_shared)
[8.192s] Level 1:colcon.colcon_core.environment:checking '/home/encoder/Desktop/ros2-robot/ros2_ws/install/ros2_shared' for CMake module files
[8.199s] Level 1:colcon.colcon_core.environment:checking '/home/encoder/Desktop/ros2-robot/ros2_ws/install/ros2_shared' for CMake config files
[8.200s] Level 1:colcon.colcon_core.shell:create_environment_hook('ros2_shared', 'cmake_prefix_path')
[8.205s] INFO:colcon.colcon_core.shell:Creating environment hook '/home/encoder/Desktop/ros2-robot/ros2_ws/install/ros2_shared/share/ros2_shared/hook/cmake_prefix_path.ps1'
[8.219s] INFO:colcon.colcon_core.shell:Creating environment descriptor '/home/encoder/Desktop/ros2-robot/ros2_ws/install/ros2_shared/share/ros2_shared/hook/cmake_prefix_path.dsv'
[8.221s] INFO:colcon.colcon_core.shell:Creating environment hook '/home/encoder/Desktop/ros2-robot/ros2_ws/install/ros2_shared/share/ros2_shared/hook/cmake_prefix_path.sh'
[8.225s] DEBUG:colcon.colcon_core.event_handler.log_command:Invoked command in '/home/encoder/Desktop/ros2-robot/ros2_ws/build/ros2_shared' returned '0': CMAKE_PREFIX_PATH=${CMAKE_PREFIX_PATH}:/home/encoder/Desktop/ros2-robot/ros2_ws/install/tello_takip:/home/encoder/Desktop/ros2-robot/ros2_ws/install/tello_ros2:/home/encoder/Desktop/ros2-robot/ros2_ws/install/serial_pubsub:/home/encoder/Desktop/ros2-robot/ros2_ws/install/ros2_opencv:/home/encoder/Desktop/ros2-robot/ros2_ws/install/multi_launch:/home/encoder/Desktop/ros2-robot/ros2_ws/install/lidar_mapper:/opt/ros/humble /usr/bin/cmake --install /home/encoder/Desktop/ros2-robot/ros2_ws/build/ros2_shared
[8.228s] Level 1:colcon.colcon_core.environment:checking '/home/encoder/Desktop/ros2-robot/ros2_ws/install/ros2_shared/bin'
[8.228s] Level 1:colcon.colcon_core.environment:checking '/home/encoder/Desktop/ros2-robot/ros2_ws/install/ros2_shared/lib/pkgconfig/ros2_shared.pc'
[8.229s] Level 1:colcon.colcon_core.environment:checking '/home/encoder/Desktop/ros2-robot/ros2_ws/install/ros2_shared/lib/python3.10/site-packages'
[8.230s] Level 1:colcon.colcon_core.environment:checking '/home/encoder/Desktop/ros2-robot/ros2_ws/install/ros2_shared/bin'
[8.232s] INFO:colcon.colcon_core.shell:Creating package script '/home/encoder/Desktop/ros2-robot/ros2_ws/install/ros2_shared/share/ros2_shared/package.ps1'
[8.236s] INFO:colcon.colcon_core.shell:Creating package descriptor '/home/encoder/Desktop/ros2-robot/ros2_ws/install/ros2_shared/share/ros2_shared/package.dsv'
[8.242s] INFO:colcon.colcon_core.shell:Creating package script '/home/encoder/Desktop/ros2-robot/ros2_ws/install/ros2_shared/share/ros2_shared/package.sh'
[8.247s] INFO:colcon.colcon_core.shell:Creating package script '/home/encoder/Desktop/ros2-robot/ros2_ws/install/ros2_shared/share/ros2_shared/package.bash'
[8.251s] INFO:colcon.colcon_core.shell:Creating package script '/home/encoder/Desktop/ros2-robot/ros2_ws/install/ros2_shared/share/ros2_shared/package.zsh'
[8.255s] Level 1:colcon.colcon_core.environment:create_file_with_runtime_dependencies(/home/encoder/Desktop/ros2-robot/ros2_ws/install/ros2_shared/share/colcon-core/packages/ros2_shared)
[8.259s] Level 1:colcon.colcon_core.environment:create_environment_scripts_only(ros2_shared)
[8.260s] Level 1:colcon.colcon_core.environment:checking '/home/encoder/Desktop/ros2-robot/ros2_ws/install/ros2_shared' for CMake module files
[8.263s] Level 1:colcon.colcon_core.environment:checking '/home/encoder/Desktop/ros2-robot/ros2_ws/install/ros2_shared' for CMake config files
[8.265s] Level 1:colcon.colcon_core.shell:create_environment_hook('ros2_shared', 'cmake_prefix_path')
[8.267s] INFO:colcon.colcon_core.shell:Creating environment hook '/home/encoder/Desktop/ros2-robot/ros2_ws/install/ros2_shared/share/ros2_shared/hook/cmake_prefix_path.ps1'
[8.271s] INFO:colcon.colcon_core.shell:Creating environment descriptor '/home/encoder/Desktop/ros2-robot/ros2_ws/install/ros2_shared/share/ros2_shared/hook/cmake_prefix_path.dsv'
[8.275s] INFO:colcon.colcon_core.shell:Creating environment hook '/home/encoder/Desktop/ros2-robot/ros2_ws/install/ros2_shared/share/ros2_shared/hook/cmake_prefix_path.sh'
[8.279s] Level 1:colcon.colcon_core.environment:checking '/home/encoder/Desktop/ros2-robot/ros2_ws/install/ros2_shared/bin'
[8.280s] Level 1:colcon.colcon_core.environment:checking '/home/encoder/Desktop/ros2-robot/ros2_ws/install/ros2_shared/lib/pkgconfig/ros2_shared.pc'
[8.282s] Level 1:colcon.colcon_core.environment:checking '/home/encoder/Desktop/ros2-robot/ros2_ws/install/ros2_shared/lib/python3.10/site-packages'
[8.283s] Level 1:colcon.colcon_core.environment:checking '/home/encoder/Desktop/ros2-robot/ros2_ws/install/ros2_shared/bin'
[8.285s] INFO:colcon.colcon_core.shell:Creating package script '/home/encoder/Desktop/ros2-robot/ros2_ws/install/ros2_shared/share/ros2_shared/package.ps1'
[8.290s] INFO:colcon.colcon_core.shell:Creating package descriptor '/home/encoder/Desktop/ros2-robot/ros2_ws/install/ros2_shared/share/ros2_shared/package.dsv'
[8.293s] INFO:colcon.colcon_core.shell:Creating package script '/home/encoder/Desktop/ros2-robot/ros2_ws/install/ros2_shared/share/ros2_shared/package.sh'
[8.296s] INFO:colcon.colcon_core.shell:Creating package script '/home/encoder/Desktop/ros2-robot/ros2_ws/install/ros2_shared/share/ros2_shared/package.bash'
[8.298s] INFO:colcon.colcon_core.shell:Creating package script '/home/encoder/Desktop/ros2-robot/ros2_ws/install/ros2_shared/share/ros2_shared/package.zsh'
[8.300s] Level 1:colcon.colcon_core.environment:create_file_with_runtime_dependencies(/home/encoder/Desktop/ros2-robot/ros2_ws/install/ros2_shared/share/colcon-core/packages/ros2_shared)
[8.301s] Level 1:colcon.colcon_core.environment:create_environment_scripts_only(rplidar_ros)
[8.303s] Level 1:colcon.colcon_core.environment:checking '/home/encoder/Desktop/ros2-robot/ros2_ws/install/rplidar_ros' for CMake module files
[8.309s] Level 1:colcon.colcon_core.environment:checking '/home/encoder/Desktop/ros2-robot/ros2_ws/install/rplidar_ros' for CMake config files
[8.313s] DEBUG:colcon.colcon_core.event_handler.log_command:Invoked command in '/home/encoder/Desktop/ros2-robot/ros2_ws/build/rplidar_ros' returned '0': CMAKE_PREFIX_PATH=${CMAKE_PREFIX_PATH}:/home/encoder/Desktop/ros2-robot/ros2_ws/install/tello_takip:/home/encoder/Desktop/ros2-robot/ros2_ws/install/tello_ros2:/home/encoder/Desktop/ros2-robot/ros2_ws/install/serial_pubsub:/home/encoder/Desktop/ros2-robot/ros2_ws/install/ros2_opencv:/home/encoder/Desktop/ros2-robot/ros2_ws/install/multi_launch:/home/encoder/Desktop/ros2-robot/ros2_ws/install/lidar_mapper:/opt/ros/humble /usr/bin/cmake --install /home/encoder/Desktop/ros2-robot/ros2_ws/build/rplidar_ros
[8.314s] Level 1:colcon.colcon_core.shell:create_environment_hook('rplidar_ros', 'cmake_prefix_path')
[8.319s] INFO:colcon.colcon_core.shell:Creating environment hook '/home/encoder/Desktop/ros2-robot/ros2_ws/install/rplidar_ros/share/rplidar_ros/hook/cmake_prefix_path.ps1'
[8.326s] INFO:colcon.colcon_core.shell:Creating environment descriptor '/home/encoder/Desktop/ros2-robot/ros2_ws/install/rplidar_ros/share/rplidar_ros/hook/cmake_prefix_path.dsv'
[8.328s] INFO:colcon.colcon_core.shell:Creating environment hook '/home/encoder/Desktop/ros2-robot/ros2_ws/install/rplidar_ros/share/rplidar_ros/hook/cmake_prefix_path.sh'
[8.338s] Level 1:colcon.colcon_core.environment:checking '/home/encoder/Desktop/ros2-robot/ros2_ws/install/rplidar_ros/lib'
[8.341s] Level 1:colcon.colcon_core.environment:checking '/home/encoder/Desktop/ros2-robot/ros2_ws/install/rplidar_ros/bin'
[8.342s] Level 1:colcon.colcon_core.environment:checking '/home/encoder/Desktop/ros2-robot/ros2_ws/install/rplidar_ros/lib/pkgconfig/rplidar_ros.pc'
[8.343s] Level 1:colcon.colcon_core.environment:checking '/home/encoder/Desktop/ros2-robot/ros2_ws/install/rplidar_ros/lib/python3.10/site-packages'
[8.344s] Level 1:colcon.colcon_core.environment:checking '/home/encoder/Desktop/ros2-robot/ros2_ws/install/rplidar_ros/bin'
[8.352s] INFO:colcon.colcon_core.shell:Creating package script '/home/encoder/Desktop/ros2-robot/ros2_ws/install/rplidar_ros/share/rplidar_ros/package.ps1'
[8.356s] INFO:colcon.colcon_core.shell:Creating package descriptor '/home/encoder/Desktop/ros2-robot/ros2_ws/install/rplidar_ros/share/rplidar_ros/package.dsv'
[8.359s] INFO:colcon.colcon_core.shell:Creating package script '/home/encoder/Desktop/ros2-robot/ros2_ws/install/rplidar_ros/share/rplidar_ros/package.sh'
[8.361s] INFO:colcon.colcon_core.shell:Creating package script '/home/encoder/Desktop/ros2-robot/ros2_ws/install/rplidar_ros/share/rplidar_ros/package.bash'
[8.364s] INFO:colcon.colcon_core.shell:Creating package script '/home/encoder/Desktop/ros2-robot/ros2_ws/install/rplidar_ros/share/rplidar_ros/package.zsh'
[8.366s] Level 1:colcon.colcon_core.environment:create_file_with_runtime_dependencies(/home/encoder/Desktop/ros2-robot/ros2_ws/install/rplidar_ros/share/colcon-core/packages/rplidar_ros)
[8.370s] Level 1:colcon.colcon_core.environment:create_environment_scripts_only(rplidar_ros)
[8.371s] Level 1:colcon.colcon_core.environment:checking '/home/encoder/Desktop/ros2-robot/ros2_ws/install/rplidar_ros' for CMake module files
[8.374s] Level 1:colcon.colcon_core.environment:checking '/home/encoder/Desktop/ros2-robot/ros2_ws/install/rplidar_ros' for CMake config files
[8.375s] Level 1:colcon.colcon_core.shell:create_environment_hook('rplidar_ros', 'cmake_prefix_path')
[8.377s] INFO:colcon.colcon_core.shell:Creating environment hook '/home/encoder/Desktop/ros2-robot/ros2_ws/install/rplidar_ros/share/rplidar_ros/hook/cmake_prefix_path.ps1'
[8.380s] INFO:colcon.colcon_core.shell:Creating environment descriptor '/home/encoder/Desktop/ros2-robot/ros2_ws/install/rplidar_ros/share/rplidar_ros/hook/cmake_prefix_path.dsv'
[8.382s] INFO:colcon.colcon_core.shell:Creating environment hook '/home/encoder/Desktop/ros2-robot/ros2_ws/install/rplidar_ros/share/rplidar_ros/hook/cmake_prefix_path.sh'
[8.385s] Level 1:colcon.colcon_core.environment:checking '/home/encoder/Desktop/ros2-robot/ros2_ws/install/rplidar_ros/lib'
[8.386s] Level 1:colcon.colcon_core.environment:checking '/home/encoder/Desktop/ros2-robot/ros2_ws/install/rplidar_ros/bin'
[8.386s] Level 1:colcon.colcon_core.environment:checking '/home/encoder/Desktop/ros2-robot/ros2_ws/install/rplidar_ros/lib/pkgconfig/rplidar_ros.pc'
[8.387s] Level 1:colcon.colcon_core.environment:checking '/home/encoder/Desktop/ros2-robot/ros2_ws/install/rplidar_ros/lib/python3.10/site-packages'
[8.389s] Level 1:colcon.colcon_core.environment:checking '/home/encoder/Desktop/ros2-robot/ros2_ws/install/rplidar_ros/bin'
[8.391s] INFO:colcon.colcon_core.shell:Creating package script '/home/encoder/Desktop/ros2-robot/ros2_ws/install/rplidar_ros/share/rplidar_ros/package.ps1'
[8.394s] INFO:colcon.colcon_core.shell:Creating package descriptor '/home/encoder/Desktop/ros2-robot/ros2_ws/install/rplidar_ros/share/rplidar_ros/package.dsv'
[8.397s] INFO:colcon.colcon_core.shell:Creating package script '/home/encoder/Desktop/ros2-robot/ros2_ws/install/rplidar_ros/share/rplidar_ros/package.sh'
[8.401s] INFO:colcon.colcon_core.shell:Creating package script '/home/encoder/Desktop/ros2-robot/ros2_ws/install/rplidar_ros/share/rplidar_ros/package.bash'
[8.405s] INFO:colcon.colcon_core.shell:Creating package script '/home/encoder/Desktop/ros2-robot/ros2_ws/install/rplidar_ros/share/rplidar_ros/package.zsh'
[8.409s] Level 1:colcon.colcon_core.environment:create_file_with_runtime_dependencies(/home/encoder/Desktop/ros2-robot/ros2_ws/install/rplidar_ros/share/colcon-core/packages/rplidar_ros)
[9.584s] DEBUG:colcon.colcon_core.event_handler.log_command:Invoking command in '/home/encoder/Desktop/ros2-robot/ros2_ws/src/lidar_mapper': PYTHONPATH=/home/encoder/Desktop/ros2-robot/ros2_ws/build/lidar_mapper/prefix_override:/usr/lib/python3/dist-packages/colcon_core/task/python/colcon_distutils_commands:/home/encoder/Desktop/ros2-robot/ros2_ws/install/lidar_mapper/lib/python3.10/site-packages:${PYTHONPATH} /usr/bin/python3 -W ignore:setup.py install is deprecated -W ignore:easy_install command is deprecated setup.py egg_info --egg-base ../../build/lidar_mapper build --build-base /home/encoder/Desktop/ros2-robot/ros2_ws/build/lidar_mapper/build install --record /home/encoder/Desktop/ros2-robot/ros2_ws/build/lidar_mapper/install.log --single-version-externally-managed install_data
[9.977s] DEBUG:colcon.colcon_core.event_handler.log_command:Invoking command in '/home/encoder/Desktop/ros2-robot/ros2_ws/src/tello_ros2': PYTHONPATH=/home/encoder/Desktop/ros2-robot/ros2_ws/build/tello_ros2/prefix_override:/usr/lib/python3/dist-packages/colcon_core/task/python/colcon_distutils_commands:/home/encoder/Desktop/ros2-robot/ros2_ws/install/tello_ros2/lib/python3.10/site-packages:${PYTHONPATH} /usr/bin/python3 -W ignore:setup.py install is deprecated -W ignore:easy_install command is deprecated setup.py egg_info --egg-base ../../build/tello_ros2 build --build-base /home/encoder/Desktop/ros2-robot/ros2_ws/build/tello_ros2/build install --record /home/encoder/Desktop/ros2-robot/ros2_ws/build/tello_ros2/install.log --single-version-externally-managed install_data
[9.991s] DEBUG:colcon.colcon_core.event_handler.log_command:Invoking command in '/home/encoder/Desktop/ros2-robot/ros2_ws/src/tello_takip': PYTHONPATH=/home/encoder/Desktop/ros2-robot/ros2_ws/build/tello_takip/prefix_override:/usr/lib/python3/dist-packages/colcon_core/task/python/colcon_distutils_commands:/home/encoder/Desktop/ros2-robot/ros2_ws/install/tello_takip/lib/python3.10/site-packages:${PYTHONPATH} /usr/bin/python3 -W ignore:setup.py install is deprecated -W ignore:easy_install command is deprecated setup.py egg_info --egg-base ../../build/tello_takip build --build-base /home/encoder/Desktop/ros2-robot/ros2_ws/build/tello_takip/build install --record /home/encoder/Desktop/ros2-robot/ros2_ws/build/tello_takip/install.log --single-version-externally-managed install_data
[10.017s] DEBUG:colcon.colcon_core.event_handler.log_command:Invoking command in '/home/encoder/Desktop/ros2-robot/ros2_ws/src/multi_launch': PYTHONPATH=/home/encoder/Desktop/ros2-robot/ros2_ws/build/multi_launch/prefix_override:/usr/lib/python3/dist-packages/colcon_core/task/python/colcon_distutils_commands:/home/encoder/Desktop/ros2-robot/ros2_ws/install/multi_launch/lib/python3.10/site-packages:${PYTHONPATH} /usr/bin/python3 -W ignore:setup.py install is deprecated -W ignore:easy_install command is deprecated setup.py egg_info --egg-base ../../build/multi_launch build --build-base /home/encoder/Desktop/ros2-robot/ros2_ws/build/multi_launch/build install --record /home/encoder/Desktop/ros2-robot/ros2_ws/build/multi_launch/install.log --single-version-externally-managed install_data
[10.032s] DEBUG:colcon.colcon_core.event_handler.log_command:Invoking command in '/home/encoder/Desktop/ros2-robot/ros2_ws/src/serial_pubsub': PYTHONPATH=/home/encoder/Desktop/ros2-robot/ros2_ws/build/serial_pubsub/prefix_override:/usr/lib/python3/dist-packages/colcon_core/task/python/colcon_distutils_commands:/home/encoder/Desktop/ros2-robot/ros2_ws/install/serial_pubsub/lib/python3.10/site-packages:${PYTHONPATH} /usr/bin/python3 -W ignore:setup.py install is deprecated -W ignore:easy_install command is deprecated setup.py egg_info --egg-base ../../build/serial_pubsub build --build-base /home/encoder/Desktop/ros2-robot/ros2_ws/build/serial_pubsub/build install --record /home/encoder/Desktop/ros2-robot/ros2_ws/build/serial_pubsub/install.log --single-version-externally-managed install_data
[10.291s] DEBUG:colcon.colcon_core.event_handler.log_command:Invoking command in '/home/encoder/Desktop/ros2-robot/ros2_ws/src/ros2_opencv': PYTHONPATH=/home/encoder/Desktop/ros2-robot/ros2_ws/build/ros2_opencv/prefix_override:/usr/lib/python3/dist-packages/colcon_core/task/python/colcon_distutils_commands:/home/encoder/Desktop/ros2-robot/ros2_ws/install/ros2_opencv/lib/python3.10/site-packages:${PYTHONPATH} /usr/bin/python3 -W ignore:setup.py install is deprecated -W ignore:easy_install command is deprecated setup.py egg_info --egg-base ../../build/ros2_opencv build --build-base /home/encoder/Desktop/ros2-robot/ros2_ws/build/ros2_opencv/build install --record /home/encoder/Desktop/ros2-robot/ros2_ws/build/ros2_opencv/install.log --single-version-externally-managed install_data
[11.352s] Level 1:colcon.colcon_core.environment:checking '/home/encoder/Desktop/ros2-robot/ros2_ws/install/lidar_mapper' for CMake module files
[11.357s] Level 1:colcon.colcon_core.environment:checking '/home/encoder/Desktop/ros2-robot/ros2_ws/install/lidar_mapper' for CMake config files
[11.359s] DEBUG:colcon.colcon_core.event_handler.log_command:Invoked command in '/home/encoder/Desktop/ros2-robot/ros2_ws/src/lidar_mapper' returned '0': PYTHONPATH=/home/encoder/Desktop/ros2-robot/ros2_ws/build/lidar_mapper/prefix_override:/usr/lib/python3/dist-packages/colcon_core/task/python/colcon_distutils_commands:/home/encoder/Desktop/ros2-robot/ros2_ws/install/lidar_mapper/lib/python3.10/site-packages:${PYTHONPATH} /usr/bin/python3 -W ignore:setup.py install is deprecated -W ignore:easy_install command is deprecated setup.py egg_info --egg-base ../../build/lidar_mapper build --build-base /home/encoder/Desktop/ros2-robot/ros2_ws/build/lidar_mapper/build install --record /home/encoder/Desktop/ros2-robot/ros2_ws/build/lidar_mapper/install.log --single-version-externally-managed install_data
[11.362s] Level 1:colcon.colcon_core.environment:checking '/home/encoder/Desktop/ros2-robot/ros2_ws/install/lidar_mapper/lib'
[11.362s] Level 1:colcon.colcon_core.environment:checking '/home/encoder/Desktop/ros2-robot/ros2_ws/install/lidar_mapper/bin'
[11.362s] Level 1:colcon.colcon_core.environment:checking '/home/encoder/Desktop/ros2-robot/ros2_ws/install/lidar_mapper/lib/pkgconfig/lidar_mapper.pc'
[11.363s] Level 1:colcon.colcon_core.environment:checking '/home/encoder/Desktop/ros2-robot/ros2_ws/install/lidar_mapper/lib/python3.10/site-packages'
[11.363s] Level 1:colcon.colcon_core.shell:create_environment_hook('lidar_mapper', 'pythonpath')
[11.364s] INFO:colcon.colcon_core.shell:Creating environment hook '/home/encoder/Desktop/ros2-robot/ros2_ws/install/lidar_mapper/share/lidar_mapper/hook/pythonpath.ps1'
[11.368s] INFO:colcon.colcon_core.shell:Creating environment descriptor '/home/encoder/Desktop/ros2-robot/ros2_ws/install/lidar_mapper/share/lidar_mapper/hook/pythonpath.dsv'
[11.370s] INFO:colcon.colcon_core.shell:Creating environment hook '/home/encoder/Desktop/ros2-robot/ros2_ws/install/lidar_mapper/share/lidar_mapper/hook/pythonpath.sh'
[11.374s] Level 1:colcon.colcon_core.environment:checking '/home/encoder/Desktop/ros2-robot/ros2_ws/install/lidar_mapper/bin'
[11.374s] Level 1:colcon.colcon_core.environment:create_environment_scripts_only(lidar_mapper)
[11.376s] INFO:colcon.colcon_core.shell:Creating package script '/home/encoder/Desktop/ros2-robot/ros2_ws/install/lidar_mapper/share/lidar_mapper/package.ps1'
[11.380s] INFO:colcon.colcon_core.shell:Creating package descriptor '/home/encoder/Desktop/ros2-robot/ros2_ws/install/lidar_mapper/share/lidar_mapper/package.dsv'
[11.392s] INFO:colcon.colcon_core.shell:Creating package script '/home/encoder/Desktop/ros2-robot/ros2_ws/install/lidar_mapper/share/lidar_mapper/package.sh'
[11.399s] INFO:colcon.colcon_core.shell:Creating package script '/home/encoder/Desktop/ros2-robot/ros2_ws/install/lidar_mapper/share/lidar_mapper/package.bash'
[11.406s] INFO:colcon.colcon_core.shell:Creating package script '/home/encoder/Desktop/ros2-robot/ros2_ws/install/lidar_mapper/share/lidar_mapper/package.zsh'
[11.410s] Level 1:colcon.colcon_core.environment:create_file_with_runtime_dependencies(/home/encoder/Desktop/ros2-robot/ros2_ws/install/lidar_mapper/share/colcon-core/packages/lidar_mapper)
[11.429s] DEBUG:colcon.colcon_core.event_handler.log_command:Invoked command in '/home/encoder/Desktop/ros2-robot/ros2_ws/src/multi_launch' returned '1': PYTHONPATH=/home/encoder/Desktop/ros2-robot/ros2_ws/build/multi_launch/prefix_override:/usr/lib/python3/dist-packages/colcon_core/task/python/colcon_distutils_commands:/home/encoder/Desktop/ros2-robot/ros2_ws/install/multi_launch/lib/python3.10/site-packages:${PYTHONPATH} /usr/bin/python3 -W ignore:setup.py install is deprecated -W ignore:easy_install command is deprecated setup.py egg_info --egg-base ../../build/multi_launch build --build-base /home/encoder/Desktop/ros2-robot/ros2_ws/build/multi_launch/build install --record /home/encoder/Desktop/ros2-robot/ros2_ws/build/multi_launch/install.log --single-version-externally-managed install_data
[12.078s] DEBUG:colcon.colcon_parallel_executor.executor.parallel:closing loop
[12.080s] DEBUG:colcon.colcon_parallel_executor.executor.parallel:loop closed
[12.080s] DEBUG:colcon.colcon_parallel_executor.executor.parallel:run_until_complete finished with '1'
[12.080s] DEBUG:colcon.colcon_core.event_reactor:joining thread
[12.108s] INFO:colcon.colcon_core.plugin_system:Skipping extension 'colcon_notification.desktop_notification.terminal_notifier': Not used on non-Darwin systems
[12.109s] INFO:colcon.colcon_core.plugin_system:Skipping extension 'colcon_notification.desktop_notification.win32': Not used on non-Windows systems
[12.109s] INFO:colcon.colcon_notification.desktop_notification:Sending desktop notification using 'notify2'
[12.174s] DEBUG:colcon.colcon_core.event_reactor:joined thread
[12.176s] INFO:colcon.colcon_core.shell:Creating prefix script '/home/encoder/Desktop/ros2-robot/ros2_ws/install/local_setup.ps1'
[12.180s] INFO:colcon.colcon_core.shell:Creating prefix util module '/home/encoder/Desktop/ros2-robot/ros2_ws/install/_local_setup_util_ps1.py'
[12.188s] INFO:colcon.colcon_core.shell:Creating prefix chain script '/home/encoder/Desktop/ros2-robot/ros2_ws/install/setup.ps1'
[12.197s] INFO:colcon.colcon_core.shell:Creating prefix script '/home/encoder/Desktop/ros2-robot/ros2_ws/install/local_setup.sh'
[12.200s] INFO:colcon.colcon_core.shell:Creating prefix util module '/home/encoder/Desktop/ros2-robot/ros2_ws/install/_local_setup_util_sh.py'
[12.203s] INFO:colcon.colcon_core.shell:Creating prefix chain script '/home/encoder/Desktop/ros2-robot/ros2_ws/install/setup.sh'
[12.211s] INFO:colcon.colcon_core.shell:Creating prefix script '/home/encoder/Desktop/ros2-robot/ros2_ws/install/local_setup.bash'
[12.214s] INFO:colcon.colcon_core.shell:Creating prefix chain script '/home/encoder/Desktop/ros2-robot/ros2_ws/install/setup.bash'
[12.221s] INFO:colcon.colcon_core.shell:Creating prefix script '/home/encoder/Desktop/ros2-robot/ros2_ws/install/local_setup.zsh'
[12.224s] INFO:colcon.colcon_core.shell:Creating prefix chain script '/home/encoder/Desktop/ros2-robot/ros2_ws/install/setup.zsh'
