[7.876s] Invoking command in '/home/encoder/Desktop/ros2-robot/ros2_ws/src/tello_takip': PYTHONPATH=/home/encoder/Desktop/ros2-robot/ros2_ws/build/tello_takip/prefix_override:/usr/lib/python3/dist-packages/colcon_core/task/python/colcon_distutils_commands:/home/encoder/Desktop/ros2-robot/ros2_ws/install/tello_takip/lib/python3.10/site-packages:${PYTHONPATH} /usr/bin/python3 -W ignore:setup.py install is deprecated -W ignore:easy_install command is deprecated setup.py egg_info --egg-base ../../build/tello_takip build --build-base /home/encoder/Desktop/ros2-robot/ros2_ws/build/tello_takip/build install --record /home/encoder/Desktop/ros2-robot/ros2_ws/build/tello_takip/install.log --single-version-externally-managed install_data
[9.221s] running egg_info
[9.222s] writing ../../build/tello_takip/tello_takip.egg-info/PKG-INFO
[9.222s] writing dependency_links to ../../build/tello_takip/tello_takip.egg-info/dependency_links.txt
[9.223s] writing entry points to ../../build/tello_takip/tello_takip.egg-info/entry_points.txt
[9.223s] writing requirements to ../../build/tello_takip/tello_takip.egg-info/requires.txt
[9.224s] writing top-level names to ../../build/tello_takip/tello_takip.egg-info/top_level.txt
[9.228s] reading manifest file '../../build/tello_takip/tello_takip.egg-info/SOURCES.txt'
[9.232s] writing manifest file '../../build/tello_takip/tello_takip.egg-info/SOURCES.txt'
[9.233s] running build
[9.233s] running build_py
[9.235s] running install
[9.236s] running install_lib
[9.243s] running install_data
[9.245s] running install_egg_info
[9.254s] removing '/home/encoder/Desktop/ros2-robot/ros2_ws/install/tello_takip/lib/python3.10/site-packages/tello_takip-0.0.1-py3.10.egg-info' (and everything under it)
[9.254s] Copying ../../build/tello_takip/tello_takip.egg-info to /home/encoder/Desktop/ros2-robot/ros2_ws/install/tello_takip/lib/python3.10/site-packages/tello_takip-0.0.1-py3.10.egg-info
[9.259s] running install_scripts
[9.352s] Installing tello_nesne_tespit script to /home/encoder/Desktop/ros2-robot/ros2_ws/install/tello_takip/lib/tello_takip
[9.353s] writing list of installed files to '/home/encoder/Desktop/ros2-robot/ros2_ws/build/tello_takip/install.log'
[9.454s] Invoked command in '/home/encoder/Desktop/ros2-robot/ros2_ws/src/tello_takip' returned '0': PYTHONPATH=/home/encoder/Desktop/ros2-robot/ros2_ws/build/tello_takip/prefix_override:/usr/lib/python3/dist-packages/colcon_core/task/python/colcon_distutils_commands:/home/encoder/Desktop/ros2-robot/ros2_ws/install/tello_takip/lib/python3.10/site-packages:${PYTHONPATH} /usr/bin/python3 -W ignore:setup.py install is deprecated -W ignore:easy_install command is deprecated setup.py egg_info --egg-base ../../build/tello_takip build --build-base /home/encoder/Desktop/ros2-robot/ros2_ws/build/tello_takip/build install --record /home/encoder/Desktop/ros2-robot/ros2_ws/build/tello_takip/install.log --single-version-externally-managed install_data
