[5.100s] Invoking command in '/home/encoder/Desktop/ros2-robot/ros2_ws/src/lidar_mapper': PYTHONPATH=/home/encoder/Desktop/ros2-robot/build/lidar_mapper/prefix_override:/usr/lib/python3/dist-packages/colcon_core/task/python/colcon_distutils_commands:/home/encoder/Desktop/ros2-robot/install/lidar_mapper/lib/python3.10/site-packages:${PYTHONPATH} /usr/bin/python3 -W ignore:setup.py install is deprecated -W ignore:easy_install command is deprecated setup.py egg_info --egg-base ../../../build/lidar_mapper build --build-base /home/encoder/Desktop/ros2-robot/build/lidar_mapper/build install --record /home/encoder/Desktop/ros2-robot/build/lidar_mapper/install.log --single-version-externally-managed install_data
[6.386s] running egg_info
[6.386s] creating ../../../build/lidar_mapper/lidar_mapper.egg-info
[6.386s] writing ../../../build/lidar_mapper/lidar_mapper.egg-info/PKG-INFO
[6.399s] writing dependency_links to ../../../build/lidar_mapper/lidar_mapper.egg-info/dependency_links.txt
[6.400s] writing entry points to ../../../build/lidar_mapper/lidar_mapper.egg-info/entry_points.txt
[6.400s] writing requirements to ../../../build/lidar_mapper/lidar_mapper.egg-info/requires.txt
[6.400s] writing top-level names to ../../../build/lidar_mapper/lidar_mapper.egg-info/top_level.txt
[6.401s] writing manifest file '../../../build/lidar_mapper/lidar_mapper.egg-info/SOURCES.txt'
[6.402s] reading manifest file '../../../build/lidar_mapper/lidar_mapper.egg-info/SOURCES.txt'
[6.403s] writing manifest file '../../../build/lidar_mapper/lidar_mapper.egg-info/SOURCES.txt'
[6.403s] running build
[6.404s] running build_py
[6.404s] creating /home/encoder/Desktop/ros2-robot/build/lidar_mapper/build
[6.404s] creating /home/encoder/Desktop/ros2-robot/build/lidar_mapper/build/lib
[6.404s] creating /home/encoder/Desktop/ros2-robot/build/lidar_mapper/build/lib/lidar_mapper
[6.405s] copying lidar_mapper/lidar_mapper.py -> /home/encoder/Desktop/ros2-robot/build/lidar_mapper/build/lib/lidar_mapper
[6.406s] copying lidar_mapper/__init__.py -> /home/encoder/Desktop/ros2-robot/build/lidar_mapper/build/lib/lidar_mapper
[6.406s] running install
[6.406s] running install_lib
[6.412s] creating /home/encoder/Desktop/ros2-robot/install/lidar_mapper/lib/python3.10/site-packages/lidar_mapper
[6.412s] copying /home/encoder/Desktop/ros2-robot/build/lidar_mapper/build/lib/lidar_mapper/lidar_mapper.py -> /home/encoder/Desktop/ros2-robot/install/lidar_mapper/lib/python3.10/site-packages/lidar_mapper
[6.417s] copying /home/encoder/Desktop/ros2-robot/build/lidar_mapper/build/lib/lidar_mapper/__init__.py -> /home/encoder/Desktop/ros2-robot/install/lidar_mapper/lib/python3.10/site-packages/lidar_mapper
[6.418s] byte-compiling /home/encoder/Desktop/ros2-robot/install/lidar_mapper/lib/python3.10/site-packages/lidar_mapper/lidar_mapper.py to lidar_mapper.cpython-310.pyc
[6.423s] byte-compiling /home/encoder/Desktop/ros2-robot/install/lidar_mapper/lib/python3.10/site-packages/lidar_mapper/__init__.py to __init__.cpython-310.pyc
[6.424s] running install_data
[6.424s] creating /home/encoder/Desktop/ros2-robot/install/lidar_mapper/share/ament_index
[6.425s] creating /home/encoder/Desktop/ros2-robot/install/lidar_mapper/share/ament_index/resource_index
[6.425s] creating /home/encoder/Desktop/ros2-robot/install/lidar_mapper/share/ament_index/resource_index/packages
[6.426s] copying resource/lidar_mapper -> /home/encoder/Desktop/ros2-robot/install/lidar_mapper/share/ament_index/resource_index/packages
[6.428s] copying package.xml -> /home/encoder/Desktop/ros2-robot/install/lidar_mapper/share/lidar_mapper
[6.433s] running install_egg_info
[6.435s] Copying ../../../build/lidar_mapper/lidar_mapper.egg-info to /home/encoder/Desktop/ros2-robot/install/lidar_mapper/lib/python3.10/site-packages/lidar_mapper-0.0.0-py3.10.egg-info
[6.443s] running install_scripts
[6.526s] writing list of installed files to '/home/encoder/Desktop/ros2-robot/build/lidar_mapper/install.log'
[6.654s] Invoked command in '/home/encoder/Desktop/ros2-robot/ros2_ws/src/lidar_mapper' returned '0': PYTHONPATH=/home/encoder/Desktop/ros2-robot/build/lidar_mapper/prefix_override:/usr/lib/python3/dist-packages/colcon_core/task/python/colcon_distutils_commands:/home/encoder/Desktop/ros2-robot/install/lidar_mapper/lib/python3.10/site-packages:${PYTHONPATH} /usr/bin/python3 -W ignore:setup.py install is deprecated -W ignore:easy_install command is deprecated setup.py egg_info --egg-base ../../../build/lidar_mapper build --build-base /home/encoder/Desktop/ros2-robot/build/lidar_mapper/build install --record /home/encoder/Desktop/ros2-robot/build/lidar_mapper/install.log --single-version-externally-managed install_data
