[0.147s] DEBUG:colcon:Command line arguments: ['/usr/bin/colcon', 'build']
[0.147s] DEBUG:colcon:Parsed command line arguments: Namespace(log_base=None, log_level=None, verb_name='build', build_base='build', install_base='install', merge_install=False, symlink_install=False, test_result_base=None, continue_on_error=False, executor='parallel', parallel_workers=4, event_handlers=None, ignore_user_meta=False, metas=['./colcon.meta'], base_paths=['.'], packages_ignore=None, packages_ignore_regex=None, paths=None, packages_up_to=None, packages_up_to_regex=None, packages_above=None, packages_above_and_dependencies=None, packages_above_depth=None, packages_select_by_dep=None, packages_skip_by_dep=None, packages_skip_up_to=None, packages_select_build_failed=False, packages_skip_build_finished=False, packages_select_test_failures=False, packages_skip_test_passed=False, packages_select=None, packages_skip=None, packages_select_regex=None, packages_skip_regex=None, packages_start=None, packages_end=None, allow_overriding=[], cmake_args=None, cmake_target=None, cmake_target_skip_unavailable=False, cmake_clean_cache=False, cmake_clean_first=False, cmake_force_configure=False, ament_cmake_args=None, catkin_cmake_args=None, catkin_skip_building_tests=False, mixin_files=None, mixin=None, verb_parser=<colcon_mixin.mixin.mixin_argument.MixinArgumentDecorator object at 0xffff8fb04c80>, verb_extension=<colcon_core.verb.build.BuildVerb object at 0xffff8fcb8aa0>, main=<bound method BuildVerb.main of <colcon_core.verb.build.BuildVerb object at 0xffff8fcb8aa0>>, mixin_verb=('build',))
[0.203s] Level 1:colcon.colcon_core.package_discovery:discover_packages(colcon_meta) check parameters
[0.203s] Level 1:colcon.colcon_core.package_discovery:discover_packages(recursive) check parameters
[0.203s] Level 1:colcon.colcon_core.package_discovery:discover_packages(ignore) check parameters
[0.203s] Level 1:colcon.colcon_core.package_discovery:discover_packages(path) check parameters
[0.203s] Level 1:colcon.colcon_core.package_discovery:discover_packages(colcon_meta) discover
[0.204s] Level 1:colcon.colcon_core.package_discovery:discover_packages(recursive) discover
[0.204s] INFO:colcon.colcon_core.package_discovery:Crawling recursively for packages in '/home/badem-robot/badem/ros2_ws'
[0.204s] Level 1:colcon.colcon_core.package_identification:_identify(.) by extensions ['ignore', 'ignore_ament_install']
[0.204s] Level 1:colcon.colcon_core.package_identification:_identify(.) by extension 'ignore'
[0.204s] Level 1:colcon.colcon_core.package_identification:_identify(.) by extension 'ignore_ament_install'
[0.204s] Level 1:colcon.colcon_core.package_identification:_identify(.) by extensions ['colcon_pkg']
[0.204s] Level 1:colcon.colcon_core.package_identification:_identify(.) by extension 'colcon_pkg'
[0.204s] Level 1:colcon.colcon_core.package_identification:_identify(.) by extensions ['colcon_meta']
[0.204s] Level 1:colcon.colcon_core.package_identification:_identify(.) by extension 'colcon_meta'
[0.204s] Level 1:colcon.colcon_core.package_identification:_identify(.) by extensions ['ros']
[0.204s] Level 1:colcon.colcon_core.package_identification:_identify(.) by extension 'ros'
[0.242s] Level 1:colcon.colcon_core.package_identification:_identify(.) by extensions ['cmake', 'python']
[0.242s] Level 1:colcon.colcon_core.package_identification:_identify(.) by extension 'cmake'
[0.243s] Level 1:colcon.colcon_core.package_identification:_identify(.) by extension 'python'
[0.243s] Level 1:colcon.colcon_core.package_identification:_identify(.) by extensions ['python_setup_py']
[0.243s] Level 1:colcon.colcon_core.package_identification:_identify(.) by extension 'python_setup_py'
[0.243s] Level 1:colcon.colcon_core.package_identification:_identify(build) by extensions ['ignore', 'ignore_ament_install']
[0.243s] Level 1:colcon.colcon_core.package_identification:_identify(build) by extension 'ignore'
[0.243s] Level 1:colcon.colcon_core.package_identification:_identify(build) ignored
[0.243s] Level 1:colcon.colcon_core.package_identification:_identify(install) by extensions ['ignore', 'ignore_ament_install']
[0.243s] Level 1:colcon.colcon_core.package_identification:_identify(install) by extension 'ignore'
[0.243s] Level 1:colcon.colcon_core.package_identification:_identify(install) ignored
[0.243s] Level 1:colcon.colcon_core.package_identification:_identify(log) by extensions ['ignore', 'ignore_ament_install']
[0.244s] Level 1:colcon.colcon_core.package_identification:_identify(log) by extension 'ignore'
[0.244s] Level 1:colcon.colcon_core.package_identification:_identify(log) ignored
[0.244s] Level 1:colcon.colcon_core.package_identification:_identify(src) by extensions ['ignore', 'ignore_ament_install']
[0.244s] Level 1:colcon.colcon_core.package_identification:_identify(src) by extension 'ignore'
[0.244s] Level 1:colcon.colcon_core.package_identification:_identify(src) by extension 'ignore_ament_install'
[0.244s] Level 1:colcon.colcon_core.package_identification:_identify(src) by extensions ['colcon_pkg']
[0.244s] Level 1:colcon.colcon_core.package_identification:_identify(src) by extension 'colcon_pkg'
[0.244s] Level 1:colcon.colcon_core.package_identification:_identify(src) by extensions ['colcon_meta']
[0.244s] Level 1:colcon.colcon_core.package_identification:_identify(src) by extension 'colcon_meta'
[0.244s] Level 1:colcon.colcon_core.package_identification:_identify(src) by extensions ['ros']
[0.244s] Level 1:colcon.colcon_core.package_identification:_identify(src) by extension 'ros'
[0.244s] Level 1:colcon.colcon_core.package_identification:_identify(src) by extensions ['cmake', 'python']
[0.244s] Level 1:colcon.colcon_core.package_identification:_identify(src) by extension 'cmake'
[0.244s] Level 1:colcon.colcon_core.package_identification:_identify(src) by extension 'python'
[0.244s] Level 1:colcon.colcon_core.package_identification:_identify(src) by extensions ['python_setup_py']
[0.244s] Level 1:colcon.colcon_core.package_identification:_identify(src) by extension 'python_setup_py'
[0.244s] Level 1:colcon.colcon_core.package_identification:_identify(src/ros2_opencv) by extensions ['ignore', 'ignore_ament_install']
[0.244s] Level 1:colcon.colcon_core.package_identification:_identify(src/ros2_opencv) by extension 'ignore'
[0.245s] Level 1:colcon.colcon_core.package_identification:_identify(src/ros2_opencv) by extension 'ignore_ament_install'
[0.245s] Level 1:colcon.colcon_core.package_identification:_identify(src/ros2_opencv) by extensions ['colcon_pkg']
[0.245s] Level 1:colcon.colcon_core.package_identification:_identify(src/ros2_opencv) by extension 'colcon_pkg'
[0.245s] Level 1:colcon.colcon_core.package_identification:_identify(src/ros2_opencv) by extensions ['colcon_meta']
[0.245s] Level 1:colcon.colcon_core.package_identification:_identify(src/ros2_opencv) by extension 'colcon_meta'
[0.245s] Level 1:colcon.colcon_core.package_identification:_identify(src/ros2_opencv) by extensions ['ros']
[0.245s] Level 1:colcon.colcon_core.package_identification:_identify(src/ros2_opencv) by extension 'ros'
[0.248s] DEBUG:colcon.colcon_core.package_identification:Package 'src/ros2_opencv' with type 'ros.ament_python' and name 'ros2_opencv'
[0.248s] Level 1:colcon.colcon_core.package_identification:_identify(src/rplidar_ros) by extensions ['ignore', 'ignore_ament_install']
[0.248s] Level 1:colcon.colcon_core.package_identification:_identify(src/rplidar_ros) by extension 'ignore'
[0.249s] Level 1:colcon.colcon_core.package_identification:_identify(src/rplidar_ros) by extension 'ignore_ament_install'
[0.249s] Level 1:colcon.colcon_core.package_identification:_identify(src/rplidar_ros) by extensions ['colcon_pkg']
[0.249s] Level 1:colcon.colcon_core.package_identification:_identify(src/rplidar_ros) by extension 'colcon_pkg'
[0.249s] Level 1:colcon.colcon_core.package_identification:_identify(src/rplidar_ros) by extensions ['colcon_meta']
[0.249s] Level 1:colcon.colcon_core.package_identification:_identify(src/rplidar_ros) by extension 'colcon_meta'
[0.249s] Level 1:colcon.colcon_core.package_identification:_identify(src/rplidar_ros) by extensions ['ros']
[0.249s] Level 1:colcon.colcon_core.package_identification:_identify(src/rplidar_ros) by extension 'ros'
[0.249s] Level 1:colcon.colcon_core.package_identification:_identify(src/rplidar_ros) by extensions ['cmake', 'python']
[0.249s] Level 1:colcon.colcon_core.package_identification:_identify(src/rplidar_ros) by extension 'cmake'
[0.249s] Level 1:colcon.colcon_core.package_identification:_identify(src/rplidar_ros) by extension 'python'
[0.249s] Level 1:colcon.colcon_core.package_identification:_identify(src/rplidar_ros) by extensions ['python_setup_py']
[0.249s] Level 1:colcon.colcon_core.package_identification:_identify(src/rplidar_ros) by extension 'python_setup_py'
[0.249s] Level 1:colcon.colcon_core.package_identification:_identify(src/serial_pubsub) by extensions ['ignore', 'ignore_ament_install']
[0.249s] Level 1:colcon.colcon_core.package_identification:_identify(src/serial_pubsub) by extension 'ignore'
[0.249s] Level 1:colcon.colcon_core.package_identification:_identify(src/serial_pubsub) by extension 'ignore_ament_install'
[0.249s] Level 1:colcon.colcon_core.package_identification:_identify(src/serial_pubsub) by extensions ['colcon_pkg']
[0.249s] Level 1:colcon.colcon_core.package_identification:_identify(src/serial_pubsub) by extension 'colcon_pkg'
[0.249s] Level 1:colcon.colcon_core.package_identification:_identify(src/serial_pubsub) by extensions ['colcon_meta']
[0.249s] Level 1:colcon.colcon_core.package_identification:_identify(src/serial_pubsub) by extension 'colcon_meta'
[0.249s] Level 1:colcon.colcon_core.package_identification:_identify(src/serial_pubsub) by extensions ['ros']
[0.249s] Level 1:colcon.colcon_core.package_identification:_identify(src/serial_pubsub) by extension 'ros'
[0.250s] DEBUG:colcon.colcon_core.package_identification:Package 'src/serial_pubsub' with type 'ros.ament_python' and name 'serial_pubsub'
[0.250s] Level 1:colcon.colcon_core.package_discovery:discover_packages(recursive) using defaults
[0.250s] Level 1:colcon.colcon_core.package_discovery:discover_packages(ignore) discover
[0.250s] Level 1:colcon.colcon_core.package_discovery:discover_packages(ignore) using defaults
[0.250s] Level 1:colcon.colcon_core.package_discovery:discover_packages(path) discover
[0.250s] Level 1:colcon.colcon_core.package_discovery:discover_packages(path) using defaults
[0.274s] Level 1:colcon.colcon_core.package_discovery:discover_packages(prefix_path) check parameters
[0.275s] Level 1:colcon.colcon_core.package_discovery:discover_packages(prefix_path) discover
[0.276s] WARNING:colcon.colcon_ros.prefix_path.ament:The path '/home/badem-robot/ros2_ws/install/keyboard_input' in the environment variable AMENT_PREFIX_PATH doesn't exist
[0.277s] DEBUG:colcon.colcon_installed_package_information.package_discovery:Found 2 installed packages in /home/badem-robot/ros2_ws/install
[0.279s] DEBUG:colcon.colcon_installed_package_information.package_discovery:Found 284 installed packages in /opt/ros/rolling
[0.280s] Level 1:colcon.colcon_core.package_discovery:discover_packages(prefix_path) using defaults
[0.339s] Level 5:colcon.colcon_core.verb:set package 'ros2_opencv' build argument 'cmake_args' from command line to 'None'
[0.339s] Level 5:colcon.colcon_core.verb:set package 'ros2_opencv' build argument 'cmake_target' from command line to 'None'
[0.339s] Level 5:colcon.colcon_core.verb:set package 'ros2_opencv' build argument 'cmake_target_skip_unavailable' from command line to 'False'
[0.339s] Level 5:colcon.colcon_core.verb:set package 'ros2_opencv' build argument 'cmake_clean_cache' from command line to 'False'
[0.339s] Level 5:colcon.colcon_core.verb:set package 'ros2_opencv' build argument 'cmake_clean_first' from command line to 'False'
[0.339s] Level 5:colcon.colcon_core.verb:set package 'ros2_opencv' build argument 'cmake_force_configure' from command line to 'False'
[0.339s] Level 5:colcon.colcon_core.verb:set package 'ros2_opencv' build argument 'ament_cmake_args' from command line to 'None'
[0.339s] Level 5:colcon.colcon_core.verb:set package 'ros2_opencv' build argument 'catkin_cmake_args' from command line to 'None'
[0.339s] Level 5:colcon.colcon_core.verb:set package 'ros2_opencv' build argument 'catkin_skip_building_tests' from command line to 'False'
[0.339s] DEBUG:colcon.colcon_core.verb:Building package 'ros2_opencv' with the following arguments: {'ament_cmake_args': None, 'build_base': '/home/badem-robot/badem/ros2_ws/build/ros2_opencv', 'catkin_cmake_args': None, 'catkin_skip_building_tests': False, 'cmake_args': None, 'cmake_clean_cache': False, 'cmake_clean_first': False, 'cmake_force_configure': False, 'cmake_target': None, 'cmake_target_skip_unavailable': False, 'install_base': '/home/badem-robot/badem/ros2_ws/install/ros2_opencv', 'merge_install': False, 'path': '/home/badem-robot/badem/ros2_ws/src/ros2_opencv', 'symlink_install': False, 'test_result_base': None}
[0.340s] Level 5:colcon.colcon_core.verb:set package 'serial_pubsub' build argument 'cmake_args' from command line to 'None'
[0.340s] Level 5:colcon.colcon_core.verb:set package 'serial_pubsub' build argument 'cmake_target' from command line to 'None'
[0.340s] Level 5:colcon.colcon_core.verb:set package 'serial_pubsub' build argument 'cmake_target_skip_unavailable' from command line to 'False'
[0.340s] Level 5:colcon.colcon_core.verb:set package 'serial_pubsub' build argument 'cmake_clean_cache' from command line to 'False'
[0.340s] Level 5:colcon.colcon_core.verb:set package 'serial_pubsub' build argument 'cmake_clean_first' from command line to 'False'
[0.340s] Level 5:colcon.colcon_core.verb:set package 'serial_pubsub' build argument 'cmake_force_configure' from command line to 'False'
[0.340s] Level 5:colcon.colcon_core.verb:set package 'serial_pubsub' build argument 'ament_cmake_args' from command line to 'None'
[0.340s] Level 5:colcon.colcon_core.verb:set package 'serial_pubsub' build argument 'catkin_cmake_args' from command line to 'None'
[0.340s] Level 5:colcon.colcon_core.verb:set package 'serial_pubsub' build argument 'catkin_skip_building_tests' from command line to 'False'
[0.340s] DEBUG:colcon.colcon_core.verb:Building package 'serial_pubsub' with the following arguments: {'ament_cmake_args': None, 'build_base': '/home/badem-robot/badem/ros2_ws/build/serial_pubsub', 'catkin_cmake_args': None, 'catkin_skip_building_tests': False, 'cmake_args': None, 'cmake_clean_cache': False, 'cmake_clean_first': False, 'cmake_force_configure': False, 'cmake_target': None, 'cmake_target_skip_unavailable': False, 'install_base': '/home/badem-robot/badem/ros2_ws/install/serial_pubsub', 'merge_install': False, 'path': '/home/badem-robot/badem/ros2_ws/src/serial_pubsub', 'symlink_install': False, 'test_result_base': None}
[0.340s] INFO:colcon.colcon_core.executor:Executing jobs using 'parallel' executor
[0.341s] DEBUG:colcon.colcon_parallel_executor.executor.parallel:run_until_complete
[0.342s] INFO:colcon.colcon_ros.task.ament_python.build:Building ROS package in '/home/badem-robot/badem/ros2_ws/src/ros2_opencv' with build type 'ament_python'
[0.342s] Level 1:colcon.colcon_core.shell:create_environment_hook('ros2_opencv', 'ament_prefix_path')
[0.344s] INFO:colcon.colcon_core.plugin_system:Skipping extension 'colcon_core.shell.bat': Not used on non-Windows systems
[0.345s] INFO:colcon.colcon_core.shell:Creating environment hook '/home/badem-robot/badem/ros2_ws/install/ros2_opencv/share/ros2_opencv/hook/ament_prefix_path.ps1'
[0.345s] INFO:colcon.colcon_core.shell:Creating environment descriptor '/home/badem-robot/badem/ros2_ws/install/ros2_opencv/share/ros2_opencv/hook/ament_prefix_path.dsv'
[0.348s] INFO:colcon.colcon_core.shell:Creating environment hook '/home/badem-robot/badem/ros2_ws/install/ros2_opencv/share/ros2_opencv/hook/ament_prefix_path.sh'
[0.349s] INFO:colcon.colcon_core.shell:Skip shell extension 'powershell' for command environment: Not usable outside of PowerShell
[0.349s] DEBUG:colcon.colcon_core.shell:Skip shell extension 'dsv' for command environment
[0.353s] INFO:colcon.colcon_ros.task.ament_python.build:Building ROS package in '/home/badem-robot/badem/ros2_ws/src/serial_pubsub' with build type 'ament_python'
[0.353s] Level 1:colcon.colcon_core.shell:create_environment_hook('serial_pubsub', 'ament_prefix_path')
[0.354s] INFO:colcon.colcon_core.shell:Creating environment hook '/home/badem-robot/badem/ros2_ws/install/serial_pubsub/share/serial_pubsub/hook/ament_prefix_path.ps1'
[0.355s] INFO:colcon.colcon_core.shell:Creating environment descriptor '/home/badem-robot/badem/ros2_ws/install/serial_pubsub/share/serial_pubsub/hook/ament_prefix_path.dsv'
[0.355s] INFO:colcon.colcon_core.shell:Creating environment hook '/home/badem-robot/badem/ros2_ws/install/serial_pubsub/share/serial_pubsub/hook/ament_prefix_path.sh'
[0.356s] INFO:colcon.colcon_core.shell:Skip shell extension 'powershell' for command environment: Not usable outside of PowerShell
[0.356s] DEBUG:colcon.colcon_core.shell:Skip shell extension 'dsv' for command environment
[0.671s] INFO:colcon.colcon_core.task.python.build:Building Python package in '/home/badem-robot/badem/ros2_ws/src/ros2_opencv'
[0.672s] INFO:colcon.colcon_core.shell:Skip shell extension 'powershell' for command environment: Not usable outside of PowerShell
[0.672s] DEBUG:colcon.colcon_core.shell:Skip shell extension 'dsv' for command environment
[0.985s] INFO:colcon.colcon_core.task.python.build:Building Python package in '/home/badem-robot/badem/ros2_ws/src/serial_pubsub'
[0.985s] INFO:colcon.colcon_core.shell:Skip shell extension 'powershell' for command environment: Not usable outside of PowerShell
[0.985s] DEBUG:colcon.colcon_core.shell:Skip shell extension 'dsv' for command environment
[1.889s] DEBUG:colcon.colcon_core.event_handler.log_command:Invoking command in '/home/badem-robot/badem/ros2_ws/build/serial_pubsub': PYTHONPATH=/home/badem-robot/badem/ros2_ws/build/serial_pubsub/prefix_override:/usr/lib/python3/dist-packages/colcon_core/task/python/colcon_distutils_commands:/home/badem-robot/badem/ros2_ws/install/serial_pubsub/lib/python3.12/site-packages:${PYTHONPATH} /usr/bin/python3 -W ignore:setup.py install is deprecated -W ignore:easy_install command is deprecated setup.py develop --uninstall --editable --build-directory /home/badem-robot/badem/ros2_ws/build/serial_pubsub/build
[1.895s] DEBUG:colcon.colcon_core.event_handler.log_command:Invoking command in '/home/badem-robot/badem/ros2_ws/build/ros2_opencv': PYTHONPATH=/home/badem-robot/badem/ros2_ws/build/ros2_opencv/prefix_override:/usr/lib/python3/dist-packages/colcon_core/task/python/colcon_distutils_commands:/home/badem-robot/badem/ros2_ws/install/ros2_opencv/lib/python3.12/site-packages:${PYTHONPATH} /usr/bin/python3 -W ignore:setup.py install is deprecated -W ignore:easy_install command is deprecated setup.py develop --uninstall --editable --build-directory /home/badem-robot/badem/ros2_ws/build/ros2_opencv/build
[2.689s] DEBUG:colcon.colcon_core.event_handler.log_command:Invoked command in '/home/badem-robot/badem/ros2_ws/build/ros2_opencv' returned '0': PYTHONPATH=/home/badem-robot/badem/ros2_ws/build/ros2_opencv/prefix_override:/usr/lib/python3/dist-packages/colcon_core/task/python/colcon_distutils_commands:/home/badem-robot/badem/ros2_ws/install/ros2_opencv/lib/python3.12/site-packages:${PYTHONPATH} /usr/bin/python3 -W ignore:setup.py install is deprecated -W ignore:easy_install command is deprecated setup.py develop --uninstall --editable --build-directory /home/badem-robot/badem/ros2_ws/build/ros2_opencv/build
[2.691s] DEBUG:colcon.colcon_core.event_handler.log_command:Invoking command in '/home/badem-robot/badem/ros2_ws/src/ros2_opencv': PYTHONPATH=/home/badem-robot/badem/ros2_ws/build/ros2_opencv/prefix_override:/usr/lib/python3/dist-packages/colcon_core/task/python/colcon_distutils_commands:/home/badem-robot/badem/ros2_ws/install/ros2_opencv/lib/python3.12/site-packages:${PYTHONPATH} /usr/bin/python3 -W ignore:setup.py install is deprecated -W ignore:easy_install command is deprecated setup.py egg_info --egg-base ../../build/ros2_opencv build --build-base /home/badem-robot/badem/ros2_ws/build/ros2_opencv/build install --record /home/badem-robot/badem/ros2_ws/build/ros2_opencv/install.log --single-version-externally-managed install_data --force
[2.713s] DEBUG:colcon.colcon_core.event_handler.log_command:Invoked command in '/home/badem-robot/badem/ros2_ws/build/serial_pubsub' returned '0': PYTHONPATH=/home/badem-robot/badem/ros2_ws/build/serial_pubsub/prefix_override:/usr/lib/python3/dist-packages/colcon_core/task/python/colcon_distutils_commands:/home/badem-robot/badem/ros2_ws/install/serial_pubsub/lib/python3.12/site-packages:${PYTHONPATH} /usr/bin/python3 -W ignore:setup.py install is deprecated -W ignore:easy_install command is deprecated setup.py develop --uninstall --editable --build-directory /home/badem-robot/badem/ros2_ws/build/serial_pubsub/build
[2.715s] DEBUG:colcon.colcon_core.event_handler.log_command:Invoking command in '/home/badem-robot/badem/ros2_ws/src/serial_pubsub': PYTHONPATH=/home/badem-robot/badem/ros2_ws/build/serial_pubsub/prefix_override:/usr/lib/python3/dist-packages/colcon_core/task/python/colcon_distutils_commands:/home/badem-robot/badem/ros2_ws/install/serial_pubsub/lib/python3.12/site-packages:${PYTHONPATH} /usr/bin/python3 -W ignore:setup.py install is deprecated -W ignore:easy_install command is deprecated setup.py egg_info --egg-base ../../build/serial_pubsub build --build-base /home/badem-robot/badem/ros2_ws/build/serial_pubsub/build install --record /home/badem-robot/badem/ros2_ws/build/serial_pubsub/install.log --single-version-externally-managed install_data --force
[3.499s] DEBUG:colcon.colcon_core.event_handler.log_command:Invoked command in '/home/badem-robot/badem/ros2_ws/src/ros2_opencv' returned '0': PYTHONPATH=/home/badem-robot/badem/ros2_ws/build/ros2_opencv/prefix_override:/usr/lib/python3/dist-packages/colcon_core/task/python/colcon_distutils_commands:/home/badem-robot/badem/ros2_ws/install/ros2_opencv/lib/python3.12/site-packages:${PYTHONPATH} /usr/bin/python3 -W ignore:setup.py install is deprecated -W ignore:easy_install command is deprecated setup.py egg_info --egg-base ../../build/ros2_opencv build --build-base /home/badem-robot/badem/ros2_ws/build/ros2_opencv/build install --record /home/badem-robot/badem/ros2_ws/build/ros2_opencv/install.log --single-version-externally-managed install_data --force
[3.503s] Level 1:colcon.colcon_core.environment:checking '/home/badem-robot/badem/ros2_ws/install/ros2_opencv' for CMake module files
[3.504s] Level 1:colcon.colcon_core.environment:checking '/home/badem-robot/badem/ros2_ws/install/ros2_opencv' for CMake config files
[3.505s] Level 1:colcon.colcon_core.environment:checking '/home/badem-robot/badem/ros2_ws/install/ros2_opencv/lib'
[3.505s] Level 1:colcon.colcon_core.environment:checking '/home/badem-robot/badem/ros2_ws/install/ros2_opencv/bin'
[3.506s] Level 1:colcon.colcon_core.environment:checking '/home/badem-robot/badem/ros2_ws/install/ros2_opencv/lib/pkgconfig/ros2_opencv.pc'
[3.506s] Level 1:colcon.colcon_core.environment:checking '/home/badem-robot/badem/ros2_ws/install/ros2_opencv/lib/python3.12/site-packages'
[3.506s] Level 1:colcon.colcon_core.shell:create_environment_hook('ros2_opencv', 'pythonpath')
[3.506s] INFO:colcon.colcon_core.shell:Creating environment hook '/home/badem-robot/badem/ros2_ws/install/ros2_opencv/share/ros2_opencv/hook/pythonpath.ps1'
[3.507s] INFO:colcon.colcon_core.shell:Creating environment descriptor '/home/badem-robot/badem/ros2_ws/install/ros2_opencv/share/ros2_opencv/hook/pythonpath.dsv'
[3.510s] INFO:colcon.colcon_core.shell:Creating environment hook '/home/badem-robot/badem/ros2_ws/install/ros2_opencv/share/ros2_opencv/hook/pythonpath.sh'
[3.511s] Level 1:colcon.colcon_core.environment:checking '/home/badem-robot/badem/ros2_ws/install/ros2_opencv/bin'
[3.511s] Level 1:colcon.colcon_core.environment:create_environment_scripts_only(ros2_opencv)
[3.512s] INFO:colcon.colcon_core.shell:Creating package script '/home/badem-robot/badem/ros2_ws/install/ros2_opencv/share/ros2_opencv/package.ps1'
[3.513s] INFO:colcon.colcon_core.shell:Creating package descriptor '/home/badem-robot/badem/ros2_ws/install/ros2_opencv/share/ros2_opencv/package.dsv'
[3.514s] INFO:colcon.colcon_core.shell:Creating package script '/home/badem-robot/badem/ros2_ws/install/ros2_opencv/share/ros2_opencv/package.sh'
[3.515s] INFO:colcon.colcon_core.shell:Creating package script '/home/badem-robot/badem/ros2_ws/install/ros2_opencv/share/ros2_opencv/package.bash'
[3.516s] INFO:colcon.colcon_core.shell:Creating package script '/home/badem-robot/badem/ros2_ws/install/ros2_opencv/share/ros2_opencv/package.zsh'
[3.517s] Level 1:colcon.colcon_core.environment:create_file_with_runtime_dependencies(/home/badem-robot/badem/ros2_ws/install/ros2_opencv/share/colcon-core/packages/ros2_opencv)
[3.519s] Level 1:colcon.colcon_core.environment:checking '/home/badem-robot/badem/ros2_ws/install/serial_pubsub' for CMake module files
[3.519s] DEBUG:colcon.colcon_core.event_handler.log_command:Invoked command in '/home/badem-robot/badem/ros2_ws/src/serial_pubsub' returned '0': PYTHONPATH=/home/badem-robot/badem/ros2_ws/build/serial_pubsub/prefix_override:/usr/lib/python3/dist-packages/colcon_core/task/python/colcon_distutils_commands:/home/badem-robot/badem/ros2_ws/install/serial_pubsub/lib/python3.12/site-packages:${PYTHONPATH} /usr/bin/python3 -W ignore:setup.py install is deprecated -W ignore:easy_install command is deprecated setup.py egg_info --egg-base ../../build/serial_pubsub build --build-base /home/badem-robot/badem/ros2_ws/build/serial_pubsub/build install --record /home/badem-robot/badem/ros2_ws/build/serial_pubsub/install.log --single-version-externally-managed install_data --force
[3.520s] Level 1:colcon.colcon_core.environment:checking '/home/badem-robot/badem/ros2_ws/install/serial_pubsub' for CMake config files
[3.520s] Level 1:colcon.colcon_core.environment:checking '/home/badem-robot/badem/ros2_ws/install/serial_pubsub/lib'
[3.521s] Level 1:colcon.colcon_core.environment:checking '/home/badem-robot/badem/ros2_ws/install/serial_pubsub/bin'
[3.521s] Level 1:colcon.colcon_core.environment:checking '/home/badem-robot/badem/ros2_ws/install/serial_pubsub/lib/pkgconfig/serial_pubsub.pc'
[3.521s] Level 1:colcon.colcon_core.environment:checking '/home/badem-robot/badem/ros2_ws/install/serial_pubsub/lib/python3.12/site-packages'
[3.521s] Level 1:colcon.colcon_core.shell:create_environment_hook('serial_pubsub', 'pythonpath')
[3.521s] INFO:colcon.colcon_core.shell:Creating environment hook '/home/badem-robot/badem/ros2_ws/install/serial_pubsub/share/serial_pubsub/hook/pythonpath.ps1'
[3.522s] INFO:colcon.colcon_core.shell:Creating environment descriptor '/home/badem-robot/badem/ros2_ws/install/serial_pubsub/share/serial_pubsub/hook/pythonpath.dsv'
[3.522s] INFO:colcon.colcon_core.shell:Creating environment hook '/home/badem-robot/badem/ros2_ws/install/serial_pubsub/share/serial_pubsub/hook/pythonpath.sh'
[3.523s] Level 1:colcon.colcon_core.environment:checking '/home/badem-robot/badem/ros2_ws/install/serial_pubsub/bin'
[3.523s] Level 1:colcon.colcon_core.environment:create_environment_scripts_only(serial_pubsub)
[3.524s] INFO:colcon.colcon_core.shell:Creating package script '/home/badem-robot/badem/ros2_ws/install/serial_pubsub/share/serial_pubsub/package.ps1'
[3.524s] INFO:colcon.colcon_core.shell:Creating package descriptor '/home/badem-robot/badem/ros2_ws/install/serial_pubsub/share/serial_pubsub/package.dsv'
[3.525s] INFO:colcon.colcon_core.shell:Creating package script '/home/badem-robot/badem/ros2_ws/install/serial_pubsub/share/serial_pubsub/package.sh'
[3.525s] INFO:colcon.colcon_core.shell:Creating package script '/home/badem-robot/badem/ros2_ws/install/serial_pubsub/share/serial_pubsub/package.bash'
[3.526s] INFO:colcon.colcon_core.shell:Creating package script '/home/badem-robot/badem/ros2_ws/install/serial_pubsub/share/serial_pubsub/package.zsh'
[3.526s] Level 1:colcon.colcon_core.environment:create_file_with_runtime_dependencies(/home/badem-robot/badem/ros2_ws/install/serial_pubsub/share/colcon-core/packages/serial_pubsub)
[3.527s] DEBUG:colcon.colcon_parallel_executor.executor.parallel:closing loop
[3.527s] DEBUG:colcon.colcon_parallel_executor.executor.parallel:loop closed
[3.527s] DEBUG:colcon.colcon_parallel_executor.executor.parallel:run_until_complete finished with '0'
[3.527s] DEBUG:colcon.colcon_core.event_reactor:joining thread
[3.535s] INFO:colcon.colcon_core.plugin_system:Skipping extension 'colcon_notification.desktop_notification.notify_send': Could not find 'notify-send'
[3.535s] INFO:colcon.colcon_core.plugin_system:Skipping extension 'colcon_notification.desktop_notification.terminal_notifier': Not used on non-Darwin systems
[3.535s] INFO:colcon.colcon_core.plugin_system:Skipping extension 'colcon_notification.desktop_notification.win32': Not used on non-Windows systems
[3.535s] INFO:colcon.colcon_notification.desktop_notification:Sending desktop notification using 'notify2'
[3.536s] DEBUG:colcon.colcon_notification.desktop_notification.notify2:Failed to initialize notify2: org.freedesktop.DBus.Error.ServiceUnknown: The name org.freedesktop.Notifications was not provided by any .service files
[3.536s] DEBUG:colcon.colcon_core.event_reactor:joined thread
[3.537s] INFO:colcon.colcon_core.shell:Creating prefix script '/home/badem-robot/badem/ros2_ws/install/local_setup.ps1'
[3.538s] INFO:colcon.colcon_core.shell:Creating prefix util module '/home/badem-robot/badem/ros2_ws/install/_local_setup_util_ps1.py'
[3.540s] INFO:colcon.colcon_core.shell:Creating prefix chain script '/home/badem-robot/badem/ros2_ws/install/setup.ps1'
[3.541s] INFO:colcon.colcon_core.shell:Creating prefix script '/home/badem-robot/badem/ros2_ws/install/local_setup.sh'
[3.542s] INFO:colcon.colcon_core.shell:Creating prefix util module '/home/badem-robot/badem/ros2_ws/install/_local_setup_util_sh.py'
[3.543s] INFO:colcon.colcon_core.shell:Creating prefix chain script '/home/badem-robot/badem/ros2_ws/install/setup.sh'
[3.544s] INFO:colcon.colcon_core.shell:Creating prefix script '/home/badem-robot/badem/ros2_ws/install/local_setup.bash'
[3.545s] INFO:colcon.colcon_core.shell:Creating prefix chain script '/home/badem-robot/badem/ros2_ws/install/setup.bash'
[3.546s] INFO:colcon.colcon_core.shell:Creating prefix script '/home/badem-robot/badem/ros2_ws/install/local_setup.zsh'
[3.547s] INFO:colcon.colcon_core.shell:Creating prefix chain script '/home/badem-robot/badem/ros2_ws/install/setup.zsh'
